[0.327s] Invoking command in '/home/rsl/rt-thread/bsp/rockchip/rk3568/temp/micro/mcu/build/rcl': AMENT_PREFIX_PATH=/home/rsl/rt-thread/bsp/rockchip/rk3568/temp/micro/mcu/install:${AMENT_PREFIX_PATH} CMAKE_PREFIX_PATH=/home/rsl/rt-thread/bsp/rockchip/rk3568/temp/micro/mcu/install:/home/rsl/rt-thread/bsp/rockchip/rk3568/temp/micro/dev/install/ament_cmake_ros:/home/rsl/rt-thread/bsp/rockchip/rk3568/temp/micro/dev/install/ament_cmake_auto:/home/rsl/rt-thread/bsp/rockchip/rk3568/temp/micro/dev/install/ament_cmake_gmock:/home/rsl/rt-thread/bsp/rockchip/rk3568/temp/micro/dev/install/gmock_vendor:/home/rsl/rt-thread/bsp/rockchip/rk3568/temp/micro/dev/install/ament_cmake_gtest:/home/rsl/rt-thread/bsp/rockchip/rk3568/temp/micro/dev/install/gtest_vendor:/home/rsl/rt-thread/bsp/rockchip/rk3568/temp/micro/dev/install/ament_lint_common:/home/rsl/rt-thread/bsp/rockchip/rk3568/temp/micro/dev/install/ament_cmake_xmllint:/home/rsl/rt-thread/bsp/rockchip/rk3568/temp/micro/dev/install/ament_cmake_uncrustify:/home/rsl/rt-thread/bsp/rockchip/rk3568/temp/micro/dev/install/ament_cmake_pyflakes:/home/rsl/rt-thread/bsp/rockchip/rk3568/temp/micro/dev/install/ament_cmake_pycodestyle:/home/rsl/rt-thread/bsp/rockchip/rk3568/temp/micro/dev/install/ament_cmake_pep257:/home/rsl/rt-thread/bsp/rockchip/rk3568/temp/micro/dev/install/ament_cmake_pclint:/home/rsl/rt-thread/bsp/rockchip/rk3568/temp/micro/dev/install/ament_lint_auto:/home/rsl/rt-thread/bsp/rockchip/rk3568/temp/micro/dev/install/ament_cmake:/home/rsl/rt-thread/bsp/rockchip/rk3568/temp/micro/dev/install/ament_cmake_version:/home/rsl/rt-thread/bsp/rockchip/rk3568/temp/micro/dev/install/ament_cmake_vendor_package:/home/rsl/rt-thread/bsp/rockchip/rk3568/temp/micro/dev/install/ament_cmake_pytest:/home/rsl/rt-thread/bsp/rockchip/rk3568/temp/micro/dev/install/ament_cmake_nose:/home/rsl/rt-thread/bsp/rockchip/rk3568/temp/micro/dev/install/ament_cmake_mypy:/home/rsl/rt-thread/bsp/rockchip/rk3568/temp/micro/dev/install/ament_cmake_lint_cmake:/home/rsl/rt-thread/bsp/rockchip/rk3568/temp/micro/dev/install/ament_cmake_google_benchmark:/home/rsl/rt-thread/bsp/rockchip/rk3568/temp/micro/dev/install/ament_cmake_flake8:/home/rsl/rt-thread/bsp/rockchip/rk3568/temp/micro/dev/install/ament_cmake_copyright:/home/rsl/rt-thread/bsp/rockchip/rk3568/temp/micro/dev/install/ament_cmake_clang_tidy:/home/rsl/rt-thread/bsp/rockchip/rk3568/temp/micro/dev/install/ament_cmake_clang_format:/home/rsl/rt-thread/bsp/rockchip/rk3568/temp/micro/dev/install/ament_cmake_test:/home/rsl/rt-thread/bsp/rockchip/rk3568/temp/micro/dev/install/ament_cmake_target_dependencies:/home/rsl/rt-thread/bsp/rockchip/rk3568/temp/micro/dev/install/ament_cmake_python:/home/rsl/rt-thread/bsp/rockchip/rk3568/temp/micro/dev/install/ament_cmake_export_dependencies:/home/rsl/rt-thread/bsp/rockchip/rk3568/temp/micro/dev/install/ament_cmake_libraries:/home/rsl/rt-thread/bsp/rockchip/rk3568/temp/micro/dev/install/ament_cmake_include_directories:/home/rsl/rt-thread/bsp/rockchip/rk3568/temp/micro/dev/install/ament_cmake_gen_version_h:/home/rsl/rt-thread/bsp/rockchip/rk3568/temp/micro/dev/install/ament_cmake_export_targets:/home/rsl/rt-thread/bsp/rockchip/rk3568/temp/micro/dev/install/ament_cmake_export_link_flags:/home/rsl/rt-thread/bsp/rockchip/rk3568/temp/micro/dev/install/ament_cmake_export_interfaces:/home/rsl/rt-thread/bsp/rockchip/rk3568/temp/micro/dev/install/ament_cmake_export_libraries:/home/rsl/rt-thread/bsp/rockchip/rk3568/temp/micro/dev/install/ament_cmake_export_include_directories:/home/rsl/rt-thread/bsp/rockchip/rk3568/temp/micro/dev/install/ament_cmake_export_definitions:/home/rsl/rt-thread/bsp/rockchip/rk3568/temp/micro/dev/install/ament_cmake_core:/home/rsl/rt-thread/bsp/rockchip/rk3568/temp/micro/dev/install/domain_coordinator:/home/rsl/rt-thread/bsp/rockchip/rk3568/temp/micro/dev/install/ament_xmllint:/home/rsl/rt-thread/bsp/rockchip/rk3568/temp/micro/dev/install/ament_uncrustify:/home/rsl/rt-thread/bsp/rockchip/rk3568/temp/micro/dev/install/ament_pyflakes:/home/rsl/rt-thread/bsp/rockchip/rk3568/temp/micro/dev/install/ament_pycodestyle:/home/rsl/rt-thread/bsp/rockchip/rk3568/temp/micro/dev/install/ament_pep257:/home/rsl/rt-thread/bsp/rockchip/rk3568/temp/micro/dev/install/ament_pclint:/home/rsl/rt-thread/bsp/rockchip/rk3568/temp/micro/dev/install/ament_package:/home/rsl/rt-thread/bsp/rockchip/rk3568/temp/micro/dev/install/ament_mypy:/home/rsl/rt-thread/bsp/rockchip/rk3568/temp/micro/dev/install/ament_lint_cmake:/home/rsl/rt-thread/bsp/rockchip/rk3568/temp/micro/dev/install/ament_flake8:/home/rsl/rt-thread/bsp/rockchip/rk3568/temp/micro/dev/install/ament_copyright:/home/rsl/rt-thread/bsp/rockchip/rk3568/temp/micro/dev/install/ament_lint:/home/rsl/rt-thread/bsp/rockchip/rk3568/temp/micro/dev/install/ament_index_python:/home/rsl/rt-thread/bsp/rockchip/rk3568/temp/micro/dev/install/ament_clang_tidy:/home/rsl/rt-thread/bsp/rockchip/rk3568/temp/micro/dev/install/ament_clang_format LD_LIBRARY_PATH=/home/rsl/rt-thread/bsp/rockchip/rk3568/temp/micro/mcu/install/lib PATH=/home/rsl/rt-thread/bsp/rockchip/rk3568/temp/micro/mcu/install/bin:${PATH} PYTHONPATH=/home/rsl/rt-thread/bsp/rockchip/rk3568/temp/micro/mcu/install/lib/python3.8/site-packages:${PYTHONPATH} /usr/bin/cmake --build /home/rsl/rt-thread/bsp/rockchip/rk3568/temp/micro/mcu/build/rcl -- -j24 -l24
[0.365s] [  3%] Built target ament_generate_version_header__rcl
[0.385s] [  6%] [32mBuilding C object CMakeFiles/rcl.dir/src/rcl/timer.c.obj[0m
[0.430s] In file included from [01m[K/home/rsl/rt-thread/bsp/rockchip/rk3568/temp/micro/mcu/src/rcl/rcl/src/rcl/timer.c:24[m[K:
[0.430s] [01m[K/home/rsl/rt-thread/bsp/rockchip/rk3568/temp/micro/mcu/src/rcl/rcl/src/rcl/timer.c:[m[K In function '[01m[Krcl_timer_init[m[K':
[0.432s] [01m[K/home/rsl/rt-thread/bsp/rockchip/rk3568/temp/micro/mcu/src/rcl/rcl/include/rcl/error_handling.h:57:37:[m[K [01;35m[Kwarning: [m[Kpointer targets in passing argument 1 of '[01m[Ksprintf[m[K' differ in signedness [[01;35m[K-Wpointer-sign[m[K]
[0.432s]    57 |                             sprintf([01;35m[Kbuffer[m[K,"cfile is %s,func is %s,line is %d\n",__FILE__,__func__,__LINE__);\
[0.433s]       |                                     [01;35m[K^~~~~~[m[K
[0.433s]       |                                     [01;35m[K|[m[K
[0.433s]       |                                     [01;35m[Kuint8_t * {aka unsigned char *}[m[K
[0.433s] [01m[K/home/rsl/rt-thread/bsp/rockchip/rk3568/temp/micro/mcu/src/rcl/rcl/src/rcl/timer.c:135:3:[m[K [01;36m[Knote: [m[Kin expansion of macro '[01m[Kbrain_debug[m[K'
[0.433s]   135 |   [01;36m[Kbrain_debug[m[K(NULL);
[0.433s]       |   [01;36m[K^~~~~~~~~~~[m[K
[0.433s] In file included from [01m[K/home/rsl/rt-thread/bsp/rockchip/rk3568/temp/micro/mcu/install/include/rcutils/rcutils/logging.h:22[m[K,
[0.434s]                  from [01m[K/home/rsl/rt-thread/bsp/rockchip/rk3568/temp/micro/mcu/install/include/rmw/rmw/types.h:28[m[K,
[0.434s]                  from [01m[K/home/rsl/rt-thread/bsp/rockchip/rk3568/temp/micro/mcu/src/rcl/rcl/include/rcl/types.h:20[m[K,
[0.434s]                  from [01m[K/home/rsl/rt-thread/bsp/rockchip/rk3568/temp/micro/mcu/src/rcl/rcl/include/rcl/init_options.h:29[m[K,
[0.434s]                  from [01m[K/home/rsl/rt-thread/bsp/rockchip/rk3568/temp/micro/mcu/src/rcl/rcl/include/rcl/context.h:31[m[K,
[0.434s]                  from [01m[K/home/rsl/rt-thread/bsp/rockchip/rk3568/temp/micro/mcu/src/rcl/rcl/include/rcl/timer.h:28[m[K,
[0.434s]                  from [01m[K/home/rsl/rt-thread/bsp/rockchip/rk3568/temp/micro/mcu/src/rcl/rcl/src/rcl/timer.c:20[m[K:
[0.435s] [01m[K/home/rsl/gcc-arm-10.3-2021.07-x86_64-aarch64-none-elf/aarch64-none-elf/include/stdio.h:244:14:[m[K [01;36m[Knote: [m[Kexpected '[01m[Kchar * restrict[m[K' but argument is of type '[01m[Kuint8_t *[m[K' {aka '[01m[Kunsigned char *[m[K'}
[0.435s]   244 | int sprintf ([01;36m[Kc[m[Khar *__restrict, const char *__restrict, ...)
[0.435s]       |              [01;36m[K^[m[K
[0.435s] In file included from [01m[K/home/rsl/rt-thread/bsp/rockchip/rk3568/temp/micro/mcu/src/rcl/rcl/src/rcl/timer.c:24[m[K:
[0.435s] [01m[K/home/rsl/rt-thread/bsp/rockchip/rk3568/temp/micro/mcu/src/rcl/rcl/include/rcl/error_handling.h:58:92:[m[K [01;35m[Kwarning: [m[Kpointer targets in passing argument 1 of '[01m[Kstrlen[m[K' differ in signedness [[01;35m[K-Wpointer-sign[m[K]
[0.435s]    58 |                             rmw_uxrce_transport_default_params.write_cb(NULL,buffer,strlen([01;35m[Kbuffer[m[K),NULL);\
[0.436s]       |                                                                                            [01;35m[K^~~~~~[m[K
[0.436s]       |                                                                                            [01;35m[K|[m[K
[0.436s]       |                                                                                            [01;35m[Kuint8_t * {aka unsigned char *}[m[K
[0.436s] [01m[K/home/rsl/rt-thread/bsp/rockchip/rk3568/temp/micro/mcu/src/rcl/rcl/src/rcl/timer.c:135:3:[m[K [01;36m[Knote: [m[Kin expansion of macro '[01m[Kbrain_debug[m[K'
[0.436s]   135 |   [01;36m[Kbrain_debug[m[K(NULL);
[0.437s]       |   [01;36m[K^~~~~~~~~~~[m[K
[0.437s] In file included from [01m[K/home/rsl/rt-thread/bsp/rockchip/rk3568/temp/micro/mcu/install/include/rcutils/rcutils/error_handling.h:34[m[K,
[0.437s]                  from [01m[K/home/rsl/rt-thread/bsp/rockchip/rk3568/temp/micro/mcu/install/include/rcutils/rcutils/logging.h:25[m[K,
[0.437s]                  from [01m[K/home/rsl/rt-thread/bsp/rockchip/rk3568/temp/micro/mcu/install/include/rmw/rmw/types.h:28[m[K,
[0.438s]                  from [01m[K/home/rsl/rt-thread/bsp/rockchip/rk3568/temp/micro/mcu/src/rcl/rcl/include/rcl/types.h:20[m[K,
[0.439s]                  from [01m[K/home/rsl/rt-thread/bsp/rockchip/rk3568/temp/micro/mcu/src/rcl/rcl/include/rcl/init_options.h:29[m[K,
[0.439s]                  from [01m[K/home/rsl/rt-thread/bsp/rockchip/rk3568/temp/micro/mcu/src/rcl/rcl/include/rcl/context.h:31[m[K,
[0.439s]                  from [01m[K/home/rsl/rt-thread/bsp/rockchip/rk3568/temp/micro/mcu/src/rcl/rcl/include/rcl/timer.h:28[m[K,
[0.439s]                  from [01m[K/home/rsl/rt-thread/bsp/rockchip/rk3568/temp/micro/mcu/src/rcl/rcl/src/rcl/timer.c:20[m[K:
[0.439s] [01m[K/home/rsl/gcc-arm-10.3-2021.07-x86_64-aarch64-none-elf/aarch64-none-elf/include/string.h:41:17:[m[K [01;36m[Knote: [m[Kexpected '[01m[Kconst char *[m[K' but argument is of type '[01m[Kuint8_t *[m[K' {aka '[01m[Kunsigned char *[m[K'}
[0.439s]    41 | size_t  strlen ([01;36m[Kconst char *[m[K);
[0.440s]       |                 [01;36m[K^~~~~~~~~~~~[m[K
[0.440s] In file included from [01m[K/home/rsl/rt-thread/bsp/rockchip/rk3568/temp/micro/mcu/src/rcl/rcl/src/rcl/timer.c:24[m[K:
[0.440s] [01m[K/home/rsl/rt-thread/bsp/rockchip/rk3568/temp/micro/mcu/src/rcl/rcl/include/rcl/error_handling.h:57:37:[m[K [01;35m[Kwarning: [m[Kpointer targets in passing argument 1 of '[01m[Ksprintf[m[K' differ in signedness [[01;35m[K-Wpointer-sign[m[K]
[0.440s]    57 |                             sprintf([01;35m[Kbuffer[m[K,"cfile is %s,func is %s,line is %d\n",__FILE__,__func__,__LINE__);\
[0.440s]       |                                     [01;35m[K^~~~~~[m[K
[0.441s]       |                                     [01;35m[K|[m[K
[0.441s]       |                                     [01;35m[Kuint8_t * {aka unsigned char *}[m[K
[0.441s] [01m[K/home/rsl/rt-thread/bsp/rockchip/rk3568/temp/micro/mcu/src/rcl/rcl/src/rcl/timer.c:150:3:[m[K [01;36m[Knote: [m[Kin expansion of macro '[01m[Kbrain_debug[m[K'
[0.442s]   150 |   [01;36m[Kbrain_debug[m[K(NULL);
[0.442s]       |   [01;36m[K^~~~~~~~~~~[m[K
[0.442s] In file included from [01m[K/home/rsl/rt-thread/bsp/rockchip/rk3568/temp/micro/mcu/install/include/rcutils/rcutils/logging.h:22[m[K,
[0.442s]                  from [01m[K/home/rsl/rt-thread/bsp/rockchip/rk3568/temp/micro/mcu/install/include/rmw/rmw/types.h:28[m[K,
[0.442s]                  from [01m[K/home/rsl/rt-thread/bsp/rockchip/rk3568/temp/micro/mcu/src/rcl/rcl/include/rcl/types.h:20[m[K,
[0.443s]                  from [01m[K/home/rsl/rt-thread/bsp/rockchip/rk3568/temp/micro/mcu/src/rcl/rcl/include/rcl/init_options.h:29[m[K,
[0.443s]                  from [01m[K/home/rsl/rt-thread/bsp/rockchip/rk3568/temp/micro/mcu/src/rcl/rcl/include/rcl/context.h:31[m[K,
[0.443s]                  from [01m[K/home/rsl/rt-thread/bsp/rockchip/rk3568/temp/micro/mcu/src/rcl/rcl/include/rcl/timer.h:28[m[K,
[0.443s]                  from [01m[K/home/rsl/rt-thread/bsp/rockchip/rk3568/temp/micro/mcu/src/rcl/rcl/src/rcl/timer.c:20[m[K:
[0.443s] [01m[K/home/rsl/gcc-arm-10.3-2021.07-x86_64-aarch64-none-elf/aarch64-none-elf/include/stdio.h:244:14:[m[K [01;36m[Knote: [m[Kexpected '[01m[Kchar * restrict[m[K' but argument is of type '[01m[Kuint8_t *[m[K' {aka '[01m[Kunsigned char *[m[K'}
[0.444s]   244 | int sprintf ([01;36m[Kc[m[Khar *__restrict, const char *__restrict, ...)
[0.444s]       |              [01;36m[K^[m[K
[0.444s] In file included from [01m[K/home/rsl/rt-thread/bsp/rockchip/rk3568/temp/micro/mcu/src/rcl/rcl/src/rcl/timer.c:24[m[K:
[0.444s] [01m[K/home/rsl/rt-thread/bsp/rockchip/rk3568/temp/micro/mcu/src/rcl/rcl/include/rcl/error_handling.h:58:92:[m[K [01;35m[Kwarning: [m[Kpointer targets in passing argument 1 of '[01m[Kstrlen[m[K' differ in signedness [[01;35m[K-Wpointer-sign[m[K]
[0.445s]    58 |                             rmw_uxrce_transport_default_params.write_cb(NULL,buffer,strlen([01;35m[Kbuffer[m[K),NULL);\
[0.445s]       |                                                                                            [01;35m[K^~~~~~[m[K
[0.445s]       |                                                                                            [01;35m[K|[m[K
[0.445s]       |                                                                                            [01;35m[Kuint8_t * {aka unsigned char *}[m[K
[0.445s] [01m[K/home/rsl/rt-thread/bsp/rockchip/rk3568/temp/micro/mcu/src/rcl/rcl/src/rcl/timer.c:150:3:[m[K [01;36m[Knote: [m[Kin expansion of macro '[01m[Kbrain_debug[m[K'
[0.446s]   150 |   [01;36m[Kbrain_debug[m[K(NULL);
[0.446s]       |   [01;36m[K^~~~~~~~~~~[m[K
[0.446s] In file included from [01m[K/home/rsl/rt-thread/bsp/rockchip/rk3568/temp/micro/mcu/install/include/rcutils/rcutils/error_handling.h:34[m[K,
[0.446s]                  from [01m[K/home/rsl/rt-thread/bsp/rockchip/rk3568/temp/micro/mcu/install/include/rcutils/rcutils/logging.h:25[m[K,
[0.446s]                  from [01m[K/home/rsl/rt-thread/bsp/rockchip/rk3568/temp/micro/mcu/install/include/rmw/rmw/types.h:28[m[K,
[0.446s]                  from [01m[K/home/rsl/rt-thread/bsp/rockchip/rk3568/temp/micro/mcu/src/rcl/rcl/include/rcl/types.h:20[m[K,
[0.447s]                  from [01m[K/home/rsl/rt-thread/bsp/rockchip/rk3568/temp/micro/mcu/src/rcl/rcl/include/rcl/init_options.h:29[m[K,
[0.447s]                  from [01m[K/home/rsl/rt-thread/bsp/rockchip/rk3568/temp/micro/mcu/src/rcl/rcl/include/rcl/context.h:31[m[K,
[0.447s]                  from [01m[K/home/rsl/rt-thread/bsp/rockchip/rk3568/temp/micro/mcu/src/rcl/rcl/include/rcl/timer.h:28[m[K,
[0.447s]                  from [01m[K/home/rsl/rt-thread/bsp/rockchip/rk3568/temp/micro/mcu/src/rcl/rcl/src/rcl/timer.c:20[m[K:
[0.448s] [01m[K/home/rsl/gcc-arm-10.3-2021.07-x86_64-aarch64-none-elf/aarch64-none-elf/include/string.h:41:17:[m[K [01;36m[Knote: [m[Kexpected '[01m[Kconst char *[m[K' but argument is of type '[01m[Kuint8_t *[m[K' {aka '[01m[Kunsigned char *[m[K'}
[0.448s]    41 | size_t  strlen ([01;36m[Kconst char *[m[K);
[0.448s]       |                 [01;36m[K^~~~~~~~~~~~[m[K
[0.448s] In file included from [01m[K/home/rsl/rt-thread/bsp/rockchip/rk3568/temp/micro/mcu/src/rcl/rcl/src/rcl/timer.c:24[m[K:
[0.448s] [01m[K/home/rsl/rt-thread/bsp/rockchip/rk3568/temp/micro/mcu/src/rcl/rcl/include/rcl/error_handling.h:57:37:[m[K [01;35m[Kwarning: [m[Kpointer targets in passing argument 1 of '[01m[Ksprintf[m[K' differ in signedness [[01;35m[K-Wpointer-sign[m[K]
[0.448s]    57 |                             sprintf([01;35m[Kbuffer[m[K,"cfile is %s,func is %s,line is %d\n",__FILE__,__func__,__LINE__);\
[0.449s]       |                                     [01;35m[K^~~~~~[m[K
[0.449s]       |                                     [01;35m[K|[m[K
[0.449s]       |                                     [01;35m[Kuint8_t * {aka unsigned char *}[m[K
[0.449s] [01m[K/home/rsl/rt-thread/bsp/rockchip/rk3568/temp/micro/mcu/src/rcl/rcl/src/rcl/timer.c:158:3:[m[K [01;36m[Knote: [m[Kin expansion of macro '[01m[Kbrain_debug[m[K'
[0.449s]   158 |   [01;36m[Kbrain_debug[m[K(NULL);
[0.450s]       |   [01;36m[K^~~~~~~~~~~[m[K
[0.450s] In file included from [01m[K/home/rsl/rt-thread/bsp/rockchip/rk3568/temp/micro/mcu/install/include/rcutils/rcutils/logging.h:22[m[K,
[0.450s]                  from [01m[K/home/rsl/rt-thread/bsp/rockchip/rk3568/temp/micro/mcu/install/include/rmw/rmw/types.h:28[m[K,
[0.450s]                  from [01m[K/home/rsl/rt-thread/bsp/rockchip/rk3568/temp/micro/mcu/src/rcl/rcl/include/rcl/types.h:20[m[K,
[0.450s]                  from [01m[K/home/rsl/rt-thread/bsp/rockchip/rk3568/temp/micro/mcu/src/rcl/rcl/include/rcl/init_options.h:29[m[K,
[0.450s]                  from [01m[K/home/rsl/rt-thread/bsp/rockchip/rk3568/temp/micro/mcu/src/rcl/rcl/include/rcl/context.h:31[m[K,
[0.450s]                  from [01m[K/home/rsl/rt-thread/bsp/rockchip/rk3568/temp/micro/mcu/src/rcl/rcl/include/rcl/timer.h:28[m[K,
[0.450s]                  from [01m[K/home/rsl/rt-thread/bsp/rockchip/rk3568/temp/micro/mcu/src/rcl/rcl/src/rcl/timer.c:20[m[K:
[0.451s] [01m[K/home/rsl/gcc-arm-10.3-2021.07-x86_64-aarch64-none-elf/aarch64-none-elf/include/stdio.h:244:14:[m[K [01;36m[Knote: [m[Kexpected '[01m[Kchar * restrict[m[K' but argument is of type '[01m[Kuint8_t *[m[K' {aka '[01m[Kunsigned char *[m[K'}
[0.451s]   244 | int sprintf ([01;36m[Kc[m[Khar *__restrict, const char *__restrict, ...)
[0.451s]       |              [01;36m[K^[m[K
[0.452s] In file included from [01m[K/home/rsl/rt-thread/bsp/rockchip/rk3568/temp/micro/mcu/src/rcl/rcl/src/rcl/timer.c:24[m[K:
[0.452s] [01m[K/home/rsl/rt-thread/bsp/rockchip/rk3568/temp/micro/mcu/src/rcl/rcl/include/rcl/error_handling.h:58:92:[m[K [01;35m[Kwarning: [m[Kpointer targets in passing argument 1 of '[01m[Kstrlen[m[K' differ in signedness [[01;35m[K-Wpointer-sign[m[K]
[0.452s]    58 |                             rmw_uxrce_transport_default_params.write_cb(NULL,buffer,strlen([01;35m[Kbuffer[m[K),NULL);\
[0.453s]       |                                                                                            [01;35m[K^~~~~~[m[K
[0.453s]       |                                                                                            [01;35m[K|[m[K
[0.453s]       |                                                                                            [01;35m[Kuint8_t * {aka unsigned char *}[m[K
[0.453s] [01m[K/home/rsl/rt-thread/bsp/rockchip/rk3568/temp/micro/mcu/src/rcl/rcl/src/rcl/timer.c:158:3:[m[K [01;36m[Knote: [m[Kin expansion of macro '[01m[Kbrain_debug[m[K'
[0.453s]   158 |   [01;36m[Kbrain_debug[m[K(NULL);
[0.453s]       |   [01;36m[K^~~~~~~~~~~[m[K
[0.453s] In file included from [01m[K/home/rsl/rt-thread/bsp/rockchip/rk3568/temp/micro/mcu/install/include/rcutils/rcutils/error_handling.h:34[m[K,
[0.453s]                  from [01m[K/home/rsl/rt-thread/bsp/rockchip/rk3568/temp/micro/mcu/install/include/rcutils/rcutils/logging.h:25[m[K,
[0.454s]                  from [01m[K/home/rsl/rt-thread/bsp/rockchip/rk3568/temp/micro/mcu/install/include/rmw/rmw/types.h:28[m[K,
[0.454s]                  from [01m[K/home/rsl/rt-thread/bsp/rockchip/rk3568/temp/micro/mcu/src/rcl/rcl/include/rcl/types.h:20[m[K,
[0.454s]                  from [01m[K/home/rsl/rt-thread/bsp/rockchip/rk3568/temp/micro/mcu/src/rcl/rcl/include/rcl/init_options.h:29[m[K,
[0.454s]                  from [01m[K/home/rsl/rt-thread/bsp/rockchip/rk3568/temp/micro/mcu/src/rcl/rcl/include/rcl/context.h:31[m[K,
[0.455s]                  from [01m[K/home/rsl/rt-thread/bsp/rockchip/rk3568/temp/micro/mcu/src/rcl/rcl/include/rcl/timer.h:28[m[K,
[0.455s]                  from [01m[K/home/rsl/rt-thread/bsp/rockchip/rk3568/temp/micro/mcu/src/rcl/rcl/src/rcl/timer.c:20[m[K:
[0.455s] [01m[K/home/rsl/gcc-arm-10.3-2021.07-x86_64-aarch64-none-elf/aarch64-none-elf/include/string.h:41:17:[m[K [01;36m[Knote: [m[Kexpected '[01m[Kconst char *[m[K' but argument is of type '[01m[Kuint8_t *[m[K' {aka '[01m[Kunsigned char *[m[K'}
[0.455s]    41 | size_t  strlen ([01;36m[Kconst char *[m[K);
[0.455s]       |                 [01;36m[K^~~~~~~~~~~~[m[K
[0.455s] In file included from [01m[K/home/rsl/rt-thread/bsp/rockchip/rk3568/temp/micro/mcu/src/rcl/rcl/src/rcl/timer.c:24[m[K:
[0.455s] [01m[K/home/rsl/rt-thread/bsp/rockchip/rk3568/temp/micro/mcu/src/rcl/rcl/include/rcl/error_handling.h:57:37:[m[K [01;35m[Kwarning: [m[Kpointer targets in passing argument 1 of '[01m[Ksprintf[m[K' differ in signedness [[01;35m[K-Wpointer-sign[m[K]
[0.455s]    57 |                             sprintf([01;35m[Kbuffer[m[K,"cfile is %s,func is %s,line is %d\n",__FILE__,__func__,__LINE__);\
[0.455s]       |                                     [01;35m[K^~~~~~[m[K
[0.456s]       |                                     [01;35m[K|[m[K
[0.456s]       |                                     [01;35m[Kuint8_t * {aka unsigned char *}[m[K
[0.456s] [01m[K/home/rsl/rt-thread/bsp/rockchip/rk3568/temp/micro/mcu/src/rcl/rcl/src/rcl/timer.c:160:3:[m[K [01;36m[Knote: [m[Kin expansion of macro '[01m[Kbrain_debug[m[K'
[0.456s]   160 |   [01;36m[Kbrain_debug[m[K(NULL);
[0.456s]       |   [01;36m[K^~~~~~~~~~~[m[K
[0.457s] In file included from [01m[K/home/rsl/rt-thread/bsp/rockchip/rk3568/temp/micro/mcu/install/include/rcutils/rcutils/logging.h:22[m[K,
[0.457s]                  from [01m[K/home/rsl/rt-thread/bsp/rockchip/rk3568/temp/micro/mcu/install/include/rmw/rmw/types.h:28[m[K,
[0.458s]                  from [01m[K/home/rsl/rt-thread/bsp/rockchip/rk3568/temp/micro/mcu/src/rcl/rcl/include/rcl/types.h:20[m[K,
[0.458s]                  from [01m[K/home/rsl/rt-thread/bsp/rockchip/rk3568/temp/micro/mcu/src/rcl/rcl/include/rcl/init_options.h:29[m[K,
[0.458s]                  from [01m[K/home/rsl/rt-thread/bsp/rockchip/rk3568/temp/micro/mcu/src/rcl/rcl/include/rcl/context.h:31[m[K,
[0.458s]                  from [01m[K/home/rsl/rt-thread/bsp/rockchip/rk3568/temp/micro/mcu/src/rcl/rcl/include/rcl/timer.h:28[m[K,
[0.459s]                  from [01m[K/home/rsl/rt-thread/bsp/rockchip/rk3568/temp/micro/mcu/src/rcl/rcl/src/rcl/timer.c:20[m[K:
[0.459s] [01m[K/home/rsl/gcc-arm-10.3-2021.07-x86_64-aarch64-none-elf/aarch64-none-elf/include/stdio.h:244:14:[m[K [01;36m[Knote: [m[Kexpected '[01m[Kchar * restrict[m[K' but argument is of type '[01m[Kuint8_t *[m[K' {aka '[01m[Kunsigned char *[m[K'}
[0.459s]   244 | int sprintf ([01;36m[Kc[m[Khar *__restrict, const char *__restrict, ...)
[0.459s]       |              [01;36m[K^[m[K
[0.459s] In file included from [01m[K/home/rsl/rt-thread/bsp/rockchip/rk3568/temp/micro/mcu/src/rcl/rcl/src/rcl/timer.c:24[m[K:
[0.459s] [01m[K/home/rsl/rt-thread/bsp/rockchip/rk3568/temp/micro/mcu/src/rcl/rcl/include/rcl/error_handling.h:58:92:[m[K [01;35m[Kwarning: [m[Kpointer targets in passing argument 1 of '[01m[Kstrlen[m[K' differ in signedness [[01;35m[K-Wpointer-sign[m[K]
[0.460s]    58 |                             rmw_uxrce_transport_default_params.write_cb(NULL,buffer,strlen([01;35m[Kbuffer[m[K),NULL);\
[0.460s]       |                                                                                            [01;35m[K^~~~~~[m[K
[0.460s]       |                                                                                            [01;35m[K|[m[K
[0.461s]       |                                                                                            [01;35m[Kuint8_t * {aka unsigned char *}[m[K
[0.461s] [01m[K/home/rsl/rt-thread/bsp/rockchip/rk3568/temp/micro/mcu/src/rcl/rcl/src/rcl/timer.c:160:3:[m[K [01;36m[Knote: [m[Kin expansion of macro '[01m[Kbrain_debug[m[K'
[0.461s]   160 |   [01;36m[Kbrain_debug[m[K(NULL);
[0.461s]       |   [01;36m[K^~~~~~~~~~~[m[K
[0.461s] In file included from [01m[K/home/rsl/rt-thread/bsp/rockchip/rk3568/temp/micro/mcu/install/include/rcutils/rcutils/error_handling.h:34[m[K,
[0.462s]                  from [01m[K/home/rsl/rt-thread/bsp/rockchip/rk3568/temp/micro/mcu/install/include/rcutils/rcutils/logging.h:25[m[K,
[0.462s]                  from [01m[K/home/rsl/rt-thread/bsp/rockchip/rk3568/temp/micro/mcu/install/include/rmw/rmw/types.h:28[m[K,
[0.462s]                  from [01m[K/home/rsl/rt-thread/bsp/rockchip/rk3568/temp/micro/mcu/src/rcl/rcl/include/rcl/types.h:20[m[K,
[0.462s]                  from [01m[K/home/rsl/rt-thread/bsp/rockchip/rk3568/temp/micro/mcu/src/rcl/rcl/include/rcl/init_options.h:29[m[K,
[0.463s]                  from [01m[K/home/rsl/rt-thread/bsp/rockchip/rk3568/temp/micro/mcu/src/rcl/rcl/include/rcl/context.h:31[m[K,
[0.463s]                  from [01m[K/home/rsl/rt-thread/bsp/rockchip/rk3568/temp/micro/mcu/src/rcl/rcl/include/rcl/timer.h:28[m[K,
[0.463s]                  from [01m[K/home/rsl/rt-thread/bsp/rockchip/rk3568/temp/micro/mcu/src/rcl/rcl/src/rcl/timer.c:20[m[K:
[0.463s] [01m[K/home/rsl/gcc-arm-10.3-2021.07-x86_64-aarch64-none-elf/aarch64-none-elf/include/string.h:41:17:[m[K [01;36m[Knote: [m[Kexpected '[01m[Kconst char *[m[K' but argument is of type '[01m[Kuint8_t *[m[K' {aka '[01m[Kunsigned char *[m[K'}
[0.463s]    41 | size_t  strlen ([01;36m[Kconst char *[m[K);
[0.463s]       |                 [01;36m[K^~~~~~~~~~~~[m[K
[0.463s] In file included from [01m[K/home/rsl/rt-thread/bsp/rockchip/rk3568/temp/micro/mcu/src/rcl/rcl/src/rcl/timer.c:24[m[K:
[0.463s] [01m[K/home/rsl/rt-thread/bsp/rockchip/rk3568/temp/micro/mcu/src/rcl/rcl/include/rcl/error_handling.h:57:37:[m[K [01;35m[Kwarning: [m[Kpointer targets in passing argument 1 of '[01m[Ksprintf[m[K' differ in signedness [[01;35m[K-Wpointer-sign[m[K]
[0.463s]    57 |                             sprintf([01;35m[Kbuffer[m[K,"cfile is %s,func is %s,line is %d\n",__FILE__,__func__,__LINE__);\
[0.463s]       |                                     [01;35m[K^~~~~~[m[K
[0.464s]       |                                     [01;35m[K|[m[K
[0.464s]       |                                     [01;35m[Kuint8_t * {aka unsigned char *}[m[K
[0.464s] [01m[K/home/rsl/rt-thread/bsp/rockchip/rk3568/temp/micro/mcu/src/rcl/rcl/src/rcl/timer.c:162:3:[m[K [01;36m[Knote: [m[Kin expansion of macro '[01m[Kbrain_debug[m[K'
[0.464s]   162 |   [01;36m[Kbrain_debug[m[K(NULL);
[0.464s]       |   [01;36m[K^~~~~~~~~~~[m[K
[0.464s] In file included from [01m[K/home/rsl/rt-thread/bsp/rockchip/rk3568/temp/micro/mcu/install/include/rcutils/rcutils/logging.h:22[m[K,
[0.464s]                  from [01m[K/home/rsl/rt-thread/bsp/rockchip/rk3568/temp/micro/mcu/install/include/rmw/rmw/types.h:28[m[K,
[0.465s]                  from [01m[K/home/rsl/rt-thread/bsp/rockchip/rk3568/temp/micro/mcu/src/rcl/rcl/include/rcl/types.h:20[m[K,
[0.465s]                  from [01m[K/home/rsl/rt-thread/bsp/rockchip/rk3568/temp/micro/mcu/src/rcl/rcl/include/rcl/init_options.h:29[m[K,
[0.465s]                  from [01m[K/home/rsl/rt-thread/bsp/rockchip/rk3568/temp/micro/mcu/src/rcl/rcl/include/rcl/context.h:31[m[K,
[0.466s]                  from [01m[K/home/rsl/rt-thread/bsp/rockchip/rk3568/temp/micro/mcu/src/rcl/rcl/include/rcl/timer.h:28[m[K,
[0.466s]                  from [01m[K/home/rsl/rt-thread/bsp/rockchip/rk3568/temp/micro/mcu/src/rcl/rcl/src/rcl/timer.c:20[m[K:
[0.467s] [01m[K/home/rsl/gcc-arm-10.3-2021.07-x86_64-aarch64-none-elf/aarch64-none-elf/include/stdio.h:244:14:[m[K [01;36m[Knote: [m[Kexpected '[01m[Kchar * restrict[m[K' but argument is of type '[01m[Kuint8_t *[m[K' {aka '[01m[Kunsigned char *[m[K'}
[0.467s]   244 | int sprintf ([01;36m[Kc[m[Khar *__restrict, const char *__restrict, ...)
[0.467s]       |              [01;36m[K^[m[K
[0.467s] In file included from [01m[K/home/rsl/rt-thread/bsp/rockchip/rk3568/temp/micro/mcu/src/rcl/rcl/src/rcl/timer.c:24[m[K:
[0.467s] [01m[K/home/rsl/rt-thread/bsp/rockchip/rk3568/temp/micro/mcu/src/rcl/rcl/include/rcl/error_handling.h:58:92:[m[K [01;35m[Kwarning: [m[Kpointer targets in passing argument 1 of '[01m[Kstrlen[m[K' differ in signedness [[01;35m[K-Wpointer-sign[m[K]
[0.467s]    58 |                             rmw_uxrce_transport_default_params.write_cb(NULL,buffer,strlen([01;35m[Kbuffer[m[K),NULL);\
[0.467s]       |                                                                                            [01;35m[K^~~~~~[m[K
[0.467s]       |                                                                                            [01;35m[K|[m[K
[0.468s]       |                                                                                            [01;35m[Kuint8_t * {aka unsigned char *}[m[K
[0.468s] [01m[K/home/rsl/rt-thread/bsp/rockchip/rk3568/temp/micro/mcu/src/rcl/rcl/src/rcl/timer.c:162:3:[m[K [01;36m[Knote: [m[Kin expansion of macro '[01m[Kbrain_debug[m[K'
[0.468s]   162 |   [01;36m[Kbrain_debug[m[K(NULL);
[0.468s]       |   [01;36m[K^~~~~~~~~~~[m[K
[0.468s] In file included from [01m[K/home/rsl/rt-thread/bsp/rockchip/rk3568/temp/micro/mcu/install/include/rcutils/rcutils/error_handling.h:34[m[K,
[0.469s]                  from [01m[K/home/rsl/rt-thread/bsp/rockchip/rk3568/temp/micro/mcu/install/include/rcutils/rcutils/logging.h:25[m[K,
[0.469s]                  from [01m[K/home/rsl/rt-thread/bsp/rockchip/rk3568/temp/micro/mcu/install/include/rmw/rmw/types.h:28[m[K,
[0.469s]                  from [01m[K/home/rsl/rt-thread/bsp/rockchip/rk3568/temp/micro/mcu/src/rcl/rcl/include/rcl/types.h:20[m[K,
[0.469s]                  from [01m[K/home/rsl/rt-thread/bsp/rockchip/rk3568/temp/micro/mcu/src/rcl/rcl/include/rcl/init_options.h:29[m[K,
[0.469s]                  from [01m[K/home/rsl/rt-thread/bsp/rockchip/rk3568/temp/micro/mcu/src/rcl/rcl/include/rcl/context.h:31[m[K,
[0.469s]                  from [01m[K/home/rsl/rt-thread/bsp/rockchip/rk3568/temp/micro/mcu/src/rcl/rcl/include/rcl/timer.h:28[m[K,
[0.469s]                  from [01m[K/home/rsl/rt-thread/bsp/rockchip/rk3568/temp/micro/mcu/src/rcl/rcl/src/rcl/timer.c:20[m[K:
[0.470s] [01m[K/home/rsl/gcc-arm-10.3-2021.07-x86_64-aarch64-none-elf/aarch64-none-elf/include/string.h:41:17:[m[K [01;36m[Knote: [m[Kexpected '[01m[Kconst char *[m[K' but argument is of type '[01m[Kuint8_t *[m[K' {aka '[01m[Kunsigned char *[m[K'}
[0.470s]    41 | size_t  strlen ([01;36m[Kconst char *[m[K);
[0.470s]       |                 [01;36m[K^~~~~~~~~~~~[m[K
[0.470s] In file included from [01m[K/home/rsl/rt-thread/bsp/rockchip/rk3568/temp/micro/mcu/src/rcl/rcl/src/rcl/timer.c:24[m[K:
[0.470s] [01m[K/home/rsl/rt-thread/bsp/rockchip/rk3568/temp/micro/mcu/src/rcl/rcl/include/rcl/error_handling.h:57:37:[m[K [01;35m[Kwarning: [m[Kpointer targets in passing argument 1 of '[01m[Ksprintf[m[K' differ in signedness [[01;35m[K-Wpointer-sign[m[K]
[0.470s]    57 |                             sprintf([01;35m[Kbuffer[m[K,"cfile is %s,func is %s,line is %d\n",__FILE__,__func__,__LINE__);\
[0.470s]       |                                     [01;35m[K^~~~~~[m[K
[0.470s]       |                                     [01;35m[K|[m[K
[0.471s]       |                                     [01;35m[Kuint8_t * {aka unsigned char *}[m[K
[0.471s] [01m[K/home/rsl/rt-thread/bsp/rockchip/rk3568/temp/micro/mcu/src/rcl/rcl/src/rcl/timer.c:164:3:[m[K [01;36m[Knote: [m[Kin expansion of macro '[01m[Kbrain_debug[m[K'
[0.471s]   164 |   [01;36m[Kbrain_debug[m[K(NULL);
[0.473s]       |   [01;36m[K^~~~~~~~~~~[m[K
[0.473s] In file included from [01m[K/home/rsl/rt-thread/bsp/rockchip/rk3568/temp/micro/mcu/install/include/rcutils/rcutils/logging.h:22[m[K,
[0.473s]                  from [01m[K/home/rsl/rt-thread/bsp/rockchip/rk3568/temp/micro/mcu/install/include/rmw/rmw/types.h:28[m[K,
[0.473s]                  from [01m[K/home/rsl/rt-thread/bsp/rockchip/rk3568/temp/micro/mcu/src/rcl/rcl/include/rcl/types.h:20[m[K,
[0.473s]                  from [01m[K/home/rsl/rt-thread/bsp/rockchip/rk3568/temp/micro/mcu/src/rcl/rcl/include/rcl/init_options.h:29[m[K,
[0.473s]                  from [01m[K/home/rsl/rt-thread/bsp/rockchip/rk3568/temp/micro/mcu/src/rcl/rcl/include/rcl/context.h:31[m[K,
[0.473s]                  from [01m[K/home/rsl/rt-thread/bsp/rockchip/rk3568/temp/micro/mcu/src/rcl/rcl/include/rcl/timer.h:28[m[K,
[0.474s]                  from [01m[K/home/rsl/rt-thread/bsp/rockchip/rk3568/temp/micro/mcu/src/rcl/rcl/src/rcl/timer.c:20[m[K:
[0.474s] [01m[K/home/rsl/gcc-arm-10.3-2021.07-x86_64-aarch64-none-elf/aarch64-none-elf/include/stdio.h:244:14:[m[K [01;36m[Knote: [m[Kexpected '[01m[Kchar * restrict[m[K' but argument is of type '[01m[Kuint8_t *[m[K' {aka '[01m[Kunsigned char *[m[K'}
[0.474s]   244 | int sprintf ([01;36m[Kc[m[Khar *__restrict, const char *__restrict, ...)
[0.474s]       |              [01;36m[K^[m[K
[0.474s] In file included from [01m[K/home/rsl/rt-thread/bsp/rockchip/rk3568/temp/micro/mcu/src/rcl/rcl/src/rcl/timer.c:24[m[K:
[0.474s] [01m[K/home/rsl/rt-thread/bsp/rockchip/rk3568/temp/micro/mcu/src/rcl/rcl/include/rcl/error_handling.h:58:92:[m[K [01;35m[Kwarning: [m[Kpointer targets in passing argument 1 of '[01m[Kstrlen[m[K' differ in signedness [[01;35m[K-Wpointer-sign[m[K]
[0.474s]    58 |                             rmw_uxrce_transport_default_params.write_cb(NULL,buffer,strlen([01;35m[Kbuffer[m[K),NULL);\
[0.475s]       |                                                                                            [01;35m[K^~~~~~[m[K
[0.475s]       |                                                                                            [01;35m[K|[m[K
[0.475s]       |                                                                                            [01;35m[Kuint8_t * {aka unsigned char *}[m[K
[0.475s] [01m[K/home/rsl/rt-thread/bsp/rockchip/rk3568/temp/micro/mcu/src/rcl/rcl/src/rcl/timer.c:164:3:[m[K [01;36m[Knote: [m[Kin expansion of macro '[01m[Kbrain_debug[m[K'
[0.475s]   164 |   [01;36m[Kbrain_debug[m[K(NULL);
[0.475s]       |   [01;36m[K^~~~~~~~~~~[m[K
[0.475s] In file included from [01m[K/home/rsl/rt-thread/bsp/rockchip/rk3568/temp/micro/mcu/install/include/rcutils/rcutils/error_handling.h:34[m[K,
[0.476s]                  from [01m[K/home/rsl/rt-thread/bsp/rockchip/rk3568/temp/micro/mcu/install/include/rcutils/rcutils/logging.h:25[m[K,
[0.476s]                  from [01m[K/home/rsl/rt-thread/bsp/rockchip/rk3568/temp/micro/mcu/install/include/rmw/rmw/types.h:28[m[K,
[0.476s]                  from [01m[K/home/rsl/rt-thread/bsp/rockchip/rk3568/temp/micro/mcu/src/rcl/rcl/include/rcl/types.h:20[m[K,
[0.476s]                  from [01m[K/home/rsl/rt-thread/bsp/rockchip/rk3568/temp/micro/mcu/src/rcl/rcl/include/rcl/init_options.h:29[m[K,
[0.476s]                  from [01m[K/home/rsl/rt-thread/bsp/rockchip/rk3568/temp/micro/mcu/src/rcl/rcl/include/rcl/context.h:31[m[K,
[0.476s]                  from [01m[K/home/rsl/rt-thread/bsp/rockchip/rk3568/temp/micro/mcu/src/rcl/rcl/include/rcl/timer.h:28[m[K,
[0.476s]                  from [01m[K/home/rsl/rt-thread/bsp/rockchip/rk3568/temp/micro/mcu/src/rcl/rcl/src/rcl/timer.c:20[m[K:
[0.477s] [01m[K/home/rsl/gcc-arm-10.3-2021.07-x86_64-aarch64-none-elf/aarch64-none-elf/include/string.h:41:17:[m[K [01;36m[Knote: [m[Kexpected '[01m[Kconst char *[m[K' but argument is of type '[01m[Kuint8_t *[m[K' {aka '[01m[Kunsigned char *[m[K'}
[0.477s]    41 | size_t  strlen ([01;36m[Kconst char *[m[K);
[0.477s]       |                 [01;36m[K^~~~~~~~~~~~[m[K
[0.477s] In file included from [01m[K/home/rsl/rt-thread/bsp/rockchip/rk3568/temp/micro/mcu/src/rcl/rcl/src/rcl/timer.c:24[m[K:
[0.477s] [01m[K/home/rsl/rt-thread/bsp/rockchip/rk3568/temp/micro/mcu/src/rcl/rcl/include/rcl/error_handling.h:57:37:[m[K [01;35m[Kwarning: [m[Kpointer targets in passing argument 1 of '[01m[Ksprintf[m[K' differ in signedness [[01;35m[K-Wpointer-sign[m[K]
[0.478s]    57 |                             sprintf([01;35m[Kbuffer[m[K,"cfile is %s,func is %s,line is %d\n",__FILE__,__func__,__LINE__);\
[0.478s]       |                                     [01;35m[K^~~~~~[m[K
[0.478s]       |                                     [01;35m[K|[m[K
[0.478s]       |                                     [01;35m[Kuint8_t * {aka unsigned char *}[m[K
[0.478s] [01m[K/home/rsl/rt-thread/bsp/rockchip/rk3568/temp/micro/mcu/src/rcl/rcl/src/rcl/timer.c:173:5:[m[K [01;36m[Knote: [m[Kin expansion of macro '[01m[Kbrain_debug[m[K'
[0.478s]   173 |     [01;36m[Kbrain_debug[m[K(NULL);
[0.478s]       |     [01;36m[K^~~~~~~~~~~[m[K
[0.478s] In file included from [01m[K/home/rsl/rt-thread/bsp/rockchip/rk3568/temp/micro/mcu/install/include/rcutils/rcutils/logging.h:22[m[K,
[0.478s]                  from [01m[K/home/rsl/rt-thread/bsp/rockchip/rk3568/temp/micro/mcu/install/include/rmw/rmw/types.h:28[m[K,
[0.479s]                  from [01m[K/home/rsl/rt-thread/bsp/rockchip/rk3568/temp/micro/mcu/src/rcl/rcl/include/rcl/types.h:20[m[K,
[0.479s]                  from [01m[K/home/rsl/rt-thread/bsp/rockchip/rk3568/temp/micro/mcu/src/rcl/rcl/include/rcl/init_options.h:29[m[K,
[0.479s]                  from [01m[K/home/rsl/rt-thread/bsp/rockchip/rk3568/temp/micro/mcu/src/rcl/rcl/include/rcl/context.h:31[m[K,
[0.479s]                  from [01m[K/home/rsl/rt-thread/bsp/rockchip/rk3568/temp/micro/mcu/src/rcl/rcl/include/rcl/timer.h:28[m[K,
[0.479s]                  from [01m[K/home/rsl/rt-thread/bsp/rockchip/rk3568/temp/micro/mcu/src/rcl/rcl/src/rcl/timer.c:20[m[K:
[0.479s] [01m[K/home/rsl/gcc-arm-10.3-2021.07-x86_64-aarch64-none-elf/aarch64-none-elf/include/stdio.h:244:14:[m[K [01;36m[Knote: [m[Kexpected '[01m[Kchar * restrict[m[K' but argument is of type '[01m[Kuint8_t *[m[K' {aka '[01m[Kunsigned char *[m[K'}
[0.479s]   244 | int sprintf ([01;36m[Kc[m[Khar *__restrict, const char *__restrict, ...)
[0.480s]       |              [01;36m[K^[m[K
[0.480s] In file included from [01m[K/home/rsl/rt-thread/bsp/rockchip/rk3568/temp/micro/mcu/src/rcl/rcl/src/rcl/timer.c:24[m[K:
[0.480s] [01m[K/home/rsl/rt-thread/bsp/rockchip/rk3568/temp/micro/mcu/src/rcl/rcl/include/rcl/error_handling.h:58:92:[m[K [01;35m[Kwarning: [m[Kpointer targets in passing argument 1 of '[01m[Kstrlen[m[K' differ in signedness [[01;35m[K-Wpointer-sign[m[K]
[0.480s]    58 |                             rmw_uxrce_transport_default_params.write_cb(NULL,buffer,strlen([01;35m[Kbuffer[m[K),NULL);\
[0.480s]       |                                                                                            [01;35m[K^~~~~~[m[K
[0.480s]       |                                                                                            [01;35m[K|[m[K
[0.480s]       |                                                                                            [01;35m[Kuint8_t * {aka unsigned char *}[m[K
[0.480s] [01m[K/home/rsl/rt-thread/bsp/rockchip/rk3568/temp/micro/mcu/src/rcl/rcl/src/rcl/timer.c:173:5:[m[K [01;36m[Knote: [m[Kin expansion of macro '[01m[Kbrain_debug[m[K'
[0.481s]   173 |     [01;36m[Kbrain_debug[m[K(NULL);
[0.481s]       |     [01;36m[K^~~~~~~~~~~[m[K
[0.481s] In file included from [01m[K/home/rsl/rt-thread/bsp/rockchip/rk3568/temp/micro/mcu/install/include/rcutils/rcutils/error_handling.h:34[m[K,
[0.481s]                  from [01m[K/home/rsl/rt-thread/bsp/rockchip/rk3568/temp/micro/mcu/install/include/rcutils/rcutils/logging.h:25[m[K,
[0.481s]                  from [01m[K/home/rsl/rt-thread/bsp/rockchip/rk3568/temp/micro/mcu/install/include/rmw/rmw/types.h:28[m[K,
[0.481s]                  from [01m[K/home/rsl/rt-thread/bsp/rockchip/rk3568/temp/micro/mcu/src/rcl/rcl/include/rcl/types.h:20[m[K,
[0.481s]                  from [01m[K/home/rsl/rt-thread/bsp/rockchip/rk3568/temp/micro/mcu/src/rcl/rcl/include/rcl/init_options.h:29[m[K,
[0.481s]                  from [01m[K/home/rsl/rt-thread/bsp/rockchip/rk3568/temp/micro/mcu/src/rcl/rcl/include/rcl/context.h:31[m[K,
[0.481s]                  from [01m[K/home/rsl/rt-thread/bsp/rockchip/rk3568/temp/micro/mcu/src/rcl/rcl/include/rcl/timer.h:28[m[K,
[0.482s]                  from [01m[K/home/rsl/rt-thread/bsp/rockchip/rk3568/temp/micro/mcu/src/rcl/rcl/src/rcl/timer.c:20[m[K:
[0.482s] [01m[K/home/rsl/gcc-arm-10.3-2021.07-x86_64-aarch64-none-elf/aarch64-none-elf/include/string.h:41:17:[m[K [01;36m[Knote: [m[Kexpected '[01m[Kconst char *[m[K' but argument is of type '[01m[Kuint8_t *[m[K' {aka '[01m[Kunsigned char *[m[K'}
[0.482s]    41 | size_t  strlen ([01;36m[Kconst char *[m[K);
[0.482s]       |                 [01;36m[K^~~~~~~~~~~~[m[K
[0.482s] In file included from [01m[K/home/rsl/rt-thread/bsp/rockchip/rk3568/temp/micro/mcu/src/rcl/rcl/src/rcl/timer.c:24[m[K:
[0.482s] [01m[K/home/rsl/rt-thread/bsp/rockchip/rk3568/temp/micro/mcu/src/rcl/rcl/include/rcl/error_handling.h:57:37:[m[K [01;35m[Kwarning: [m[Kpointer targets in passing argument 1 of '[01m[Ksprintf[m[K' differ in signedness [[01;35m[K-Wpointer-sign[m[K]
[0.482s]    57 |                             sprintf([01;35m[Kbuffer[m[K,"cfile is %s,func is %s,line is %d\n",__FILE__,__func__,__LINE__);\
[0.482s]       |                                     [01;35m[K^~~~~~[m[K
[0.482s]       |                                     [01;35m[K|[m[K
[0.483s]       |                                     [01;35m[Kuint8_t * {aka unsigned char *}[m[K
[0.483s] [01m[K/home/rsl/rt-thread/bsp/rockchip/rk3568/temp/micro/mcu/src/rcl/rcl/src/rcl/timer.c:175:5:[m[K [01;36m[Knote: [m[Kin expansion of macro '[01m[Kbrain_debug[m[K'
[0.483s]   175 |     [01;36m[Kbrain_debug[m[K(NULL);
[0.483s]       |     [01;36m[K^~~~~~~~~~~[m[K
[0.483s] In file included from [01m[K/home/rsl/rt-thread/bsp/rockchip/rk3568/temp/micro/mcu/install/include/rcutils/rcutils/logging.h:22[m[K,
[0.484s]                  from [01m[K/home/rsl/rt-thread/bsp/rockchip/rk3568/temp/micro/mcu/install/include/rmw/rmw/types.h:28[m[K,
[0.484s]                  from [01m[K/home/rsl/rt-thread/bsp/rockchip/rk3568/temp/micro/mcu/src/rcl/rcl/include/rcl/types.h:20[m[K,
[0.484s]                  from [01m[K/home/rsl/rt-thread/bsp/rockchip/rk3568/temp/micro/mcu/src/rcl/rcl/include/rcl/init_options.h:29[m[K,
[0.484s]                  from [01m[K/home/rsl/rt-thread/bsp/rockchip/rk3568/temp/micro/mcu/src/rcl/rcl/include/rcl/context.h:31[m[K,
[0.484s]                  from [01m[K/home/rsl/rt-thread/bsp/rockchip/rk3568/temp/micro/mcu/src/rcl/rcl/include/rcl/timer.h:28[m[K,
[0.484s]                  from [01m[K/home/rsl/rt-thread/bsp/rockchip/rk3568/temp/micro/mcu/src/rcl/rcl/src/rcl/timer.c:20[m[K:
[0.484s] [01m[K/home/rsl/gcc-arm-10.3-2021.07-x86_64-aarch64-none-elf/aarch64-none-elf/include/stdio.h:244:14:[m[K [01;36m[Knote: [m[Kexpected '[01m[Kchar * restrict[m[K' but argument is of type '[01m[Kuint8_t *[m[K' {aka '[01m[Kunsigned char *[m[K'}
[0.485s]   244 | int sprintf ([01;36m[Kc[m[Khar *__restrict, const char *__restrict, ...)
[0.485s]       |              [01;36m[K^[m[K
[0.485s] In file included from [01m[K/home/rsl/rt-thread/bsp/rockchip/rk3568/temp/micro/mcu/src/rcl/rcl/src/rcl/timer.c:24[m[K:
[0.485s] [01m[K/home/rsl/rt-thread/bsp/rockchip/rk3568/temp/micro/mcu/src/rcl/rcl/include/rcl/error_handling.h:58:92:[m[K [01;35m[Kwarning: [m[Kpointer targets in passing argument 1 of '[01m[Kstrlen[m[K' differ in signedness [[01;35m[K-Wpointer-sign[m[K]
[0.485s]    58 |                             rmw_uxrce_transport_default_params.write_cb(NULL,buffer,strlen([01;35m[Kbuffer[m[K),NULL);\
[0.486s]       |                                                                                            [01;35m[K^~~~~~[m[K
[0.486s]       |                                                                                            [01;35m[K|[m[K
[0.486s]       |                                                                                            [01;35m[Kuint8_t * {aka unsigned char *}[m[K
[0.486s] [01m[K/home/rsl/rt-thread/bsp/rockchip/rk3568/temp/micro/mcu/src/rcl/rcl/src/rcl/timer.c:175:5:[m[K [01;36m[Knote: [m[Kin expansion of macro '[01m[Kbrain_debug[m[K'
[0.486s]   175 |     [01;36m[Kbrain_debug[m[K(NULL);
[0.486s]       |     [01;36m[K^~~~~~~~~~~[m[K
[0.486s] In file included from [01m[K/home/rsl/rt-thread/bsp/rockchip/rk3568/temp/micro/mcu/install/include/rcutils/rcutils/error_handling.h:34[m[K,
[0.486s]                  from [01m[K/home/rsl/rt-thread/bsp/rockchip/rk3568/temp/micro/mcu/install/include/rcutils/rcutils/logging.h:25[m[K,
[0.486s]                  from [01m[K/home/rsl/rt-thread/bsp/rockchip/rk3568/temp/micro/mcu/install/include/rmw/rmw/types.h:28[m[K,
[0.486s]                  from [01m[K/home/rsl/rt-thread/bsp/rockchip/rk3568/temp/micro/mcu/src/rcl/rcl/include/rcl/types.h:20[m[K,
[0.486s]                  from [01m[K/home/rsl/rt-thread/bsp/rockchip/rk3568/temp/micro/mcu/src/rcl/rcl/include/rcl/init_options.h:29[m[K,
[0.487s]                  from [01m[K/home/rsl/rt-thread/bsp/rockchip/rk3568/temp/micro/mcu/src/rcl/rcl/include/rcl/context.h:31[m[K,
[0.487s]                  from [01m[K/home/rsl/rt-thread/bsp/rockchip/rk3568/temp/micro/mcu/src/rcl/rcl/include/rcl/timer.h:28[m[K,
[0.487s]                  from [01m[K/home/rsl/rt-thread/bsp/rockchip/rk3568/temp/micro/mcu/src/rcl/rcl/src/rcl/timer.c:20[m[K:
[0.487s] [01m[K/home/rsl/gcc-arm-10.3-2021.07-x86_64-aarch64-none-elf/aarch64-none-elf/include/string.h:41:17:[m[K [01;36m[Knote: [m[Kexpected '[01m[Kconst char *[m[K' but argument is of type '[01m[Kuint8_t *[m[K' {aka '[01m[Kunsigned char *[m[K'}
[0.487s]    41 | size_t  strlen ([01;36m[Kconst char *[m[K);
[0.487s]       |                 [01;36m[K^~~~~~~~~~~~[m[K
[0.487s] In file included from [01m[K/home/rsl/rt-thread/bsp/rockchip/rk3568/temp/micro/mcu/src/rcl/rcl/src/rcl/timer.c:24[m[K:
[0.487s] [01m[K/home/rsl/rt-thread/bsp/rockchip/rk3568/temp/micro/mcu/src/rcl/rcl/include/rcl/error_handling.h:57:37:[m[K [01;35m[Kwarning: [m[Kpointer targets in passing argument 1 of '[01m[Ksprintf[m[K' differ in signedness [[01;35m[K-Wpointer-sign[m[K]
[0.487s]    57 |                             sprintf([01;35m[Kbuffer[m[K,"cfile is %s,func is %s,line is %d\n",__FILE__,__func__,__LINE__);\
[0.487s]       |                                     [01;35m[K^~~~~~[m[K
[0.488s]       |                                     [01;35m[K|[m[K
[0.488s]       |                                     [01;35m[Kuint8_t * {aka unsigned char *}[m[K
[0.488s] [01m[K/home/rsl/rt-thread/bsp/rockchip/rk3568/temp/micro/mcu/src/rcl/rcl/src/rcl/timer.c:177:7:[m[K [01;36m[Knote: [m[Kin expansion of macro '[01m[Kbrain_debug[m[K'
[0.488s]   177 |       [01;36m[Kbrain_debug[m[K(NULL);
[0.488s]       |       [01;36m[K^~~~~~~~~~~[m[K
[0.488s] In file included from [01m[K/home/rsl/rt-thread/bsp/rockchip/rk3568/temp/micro/mcu/install/include/rcutils/rcutils/logging.h:22[m[K,
[0.489s]                  from [01m[K/home/rsl/rt-thread/bsp/rockchip/rk3568/temp/micro/mcu/install/include/rmw/rmw/types.h:28[m[K,
[0.489s]                  from [01m[K/home/rsl/rt-thread/bsp/rockchip/rk3568/temp/micro/mcu/src/rcl/rcl/include/rcl/types.h:20[m[K,
[0.489s]                  from [01m[K/home/rsl/rt-thread/bsp/rockchip/rk3568/temp/micro/mcu/src/rcl/rcl/include/rcl/init_options.h:29[m[K,
[0.489s]                  from [01m[K/home/rsl/rt-thread/bsp/rockchip/rk3568/temp/micro/mcu/src/rcl/rcl/include/rcl/context.h:31[m[K,
[0.489s]                  from [01m[K/home/rsl/rt-thread/bsp/rockchip/rk3568/temp/micro/mcu/src/rcl/rcl/include/rcl/timer.h:28[m[K,
[0.490s]                  from [01m[K/home/rsl/rt-thread/bsp/rockchip/rk3568/temp/micro/mcu/src/rcl/rcl/src/rcl/timer.c:20[m[K:
[0.490s] [01m[K/home/rsl/gcc-arm-10.3-2021.07-x86_64-aarch64-none-elf/aarch64-none-elf/include/stdio.h:244:14:[m[K [01;36m[Knote: [m[Kexpected '[01m[Kchar * restrict[m[K' but argument is of type '[01m[Kuint8_t *[m[K' {aka '[01m[Kunsigned char *[m[K'}
[0.490s]   244 | int sprintf ([01;36m[Kc[m[Khar *__restrict, const char *__restrict, ...)
[0.490s]       |              [01;36m[K^[m[K
[0.490s] In file included from [01m[K/home/rsl/rt-thread/bsp/rockchip/rk3568/temp/micro/mcu/src/rcl/rcl/src/rcl/timer.c:24[m[K:
[0.490s] [01m[K/home/rsl/rt-thread/bsp/rockchip/rk3568/temp/micro/mcu/src/rcl/rcl/include/rcl/error_handling.h:58:92:[m[K [01;35m[Kwarning: [m[Kpointer targets in passing argument 1 of '[01m[Kstrlen[m[K' differ in signedness [[01;35m[K-Wpointer-sign[m[K]
[0.490s]    58 |                             rmw_uxrce_transport_default_params.write_cb(NULL,buffer,strlen([01;35m[Kbuffer[m[K),NULL);\
[0.490s]       |                                                                                            [01;35m[K^~~~~~[m[K
[0.490s]       |                                                                                            [01;35m[K|[m[K
[0.490s]       |                                                                                            [01;35m[Kuint8_t * {aka unsigned char *}[m[K
[0.491s] [01m[K/home/rsl/rt-thread/bsp/rockchip/rk3568/temp/micro/mcu/src/rcl/rcl/src/rcl/timer.c:177:7:[m[K [01;36m[Knote: [m[Kin expansion of macro '[01m[Kbrain_debug[m[K'
[0.491s]   177 |       [01;36m[Kbrain_debug[m[K(NULL);
[0.491s]       |       [01;36m[K^~~~~~~~~~~[m[K
[0.491s] In file included from [01m[K/home/rsl/rt-thread/bsp/rockchip/rk3568/temp/micro/mcu/install/include/rcutils/rcutils/error_handling.h:34[m[K,
[0.491s]                  from [01m[K/home/rsl/rt-thread/bsp/rockchip/rk3568/temp/micro/mcu/install/include/rcutils/rcutils/logging.h:25[m[K,
[0.491s]                  from [01m[K/home/rsl/rt-thread/bsp/rockchip/rk3568/temp/micro/mcu/install/include/rmw/rmw/types.h:28[m[K,
[0.491s]                  from [01m[K/home/rsl/rt-thread/bsp/rockchip/rk3568/temp/micro/mcu/src/rcl/rcl/include/rcl/types.h:20[m[K,
[0.491s]                  from [01m[K/home/rsl/rt-thread/bsp/rockchip/rk3568/temp/micro/mcu/src/rcl/rcl/include/rcl/init_options.h:29[m[K,
[0.492s]                  from [01m[K/home/rsl/rt-thread/bsp/rockchip/rk3568/temp/micro/mcu/src/rcl/rcl/include/rcl/context.h:31[m[K,
[0.492s]                  from [01m[K/home/rsl/rt-thread/bsp/rockchip/rk3568/temp/micro/mcu/src/rcl/rcl/include/rcl/timer.h:28[m[K,
[0.492s]                  from [01m[K/home/rsl/rt-thread/bsp/rockchip/rk3568/temp/micro/mcu/src/rcl/rcl/src/rcl/timer.c:20[m[K:
[0.492s] [01m[K/home/rsl/gcc-arm-10.3-2021.07-x86_64-aarch64-none-elf/aarch64-none-elf/include/string.h:41:17:[m[K [01;36m[Knote: [m[Kexpected '[01m[Kconst char *[m[K' but argument is of type '[01m[Kuint8_t *[m[K' {aka '[01m[Kunsigned char *[m[K'}
[0.492s]    41 | size_t  strlen ([01;36m[Kconst char *[m[K);
[0.492s]       |                 [01;36m[K^~~~~~~~~~~~[m[K
[0.492s] In file included from [01m[K/home/rsl/rt-thread/bsp/rockchip/rk3568/temp/micro/mcu/src/rcl/rcl/src/rcl/timer.c:24[m[K:
[0.492s] [01m[K/home/rsl/rt-thread/bsp/rockchip/rk3568/temp/micro/mcu/src/rcl/rcl/include/rcl/error_handling.h:57:37:[m[K [01;35m[Kwarning: [m[Kpointer targets in passing argument 1 of '[01m[Ksprintf[m[K' differ in signedness [[01;35m[K-Wpointer-sign[m[K]
[0.492s]    57 |                             sprintf([01;35m[Kbuffer[m[K,"cfile is %s,func is %s,line is %d\n",__FILE__,__func__,__LINE__);\
[0.492s]       |                                     [01;35m[K^~~~~~[m[K
[0.492s]       |                                     [01;35m[K|[m[K
[0.492s]       |                                     [01;35m[Kuint8_t * {aka unsigned char *}[m[K
[0.493s] [01m[K/home/rsl/rt-thread/bsp/rockchip/rk3568/temp/micro/mcu/src/rcl/rcl/src/rcl/timer.c:180:9:[m[K [01;36m[Knote: [m[Kin expansion of macro '[01m[Kbrain_debug[m[K'
[0.493s]   180 |         [01;36m[Kbrain_debug[m[K(NULL);
[0.493s]       |         [01;36m[K^~~~~~~~~~~[m[K
[0.493s] In file included from [01m[K/home/rsl/rt-thread/bsp/rockchip/rk3568/temp/micro/mcu/install/include/rcutils/rcutils/logging.h:22[m[K,
[0.493s]                  from [01m[K/home/rsl/rt-thread/bsp/rockchip/rk3568/temp/micro/mcu/install/include/rmw/rmw/types.h:28[m[K,
[0.493s]                  from [01m[K/home/rsl/rt-thread/bsp/rockchip/rk3568/temp/micro/mcu/src/rcl/rcl/include/rcl/types.h:20[m[K,
[0.493s]                  from [01m[K/home/rsl/rt-thread/bsp/rockchip/rk3568/temp/micro/mcu/src/rcl/rcl/include/rcl/init_options.h:29[m[K,
[0.493s]                  from [01m[K/home/rsl/rt-thread/bsp/rockchip/rk3568/temp/micro/mcu/src/rcl/rcl/include/rcl/context.h:31[m[K,
[0.494s]                  from [01m[K/home/rsl/rt-thread/bsp/rockchip/rk3568/temp/micro/mcu/src/rcl/rcl/include/rcl/timer.h:28[m[K,
[0.494s]                  from [01m[K/home/rsl/rt-thread/bsp/rockchip/rk3568/temp/micro/mcu/src/rcl/rcl/src/rcl/timer.c:20[m[K:
[0.494s] [01m[K/home/rsl/gcc-arm-10.3-2021.07-x86_64-aarch64-none-elf/aarch64-none-elf/include/stdio.h:244:14:[m[K [01;36m[Knote: [m[Kexpected '[01m[Kchar * restrict[m[K' but argument is of type '[01m[Kuint8_t *[m[K' {aka '[01m[Kunsigned char *[m[K'}
[0.494s]   244 | int sprintf ([01;36m[Kc[m[Khar *__restrict, const char *__restrict, ...)
[0.494s]       |              [01;36m[K^[m[K
[0.494s] In file included from [01m[K/home/rsl/rt-thread/bsp/rockchip/rk3568/temp/micro/mcu/src/rcl/rcl/src/rcl/timer.c:24[m[K:
[0.494s] [01m[K/home/rsl/rt-thread/bsp/rockchip/rk3568/temp/micro/mcu/src/rcl/rcl/include/rcl/error_handling.h:58:92:[m[K [01;35m[Kwarning: [m[Kpointer targets in passing argument 1 of '[01m[Kstrlen[m[K' differ in signedness [[01;35m[K-Wpointer-sign[m[K]
[0.494s]    58 |                             rmw_uxrce_transport_default_params.write_cb(NULL,buffer,strlen([01;35m[Kbuffer[m[K),NULL);\
[0.494s]       |                                                                                            [01;35m[K^~~~~~[m[K
[0.495s]       |                                                                                            [01;35m[K|[m[K
[0.495s]       |                                                                                            [01;35m[Kuint8_t * {aka unsigned char *}[m[K
[0.495s] [01m[K/home/rsl/rt-thread/bsp/rockchip/rk3568/temp/micro/mcu/src/rcl/rcl/src/rcl/timer.c:180:9:[m[K [01;36m[Knote: [m[Kin expansion of macro '[01m[Kbrain_debug[m[K'
[0.495s]   180 |         [01;36m[Kbrain_debug[m[K(NULL);
[0.495s]       |         [01;36m[K^~~~~~~~~~~[m[K
[0.495s] In file included from [01m[K/home/rsl/rt-thread/bsp/rockchip/rk3568/temp/micro/mcu/install/include/rcutils/rcutils/error_handling.h:34[m[K,
[0.495s]                  from [01m[K/home/rsl/rt-thread/bsp/rockchip/rk3568/temp/micro/mcu/install/include/rcutils/rcutils/logging.h:25[m[K,
[0.496s]                  from [01m[K/home/rsl/rt-thread/bsp/rockchip/rk3568/temp/micro/mcu/install/include/rmw/rmw/types.h:28[m[K,
[0.496s]                  from [01m[K/home/rsl/rt-thread/bsp/rockchip/rk3568/temp/micro/mcu/src/rcl/rcl/include/rcl/types.h:20[m[K,
[0.496s]                  from [01m[K/home/rsl/rt-thread/bsp/rockchip/rk3568/temp/micro/mcu/src/rcl/rcl/include/rcl/init_options.h:29[m[K,
[0.496s]                  from [01m[K/home/rsl/rt-thread/bsp/rockchip/rk3568/temp/micro/mcu/src/rcl/rcl/include/rcl/context.h:31[m[K,
[0.496s]                  from [01m[K/home/rsl/rt-thread/bsp/rockchip/rk3568/temp/micro/mcu/src/rcl/rcl/include/rcl/timer.h:28[m[K,
[0.496s]                  from [01m[K/home/rsl/rt-thread/bsp/rockchip/rk3568/temp/micro/mcu/src/rcl/rcl/src/rcl/timer.c:20[m[K:
[0.496s] [01m[K/home/rsl/gcc-arm-10.3-2021.07-x86_64-aarch64-none-elf/aarch64-none-elf/include/string.h:41:17:[m[K [01;36m[Knote: [m[Kexpected '[01m[Kconst char *[m[K' but argument is of type '[01m[Kuint8_t *[m[K' {aka '[01m[Kunsigned char *[m[K'}
[0.497s]    41 | size_t  strlen ([01;36m[Kconst char *[m[K);
[0.497s]       |                 [01;36m[K^~~~~~~~~~~~[m[K
[0.531s] [ 10%] [32m[1mLinking CXX static library librcl.a[0m
[0.550s] [100%] Built target rcl
[0.693s] Invoked command in '/home/rsl/rt-thread/bsp/rockchip/rk3568/temp/micro/mcu/build/rcl' returned '0': AMENT_PREFIX_PATH=/home/rsl/rt-thread/bsp/rockchip/rk3568/temp/micro/mcu/install:${AMENT_PREFIX_PATH} CMAKE_PREFIX_PATH=/home/rsl/rt-thread/bsp/rockchip/rk3568/temp/micro/mcu/install:/home/rsl/rt-thread/bsp/rockchip/rk3568/temp/micro/dev/install/ament_cmake_ros:/home/rsl/rt-thread/bsp/rockchip/rk3568/temp/micro/dev/install/ament_cmake_auto:/home/rsl/rt-thread/bsp/rockchip/rk3568/temp/micro/dev/install/ament_cmake_gmock:/home/rsl/rt-thread/bsp/rockchip/rk3568/temp/micro/dev/install/gmock_vendor:/home/rsl/rt-thread/bsp/rockchip/rk3568/temp/micro/dev/install/ament_cmake_gtest:/home/rsl/rt-thread/bsp/rockchip/rk3568/temp/micro/dev/install/gtest_vendor:/home/rsl/rt-thread/bsp/rockchip/rk3568/temp/micro/dev/install/ament_lint_common:/home/rsl/rt-thread/bsp/rockchip/rk3568/temp/micro/dev/install/ament_cmake_xmllint:/home/rsl/rt-thread/bsp/rockchip/rk3568/temp/micro/dev/install/ament_cmake_uncrustify:/home/rsl/rt-thread/bsp/rockchip/rk3568/temp/micro/dev/install/ament_cmake_pyflakes:/home/rsl/rt-thread/bsp/rockchip/rk3568/temp/micro/dev/install/ament_cmake_pycodestyle:/home/rsl/rt-thread/bsp/rockchip/rk3568/temp/micro/dev/install/ament_cmake_pep257:/home/rsl/rt-thread/bsp/rockchip/rk3568/temp/micro/dev/install/ament_cmake_pclint:/home/rsl/rt-thread/bsp/rockchip/rk3568/temp/micro/dev/install/ament_lint_auto:/home/rsl/rt-thread/bsp/rockchip/rk3568/temp/micro/dev/install/ament_cmake:/home/rsl/rt-thread/bsp/rockchip/rk3568/temp/micro/dev/install/ament_cmake_version:/home/rsl/rt-thread/bsp/rockchip/rk3568/temp/micro/dev/install/ament_cmake_vendor_package:/home/rsl/rt-thread/bsp/rockchip/rk3568/temp/micro/dev/install/ament_cmake_pytest:/home/rsl/rt-thread/bsp/rockchip/rk3568/temp/micro/dev/install/ament_cmake_nose:/home/rsl/rt-thread/bsp/rockchip/rk3568/temp/micro/dev/install/ament_cmake_mypy:/home/rsl/rt-thread/bsp/rockchip/rk3568/temp/micro/dev/install/ament_cmake_lint_cmake:/home/rsl/rt-thread/bsp/rockchip/rk3568/temp/micro/dev/install/ament_cmake_google_benchmark:/home/rsl/rt-thread/bsp/rockchip/rk3568/temp/micro/dev/install/ament_cmake_flake8:/home/rsl/rt-thread/bsp/rockchip/rk3568/temp/micro/dev/install/ament_cmake_copyright:/home/rsl/rt-thread/bsp/rockchip/rk3568/temp/micro/dev/install/ament_cmake_clang_tidy:/home/rsl/rt-thread/bsp/rockchip/rk3568/temp/micro/dev/install/ament_cmake_clang_format:/home/rsl/rt-thread/bsp/rockchip/rk3568/temp/micro/dev/install/ament_cmake_test:/home/rsl/rt-thread/bsp/rockchip/rk3568/temp/micro/dev/install/ament_cmake_target_dependencies:/home/rsl/rt-thread/bsp/rockchip/rk3568/temp/micro/dev/install/ament_cmake_python:/home/rsl/rt-thread/bsp/rockchip/rk3568/temp/micro/dev/install/ament_cmake_export_dependencies:/home/rsl/rt-thread/bsp/rockchip/rk3568/temp/micro/dev/install/ament_cmake_libraries:/home/rsl/rt-thread/bsp/rockchip/rk3568/temp/micro/dev/install/ament_cmake_include_directories:/home/rsl/rt-thread/bsp/rockchip/rk3568/temp/micro/dev/install/ament_cmake_gen_version_h:/home/rsl/rt-thread/bsp/rockchip/rk3568/temp/micro/dev/install/ament_cmake_export_targets:/home/rsl/rt-thread/bsp/rockchip/rk3568/temp/micro/dev/install/ament_cmake_export_link_flags:/home/rsl/rt-thread/bsp/rockchip/rk3568/temp/micro/dev/install/ament_cmake_export_interfaces:/home/rsl/rt-thread/bsp/rockchip/rk3568/temp/micro/dev/install/ament_cmake_export_libraries:/home/rsl/rt-thread/bsp/rockchip/rk3568/temp/micro/dev/install/ament_cmake_export_include_directories:/home/rsl/rt-thread/bsp/rockchip/rk3568/temp/micro/dev/install/ament_cmake_export_definitions:/home/rsl/rt-thread/bsp/rockchip/rk3568/temp/micro/dev/install/ament_cmake_core:/home/rsl/rt-thread/bsp/rockchip/rk3568/temp/micro/dev/install/domain_coordinator:/home/rsl/rt-thread/bsp/rockchip/rk3568/temp/micro/dev/install/ament_xmllint:/home/rsl/rt-thread/bsp/rockchip/rk3568/temp/micro/dev/install/ament_uncrustify:/home/rsl/rt-thread/bsp/rockchip/rk3568/temp/micro/dev/install/ament_pyflakes:/home/rsl/rt-thread/bsp/rockchip/rk3568/temp/micro/dev/install/ament_pycodestyle:/home/rsl/rt-thread/bsp/rockchip/rk3568/temp/micro/dev/install/ament_pep257:/home/rsl/rt-thread/bsp/rockchip/rk3568/temp/micro/dev/install/ament_pclint:/home/rsl/rt-thread/bsp/rockchip/rk3568/temp/micro/dev/install/ament_package:/home/rsl/rt-thread/bsp/rockchip/rk3568/temp/micro/dev/install/ament_mypy:/home/rsl/rt-thread/bsp/rockchip/rk3568/temp/micro/dev/install/ament_lint_cmake:/home/rsl/rt-thread/bsp/rockchip/rk3568/temp/micro/dev/install/ament_flake8:/home/rsl/rt-thread/bsp/rockchip/rk3568/temp/micro/dev/install/ament_copyright:/home/rsl/rt-thread/bsp/rockchip/rk3568/temp/micro/dev/install/ament_lint:/home/rsl/rt-thread/bsp/rockchip/rk3568/temp/micro/dev/install/ament_index_python:/home/rsl/rt-thread/bsp/rockchip/rk3568/temp/micro/dev/install/ament_clang_tidy:/home/rsl/rt-thread/bsp/rockchip/rk3568/temp/micro/dev/install/ament_clang_format LD_LIBRARY_PATH=/home/rsl/rt-thread/bsp/rockchip/rk3568/temp/micro/mcu/install/lib PATH=/home/rsl/rt-thread/bsp/rockchip/rk3568/temp/micro/mcu/install/bin:${PATH} PYTHONPATH=/home/rsl/rt-thread/bsp/rockchip/rk3568/temp/micro/mcu/install/lib/python3.8/site-packages:${PYTHONPATH} /usr/bin/cmake --build /home/rsl/rt-thread/bsp/rockchip/rk3568/temp/micro/mcu/build/rcl -- -j24 -l24
[0.710s] Invoking command in '/home/rsl/rt-thread/bsp/rockchip/rk3568/temp/micro/mcu/build/rcl': AMENT_PREFIX_PATH=/home/rsl/rt-thread/bsp/rockchip/rk3568/temp/micro/mcu/install:${AMENT_PREFIX_PATH} CMAKE_PREFIX_PATH=/home/rsl/rt-thread/bsp/rockchip/rk3568/temp/micro/mcu/install:/home/rsl/rt-thread/bsp/rockchip/rk3568/temp/micro/dev/install/ament_cmake_ros:/home/rsl/rt-thread/bsp/rockchip/rk3568/temp/micro/dev/install/ament_cmake_auto:/home/rsl/rt-thread/bsp/rockchip/rk3568/temp/micro/dev/install/ament_cmake_gmock:/home/rsl/rt-thread/bsp/rockchip/rk3568/temp/micro/dev/install/gmock_vendor:/home/rsl/rt-thread/bsp/rockchip/rk3568/temp/micro/dev/install/ament_cmake_gtest:/home/rsl/rt-thread/bsp/rockchip/rk3568/temp/micro/dev/install/gtest_vendor:/home/rsl/rt-thread/bsp/rockchip/rk3568/temp/micro/dev/install/ament_lint_common:/home/rsl/rt-thread/bsp/rockchip/rk3568/temp/micro/dev/install/ament_cmake_xmllint:/home/rsl/rt-thread/bsp/rockchip/rk3568/temp/micro/dev/install/ament_cmake_uncrustify:/home/rsl/rt-thread/bsp/rockchip/rk3568/temp/micro/dev/install/ament_cmake_pyflakes:/home/rsl/rt-thread/bsp/rockchip/rk3568/temp/micro/dev/install/ament_cmake_pycodestyle:/home/rsl/rt-thread/bsp/rockchip/rk3568/temp/micro/dev/install/ament_cmake_pep257:/home/rsl/rt-thread/bsp/rockchip/rk3568/temp/micro/dev/install/ament_cmake_pclint:/home/rsl/rt-thread/bsp/rockchip/rk3568/temp/micro/dev/install/ament_lint_auto:/home/rsl/rt-thread/bsp/rockchip/rk3568/temp/micro/dev/install/ament_cmake:/home/rsl/rt-thread/bsp/rockchip/rk3568/temp/micro/dev/install/ament_cmake_version:/home/rsl/rt-thread/bsp/rockchip/rk3568/temp/micro/dev/install/ament_cmake_vendor_package:/home/rsl/rt-thread/bsp/rockchip/rk3568/temp/micro/dev/install/ament_cmake_pytest:/home/rsl/rt-thread/bsp/rockchip/rk3568/temp/micro/dev/install/ament_cmake_nose:/home/rsl/rt-thread/bsp/rockchip/rk3568/temp/micro/dev/install/ament_cmake_mypy:/home/rsl/rt-thread/bsp/rockchip/rk3568/temp/micro/dev/install/ament_cmake_lint_cmake:/home/rsl/rt-thread/bsp/rockchip/rk3568/temp/micro/dev/install/ament_cmake_google_benchmark:/home/rsl/rt-thread/bsp/rockchip/rk3568/temp/micro/dev/install/ament_cmake_flake8:/home/rsl/rt-thread/bsp/rockchip/rk3568/temp/micro/dev/install/ament_cmake_copyright:/home/rsl/rt-thread/bsp/rockchip/rk3568/temp/micro/dev/install/ament_cmake_clang_tidy:/home/rsl/rt-thread/bsp/rockchip/rk3568/temp/micro/dev/install/ament_cmake_clang_format:/home/rsl/rt-thread/bsp/rockchip/rk3568/temp/micro/dev/install/ament_cmake_test:/home/rsl/rt-thread/bsp/rockchip/rk3568/temp/micro/dev/install/ament_cmake_target_dependencies:/home/rsl/rt-thread/bsp/rockchip/rk3568/temp/micro/dev/install/ament_cmake_python:/home/rsl/rt-thread/bsp/rockchip/rk3568/temp/micro/dev/install/ament_cmake_export_dependencies:/home/rsl/rt-thread/bsp/rockchip/rk3568/temp/micro/dev/install/ament_cmake_libraries:/home/rsl/rt-thread/bsp/rockchip/rk3568/temp/micro/dev/install/ament_cmake_include_directories:/home/rsl/rt-thread/bsp/rockchip/rk3568/temp/micro/dev/install/ament_cmake_gen_version_h:/home/rsl/rt-thread/bsp/rockchip/rk3568/temp/micro/dev/install/ament_cmake_export_targets:/home/rsl/rt-thread/bsp/rockchip/rk3568/temp/micro/dev/install/ament_cmake_export_link_flags:/home/rsl/rt-thread/bsp/rockchip/rk3568/temp/micro/dev/install/ament_cmake_export_interfaces:/home/rsl/rt-thread/bsp/rockchip/rk3568/temp/micro/dev/install/ament_cmake_export_libraries:/home/rsl/rt-thread/bsp/rockchip/rk3568/temp/micro/dev/install/ament_cmake_export_include_directories:/home/rsl/rt-thread/bsp/rockchip/rk3568/temp/micro/dev/install/ament_cmake_export_definitions:/home/rsl/rt-thread/bsp/rockchip/rk3568/temp/micro/dev/install/ament_cmake_core:/home/rsl/rt-thread/bsp/rockchip/rk3568/temp/micro/dev/install/domain_coordinator:/home/rsl/rt-thread/bsp/rockchip/rk3568/temp/micro/dev/install/ament_xmllint:/home/rsl/rt-thread/bsp/rockchip/rk3568/temp/micro/dev/install/ament_uncrustify:/home/rsl/rt-thread/bsp/rockchip/rk3568/temp/micro/dev/install/ament_pyflakes:/home/rsl/rt-thread/bsp/rockchip/rk3568/temp/micro/dev/install/ament_pycodestyle:/home/rsl/rt-thread/bsp/rockchip/rk3568/temp/micro/dev/install/ament_pep257:/home/rsl/rt-thread/bsp/rockchip/rk3568/temp/micro/dev/install/ament_pclint:/home/rsl/rt-thread/bsp/rockchip/rk3568/temp/micro/dev/install/ament_package:/home/rsl/rt-thread/bsp/rockchip/rk3568/temp/micro/dev/install/ament_mypy:/home/rsl/rt-thread/bsp/rockchip/rk3568/temp/micro/dev/install/ament_lint_cmake:/home/rsl/rt-thread/bsp/rockchip/rk3568/temp/micro/dev/install/ament_flake8:/home/rsl/rt-thread/bsp/rockchip/rk3568/temp/micro/dev/install/ament_copyright:/home/rsl/rt-thread/bsp/rockchip/rk3568/temp/micro/dev/install/ament_lint:/home/rsl/rt-thread/bsp/rockchip/rk3568/temp/micro/dev/install/ament_index_python:/home/rsl/rt-thread/bsp/rockchip/rk3568/temp/micro/dev/install/ament_clang_tidy:/home/rsl/rt-thread/bsp/rockchip/rk3568/temp/micro/dev/install/ament_clang_format LD_LIBRARY_PATH=/home/rsl/rt-thread/bsp/rockchip/rk3568/temp/micro/mcu/install/lib PATH=/home/rsl/rt-thread/bsp/rockchip/rk3568/temp/micro/mcu/install/bin:${PATH} PYTHONPATH=/home/rsl/rt-thread/bsp/rockchip/rk3568/temp/micro/mcu/install/lib/python3.8/site-packages:${PYTHONPATH} /usr/bin/cmake --install /home/rsl/rt-thread/bsp/rockchip/rk3568/temp/micro/mcu/build/rcl
[0.754s] -- Install configuration: "Release"
[0.754s] -- Installing: /home/rsl/rt-thread/bsp/rockchip/rk3568/temp/micro/mcu/install/lib/librcl.a
[0.754s] -- Up-to-date: /home/rsl/rt-thread/bsp/rockchip/rk3568/temp/micro/mcu/install/share/rcl/environment/library_path.sh
[0.755s] -- Up-to-date: /home/rsl/rt-thread/bsp/rockchip/rk3568/temp/micro/mcu/install/share/rcl/environment/library_path.dsv
[0.755s] -- Up-to-date: /home/rsl/rt-thread/bsp/rockchip/rk3568/temp/micro/mcu/install/include/rcl/rcl/version.h
[0.755s] -- Up-to-date: /home/rsl/rt-thread/bsp/rockchip/rk3568/temp/micro/mcu/install/share/ament_index/resource_index/package_run_dependencies/rcl
[0.755s] -- Up-to-date: /home/rsl/rt-thread/bsp/rockchip/rk3568/temp/micro/mcu/install/share/ament_index/resource_index/parent_prefix_path/rcl
[0.755s] -- Up-to-date: /home/rsl/rt-thread/bsp/rockchip/rk3568/temp/micro/mcu/install/share/rcl/environment/ament_prefix_path.sh
[0.756s] -- Up-to-date: /home/rsl/rt-thread/bsp/rockchip/rk3568/temp/micro/mcu/install/share/rcl/environment/ament_prefix_path.dsv
[0.756s] -- Up-to-date: /home/rsl/rt-thread/bsp/rockchip/rk3568/temp/micro/mcu/install/share/rcl/environment/path.sh
[0.756s] -- Up-to-date: /home/rsl/rt-thread/bsp/rockchip/rk3568/temp/micro/mcu/install/share/rcl/environment/path.dsv
[0.756s] -- Up-to-date: /home/rsl/rt-thread/bsp/rockchip/rk3568/temp/micro/mcu/install/share/rcl/local_setup.bash
[0.757s] -- Up-to-date: /home/rsl/rt-thread/bsp/rockchip/rk3568/temp/micro/mcu/install/share/rcl/local_setup.sh
[0.757s] -- Up-to-date: /home/rsl/rt-thread/bsp/rockchip/rk3568/temp/micro/mcu/install/share/rcl/local_setup.zsh
[0.757s] -- Up-to-date: /home/rsl/rt-thread/bsp/rockchip/rk3568/temp/micro/mcu/install/share/rcl/local_setup.dsv
[0.757s] -- Installing: /home/rsl/rt-thread/bsp/rockchip/rk3568/temp/micro/mcu/install/share/rcl/package.dsv
[0.757s] -- Up-to-date: /home/rsl/rt-thread/bsp/rockchip/rk3568/temp/micro/mcu/install/share/ament_index/resource_index/packages/rcl
[0.757s] -- Up-to-date: /home/rsl/rt-thread/bsp/rockchip/rk3568/temp/micro/mcu/install/share/rcl/cmake/rclExport.cmake
[0.757s] -- Up-to-date: /home/rsl/rt-thread/bsp/rockchip/rk3568/temp/micro/mcu/install/share/rcl/cmake/rclExport-release.cmake
[0.757s] -- Up-to-date: /home/rsl/rt-thread/bsp/rockchip/rk3568/temp/micro/mcu/install/share/rcl/cmake/rcl-extras.cmake
[0.757s] -- Up-to-date: /home/rsl/rt-thread/bsp/rockchip/rk3568/temp/micro/mcu/install/share/rcl/cmake/ament_cmake_export_include_directories-extras.cmake
[0.758s] -- Up-to-date: /home/rsl/rt-thread/bsp/rockchip/rk3568/temp/micro/mcu/install/share/rcl/cmake/ament_cmake_export_libraries-extras.cmake
[0.758s] -- Up-to-date: /home/rsl/rt-thread/bsp/rockchip/rk3568/temp/micro/mcu/install/share/rcl/cmake/ament_cmake_export_targets-extras.cmake
[0.758s] -- Up-to-date: /home/rsl/rt-thread/bsp/rockchip/rk3568/temp/micro/mcu/install/share/rcl/cmake/ament_cmake_export_dependencies-extras.cmake
[0.758s] -- Up-to-date: /home/rsl/rt-thread/bsp/rockchip/rk3568/temp/micro/mcu/install/share/rcl/cmake/rclConfig.cmake
[0.758s] -- Up-to-date: /home/rsl/rt-thread/bsp/rockchip/rk3568/temp/micro/mcu/install/share/rcl/cmake/rclConfig-version.cmake
[0.758s] -- Up-to-date: /home/rsl/rt-thread/bsp/rockchip/rk3568/temp/micro/mcu/install/share/rcl/package.xml
[0.758s] -- Up-to-date: /home/rsl/rt-thread/bsp/rockchip/rk3568/temp/micro/mcu/install/share/rcl/cmake
[0.758s] -- Up-to-date: /home/rsl/rt-thread/bsp/rockchip/rk3568/temp/micro/mcu/install/share/rcl/cmake/get_default_rcl_logging_implementation.cmake
[0.758s] -- Up-to-date: /home/rsl/rt-thread/bsp/rockchip/rk3568/temp/micro/mcu/install/share/rcl/cmake/rcl_set_symbol_visibility_hidden.cmake
[0.758s] -- Up-to-date: /home/rsl/rt-thread/bsp/rockchip/rk3568/temp/micro/mcu/install/include/rcl
[0.759s] -- Up-to-date: /home/rsl/rt-thread/bsp/rockchip/rk3568/temp/micro/mcu/install/include/rcl/rcl
[0.759s] -- Up-to-date: /home/rsl/rt-thread/bsp/rockchip/rk3568/temp/micro/mcu/install/include/rcl/rcl/client.h
[0.759s] -- Up-to-date: /home/rsl/rt-thread/bsp/rockchip/rk3568/temp/micro/mcu/install/include/rcl/rcl/macros.h
[0.759s] -- Up-to-date: /home/rsl/rt-thread/bsp/rockchip/rk3568/temp/micro/mcu/install/include/rcl/rcl/remap.h
[0.759s] -- Up-to-date: /home/rsl/rt-thread/bsp/rockchip/rk3568/temp/micro/mcu/install/include/rcl/rcl/validate_enclave_name.h
[0.759s] -- Up-to-date: /home/rsl/rt-thread/bsp/rockchip/rk3568/temp/micro/mcu/install/include/rcl/rcl/types.h
[0.759s] -- Up-to-date: /home/rsl/rt-thread/bsp/rockchip/rk3568/temp/micro/mcu/install/include/rcl/rcl/error_handling.h
[0.760s] -- Up-to-date: /home/rsl/rt-thread/bsp/rockchip/rk3568/temp/micro/mcu/install/include/rcl/rcl/node_options.h
[0.760s] -- Up-to-date: /home/rsl/rt-thread/bsp/rockchip/rk3568/temp/micro/mcu/install/include/rcl/rcl/context.h
[0.760s] -- Up-to-date: /home/rsl/rt-thread/bsp/rockchip/rk3568/temp/micro/mcu/install/include/rcl/rcl/lexer_lookahead.h
[0.760s] -- Up-to-date: /home/rsl/rt-thread/bsp/rockchip/rk3568/temp/micro/mcu/install/include/rcl/rcl/validate_topic_name.h
[0.760s] -- Up-to-date: /home/rsl/rt-thread/bsp/rockchip/rk3568/temp/micro/mcu/install/include/rcl/rcl/network_flow_endpoints.h
[0.760s] -- Up-to-date: /home/rsl/rt-thread/bsp/rockchip/rk3568/temp/micro/mcu/install/include/rcl/rcl/logging_rosout.h
[0.760s] -- Up-to-date: /home/rsl/rt-thread/bsp/rockchip/rk3568/temp/micro/mcu/install/include/rcl/rcl/time.h
[0.760s] -- Up-to-date: /home/rsl/rt-thread/bsp/rockchip/rk3568/temp/micro/mcu/install/include/rcl/rcl/security.h
[0.760s] -- Up-to-date: /home/rsl/rt-thread/bsp/rockchip/rk3568/temp/micro/mcu/install/include/rcl/rcl/subscription.h
[0.761s] -- Up-to-date: /home/rsl/rt-thread/bsp/rockchip/rk3568/temp/micro/mcu/install/include/rcl/rcl/wait.h
[0.761s] -- Up-to-date: /home/rsl/rt-thread/bsp/rockchip/rk3568/temp/micro/mcu/install/include/rcl/rcl/expand_topic_name.h
[0.761s] -- Up-to-date: /home/rsl/rt-thread/bsp/rockchip/rk3568/temp/micro/mcu/install/include/rcl/rcl/event_callback.h
[0.761s] -- Up-to-date: /home/rsl/rt-thread/bsp/rockchip/rk3568/temp/micro/mcu/install/include/rcl/rcl/guard_condition.h
[0.761s] -- Up-to-date: /home/rsl/rt-thread/bsp/rockchip/rk3568/temp/micro/mcu/install/include/rcl/rcl/domain_id.h
[0.761s] -- Up-to-date: /home/rsl/rt-thread/bsp/rockchip/rk3568/temp/micro/mcu/install/include/rcl/rcl/timer.h
[0.761s] -- Up-to-date: /home/rsl/rt-thread/bsp/rockchip/rk3568/temp/micro/mcu/install/include/rcl/rcl/arguments.h
[0.761s] -- Up-to-date: /home/rsl/rt-thread/bsp/rockchip/rk3568/temp/micro/mcu/install/include/rcl/rcl/log_level.h
[0.762s] -- Up-to-date: /home/rsl/rt-thread/bsp/rockchip/rk3568/temp/micro/mcu/install/include/rcl/rcl/node.h
[0.762s] -- Up-to-date: /home/rsl/rt-thread/bsp/rockchip/rk3568/temp/micro/mcu/install/include/rcl/rcl/allocator.h
[0.762s] -- Up-to-date: /home/rsl/rt-thread/bsp/rockchip/rk3568/temp/micro/mcu/install/include/rcl/rcl/logging.h
[0.762s] -- Up-to-date: /home/rsl/rt-thread/bsp/rockchip/rk3568/temp/micro/mcu/install/include/rcl/rcl/service.h
[0.762s] -- Up-to-date: /home/rsl/rt-thread/bsp/rockchip/rk3568/temp/micro/mcu/install/include/rcl/rcl/init_options.h
[0.762s] -- Up-to-date: /home/rsl/rt-thread/bsp/rockchip/rk3568/temp/micro/mcu/install/include/rcl/rcl/lexer.h
[0.762s] -- Up-to-date: /home/rsl/rt-thread/bsp/rockchip/rk3568/temp/micro/mcu/install/include/rcl/rcl/visibility_control.h
[0.762s] -- Up-to-date: /home/rsl/rt-thread/bsp/rockchip/rk3568/temp/micro/mcu/install/include/rcl/rcl/rmw_implementation_identifier_check.h
[0.762s] -- Up-to-date: /home/rsl/rt-thread/bsp/rockchip/rk3568/temp/micro/mcu/install/include/rcl/rcl/init.h
[0.763s] -- Up-to-date: /home/rsl/rt-thread/bsp/rockchip/rk3568/temp/micro/mcu/install/include/rcl/rcl/event.h
[0.763s] -- Up-to-date: /home/rsl/rt-thread/bsp/rockchip/rk3568/temp/micro/mcu/install/include/rcl/rcl/localhost.h
[0.763s] -- Up-to-date: /home/rsl/rt-thread/bsp/rockchip/rk3568/temp/micro/mcu/install/include/rcl/rcl/rcl.h
[0.763s] -- Up-to-date: /home/rsl/rt-thread/bsp/rockchip/rk3568/temp/micro/mcu/install/include/rcl/rcl/graph.h
[0.763s] -- Up-to-date: /home/rsl/rt-thread/bsp/rockchip/rk3568/temp/micro/mcu/install/include/rcl/rcl/publisher.h
[0.789s] Invoked command in '/home/rsl/rt-thread/bsp/rockchip/rk3568/temp/micro/mcu/build/rcl' returned '0': AMENT_PREFIX_PATH=/home/rsl/rt-thread/bsp/rockchip/rk3568/temp/micro/mcu/install:${AMENT_PREFIX_PATH} CMAKE_PREFIX_PATH=/home/rsl/rt-thread/bsp/rockchip/rk3568/temp/micro/mcu/install:/home/rsl/rt-thread/bsp/rockchip/rk3568/temp/micro/dev/install/ament_cmake_ros:/home/rsl/rt-thread/bsp/rockchip/rk3568/temp/micro/dev/install/ament_cmake_auto:/home/rsl/rt-thread/bsp/rockchip/rk3568/temp/micro/dev/install/ament_cmake_gmock:/home/rsl/rt-thread/bsp/rockchip/rk3568/temp/micro/dev/install/gmock_vendor:/home/rsl/rt-thread/bsp/rockchip/rk3568/temp/micro/dev/install/ament_cmake_gtest:/home/rsl/rt-thread/bsp/rockchip/rk3568/temp/micro/dev/install/gtest_vendor:/home/rsl/rt-thread/bsp/rockchip/rk3568/temp/micro/dev/install/ament_lint_common:/home/rsl/rt-thread/bsp/rockchip/rk3568/temp/micro/dev/install/ament_cmake_xmllint:/home/rsl/rt-thread/bsp/rockchip/rk3568/temp/micro/dev/install/ament_cmake_uncrustify:/home/rsl/rt-thread/bsp/rockchip/rk3568/temp/micro/dev/install/ament_cmake_pyflakes:/home/rsl/rt-thread/bsp/rockchip/rk3568/temp/micro/dev/install/ament_cmake_pycodestyle:/home/rsl/rt-thread/bsp/rockchip/rk3568/temp/micro/dev/install/ament_cmake_pep257:/home/rsl/rt-thread/bsp/rockchip/rk3568/temp/micro/dev/install/ament_cmake_pclint:/home/rsl/rt-thread/bsp/rockchip/rk3568/temp/micro/dev/install/ament_lint_auto:/home/rsl/rt-thread/bsp/rockchip/rk3568/temp/micro/dev/install/ament_cmake:/home/rsl/rt-thread/bsp/rockchip/rk3568/temp/micro/dev/install/ament_cmake_version:/home/rsl/rt-thread/bsp/rockchip/rk3568/temp/micro/dev/install/ament_cmake_vendor_package:/home/rsl/rt-thread/bsp/rockchip/rk3568/temp/micro/dev/install/ament_cmake_pytest:/home/rsl/rt-thread/bsp/rockchip/rk3568/temp/micro/dev/install/ament_cmake_nose:/home/rsl/rt-thread/bsp/rockchip/rk3568/temp/micro/dev/install/ament_cmake_mypy:/home/rsl/rt-thread/bsp/rockchip/rk3568/temp/micro/dev/install/ament_cmake_lint_cmake:/home/rsl/rt-thread/bsp/rockchip/rk3568/temp/micro/dev/install/ament_cmake_google_benchmark:/home/rsl/rt-thread/bsp/rockchip/rk3568/temp/micro/dev/install/ament_cmake_flake8:/home/rsl/rt-thread/bsp/rockchip/rk3568/temp/micro/dev/install/ament_cmake_copyright:/home/rsl/rt-thread/bsp/rockchip/rk3568/temp/micro/dev/install/ament_cmake_clang_tidy:/home/rsl/rt-thread/bsp/rockchip/rk3568/temp/micro/dev/install/ament_cmake_clang_format:/home/rsl/rt-thread/bsp/rockchip/rk3568/temp/micro/dev/install/ament_cmake_test:/home/rsl/rt-thread/bsp/rockchip/rk3568/temp/micro/dev/install/ament_cmake_target_dependencies:/home/rsl/rt-thread/bsp/rockchip/rk3568/temp/micro/dev/install/ament_cmake_python:/home/rsl/rt-thread/bsp/rockchip/rk3568/temp/micro/dev/install/ament_cmake_export_dependencies:/home/rsl/rt-thread/bsp/rockchip/rk3568/temp/micro/dev/install/ament_cmake_libraries:/home/rsl/rt-thread/bsp/rockchip/rk3568/temp/micro/dev/install/ament_cmake_include_directories:/home/rsl/rt-thread/bsp/rockchip/rk3568/temp/micro/dev/install/ament_cmake_gen_version_h:/home/rsl/rt-thread/bsp/rockchip/rk3568/temp/micro/dev/install/ament_cmake_export_targets:/home/rsl/rt-thread/bsp/rockchip/rk3568/temp/micro/dev/install/ament_cmake_export_link_flags:/home/rsl/rt-thread/bsp/rockchip/rk3568/temp/micro/dev/install/ament_cmake_export_interfaces:/home/rsl/rt-thread/bsp/rockchip/rk3568/temp/micro/dev/install/ament_cmake_export_libraries:/home/rsl/rt-thread/bsp/rockchip/rk3568/temp/micro/dev/install/ament_cmake_export_include_directories:/home/rsl/rt-thread/bsp/rockchip/rk3568/temp/micro/dev/install/ament_cmake_export_definitions:/home/rsl/rt-thread/bsp/rockchip/rk3568/temp/micro/dev/install/ament_cmake_core:/home/rsl/rt-thread/bsp/rockchip/rk3568/temp/micro/dev/install/domain_coordinator:/home/rsl/rt-thread/bsp/rockchip/rk3568/temp/micro/dev/install/ament_xmllint:/home/rsl/rt-thread/bsp/rockchip/rk3568/temp/micro/dev/install/ament_uncrustify:/home/rsl/rt-thread/bsp/rockchip/rk3568/temp/micro/dev/install/ament_pyflakes:/home/rsl/rt-thread/bsp/rockchip/rk3568/temp/micro/dev/install/ament_pycodestyle:/home/rsl/rt-thread/bsp/rockchip/rk3568/temp/micro/dev/install/ament_pep257:/home/rsl/rt-thread/bsp/rockchip/rk3568/temp/micro/dev/install/ament_pclint:/home/rsl/rt-thread/bsp/rockchip/rk3568/temp/micro/dev/install/ament_package:/home/rsl/rt-thread/bsp/rockchip/rk3568/temp/micro/dev/install/ament_mypy:/home/rsl/rt-thread/bsp/rockchip/rk3568/temp/micro/dev/install/ament_lint_cmake:/home/rsl/rt-thread/bsp/rockchip/rk3568/temp/micro/dev/install/ament_flake8:/home/rsl/rt-thread/bsp/rockchip/rk3568/temp/micro/dev/install/ament_copyright:/home/rsl/rt-thread/bsp/rockchip/rk3568/temp/micro/dev/install/ament_lint:/home/rsl/rt-thread/bsp/rockchip/rk3568/temp/micro/dev/install/ament_index_python:/home/rsl/rt-thread/bsp/rockchip/rk3568/temp/micro/dev/install/ament_clang_tidy:/home/rsl/rt-thread/bsp/rockchip/rk3568/temp/micro/dev/install/ament_clang_format LD_LIBRARY_PATH=/home/rsl/rt-thread/bsp/rockchip/rk3568/temp/micro/mcu/install/lib PATH=/home/rsl/rt-thread/bsp/rockchip/rk3568/temp/micro/mcu/install/bin:${PATH} PYTHONPATH=/home/rsl/rt-thread/bsp/rockchip/rk3568/temp/micro/mcu/install/lib/python3.8/site-packages:${PYTHONPATH} /usr/bin/cmake --install /home/rsl/rt-thread/bsp/rockchip/rk3568/temp/micro/mcu/build/rcl
