[0.071s] Invoking command in '/home/rsl/rt-thread/bsp/rockchip/rk3568/temp/micro/mcu/build/rmw_microxrcedds': AMENT_PREFIX_PATH=/home/rsl/rt-thread/bsp/rockchip/rk3568/temp/micro/mcu/install:${AMENT_PREFIX_PATH} CMAKE_PREFIX_PATH=/home/rsl/rt-thread/bsp/rockchip/rk3568/temp/micro/mcu/install:/home/rsl/rt-thread/bsp/rockchip/rk3568/temp/micro/dev/install/ament_cmake_ros:/home/rsl/rt-thread/bsp/rockchip/rk3568/temp/micro/dev/install/ament_cmake_auto:/home/rsl/rt-thread/bsp/rockchip/rk3568/temp/micro/dev/install/ament_cmake_gmock:/home/rsl/rt-thread/bsp/rockchip/rk3568/temp/micro/dev/install/gmock_vendor:/home/rsl/rt-thread/bsp/rockchip/rk3568/temp/micro/dev/install/ament_cmake_gtest:/home/rsl/rt-thread/bsp/rockchip/rk3568/temp/micro/dev/install/gtest_vendor:/home/rsl/rt-thread/bsp/rockchip/rk3568/temp/micro/dev/install/ament_lint_common:/home/rsl/rt-thread/bsp/rockchip/rk3568/temp/micro/dev/install/ament_cmake_xmllint:/home/rsl/rt-thread/bsp/rockchip/rk3568/temp/micro/dev/install/ament_cmake_uncrustify:/home/rsl/rt-thread/bsp/rockchip/rk3568/temp/micro/dev/install/ament_cmake_pyflakes:/home/rsl/rt-thread/bsp/rockchip/rk3568/temp/micro/dev/install/ament_cmake_pycodestyle:/home/rsl/rt-thread/bsp/rockchip/rk3568/temp/micro/dev/install/ament_cmake_pep257:/home/rsl/rt-thread/bsp/rockchip/rk3568/temp/micro/dev/install/ament_cmake_pclint:/home/rsl/rt-thread/bsp/rockchip/rk3568/temp/micro/dev/install/ament_lint_auto:/home/rsl/rt-thread/bsp/rockchip/rk3568/temp/micro/dev/install/ament_cmake:/home/rsl/rt-thread/bsp/rockchip/rk3568/temp/micro/dev/install/ament_cmake_version:/home/rsl/rt-thread/bsp/rockchip/rk3568/temp/micro/dev/install/ament_cmake_vendor_package:/home/rsl/rt-thread/bsp/rockchip/rk3568/temp/micro/dev/install/ament_cmake_pytest:/home/rsl/rt-thread/bsp/rockchip/rk3568/temp/micro/dev/install/ament_cmake_nose:/home/rsl/rt-thread/bsp/rockchip/rk3568/temp/micro/dev/install/ament_cmake_mypy:/home/rsl/rt-thread/bsp/rockchip/rk3568/temp/micro/dev/install/ament_cmake_lint_cmake:/home/rsl/rt-thread/bsp/rockchip/rk3568/temp/micro/dev/install/ament_cmake_google_benchmark:/home/rsl/rt-thread/bsp/rockchip/rk3568/temp/micro/dev/install/ament_cmake_flake8:/home/rsl/rt-thread/bsp/rockchip/rk3568/temp/micro/dev/install/ament_cmake_copyright:/home/rsl/rt-thread/bsp/rockchip/rk3568/temp/micro/dev/install/ament_cmake_clang_tidy:/home/rsl/rt-thread/bsp/rockchip/rk3568/temp/micro/dev/install/ament_cmake_clang_format:/home/rsl/rt-thread/bsp/rockchip/rk3568/temp/micro/dev/install/ament_cmake_test:/home/rsl/rt-thread/bsp/rockchip/rk3568/temp/micro/dev/install/ament_cmake_target_dependencies:/home/rsl/rt-thread/bsp/rockchip/rk3568/temp/micro/dev/install/ament_cmake_python:/home/rsl/rt-thread/bsp/rockchip/rk3568/temp/micro/dev/install/ament_cmake_export_dependencies:/home/rsl/rt-thread/bsp/rockchip/rk3568/temp/micro/dev/install/ament_cmake_libraries:/home/rsl/rt-thread/bsp/rockchip/rk3568/temp/micro/dev/install/ament_cmake_include_directories:/home/rsl/rt-thread/bsp/rockchip/rk3568/temp/micro/dev/install/ament_cmake_gen_version_h:/home/rsl/rt-thread/bsp/rockchip/rk3568/temp/micro/dev/install/ament_cmake_export_targets:/home/rsl/rt-thread/bsp/rockchip/rk3568/temp/micro/dev/install/ament_cmake_export_link_flags:/home/rsl/rt-thread/bsp/rockchip/rk3568/temp/micro/dev/install/ament_cmake_export_interfaces:/home/rsl/rt-thread/bsp/rockchip/rk3568/temp/micro/dev/install/ament_cmake_export_libraries:/home/rsl/rt-thread/bsp/rockchip/rk3568/temp/micro/dev/install/ament_cmake_export_include_directories:/home/rsl/rt-thread/bsp/rockchip/rk3568/temp/micro/dev/install/ament_cmake_export_definitions:/home/rsl/rt-thread/bsp/rockchip/rk3568/temp/micro/dev/install/ament_cmake_core:/home/rsl/rt-thread/bsp/rockchip/rk3568/temp/micro/dev/install/domain_coordinator:/home/rsl/rt-thread/bsp/rockchip/rk3568/temp/micro/dev/install/ament_xmllint:/home/rsl/rt-thread/bsp/rockchip/rk3568/temp/micro/dev/install/ament_uncrustify:/home/rsl/rt-thread/bsp/rockchip/rk3568/temp/micro/dev/install/ament_pyflakes:/home/rsl/rt-thread/bsp/rockchip/rk3568/temp/micro/dev/install/ament_pycodestyle:/home/rsl/rt-thread/bsp/rockchip/rk3568/temp/micro/dev/install/ament_pep257:/home/rsl/rt-thread/bsp/rockchip/rk3568/temp/micro/dev/install/ament_pclint:/home/rsl/rt-thread/bsp/rockchip/rk3568/temp/micro/dev/install/ament_package:/home/rsl/rt-thread/bsp/rockchip/rk3568/temp/micro/dev/install/ament_mypy:/home/rsl/rt-thread/bsp/rockchip/rk3568/temp/micro/dev/install/ament_lint_cmake:/home/rsl/rt-thread/bsp/rockchip/rk3568/temp/micro/dev/install/ament_flake8:/home/rsl/rt-thread/bsp/rockchip/rk3568/temp/micro/dev/install/ament_copyright:/home/rsl/rt-thread/bsp/rockchip/rk3568/temp/micro/dev/install/ament_lint:/home/rsl/rt-thread/bsp/rockchip/rk3568/temp/micro/dev/install/ament_index_python:/home/rsl/rt-thread/bsp/rockchip/rk3568/temp/micro/dev/install/ament_clang_tidy:/home/rsl/rt-thread/bsp/rockchip/rk3568/temp/micro/dev/install/ament_clang_format LD_LIBRARY_PATH=/home/rsl/rt-thread/bsp/rockchip/rk3568/temp/micro/mcu/install/lib PATH=/home/rsl/rt-thread/bsp/rockchip/rk3568/temp/micro/mcu/install/bin:${PATH} PYTHONPATH=/home/rsl/rt-thread/bsp/rockchip/rk3568/temp/micro/mcu/install/lib/python3.8/site-packages:${PYTHONPATH} /usr/bin/cmake /home/rsl/rt-thread/bsp/rockchip/rk3568/temp/micro/mcu/src/rmw-microxrcedds/rmw_microxrcedds_c -DCMAKE_INSTALL_LIBDIR=lib -DCMAKE_POSITION_INDEPENDENT_CODE:BOOL=OFF -DTHIRDPARTY=ON -DBUILD_SHARED_LIBS=OFF -DBUILD_TESTING=OFF -DCMAKE_BUILD_TYPE=Release --toolchain=/home/rsl/rt-thread/bsp/rockchip/rk3568/packages/micro_ros_rtthread_component/builder/toolchain.cmake -G Unix Makefiles -DRMW_UXRCE_TRANSPORT=custom -DRMW_UXRCE_MAX_HISTORY=4 -DRMW_UXRCE_MAX_NODES=1 -DRMW_UXRCE_MAX_PUBLISHERS=2 -DRMW_UXRCE_MAX_SUBSCRIPTIONS=2 -DRMW_UXRCE_MAX_SERVICES=0 -DRMW_UXRCE_MAX_CLIENTS=0 -DCMAKE_INSTALL_PREFIX=/home/rsl/rt-thread/bsp/rockchip/rk3568/temp/micro/mcu/install
[0.076s] [0mCMake Deprecation Warning at CMakeLists.txt:15 (cmake_minimum_required):
[0.076s]   Compatibility with CMake < 3.10 will be removed from a future version of
[0.076s]   CMake.
[0.076s] 
[0.076s]   Update the VERSION argument <min> value.  Or, use the <min>...<max> syntax
[0.076s]   to tell CMake that the project requires at least <min> but has been updated
[0.076s]   to work with policies introduced by <max> or earlier.
[0.076s] 
[0.076s] [0m
[0.111s] -- The C compiler identification is GNU 10.3.1
[0.119s] -- Detecting C compiler ABI info
[0.164s] -- Detecting C compiler ABI info - done
[0.171s] -- Check for working C compiler: /home/rsl/gcc-arm-10.3-2021.07-x86_64-aarch64-none-elf/bin/aarch64-none-elf-gcc - skipped
[0.173s] -- Detecting C compile features
[0.174s] -- Detecting C compile features - done
[0.174s] -- Found ament_cmake_ros: 0.10.0 (/home/rsl/rt-thread/bsp/rockchip/rk3568/temp/micro/dev/install/ament_cmake_ros/share/ament_cmake_ros/cmake)
[0.251s] -- Found Python3: /usr/bin/python3 (found version "3.8.10") found components: Interpreter
[0.366s] -- Found rcutils: 5.1.6 (/home/rsl/rt-thread/bsp/rockchip/rk3568/temp/micro/mcu/install/share/rcutils/cmake)
[0.371s] [33mCMake Warning at /home/rsl/rt-thread/bsp/rockchip/rk3568/temp/micro/mcu/install/share/rcutils/cmake/ament_cmake_export_libraries-extras.cmake:116 (message):
[0.371s]   Package 'rcutils' exports library 'dl' which couldn't be found
[0.371s] Call Stack (most recent call first):
[0.371s]   /home/rsl/rt-thread/bsp/rockchip/rk3568/temp/micro/mcu/install/share/rcutils/cmake/rcutilsConfig.cmake:41 (include)
[0.371s]   CMakeLists.txt:27 (find_package)
[0.371s] 
[0.372s] [0m
[0.373s] -- Found rosidl_runtime_c: 3.1.6 (/home/rsl/rt-thread/bsp/rockchip/rk3568/temp/micro/mcu/install/share/rosidl_runtime_c/cmake)
[0.380s] -- Found rmw: 6.1.2 (/home/rsl/rt-thread/bsp/rockchip/rk3568/temp/micro/mcu/install/share/rmw/cmake)
[0.383s] -- Found rosidl_typesupport_microxrcedds_c: 3.0.1 (/home/rsl/rt-thread/bsp/rockchip/rk3568/temp/micro/mcu/install/share/rosidl_typesupport_microxrcedds_c/cmake)
[0.387s] -- Found rosidl_adapter: 3.1.6 (/home/rsl/rt-thread/bsp/rockchip/rk3568/temp/micro/mcu/install/share/rosidl_adapter/cmake)
[0.478s] -- Configuring done (0.4s)
[0.494s] -- Generating done (0.0s)
[0.494s] [33mCMake Warning:
[0.494s]   Manually-specified variables were not used by the project:
[0.494s] 
[0.494s]     CMAKE_INSTALL_LIBDIR
[0.494s]     THIRDPARTY
[0.494s] 
[0.494s] [0m
[0.496s] -- Build files have been written to: /home/rsl/rt-thread/bsp/rockchip/rk3568/temp/micro/mcu/build/rmw_microxrcedds
[0.501s] Invoked command in '/home/rsl/rt-thread/bsp/rockchip/rk3568/temp/micro/mcu/build/rmw_microxrcedds' returned '0': AMENT_PREFIX_PATH=/home/rsl/rt-thread/bsp/rockchip/rk3568/temp/micro/mcu/install:${AMENT_PREFIX_PATH} CMAKE_PREFIX_PATH=/home/rsl/rt-thread/bsp/rockchip/rk3568/temp/micro/mcu/install:/home/rsl/rt-thread/bsp/rockchip/rk3568/temp/micro/dev/install/ament_cmake_ros:/home/rsl/rt-thread/bsp/rockchip/rk3568/temp/micro/dev/install/ament_cmake_auto:/home/rsl/rt-thread/bsp/rockchip/rk3568/temp/micro/dev/install/ament_cmake_gmock:/home/rsl/rt-thread/bsp/rockchip/rk3568/temp/micro/dev/install/gmock_vendor:/home/rsl/rt-thread/bsp/rockchip/rk3568/temp/micro/dev/install/ament_cmake_gtest:/home/rsl/rt-thread/bsp/rockchip/rk3568/temp/micro/dev/install/gtest_vendor:/home/rsl/rt-thread/bsp/rockchip/rk3568/temp/micro/dev/install/ament_lint_common:/home/rsl/rt-thread/bsp/rockchip/rk3568/temp/micro/dev/install/ament_cmake_xmllint:/home/rsl/rt-thread/bsp/rockchip/rk3568/temp/micro/dev/install/ament_cmake_uncrustify:/home/rsl/rt-thread/bsp/rockchip/rk3568/temp/micro/dev/install/ament_cmake_pyflakes:/home/rsl/rt-thread/bsp/rockchip/rk3568/temp/micro/dev/install/ament_cmake_pycodestyle:/home/rsl/rt-thread/bsp/rockchip/rk3568/temp/micro/dev/install/ament_cmake_pep257:/home/rsl/rt-thread/bsp/rockchip/rk3568/temp/micro/dev/install/ament_cmake_pclint:/home/rsl/rt-thread/bsp/rockchip/rk3568/temp/micro/dev/install/ament_lint_auto:/home/rsl/rt-thread/bsp/rockchip/rk3568/temp/micro/dev/install/ament_cmake:/home/rsl/rt-thread/bsp/rockchip/rk3568/temp/micro/dev/install/ament_cmake_version:/home/rsl/rt-thread/bsp/rockchip/rk3568/temp/micro/dev/install/ament_cmake_vendor_package:/home/rsl/rt-thread/bsp/rockchip/rk3568/temp/micro/dev/install/ament_cmake_pytest:/home/rsl/rt-thread/bsp/rockchip/rk3568/temp/micro/dev/install/ament_cmake_nose:/home/rsl/rt-thread/bsp/rockchip/rk3568/temp/micro/dev/install/ament_cmake_mypy:/home/rsl/rt-thread/bsp/rockchip/rk3568/temp/micro/dev/install/ament_cmake_lint_cmake:/home/rsl/rt-thread/bsp/rockchip/rk3568/temp/micro/dev/install/ament_cmake_google_benchmark:/home/rsl/rt-thread/bsp/rockchip/rk3568/temp/micro/dev/install/ament_cmake_flake8:/home/rsl/rt-thread/bsp/rockchip/rk3568/temp/micro/dev/install/ament_cmake_copyright:/home/rsl/rt-thread/bsp/rockchip/rk3568/temp/micro/dev/install/ament_cmake_clang_tidy:/home/rsl/rt-thread/bsp/rockchip/rk3568/temp/micro/dev/install/ament_cmake_clang_format:/home/rsl/rt-thread/bsp/rockchip/rk3568/temp/micro/dev/install/ament_cmake_test:/home/rsl/rt-thread/bsp/rockchip/rk3568/temp/micro/dev/install/ament_cmake_target_dependencies:/home/rsl/rt-thread/bsp/rockchip/rk3568/temp/micro/dev/install/ament_cmake_python:/home/rsl/rt-thread/bsp/rockchip/rk3568/temp/micro/dev/install/ament_cmake_export_dependencies:/home/rsl/rt-thread/bsp/rockchip/rk3568/temp/micro/dev/install/ament_cmake_libraries:/home/rsl/rt-thread/bsp/rockchip/rk3568/temp/micro/dev/install/ament_cmake_include_directories:/home/rsl/rt-thread/bsp/rockchip/rk3568/temp/micro/dev/install/ament_cmake_gen_version_h:/home/rsl/rt-thread/bsp/rockchip/rk3568/temp/micro/dev/install/ament_cmake_export_targets:/home/rsl/rt-thread/bsp/rockchip/rk3568/temp/micro/dev/install/ament_cmake_export_link_flags:/home/rsl/rt-thread/bsp/rockchip/rk3568/temp/micro/dev/install/ament_cmake_export_interfaces:/home/rsl/rt-thread/bsp/rockchip/rk3568/temp/micro/dev/install/ament_cmake_export_libraries:/home/rsl/rt-thread/bsp/rockchip/rk3568/temp/micro/dev/install/ament_cmake_export_include_directories:/home/rsl/rt-thread/bsp/rockchip/rk3568/temp/micro/dev/install/ament_cmake_export_definitions:/home/rsl/rt-thread/bsp/rockchip/rk3568/temp/micro/dev/install/ament_cmake_core:/home/rsl/rt-thread/bsp/rockchip/rk3568/temp/micro/dev/install/domain_coordinator:/home/rsl/rt-thread/bsp/rockchip/rk3568/temp/micro/dev/install/ament_xmllint:/home/rsl/rt-thread/bsp/rockchip/rk3568/temp/micro/dev/install/ament_uncrustify:/home/rsl/rt-thread/bsp/rockchip/rk3568/temp/micro/dev/install/ament_pyflakes:/home/rsl/rt-thread/bsp/rockchip/rk3568/temp/micro/dev/install/ament_pycodestyle:/home/rsl/rt-thread/bsp/rockchip/rk3568/temp/micro/dev/install/ament_pep257:/home/rsl/rt-thread/bsp/rockchip/rk3568/temp/micro/dev/install/ament_pclint:/home/rsl/rt-thread/bsp/rockchip/rk3568/temp/micro/dev/install/ament_package:/home/rsl/rt-thread/bsp/rockchip/rk3568/temp/micro/dev/install/ament_mypy:/home/rsl/rt-thread/bsp/rockchip/rk3568/temp/micro/dev/install/ament_lint_cmake:/home/rsl/rt-thread/bsp/rockchip/rk3568/temp/micro/dev/install/ament_flake8:/home/rsl/rt-thread/bsp/rockchip/rk3568/temp/micro/dev/install/ament_copyright:/home/rsl/rt-thread/bsp/rockchip/rk3568/temp/micro/dev/install/ament_lint:/home/rsl/rt-thread/bsp/rockchip/rk3568/temp/micro/dev/install/ament_index_python:/home/rsl/rt-thread/bsp/rockchip/rk3568/temp/micro/dev/install/ament_clang_tidy:/home/rsl/rt-thread/bsp/rockchip/rk3568/temp/micro/dev/install/ament_clang_format LD_LIBRARY_PATH=/home/rsl/rt-thread/bsp/rockchip/rk3568/temp/micro/mcu/install/lib PATH=/home/rsl/rt-thread/bsp/rockchip/rk3568/temp/micro/mcu/install/bin:${PATH} PYTHONPATH=/home/rsl/rt-thread/bsp/rockchip/rk3568/temp/micro/mcu/install/lib/python3.8/site-packages:${PYTHONPATH} /usr/bin/cmake /home/rsl/rt-thread/bsp/rockchip/rk3568/temp/micro/mcu/src/rmw-microxrcedds/rmw_microxrcedds_c -DCMAKE_INSTALL_LIBDIR=lib -DCMAKE_POSITION_INDEPENDENT_CODE:BOOL=OFF -DTHIRDPARTY=ON -DBUILD_SHARED_LIBS=OFF -DBUILD_TESTING=OFF -DCMAKE_BUILD_TYPE=Release --toolchain=/home/rsl/rt-thread/bsp/rockchip/rk3568/packages/micro_ros_rtthread_component/builder/toolchain.cmake -G Unix Makefiles -DRMW_UXRCE_TRANSPORT=custom -DRMW_UXRCE_MAX_HISTORY=4 -DRMW_UXRCE_MAX_NODES=1 -DRMW_UXRCE_MAX_PUBLISHERS=2 -DRMW_UXRCE_MAX_SUBSCRIPTIONS=2 -DRMW_UXRCE_MAX_SERVICES=0 -DRMW_UXRCE_MAX_CLIENTS=0 -DCMAKE_INSTALL_PREFIX=/home/rsl/rt-thread/bsp/rockchip/rk3568/temp/micro/mcu/install
[0.506s] Invoking command in '/home/rsl/rt-thread/bsp/rockchip/rk3568/temp/micro/mcu/build/rmw_microxrcedds': AMENT_PREFIX_PATH=/home/rsl/rt-thread/bsp/rockchip/rk3568/temp/micro/mcu/install:${AMENT_PREFIX_PATH} CMAKE_PREFIX_PATH=/home/rsl/rt-thread/bsp/rockchip/rk3568/temp/micro/mcu/install:/home/rsl/rt-thread/bsp/rockchip/rk3568/temp/micro/dev/install/ament_cmake_ros:/home/rsl/rt-thread/bsp/rockchip/rk3568/temp/micro/dev/install/ament_cmake_auto:/home/rsl/rt-thread/bsp/rockchip/rk3568/temp/micro/dev/install/ament_cmake_gmock:/home/rsl/rt-thread/bsp/rockchip/rk3568/temp/micro/dev/install/gmock_vendor:/home/rsl/rt-thread/bsp/rockchip/rk3568/temp/micro/dev/install/ament_cmake_gtest:/home/rsl/rt-thread/bsp/rockchip/rk3568/temp/micro/dev/install/gtest_vendor:/home/rsl/rt-thread/bsp/rockchip/rk3568/temp/micro/dev/install/ament_lint_common:/home/rsl/rt-thread/bsp/rockchip/rk3568/temp/micro/dev/install/ament_cmake_xmllint:/home/rsl/rt-thread/bsp/rockchip/rk3568/temp/micro/dev/install/ament_cmake_uncrustify:/home/rsl/rt-thread/bsp/rockchip/rk3568/temp/micro/dev/install/ament_cmake_pyflakes:/home/rsl/rt-thread/bsp/rockchip/rk3568/temp/micro/dev/install/ament_cmake_pycodestyle:/home/rsl/rt-thread/bsp/rockchip/rk3568/temp/micro/dev/install/ament_cmake_pep257:/home/rsl/rt-thread/bsp/rockchip/rk3568/temp/micro/dev/install/ament_cmake_pclint:/home/rsl/rt-thread/bsp/rockchip/rk3568/temp/micro/dev/install/ament_lint_auto:/home/rsl/rt-thread/bsp/rockchip/rk3568/temp/micro/dev/install/ament_cmake:/home/rsl/rt-thread/bsp/rockchip/rk3568/temp/micro/dev/install/ament_cmake_version:/home/rsl/rt-thread/bsp/rockchip/rk3568/temp/micro/dev/install/ament_cmake_vendor_package:/home/rsl/rt-thread/bsp/rockchip/rk3568/temp/micro/dev/install/ament_cmake_pytest:/home/rsl/rt-thread/bsp/rockchip/rk3568/temp/micro/dev/install/ament_cmake_nose:/home/rsl/rt-thread/bsp/rockchip/rk3568/temp/micro/dev/install/ament_cmake_mypy:/home/rsl/rt-thread/bsp/rockchip/rk3568/temp/micro/dev/install/ament_cmake_lint_cmake:/home/rsl/rt-thread/bsp/rockchip/rk3568/temp/micro/dev/install/ament_cmake_google_benchmark:/home/rsl/rt-thread/bsp/rockchip/rk3568/temp/micro/dev/install/ament_cmake_flake8:/home/rsl/rt-thread/bsp/rockchip/rk3568/temp/micro/dev/install/ament_cmake_copyright:/home/rsl/rt-thread/bsp/rockchip/rk3568/temp/micro/dev/install/ament_cmake_clang_tidy:/home/rsl/rt-thread/bsp/rockchip/rk3568/temp/micro/dev/install/ament_cmake_clang_format:/home/rsl/rt-thread/bsp/rockchip/rk3568/temp/micro/dev/install/ament_cmake_test:/home/rsl/rt-thread/bsp/rockchip/rk3568/temp/micro/dev/install/ament_cmake_target_dependencies:/home/rsl/rt-thread/bsp/rockchip/rk3568/temp/micro/dev/install/ament_cmake_python:/home/rsl/rt-thread/bsp/rockchip/rk3568/temp/micro/dev/install/ament_cmake_export_dependencies:/home/rsl/rt-thread/bsp/rockchip/rk3568/temp/micro/dev/install/ament_cmake_libraries:/home/rsl/rt-thread/bsp/rockchip/rk3568/temp/micro/dev/install/ament_cmake_include_directories:/home/rsl/rt-thread/bsp/rockchip/rk3568/temp/micro/dev/install/ament_cmake_gen_version_h:/home/rsl/rt-thread/bsp/rockchip/rk3568/temp/micro/dev/install/ament_cmake_export_targets:/home/rsl/rt-thread/bsp/rockchip/rk3568/temp/micro/dev/install/ament_cmake_export_link_flags:/home/rsl/rt-thread/bsp/rockchip/rk3568/temp/micro/dev/install/ament_cmake_export_interfaces:/home/rsl/rt-thread/bsp/rockchip/rk3568/temp/micro/dev/install/ament_cmake_export_libraries:/home/rsl/rt-thread/bsp/rockchip/rk3568/temp/micro/dev/install/ament_cmake_export_include_directories:/home/rsl/rt-thread/bsp/rockchip/rk3568/temp/micro/dev/install/ament_cmake_export_definitions:/home/rsl/rt-thread/bsp/rockchip/rk3568/temp/micro/dev/install/ament_cmake_core:/home/rsl/rt-thread/bsp/rockchip/rk3568/temp/micro/dev/install/domain_coordinator:/home/rsl/rt-thread/bsp/rockchip/rk3568/temp/micro/dev/install/ament_xmllint:/home/rsl/rt-thread/bsp/rockchip/rk3568/temp/micro/dev/install/ament_uncrustify:/home/rsl/rt-thread/bsp/rockchip/rk3568/temp/micro/dev/install/ament_pyflakes:/home/rsl/rt-thread/bsp/rockchip/rk3568/temp/micro/dev/install/ament_pycodestyle:/home/rsl/rt-thread/bsp/rockchip/rk3568/temp/micro/dev/install/ament_pep257:/home/rsl/rt-thread/bsp/rockchip/rk3568/temp/micro/dev/install/ament_pclint:/home/rsl/rt-thread/bsp/rockchip/rk3568/temp/micro/dev/install/ament_package:/home/rsl/rt-thread/bsp/rockchip/rk3568/temp/micro/dev/install/ament_mypy:/home/rsl/rt-thread/bsp/rockchip/rk3568/temp/micro/dev/install/ament_lint_cmake:/home/rsl/rt-thread/bsp/rockchip/rk3568/temp/micro/dev/install/ament_flake8:/home/rsl/rt-thread/bsp/rockchip/rk3568/temp/micro/dev/install/ament_copyright:/home/rsl/rt-thread/bsp/rockchip/rk3568/temp/micro/dev/install/ament_lint:/home/rsl/rt-thread/bsp/rockchip/rk3568/temp/micro/dev/install/ament_index_python:/home/rsl/rt-thread/bsp/rockchip/rk3568/temp/micro/dev/install/ament_clang_tidy:/home/rsl/rt-thread/bsp/rockchip/rk3568/temp/micro/dev/install/ament_clang_format LD_LIBRARY_PATH=/home/rsl/rt-thread/bsp/rockchip/rk3568/temp/micro/mcu/install/lib PATH=/home/rsl/rt-thread/bsp/rockchip/rk3568/temp/micro/mcu/install/bin:${PATH} PYTHONPATH=/home/rsl/rt-thread/bsp/rockchip/rk3568/temp/micro/mcu/install/lib/python3.8/site-packages:${PYTHONPATH} /usr/bin/cmake --build /home/rsl/rt-thread/bsp/rockchip/rk3568/temp/micro/mcu/build/rmw_microxrcedds -- -j24 -l24
[0.527s] [  2%] [32mBuilding C object CMakeFiles/rmw_microxrcedds.dir/src/identifiers.c.obj[0m
[0.527s] [  6%] [32mBuilding C object CMakeFiles/rmw_microxrcedds.dir/src/memory.c.obj[0m
[0.528s] [  6%] [32mBuilding C object CMakeFiles/rmw_microxrcedds.dir/src/rmw_compare_gids_equal.c.obj[0m
[0.528s] [ 10%] [32mBuilding C object CMakeFiles/rmw_microxrcedds.dir/src/rmw_count.c.obj[0m
[0.528s] [ 10%] [32mBuilding C object CMakeFiles/rmw_microxrcedds.dir/src/rmw_client.c.obj[0m
[0.528s] [ 13%] [32mBuilding C object CMakeFiles/rmw_microxrcedds.dir/src/rmw_event.c.obj[0m
[0.529s] [ 15%] [32mBuilding C object CMakeFiles/rmw_microxrcedds.dir/src/rmw_get_gid_for_publisher.c.obj[0m
[0.529s] [ 17%] [32mBuilding C object CMakeFiles/rmw_microxrcedds.dir/src/rmw_features.c.obj[0m
[0.530s] [ 19%] [32mBuilding C object CMakeFiles/rmw_microxrcedds.dir/src/rmw_get_implementation_identifier.c.obj[0m
[0.530s] [ 21%] [32mBuilding C object CMakeFiles/rmw_microxrcedds.dir/src/rmw_get_serialization_format.c.obj[0m
[0.530s] [ 26%] [32mBuilding C object CMakeFiles/rmw_microxrcedds.dir/src/rmw_get_topic_endpoint_info.c.obj[0m
[0.530s] [ 26%] [32mBuilding C object CMakeFiles/rmw_microxrcedds.dir/src/rmw_get_endpoint_network_flow.c.obj[0m
[0.530s] [ 28%] [32mBuilding C object CMakeFiles/rmw_microxrcedds.dir/src/rmw_qos_profile_check_compatible.c.obj[0m
[0.531s] [ 30%] [32mBuilding C object CMakeFiles/rmw_microxrcedds.dir/src/rmw_init.c.obj[0m
[0.540s] [ 32%] [32mBuilding C object CMakeFiles/rmw_microxrcedds.dir/src/rmw_guard_condition.c.obj[0m
[0.544s] [ 34%] [32mBuilding C object CMakeFiles/rmw_microxrcedds.dir/src/rmw_microxrcedds_topic.c.obj[0m
[0.547s] [ 36%] [32mBuilding C object CMakeFiles/rmw_microxrcedds.dir/src/rmw_node.c.obj[0m
[0.547s] [ 39%] [32mBuilding C object CMakeFiles/rmw_microxrcedds.dir/src/rmw_logging.c.obj[0m
[0.577s] In file included from [01m[K/home/rsl/rt-thread/bsp/rockchip/rk3568/temp/micro/mcu/src/rmw-microxrcedds/rmw_microxrcedds_c/src/rmw_get_gid_for_publisher.c:18[m[K:
[0.577s] [01m[K/home/rsl/rt-thread/bsp/rockchip/rk3568/temp/micro/mcu/src/rmw-microxrcedds/rmw_microxrcedds_c/src/./rmw_microros_internal/types.h:277:28:[m[K [01;35m[Kwarning: [m[KISO C forbids zero-size array '[01m[Kcustom_services[m[K' [[01;35m[K-Wpedantic[m[K]
[0.577s]   277 | extern rmw_uxrce_service_t [01;35m[Kcustom_services[m[K[RMW_UXRCE_MAX_SERVICES];
[0.577s]       |                            [01;35m[K^~~~~~~~~~~~~~~[m[K
[0.577s] [01m[K/home/rsl/rt-thread/bsp/rockchip/rk3568/temp/micro/mcu/src/rmw-microxrcedds/rmw_microxrcedds_c/src/./rmw_microros_internal/types.h:280:27:[m[K [01;35m[Kwarning: [m[KISO C forbids zero-size array '[01m[Kcustom_clients[m[K' [[01;35m[K-Wpedantic[m[K]
[0.577s]   280 | extern rmw_uxrce_client_t [01;35m[Kcustom_clients[m[K[RMW_UXRCE_MAX_CLIENTS];
[0.577s]       |                           [01;35m[K^~~~~~~~~~~~~~[m[K
[0.579s] In file included from [01m[K/home/rsl/rt-thread/bsp/rockchip/rk3568/temp/micro/mcu/src/rmw-microxrcedds/rmw_microxrcedds_c/src/./rmw_microros_internal/utils.h:20[m[K,
[0.579s]                  from [01m[K/home/rsl/rt-thread/bsp/rockchip/rk3568/temp/micro/mcu/src/rmw-microxrcedds/rmw_microxrcedds_c/src/rmw_client.c:26[m[K:
[0.579s] [01m[K/home/rsl/rt-thread/bsp/rockchip/rk3568/temp/micro/mcu/src/rmw-microxrcedds/rmw_microxrcedds_c/src/./rmw_microros_internal/types.h:277:28:[m[K [01;35m[Kwarning: [m[KISO C forbids zero-size array '[01m[Kcustom_services[m[K' [[01;35m[K-Wpedantic[m[K]
[0.579s]   277 | extern rmw_uxrce_service_t [01;35m[Kcustom_services[m[K[RMW_UXRCE_MAX_SERVICES];
[0.579s]       |                            [01;35m[K^~~~~~~~~~~~~~~[m[K
[0.579s] [01m[K/home/rsl/rt-thread/bsp/rockchip/rk3568/temp/micro/mcu/src/rmw-microxrcedds/rmw_microxrcedds_c/src/./rmw_microros_internal/types.h:280:27:[m[K [01;35m[Kwarning: [m[KISO C forbids zero-size array '[01m[Kcustom_clients[m[K' [[01;35m[K-Wpedantic[m[K]
[0.579s]   280 | extern rmw_uxrce_client_t [01;35m[Kcustom_clients[m[K[RMW_UXRCE_MAX_CLIENTS];
[0.579s]       |                           [01;35m[K^~~~~~~~~~~~~~[m[K
[0.579s] In file included from [01m[K/home/rsl/rt-thread/bsp/rockchip/rk3568/temp/micro/mcu/src/rmw-microxrcedds/rmw_microxrcedds_c/src/rmw_get_topic_endpoint_info.c:25[m[K:
[0.580s] [01m[K/home/rsl/rt-thread/bsp/rockchip/rk3568/temp/micro/mcu/src/rmw-microxrcedds/rmw_microxrcedds_c/src/./rmw_microros_internal/types.h:277:28:[m[K [01;35m[Kwarning: [m[KISO C forbids zero-size array '[01m[Kcustom_services[m[K' [[01;35m[K-Wpedantic[m[K]
[0.580s]   277 | extern rmw_uxrce_service_t [01;35m[Kcustom_services[m[K[RMW_UXRCE_MAX_SERVICES];
[0.580s]       |                            [01;35m[K^~~~~~~~~~~~~~~[m[K
[0.580s] [01m[K/home/rsl/rt-thread/bsp/rockchip/rk3568/temp/micro/mcu/src/rmw-microxrcedds/rmw_microxrcedds_c/src/./rmw_microros_internal/types.h:280:27:[m[K [01;35m[Kwarning: [m[KISO C forbids zero-size array '[01m[Kcustom_clients[m[K' [[01;35m[K-Wpedantic[m[K]
[0.580s]   280 | extern rmw_uxrce_client_t [01;35m[Kcustom_clients[m[K[RMW_UXRCE_MAX_CLIENTS];
[0.580s]       |                           [01;35m[K^~~~~~~~~~~~~~[m[K
[0.580s] In file included from [01m[K/home/rsl/rt-thread/bsp/rockchip/rk3568/temp/micro/mcu/src/rmw-microxrcedds/rmw_microxrcedds_c/src/./rmw_microros_internal/utils.h:20[m[K,
[0.580s]                  from [01m[K/home/rsl/rt-thread/bsp/rockchip/rk3568/temp/micro/mcu/src/rmw-microxrcedds/rmw_microxrcedds_c/src/rmw_get_implementation_identifier.c:16[m[K:
[0.580s] [01m[K/home/rsl/rt-thread/bsp/rockchip/rk3568/temp/micro/mcu/src/rmw-microxrcedds/rmw_microxrcedds_c/src/./rmw_microros_internal/types.h:277:28:[m[K [01;35m[Kwarning: [m[KISO C forbids zero-size array '[01m[Kcustom_services[m[K' [[01;35m[K-Wpedantic[m[K]
[0.580s]   277 | extern rmw_uxrce_service_t [01;35m[Kcustom_services[m[K[RMW_UXRCE_MAX_SERVICES];
[0.581s]       |                            [01;35m[K^~~~~~~~~~~~~~~[m[K
[0.581s] [01m[K/home/rsl/rt-thread/bsp/rockchip/rk3568/temp/micro/mcu/src/rmw-microxrcedds/rmw_microxrcedds_c/src/./rmw_microros_internal/types.h:280:27:[m[K [01;35m[Kwarning: [m[KISO C forbids zero-size array '[01m[Kcustom_clients[m[K' [[01;35m[K-Wpedantic[m[K]
[0.581s]   280 | extern rmw_uxrce_client_t [01;35m[Kcustom_clients[m[K[RMW_UXRCE_MAX_CLIENTS];
[0.581s]       |                           [01;35m[K^~~~~~~~~~~~~~[m[K
[0.581s] In file included from [01m[K/home/rsl/rt-thread/bsp/rockchip/rk3568/temp/micro/mcu/src/rmw-microxrcedds/rmw_microxrcedds_c/src/rmw_count.c:22[m[K:
[0.581s] [01m[K/home/rsl/rt-thread/bsp/rockchip/rk3568/temp/micro/mcu/src/rmw-microxrcedds/rmw_microxrcedds_c/src/./rmw_microros_internal/types.h:277:28:[m[K [01;35m[Kwarning: [m[KISO C forbids zero-size array '[01m[Kcustom_services[m[K' [[01;35m[K-Wpedantic[m[K]
[0.581s]   277 | extern rmw_uxrce_service_t [01;35m[Kcustom_services[m[K[RMW_UXRCE_MAX_SERVICES];
[0.581s]       |                            [01;35m[K^~~~~~~~~~~~~~~[m[K
[0.581s] [01m[K/home/rsl/rt-thread/bsp/rockchip/rk3568/temp/micro/mcu/src/rmw-microxrcedds/rmw_microxrcedds_c/src/./rmw_microros_internal/types.h:280:27:[m[K [01;35m[Kwarning: [m[KISO C forbids zero-size array '[01m[Kcustom_clients[m[K' [[01;35m[K-Wpedantic[m[K]
[0.581s]   280 | extern rmw_uxrce_client_t [01;35m[Kcustom_clients[m[K[RMW_UXRCE_MAX_CLIENTS];
[0.581s]       |                           [01;35m[K^~~~~~~~~~~~~~[m[K
[0.585s] In file included from [01m[K/home/rsl/rt-thread/bsp/rockchip/rk3568/temp/micro/mcu/src/rmw-microxrcedds/rmw_microxrcedds_c/src/./rmw_microros_internal/utils.h:20[m[K,
[0.585s]                  from [01m[K/home/rsl/rt-thread/bsp/rockchip/rk3568/temp/micro/mcu/src/rmw-microxrcedds/rmw_microxrcedds_c/src/rmw_get_serialization_format.c:16[m[K:
[0.586s] [01m[K/home/rsl/rt-thread/bsp/rockchip/rk3568/temp/micro/mcu/src/rmw-microxrcedds/rmw_microxrcedds_c/src/./rmw_microros_internal/types.h:277:28:[m[K [01;35m[Kwarning: [m[KISO C forbids zero-size array '[01m[Kcustom_services[m[K' [[01;35m[K-Wpedantic[m[K]
[0.586s]   277 | extern rmw_uxrce_service_t [01;35m[Kcustom_services[m[K[RMW_UXRCE_MAX_SERVICES];
[0.586s]       |                            [01;35m[K^~~~~~~~~~~~~~~[m[K
[0.586s] [01m[K/home/rsl/rt-thread/bsp/rockchip/rk3568/temp/micro/mcu/src/rmw-microxrcedds/rmw_microxrcedds_c/src/./rmw_microros_internal/types.h:280:27:[m[K [01;35m[Kwarning: [m[KISO C forbids zero-size array '[01m[Kcustom_clients[m[K' [[01;35m[K-Wpedantic[m[K]
[0.586s]   280 | extern rmw_uxrce_client_t [01;35m[Kcustom_clients[m[K[RMW_UXRCE_MAX_CLIENTS];
[0.586s]       |                           [01;35m[K^~~~~~~~~~~~~~[m[K
[0.586s] [ 43%] [32mBuilding C object CMakeFiles/rmw_microxrcedds.dir/src/rmw_node_info_and_types.c.obj[0m
[0.586s] [ 43%] [32mBuilding C object CMakeFiles/rmw_microxrcedds.dir/src/rmw_node_names.c.obj[0m
[0.588s] [ 45%] [32mBuilding C object CMakeFiles/rmw_microxrcedds.dir/src/rmw_publish.c.obj[0m
[0.591s] [ 47%] [32mBuilding C object CMakeFiles/rmw_microxrcedds.dir/src/rmw_request.c.obj[0m
[0.591s] [ 50%] [32mBuilding C object CMakeFiles/rmw_microxrcedds.dir/src/rmw_publisher.c.obj[0m
[0.592s] [ 52%] [32mBuilding C object CMakeFiles/rmw_microxrcedds.dir/src/rmw_serialize.c.obj[0m
[0.594s] [ 54%] [32mBuilding C object CMakeFiles/rmw_microxrcedds.dir/src/rmw_response.c.obj[0m
[0.595s] [ 56%] [32mBuilding C object CMakeFiles/rmw_microxrcedds.dir/src/rmw_service_names_and_types.c.obj[0m
[0.596s] [ 58%] [32mBuilding C object CMakeFiles/rmw_microxrcedds.dir/src/rmw_service.c.obj[0m
[0.599s] [ 60%] [32mBuilding C object CMakeFiles/rmw_microxrcedds.dir/src/rmw_subscription.c.obj[0m
[0.599s] [ 65%] [32mBuilding C object CMakeFiles/rmw_microxrcedds.dir/src/rmw_take.c.obj[0m
[0.600s] [ 65%] [32mBuilding C object CMakeFiles/rmw_microxrcedds.dir/src/rmw_service_server_is_available.c.obj[0m
[0.605s] In file included from [01m[K/home/rsl/rt-thread/bsp/rockchip/rk3568/temp/micro/mcu/src/rmw-microxrcedds/rmw_microxrcedds_c/src/./rmw_microros_internal/callbacks.h:20[m[K,
[0.605s]                  from [01m[K/home/rsl/rt-thread/bsp/rockchip/rk3568/temp/micro/mcu/src/rmw-microxrcedds/rmw_microxrcedds_c/src/rmw_init.c:26[m[K:
[0.605s] [01m[K/home/rsl/rt-thread/bsp/rockchip/rk3568/temp/micro/mcu/src/rmw-microxrcedds/rmw_microxrcedds_c/src/./rmw_microros_internal/types.h:277:28:[m[K [01;35m[Kwarning: [m[KISO C forbids zero-size array '[01m[Kcustom_services[m[K' [[01;35m[K-Wpedantic[m[K]
[0.605s]   277 | extern rmw_uxrce_service_t [01;35m[Kcustom_services[m[K[RMW_UXRCE_MAX_SERVICES];
[0.606s]       |                            [01;35m[K^~~~~~~~~~~~~~~[m[K
[0.606s] [01m[K/home/rsl/rt-thread/bsp/rockchip/rk3568/temp/micro/mcu/src/rmw-microxrcedds/rmw_microxrcedds_c/src/./rmw_microros_internal/types.h:280:27:[m[K [01;35m[Kwarning: [m[KISO C forbids zero-size array '[01m[Kcustom_clients[m[K' [[01;35m[K-Wpedantic[m[K]
[0.606s]   280 | extern rmw_uxrce_client_t [01;35m[Kcustom_clients[m[K[RMW_UXRCE_MAX_CLIENTS];
[0.606s]       |                           [01;35m[K^~~~~~~~~~~~~~[m[K
[0.611s] In file included from [01m[K/home/rsl/rt-thread/bsp/rockchip/rk3568/temp/micro/mcu/src/rmw-microxrcedds/rmw_microxrcedds_c/src/./rmw_microros_internal/utils.h:20[m[K,
[0.611s]                  from [01m[K/home/rsl/rt-thread/bsp/rockchip/rk3568/temp/micro/mcu/src/rmw-microxrcedds/rmw_microxrcedds_c/src/rmw_guard_condition.c:18[m[K:
[0.611s] [01m[K/home/rsl/rt-thread/bsp/rockchip/rk3568/temp/micro/mcu/src/rmw-microxrcedds/rmw_microxrcedds_c/src/./rmw_microros_internal/types.h:277:28:[m[K [01;35m[Kwarning: [m[KISO C forbids zero-size array '[01m[Kcustom_services[m[K' [[01;35m[K-Wpedantic[m[K]
[0.611s]   277 | extern rmw_uxrce_service_t [01;35m[Kcustom_services[m[K[RMW_UXRCE_MAX_SERVICES];
[0.612s]       |                            [01;35m[K^~~~~~~~~~~~~~~[m[K
[0.612s] [01m[K/home/rsl/rt-thread/bsp/rockchip/rk3568/temp/micro/mcu/src/rmw-microxrcedds/rmw_microxrcedds_c/src/./rmw_microros_internal/types.h:280:27:[m[K [01;35m[Kwarning: [m[KISO C forbids zero-size array '[01m[Kcustom_clients[m[K' [[01;35m[K-Wpedantic[m[K]
[0.612s]   280 | extern rmw_uxrce_client_t [01;35m[Kcustom_clients[m[K[RMW_UXRCE_MAX_CLIENTS];
[0.612s]       |                           [01;35m[K^~~~~~~~~~~~~~[m[K
[0.614s] In file included from [01m[K/home/rsl/rt-thread/bsp/rockchip/rk3568/temp/micro/mcu/src/rmw-microxrcedds/rmw_microxrcedds_c/src/rmw_microros_internal/rmw_microxrcedds_topic.h:21[m[K,
[0.614s]                  from [01m[K/home/rsl/rt-thread/bsp/rockchip/rk3568/temp/micro/mcu/src/rmw-microxrcedds/rmw_microxrcedds_c/src/rmw_microxrcedds_topic.c:15[m[K:
[0.614s] [01m[K/home/rsl/rt-thread/bsp/rockchip/rk3568/temp/micro/mcu/src/rmw-microxrcedds/rmw_microxrcedds_c/src/./rmw_microros_internal/types.h:277:28:[m[K [01;35m[Kwarning: [m[KISO C forbids zero-size array '[01m[Kcustom_services[m[K' [[01;35m[K-Wpedantic[m[K]
[0.614s]   277 | extern rmw_uxrce_service_t [01;35m[Kcustom_services[m[K[RMW_UXRCE_MAX_SERVICES];
[0.614s]       |                            [01;35m[K^~~~~~~~~~~~~~~[m[K
[0.614s] [01m[K/home/rsl/rt-thread/bsp/rockchip/rk3568/temp/micro/mcu/src/rmw-microxrcedds/rmw_microxrcedds_c/src/./rmw_microros_internal/types.h:280:27:[m[K [01;35m[Kwarning: [m[KISO C forbids zero-size array '[01m[Kcustom_clients[m[K' [[01;35m[K-Wpedantic[m[K]
[0.614s]   280 | extern rmw_uxrce_client_t [01;35m[Kcustom_clients[m[K[RMW_UXRCE_MAX_CLIENTS];
[0.614s]       |                           [01;35m[K^~~~~~~~~~~~~~[m[K
[0.640s] In file included from [01m[K/home/rsl/rt-thread/bsp/rockchip/rk3568/temp/micro/mcu/src/rmw-microxrcedds/rmw_microxrcedds_c/src/rmw_node_info_and_types.c:21[m[K:
[0.640s] [01m[K/home/rsl/rt-thread/bsp/rockchip/rk3568/temp/micro/mcu/src/rmw-microxrcedds/rmw_microxrcedds_c/src/./rmw_microros_internal/types.h:277:28:[m[K [01;35m[Kwarning: [m[KISO C forbids zero-size array '[01m[Kcustom_services[m[K' [[01;35m[K-Wpedantic[m[K]
[0.640s]   277 | extern rmw_uxrce_service_t [01;35m[Kcustom_services[m[K[RMW_UXRCE_MAX_SERVICES];
[0.640s]       |                            [01;35m[K^~~~~~~~~~~~~~~[m[K
[0.640s] [01m[K/home/rsl/rt-thread/bsp/rockchip/rk3568/temp/micro/mcu/src/rmw-microxrcedds/rmw_microxrcedds_c/src/./rmw_microros_internal/types.h:280:27:[m[K [01;35m[Kwarning: [m[KISO C forbids zero-size array '[01m[Kcustom_clients[m[K' [[01;35m[K-Wpedantic[m[K]
[0.640s]   280 | extern rmw_uxrce_client_t [01;35m[Kcustom_clients[m[K[RMW_UXRCE_MAX_CLIENTS];
[0.640s]       |                           [01;35m[K^~~~~~~~~~~~~~[m[K
[0.640s] In file included from [01m[K/home/rsl/rt-thread/bsp/rockchip/rk3568/temp/micro/mcu/src/rmw-microxrcedds/rmw_microxrcedds_c/src/rmw_node_names.c:23[m[K:
[0.640s] [01m[K/home/rsl/rt-thread/bsp/rockchip/rk3568/temp/micro/mcu/src/rmw-microxrcedds/rmw_microxrcedds_c/src/./rmw_microros_internal/types.h:277:28:[m[K [01;35m[Kwarning: [m[KISO C forbids zero-size array '[01m[Kcustom_services[m[K' [[01;35m[K-Wpedantic[m[K]
[0.640s]   277 | extern rmw_uxrce_service_t [01;35m[Kcustom_services[m[K[RMW_UXRCE_MAX_SERVICES];
[0.640s]       |                            [01;35m[K^~~~~~~~~~~~~~~[m[K
[0.640s] [01m[K/home/rsl/rt-thread/bsp/rockchip/rk3568/temp/micro/mcu/src/rmw-microxrcedds/rmw_microxrcedds_c/src/./rmw_microros_internal/types.h:280:27:[m[K [01;35m[Kwarning: [m[KISO C forbids zero-size array '[01m[Kcustom_clients[m[K' [[01;35m[K-Wpedantic[m[K]
[0.641s]   280 | extern rmw_uxrce_client_t [01;35m[Kcustom_clients[m[K[RMW_UXRCE_MAX_CLIENTS];
[0.641s]       |                           [01;35m[K^~~~~~~~~~~~~~[m[K
[0.646s] [ 67%] [32mBuilding C object CMakeFiles/rmw_microxrcedds.dir/src/rmw_trigger_guard_condition.c.obj[0m
[0.646s] In file included from [01m[K/home/rsl/rt-thread/bsp/rockchip/rk3568/temp/micro/mcu/src/rmw-microxrcedds/rmw_microxrcedds_c/src/rmw_microros_internal/rmw_node.h:20[m[K,
[0.646s]                  from [01m[K/home/rsl/rt-thread/bsp/rockchip/rk3568/temp/micro/mcu/src/rmw-microxrcedds/rmw_microxrcedds_c/src/rmw_node.c:15[m[K:
[0.646s] [01m[K/home/rsl/rt-thread/bsp/rockchip/rk3568/temp/micro/mcu/src/rmw-microxrcedds/rmw_microxrcedds_c/src/./rmw_microros_internal/types.h:277:28:[m[K [01;35m[Kwarning: [m[KISO C forbids zero-size array '[01m[Kcustom_services[m[K' [[01;35m[K-Wpedantic[m[K]
[0.646s]   277 | extern rmw_uxrce_service_t [01;35m[Kcustom_services[m[K[RMW_UXRCE_MAX_SERVICES];
[0.646s]       |                            [01;35m[K^~~~~~~~~~~~~~~[m[K
[0.646s] [01m[K/home/rsl/rt-thread/bsp/rockchip/rk3568/temp/micro/mcu/src/rmw-microxrcedds/rmw_microxrcedds_c/src/./rmw_microros_internal/types.h:280:27:[m[K [01;35m[Kwarning: [m[KISO C forbids zero-size array '[01m[Kcustom_clients[m[K' [[01;35m[K-Wpedantic[m[K]
[0.647s]   280 | extern rmw_uxrce_client_t [01;35m[Kcustom_clients[m[K[RMW_UXRCE_MAX_CLIENTS];
[0.647s]       |                           [01;35m[K^~~~~~~~~~~~~~[m[K
[0.647s] In file included from [01m[K/home/rsl/rt-thread/bsp/rockchip/rk3568/temp/micro/mcu/src/rmw-microxrcedds/rmw_microxrcedds_c/src/./rmw_microros_internal/utils.h:20[m[K,
[0.647s]                  from [01m[K/home/rsl/rt-thread/bsp/rockchip/rk3568/temp/micro/mcu/src/rmw-microxrcedds/rmw_microxrcedds_c/src/rmw_request.c:19[m[K:
[0.647s] [01m[K/home/rsl/rt-thread/bsp/rockchip/rk3568/temp/micro/mcu/src/rmw-microxrcedds/rmw_microxrcedds_c/src/./rmw_microros_internal/types.h:277:28:[m[K [01;35m[Kwarning: [m[KISO C forbids zero-size array '[01m[Kcustom_services[m[K' [[01;35m[K-Wpedantic[m[K]
[0.647s]   277 | extern rmw_uxrce_service_t [01;35m[Kcustom_services[m[K[RMW_UXRCE_MAX_SERVICES];
[0.647s]       |                            [01;35m[K^~~~~~~~~~~~~~~[m[K
[0.647s] [01m[K/home/rsl/rt-thread/bsp/rockchip/rk3568/temp/micro/mcu/src/rmw-microxrcedds/rmw_microxrcedds_c/src/./rmw_microros_internal/types.h:280:27:[m[K [01;35m[Kwarning: [m[KISO C forbids zero-size array '[01m[Kcustom_clients[m[K' [[01;35m[K-Wpedantic[m[K]
[0.647s]   280 | extern rmw_uxrce_client_t [01;35m[Kcustom_clients[m[K[RMW_UXRCE_MAX_CLIENTS];
[0.647s]       |                           [01;35m[K^~~~~~~~~~~~~~[m[K
[0.649s] In file included from [01m[K/home/rsl/rt-thread/bsp/rockchip/rk3568/temp/micro/mcu/src/rmw-microxrcedds/rmw_microxrcedds_c/src/./rmw_microros_internal/utils.h:20[m[K,
[0.649s]                  from [01m[K/home/rsl/rt-thread/bsp/rockchip/rk3568/temp/micro/mcu/src/rmw-microxrcedds/rmw_microxrcedds_c/src/rmw_response.c:19[m[K:
[0.650s] [01m[K/home/rsl/rt-thread/bsp/rockchip/rk3568/temp/micro/mcu/src/rmw-microxrcedds/rmw_microxrcedds_c/src/./rmw_microros_internal/types.h:277:28:[m[K [01;35m[Kwarning: [m[KISO C forbids zero-size array '[01m[Kcustom_services[m[K' [[01;35m[K-Wpedantic[m[K]
[0.650s]   277 | extern rmw_uxrce_service_t [01;35m[Kcustom_services[m[K[RMW_UXRCE_MAX_SERVICES];
[0.650s]       |                            [01;35m[K^~~~~~~~~~~~~~~[m[K
[0.650s] [01m[K/home/rsl/rt-thread/bsp/rockchip/rk3568/temp/micro/mcu/src/rmw-microxrcedds/rmw_microxrcedds_c/src/./rmw_microros_internal/types.h:280:27:[m[K [01;35m[Kwarning: [m[KISO C forbids zero-size array '[01m[Kcustom_clients[m[K' [[01;35m[K-Wpedantic[m[K]
[0.650s]   280 | extern rmw_uxrce_client_t [01;35m[Kcustom_clients[m[K[RMW_UXRCE_MAX_CLIENTS];
[0.650s]       |                           [01;35m[K^~~~~~~~~~~~~~[m[K
[0.650s] [ 69%] [32mBuilding C object CMakeFiles/rmw_microxrcedds.dir/src/rmw_wait.c.obj[0m
[0.660s] In file included from [01m[K/home/rsl/rt-thread/bsp/rockchip/rk3568/temp/micro/mcu/src/rmw-microxrcedds/rmw_microxrcedds_c/src/./rmw_microros_internal/utils.h:20[m[K,
[0.660s]                  from [01m[K/home/rsl/rt-thread/bsp/rockchip/rk3568/temp/micro/mcu/src/rmw-microxrcedds/rmw_microxrcedds_c/src/rmw_service.c:15[m[K:
[0.660s] [01m[K/home/rsl/rt-thread/bsp/rockchip/rk3568/temp/micro/mcu/src/rmw-microxrcedds/rmw_microxrcedds_c/src/./rmw_microros_internal/types.h:277:28:[m[K [01;35m[Kwarning: [m[KISO C forbids zero-size array '[01m[Kcustom_services[m[K' [[01;35m[K-Wpedantic[m[K]
[0.660s]   277 | extern rmw_uxrce_service_t [01;35m[Kcustom_services[m[K[RMW_UXRCE_MAX_SERVICES];
[0.660s]       |                            [01;35m[K^~~~~~~~~~~~~~~[m[K
[0.661s] [01m[K/home/rsl/rt-thread/bsp/rockchip/rk3568/temp/micro/mcu/src/rmw-microxrcedds/rmw_microxrcedds_c/src/./rmw_microros_internal/types.h:280:27:[m[K [01;35m[Kwarning: [m[KISO C forbids zero-size array '[01m[Kcustom_clients[m[K' [[01;35m[K-Wpedantic[m[K]
[0.661s]   280 | extern rmw_uxrce_client_t [01;35m[Kcustom_clients[m[K[RMW_UXRCE_MAX_CLIENTS];
[0.661s]       |                           [01;35m[K^~~~~~~~~~~~~~[m[K
[0.661s] In file included from [01m[K/home/rsl/rt-thread/bsp/rockchip/rk3568/temp/micro/mcu/src/rmw-microxrcedds/rmw_microxrcedds_c/src/./rmw_microros_internal/utils.h:20[m[K,
[0.661s]                  from [01m[K/home/rsl/rt-thread/bsp/rockchip/rk3568/temp/micro/mcu/src/rmw-microxrcedds/rmw_microxrcedds_c/src/rmw_publisher.c:34[m[K:
[0.661s] [01m[K/home/rsl/rt-thread/bsp/rockchip/rk3568/temp/micro/mcu/src/rmw-microxrcedds/rmw_microxrcedds_c/src/./rmw_microros_internal/types.h:277:28:[m[K [01;35m[Kwarning: [m[KISO C forbids zero-size array '[01m[Kcustom_services[m[K' [[01;35m[K-Wpedantic[m[K]
[0.661s]   277 | extern rmw_uxrce_service_t [01;35m[Kcustom_services[m[K[RMW_UXRCE_MAX_SERVICES];
[0.661s]       |                            [01;35m[K^~~~~~~~~~~~~~~[m[K
[0.661s] In file included from [01m[K/home/rsl/rt-thread/bsp/rockchip/rk3568/temp/micro/mcu/src/rmw-microxrcedds/rmw_microxrcedds_c/src/rmw_publish.c:19[m[K:
[0.661s] [01m[K/home/rsl/rt-thread/bsp/rockchip/rk3568/temp/micro/mcu/src/rmw-microxrcedds/rmw_microxrcedds_c/src/./rmw_microros_internal/types.h:277:28:[m[K [01;35m[Kwarning: [m[KISO C forbids zero-size array '[01m[Kcustom_services[m[K' [[01;35m[K-Wpedantic[m[K]
[0.662s]   277 | extern rmw_uxrce_service_t [01;35m[Kcustom_services[m[K[RMW_UXRCE_MAX_SERVICES];
[0.662s]       |                            [01;35m[K^~~~~~~~~~~~~~~[m[K
[0.662s] [ 73%] [32mBuilding C object CMakeFiles/rmw_microxrcedds.dir/src/rmw_wait_set.c.obj[0m
[0.662s] [ 73%] [32mBuilding C object CMakeFiles/rmw_microxrcedds.dir/src/rmw_topic_names_and_types.c.obj[0m
[0.662s] [01m[K/home/rsl/rt-thread/bsp/rockchip/rk3568/temp/micro/mcu/src/rmw-microxrcedds/rmw_microxrcedds_c/src/./rmw_microros_internal/types.h:280:27:[m[K [01;35m[Kwarning: [m[KISO C forbids zero-size array '[01m[Kcustom_clients[m[K' [[01;35m[K-Wpedantic[m[K]
[0.662s]   280 | extern rmw_uxrce_client_t [01;35m[Kcustom_clients[m[K[RMW_UXRCE_MAX_CLIENTS];
[0.663s]       |                           [01;35m[K^~~~~~~~~~~~~~[m[K
[0.663s] [01m[K/home/rsl/rt-thread/bsp/rockchip/rk3568/temp/micro/mcu/src/rmw-microxrcedds/rmw_microxrcedds_c/src/./rmw_microros_internal/types.h:280:27:[m[K [01;35m[Kwarning: [m[KISO C forbids zero-size array '[01m[Kcustom_clients[m[K' [[01;35m[K-Wpedantic[m[K]
[0.663s]   280 | extern rmw_uxrce_client_t [01;35m[Kcustom_clients[m[K[RMW_UXRCE_MAX_CLIENTS];
[0.663s]       |                           [01;35m[K^~~~~~~~~~~~~~[m[K
[0.663s] In file included from [01m[K/home/rsl/rt-thread/bsp/rockchip/rk3568/temp/micro/mcu/src/rmw-microxrcedds/rmw_microxrcedds_c/src/rmw_service_names_and_types.c:21[m[K:
[0.663s] [01m[K/home/rsl/rt-thread/bsp/rockchip/rk3568/temp/micro/mcu/src/rmw-microxrcedds/rmw_microxrcedds_c/src/./rmw_microros_internal/types.h:277:28:[m[K [01;35m[Kwarning: [m[KISO C forbids zero-size array '[01m[Kcustom_services[m[K' [[01;35m[K-Wpedantic[m[K]
[0.664s]   277 | extern rmw_uxrce_service_t [01;35m[Kcustom_services[m[K[RMW_UXRCE_MAX_SERVICES];
[0.664s]       |                            [01;35m[K^~~~~~~~~~~~~~~[m[K
[0.664s] [01m[K/home/rsl/rt-thread/bsp/rockchip/rk3568/temp/micro/mcu/src/rmw-microxrcedds/rmw_microxrcedds_c/src/./rmw_microros_internal/types.h:280:27:[m[K [01;35m[Kwarning: [m[KISO C forbids zero-size array '[01m[Kcustom_clients[m[K' [[01;35m[K-Wpedantic[m[K]
[0.664s]   280 | extern rmw_uxrce_client_t [01;35m[Kcustom_clients[m[K[RMW_UXRCE_MAX_CLIENTS];
[0.664s]       |                           [01;35m[K^~~~~~~~~~~~~~[m[K
[0.664s] [ 76%] [32mBuilding C object CMakeFiles/rmw_microxrcedds.dir/src/types.c.obj[0m
[0.665s] [ 78%] [32mBuilding C object CMakeFiles/rmw_microxrcedds.dir/src/utils.c.obj[0m
[0.677s] In file included from [01m[K/home/rsl/rt-thread/bsp/rockchip/rk3568/temp/micro/mcu/src/rmw-microxrcedds/rmw_microxrcedds_c/src/./rmw_microros_internal/utils.h:20[m[K,
[0.677s]                  from [01m[K/home/rsl/rt-thread/bsp/rockchip/rk3568/temp/micro/mcu/src/rmw-microxrcedds/rmw_microxrcedds_c/src/rmw_take.c:19[m[K:
[0.677s] [01m[K/home/rsl/rt-thread/bsp/rockchip/rk3568/temp/micro/mcu/src/rmw-microxrcedds/rmw_microxrcedds_c/src/./rmw_microros_internal/types.h:277:28:[m[K [01;35m[Kwarning: [m[KISO C forbids zero-size array '[01m[Kcustom_services[m[K' [[01;35m[K-Wpedantic[m[K]
[0.677s]   277 | extern rmw_uxrce_service_t [01;35m[Kcustom_services[m[K[RMW_UXRCE_MAX_SERVICES];
[0.677s]       |                            [01;35m[K^~~~~~~~~~~~~~~[m[K
[0.677s] [01m[K/home/rsl/rt-thread/bsp/rockchip/rk3568/temp/micro/mcu/src/rmw-microxrcedds/rmw_microxrcedds_c/src/./rmw_microros_internal/types.h:280:27:[m[K [01;35m[Kwarning: [m[KISO C forbids zero-size array '[01m[Kcustom_clients[m[K' [[01;35m[K-Wpedantic[m[K]
[0.677s]   280 | extern rmw_uxrce_client_t [01;35m[Kcustom_clients[m[K[RMW_UXRCE_MAX_CLIENTS];
[0.677s]       |                           [01;35m[K^~~~~~~~~~~~~~[m[K
[0.682s] In file included from [01m[K/home/rsl/rt-thread/bsp/rockchip/rk3568/temp/micro/mcu/src/rmw-microxrcedds/rmw_microxrcedds_c/src/./rmw_microros_internal/utils.h:20[m[K,
[0.682s]                  from [01m[K/home/rsl/rt-thread/bsp/rockchip/rk3568/temp/micro/mcu/src/rmw-microxrcedds/rmw_microxrcedds_c/src/rmw_subscription.c:32[m[K:
[0.682s] [01m[K/home/rsl/rt-thread/bsp/rockchip/rk3568/temp/micro/mcu/src/rmw-microxrcedds/rmw_microxrcedds_c/src/./rmw_microros_internal/types.h:277:28:[m[K [01;35m[Kwarning: [m[KISO C forbids zero-size array '[01m[Kcustom_services[m[K' [[01;35m[K-Wpedantic[m[K]
[0.682s]   277 | extern rmw_uxrce_service_t [01;35m[Kcustom_services[m[K[RMW_UXRCE_MAX_SERVICES];
[0.682s]       |                            [01;35m[K^~~~~~~~~~~~~~~[m[K
[0.682s] [01m[K/home/rsl/rt-thread/bsp/rockchip/rk3568/temp/micro/mcu/src/rmw-microxrcedds/rmw_microxrcedds_c/src/./rmw_microros_internal/types.h:280:27:[m[K [01;35m[Kwarning: [m[KISO C forbids zero-size array '[01m[Kcustom_clients[m[K' [[01;35m[K-Wpedantic[m[K]
[0.682s]   280 | extern rmw_uxrce_client_t [01;35m[Kcustom_clients[m[K[RMW_UXRCE_MAX_CLIENTS];
[0.682s]       |                           [01;35m[K^~~~~~~~~~~~~~[m[K
[0.683s] [ 82%] [32mBuilding C object CMakeFiles/rmw_microxrcedds.dir/src/rmw_event_callbacks.c.obj[0m
[0.683s] [ 82%] [32mBuilding C object CMakeFiles/rmw_microxrcedds.dir/src/callbacks.c.obj[0m
[0.686s] [ 84%] [32mBuilding C object CMakeFiles/rmw_microxrcedds.dir/src/rmw_uxrce_transports.c.obj[0m
[0.687s] [ 86%] [32mBuilding C object CMakeFiles/rmw_microxrcedds.dir/src/rmw_microros/continous_serialization.c.obj[0m
[0.690s] [ 89%] [32mBuilding C object CMakeFiles/rmw_microxrcedds.dir/src/rmw_microros/init_options.c.obj[0m
[0.698s] [ 91%] [32mBuilding C object CMakeFiles/rmw_microxrcedds.dir/src/rmw_microros/time_sync.c.obj[0m
[0.700s] In file included from [01m[K/home/rsl/rt-thread/bsp/rockchip/rk3568/temp/micro/mcu/src/rmw-microxrcedds/rmw_microxrcedds_c/src/./rmw_microros_internal/utils.h:20[m[K,
[0.700s]                  from [01m[K/home/rsl/rt-thread/bsp/rockchip/rk3568/temp/micro/mcu/src/rmw-microxrcedds/rmw_microxrcedds_c/src/rmw_trigger_guard_condition.c:18[m[K:
[0.700s] [01m[K/home/rsl/rt-thread/bsp/rockchip/rk3568/temp/micro/mcu/src/rmw-microxrcedds/rmw_microxrcedds_c/src/./rmw_microros_internal/types.h:277:28:[m[K [01;35m[Kwarning: [m[KISO C forbids zero-size array '[01m[Kcustom_services[m[K' [[01;35m[K-Wpedantic[m[K]
[0.700s]   277 | extern rmw_uxrce_service_t [01;35m[Kcustom_services[m[K[RMW_UXRCE_MAX_SERVICES];
[0.700s]       |                            [01;35m[K^~~~~~~~~~~~~~~[m[K
[0.700s] [01m[K/home/rsl/rt-thread/bsp/rockchip/rk3568/temp/micro/mcu/src/rmw-microxrcedds/rmw_microxrcedds_c/src/./rmw_microros_internal/types.h:280:27:[m[K [01;35m[Kwarning: [m[KISO C forbids zero-size array '[01m[Kcustom_clients[m[K' [[01;35m[K-Wpedantic[m[K]
[0.700s]   280 | extern rmw_uxrce_client_t [01;35m[Kcustom_clients[m[K[RMW_UXRCE_MAX_CLIENTS];
[0.700s]       |                           [01;35m[K^~~~~~~~~~~~~~[m[K
[0.708s] [ 93%] [32mBuilding C object CMakeFiles/rmw_microxrcedds.dir/src/rmw_microros/timing.c.obj[0m
[0.708s] [ 95%] [32mBuilding C object CMakeFiles/rmw_microxrcedds.dir/src/rmw_microros/custom_transport.c.obj[0m
[0.710s] In file included from [01m[K/home/rsl/rt-thread/bsp/rockchip/rk3568/temp/micro/mcu/src/rmw-microxrcedds/rmw_microxrcedds_c/src/./rmw_microros_internal/utils.h:20[m[K,
[0.711s]                  from [01m[K/home/rsl/rt-thread/bsp/rockchip/rk3568/temp/micro/mcu/src/rmw-microxrcedds/rmw_microxrcedds_c/src/rmw_wait.c:22[m[K:
[0.711s] [01m[K/home/rsl/rt-thread/bsp/rockchip/rk3568/temp/micro/mcu/src/rmw-microxrcedds/rmw_microxrcedds_c/src/./rmw_microros_internal/types.h:277:28:[m[K [01;35m[Kwarning: [m[KISO C forbids zero-size array '[01m[Kcustom_services[m[K' [[01;35m[K-Wpedantic[m[K]
[0.711s]   277 | extern rmw_uxrce_service_t [01;35m[Kcustom_services[m[K[RMW_UXRCE_MAX_SERVICES];
[0.711s]       |                            [01;35m[K^~~~~~~~~~~~~~~[m[K
[0.711s] [01m[K/home/rsl/rt-thread/bsp/rockchip/rk3568/temp/micro/mcu/src/rmw-microxrcedds/rmw_microxrcedds_c/src/./rmw_microros_internal/types.h:280:27:[m[K [01;35m[Kwarning: [m[KISO C forbids zero-size array '[01m[Kcustom_clients[m[K' [[01;35m[K-Wpedantic[m[K]
[0.711s]   280 | extern rmw_uxrce_client_t [01;35m[Kcustom_clients[m[K[RMW_UXRCE_MAX_CLIENTS];
[0.711s]       |                           [01;35m[K^~~~~~~~~~~~~~[m[K
[0.711s] In file included from [01m[K/home/rsl/rt-thread/bsp/rockchip/rk3568/temp/micro/mcu/src/rmw-microxrcedds/rmw_microxrcedds_c/src/rmw_topic_names_and_types.c:21[m[K:
[0.712s] [01m[K/home/rsl/rt-thread/bsp/rockchip/rk3568/temp/micro/mcu/src/rmw-microxrcedds/rmw_microxrcedds_c/src/./rmw_microros_internal/types.h:277:28:[m[K [01;35m[Kwarning: [m[KISO C forbids zero-size array '[01m[Kcustom_services[m[K' [[01;35m[K-Wpedantic[m[K]
[0.712s]   277 | extern rmw_uxrce_service_t [01;35m[Kcustom_services[m[K[RMW_UXRCE_MAX_SERVICES];
[0.712s]       |                            [01;35m[K^~~~~~~~~~~~~~~[m[K
[0.712s] [01m[K/home/rsl/rt-thread/bsp/rockchip/rk3568/temp/micro/mcu/src/rmw-microxrcedds/rmw_microxrcedds_c/src/./rmw_microros_internal/types.h:280:27:[m[K [01;35m[Kwarning: [m[KISO C forbids zero-size array '[01m[Kcustom_clients[m[K' [[01;35m[K-Wpedantic[m[K]
[0.712s]   280 | extern rmw_uxrce_client_t [01;35m[Kcustom_clients[m[K[RMW_UXRCE_MAX_CLIENTS];
[0.712s]       |                           [01;35m[K^~~~~~~~~~~~~~[m[K
[0.715s] In file included from [01m[K/home/rsl/rt-thread/bsp/rockchip/rk3568/temp/micro/mcu/src/rmw-microxrcedds/rmw_microxrcedds_c/src/types.c:15[m[K:
[0.715s] [01m[K/home/rsl/rt-thread/bsp/rockchip/rk3568/temp/micro/mcu/src/rmw-microxrcedds/rmw_microxrcedds_c/src/rmw_microros_internal/types.h:277:28:[m[K [01;35m[Kwarning: [m[KISO C forbids zero-size array '[01m[Kcustom_services[m[K' [[01;35m[K-Wpedantic[m[K]
[0.715s]   277 | extern rmw_uxrce_service_t [01;35m[Kcustom_services[m[K[RMW_UXRCE_MAX_SERVICES];
[0.715s]       |                            [01;35m[K^~~~~~~~~~~~~~~[m[K
[0.715s] [01m[K/home/rsl/rt-thread/bsp/rockchip/rk3568/temp/micro/mcu/src/rmw-microxrcedds/rmw_microxrcedds_c/src/rmw_microros_internal/types.h:280:27:[m[K [01;35m[Kwarning: [m[KISO C forbids zero-size array '[01m[Kcustom_clients[m[K' [[01;35m[K-Wpedantic[m[K]
[0.715s]   280 | extern rmw_uxrce_client_t [01;35m[Kcustom_clients[m[K[RMW_UXRCE_MAX_CLIENTS];
[0.715s]       |                           [01;35m[K^~~~~~~~~~~~~~[m[K
[0.716s] [01m[K/home/rsl/rt-thread/bsp/rockchip/rk3568/temp/micro/mcu/src/rmw-microxrcedds/rmw_microxrcedds_c/src/types.c:49:21:[m[K [01;35m[Kwarning: [m[KISO C forbids zero-size array '[01m[Kcustom_services[m[K' [[01;35m[K-Wpedantic[m[K]
[0.716s]    49 | rmw_uxrce_service_t [01;35m[Kcustom_services[m[K[RMW_UXRCE_MAX_SERVICES];
[0.716s]       |                     [01;35m[K^~~~~~~~~~~~~~~[m[K
[0.716s] [01m[K/home/rsl/rt-thread/bsp/rockchip/rk3568/temp/micro/mcu/src/rmw-microxrcedds/rmw_microxrcedds_c/src/types.c:52:20:[m[K [01;35m[Kwarning: [m[KISO C forbids zero-size array '[01m[Kcustom_clients[m[K' [[01;35m[K-Wpedantic[m[K]
[0.716s]    52 | rmw_uxrce_client_t [01;35m[Kcustom_clients[m[K[RMW_UXRCE_MAX_CLIENTS];
[0.717s]       |                    [01;35m[K^~~~~~~~~~~~~~[m[K
[0.719s] [ 97%] [32mBuilding C object CMakeFiles/rmw_microxrcedds.dir/src/rmw_microros/ping.c.obj[0m
[0.722s] In file included from [01m[K/home/rsl/rt-thread/bsp/rockchip/rk3568/temp/micro/mcu/src/rmw-microxrcedds/rmw_microxrcedds_c/src/./rmw_microros_internal/utils.h:20[m[K,
[0.722s]                  from [01m[K/home/rsl/rt-thread/bsp/rockchip/rk3568/temp/micro/mcu/src/rmw-microxrcedds/rmw_microxrcedds_c/src/rmw_wait_set.c:18[m[K:
[0.722s] [01m[K/home/rsl/rt-thread/bsp/rockchip/rk3568/temp/micro/mcu/src/rmw-microxrcedds/rmw_microxrcedds_c/src/./rmw_microros_internal/types.h:277:28:[m[K [01;35m[Kwarning: [m[KISO C forbids zero-size array '[01m[Kcustom_services[m[K' [[01;35m[K-Wpedantic[m[K]
[0.722s]   277 | extern rmw_uxrce_service_t [01;35m[Kcustom_services[m[K[RMW_UXRCE_MAX_SERVICES];
[0.722s]       |                            [01;35m[K^~~~~~~~~~~~~~~[m[K
[0.722s] [01m[K/home/rsl/rt-thread/bsp/rockchip/rk3568/temp/micro/mcu/src/rmw-microxrcedds/rmw_microxrcedds_c/src/./rmw_microros_internal/types.h:280:27:[m[K [01;35m[Kwarning: [m[KISO C forbids zero-size array '[01m[Kcustom_clients[m[K' [[01;35m[K-Wpedantic[m[K]
[0.722s]   280 | extern rmw_uxrce_client_t [01;35m[Kcustom_clients[m[K[RMW_UXRCE_MAX_CLIENTS];
[0.723s]       |                           [01;35m[K^~~~~~~~~~~~~~[m[K
[0.723s] In file included from [01m[K/home/rsl/rt-thread/bsp/rockchip/rk3568/temp/micro/mcu/src/rmw-microxrcedds/rmw_microxrcedds_c/src/rmw_microros_internal/utils.h:20[m[K,
[0.723s]                  from [01m[K/home/rsl/rt-thread/bsp/rockchip/rk3568/temp/micro/mcu/src/rmw-microxrcedds/rmw_microxrcedds_c/src/utils.c:15[m[K:
[0.723s] [01m[K/home/rsl/rt-thread/bsp/rockchip/rk3568/temp/micro/mcu/src/rmw-microxrcedds/rmw_microxrcedds_c/src/./rmw_microros_internal/types.h:277:28:[m[K [01;35m[Kwarning: [m[KISO C forbids zero-size array '[01m[Kcustom_services[m[K' [[01;35m[K-Wpedantic[m[K]
[0.723s]   277 | extern rmw_uxrce_service_t [01;35m[Kcustom_services[m[K[RMW_UXRCE_MAX_SERVICES];
[0.723s]       |                            [01;35m[K^~~~~~~~~~~~~~~[m[K
[0.723s] [01m[K/home/rsl/rt-thread/bsp/rockchip/rk3568/temp/micro/mcu/src/rmw-microxrcedds/rmw_microxrcedds_c/src/./rmw_microros_internal/types.h:280:27:[m[K [01;35m[Kwarning: [m[KISO C forbids zero-size array '[01m[Kcustom_clients[m[K' [[01;35m[K-Wpedantic[m[K]
[0.723s]   280 | extern rmw_uxrce_client_t [01;35m[Kcustom_clients[m[K[RMW_UXRCE_MAX_CLIENTS];
[0.723s]       |                           [01;35m[K^~~~~~~~~~~~~~[m[K
[0.734s] In file included from [01m[K/home/rsl/rt-thread/bsp/rockchip/rk3568/temp/micro/mcu/src/rmw-microxrcedds/rmw_microxrcedds_c/src/rmw_microros_internal/callbacks.h:20[m[K,
[0.734s]                  from [01m[K/home/rsl/rt-thread/bsp/rockchip/rk3568/temp/micro/mcu/src/rmw-microxrcedds/rmw_microxrcedds_c/src/callbacks.c:15[m[K:
[0.734s] [01m[K/home/rsl/rt-thread/bsp/rockchip/rk3568/temp/micro/mcu/src/rmw-microxrcedds/rmw_microxrcedds_c/src/./rmw_microros_internal/types.h:277:28:[m[K [01;35m[Kwarning: [m[KISO C forbids zero-size array '[01m[Kcustom_services[m[K' [[01;35m[K-Wpedantic[m[K]
[0.734s]   277 | extern rmw_uxrce_service_t [01;35m[Kcustom_services[m[K[RMW_UXRCE_MAX_SERVICES];
[0.735s]       |                            [01;35m[K^~~~~~~~~~~~~~~[m[K
[0.735s] [01m[K/home/rsl/rt-thread/bsp/rockchip/rk3568/temp/micro/mcu/src/rmw-microxrcedds/rmw_microxrcedds_c/src/./rmw_microros_internal/types.h:280:27:[m[K [01;35m[Kwarning: [m[KISO C forbids zero-size array '[01m[Kcustom_clients[m[K' [[01;35m[K-Wpedantic[m[K]
[0.735s]   280 | extern rmw_uxrce_client_t [01;35m[Kcustom_clients[m[K[RMW_UXRCE_MAX_CLIENTS];
[0.735s]       |                           [01;35m[K^~~~~~~~~~~~~~[m[K
[0.739s] In file included from [01m[K/home/rsl/rt-thread/bsp/rockchip/rk3568/temp/micro/mcu/src/rmw-microxrcedds/rmw_microxrcedds_c/src/rmw_microros_internal/rmw_uxrce_transports.h:30[m[K,
[0.739s]                  from [01m[K/home/rsl/rt-thread/bsp/rockchip/rk3568/temp/micro/mcu/src/rmw-microxrcedds/rmw_microxrcedds_c/src/rmw_uxrce_transports.c:15[m[K:
[0.739s] [01m[K/home/rsl/rt-thread/bsp/rockchip/rk3568/temp/micro/mcu/src/rmw-microxrcedds/rmw_microxrcedds_c/src/./rmw_microros_internal/types.h:277:28:[m[K [01;35m[Kwarning: [m[KISO C forbids zero-size array '[01m[Kcustom_services[m[K' [[01;35m[K-Wpedantic[m[K]
[0.739s]   277 | extern rmw_uxrce_service_t [01;35m[Kcustom_services[m[K[RMW_UXRCE_MAX_SERVICES];
[0.739s]       |                            [01;35m[K^~~~~~~~~~~~~~~[m[K
[0.739s] [01m[K/home/rsl/rt-thread/bsp/rockchip/rk3568/temp/micro/mcu/src/rmw-microxrcedds/rmw_microxrcedds_c/src/./rmw_microros_internal/types.h:280:27:[m[K [01;35m[Kwarning: [m[KISO C forbids zero-size array '[01m[Kcustom_clients[m[K' [[01;35m[K-Wpedantic[m[K]
[0.739s]   280 | extern rmw_uxrce_client_t [01;35m[Kcustom_clients[m[K[RMW_UXRCE_MAX_CLIENTS];
[0.739s]       |                           [01;35m[K^~~~~~~~~~~~~~[m[K
[0.750s] In file included from [01m[K/home/rsl/rt-thread/bsp/rockchip/rk3568/temp/micro/mcu/src/rmw-microxrcedds/rmw_microxrcedds_c/src/rmw_microros/init_options.c:20[m[K:
[0.751s] [01m[K/home/rsl/rt-thread/bsp/rockchip/rk3568/temp/micro/mcu/src/rmw-microxrcedds/rmw_microxrcedds_c/src/rmw_microros/../rmw_microros_internal/types.h:277:28:[m[K [01;35m[Kwarning: [m[KISO C forbids zero-size array '[01m[Kcustom_services[m[K' [[01;35m[K-Wpedantic[m[K]
[0.751s]   277 | extern rmw_uxrce_service_t [01;35m[Kcustom_services[m[K[RMW_UXRCE_MAX_SERVICES];
[0.751s]       |                            [01;35m[K^~~~~~~~~~~~~~~[m[K
[0.751s] [01m[K/home/rsl/rt-thread/bsp/rockchip/rk3568/temp/micro/mcu/src/rmw-microxrcedds/rmw_microxrcedds_c/src/rmw_microros/../rmw_microros_internal/types.h:280:27:[m[K [01;35m[Kwarning: [m[KISO C forbids zero-size array '[01m[Kcustom_clients[m[K' [[01;35m[K-Wpedantic[m[K]
[0.751s]   280 | extern rmw_uxrce_client_t [01;35m[Kcustom_clients[m[K[RMW_UXRCE_MAX_CLIENTS];
[0.751s]       |                           [01;35m[K^~~~~~~~~~~~~~[m[K
[0.755s] In file included from [01m[K/home/rsl/rt-thread/bsp/rockchip/rk3568/temp/micro/mcu/src/rmw-microxrcedds/rmw_microxrcedds_c/src/rmw_microros/time_sync.c:20[m[K:
[0.755s] [01m[K/home/rsl/rt-thread/bsp/rockchip/rk3568/temp/micro/mcu/src/rmw-microxrcedds/rmw_microxrcedds_c/src/rmw_microros/../rmw_microros_internal/types.h:277:28:[m[K [01;35m[Kwarning: [m[KISO C forbids zero-size array '[01m[Kcustom_services[m[K' [[01;35m[K-Wpedantic[m[K]
[0.755s]   277 | extern rmw_uxrce_service_t [01;35m[Kcustom_services[m[K[RMW_UXRCE_MAX_SERVICES];
[0.755s]       |                            [01;35m[K^~~~~~~~~~~~~~~[m[K
[0.755s] [01m[K/home/rsl/rt-thread/bsp/rockchip/rk3568/temp/micro/mcu/src/rmw-microxrcedds/rmw_microxrcedds_c/src/rmw_microros/../rmw_microros_internal/types.h:280:27:[m[K [01;35m[Kwarning: [m[KISO C forbids zero-size array '[01m[Kcustom_clients[m[K' [[01;35m[K-Wpedantic[m[K]
[0.755s]   280 | extern rmw_uxrce_client_t [01;35m[Kcustom_clients[m[K[RMW_UXRCE_MAX_CLIENTS];
[0.756s]       |                           [01;35m[K^~~~~~~~~~~~~~[m[K
[0.758s] In file included from [01m[K/home/rsl/rt-thread/bsp/rockchip/rk3568/temp/micro/mcu/src/rmw-microxrcedds/rmw_microxrcedds_c/src/rmw_microros/continous_serialization.c:20[m[K:
[0.759s] [01m[K/home/rsl/rt-thread/bsp/rockchip/rk3568/temp/micro/mcu/src/rmw-microxrcedds/rmw_microxrcedds_c/src/rmw_microros/../rmw_microros_internal/types.h:277:28:[m[K [01;35m[Kwarning: [m[KISO C forbids zero-size array '[01m[Kcustom_services[m[K' [[01;35m[K-Wpedantic[m[K]
[0.759s]   277 | extern rmw_uxrce_service_t [01;35m[Kcustom_services[m[K[RMW_UXRCE_MAX_SERVICES];
[0.759s]       |                            [01;35m[K^~~~~~~~~~~~~~~[m[K
[0.759s] [01m[K/home/rsl/rt-thread/bsp/rockchip/rk3568/temp/micro/mcu/src/rmw-microxrcedds/rmw_microxrcedds_c/src/rmw_microros/../rmw_microros_internal/types.h:280:27:[m[K [01;35m[Kwarning: [m[KISO C forbids zero-size array '[01m[Kcustom_clients[m[K' [[01;35m[K-Wpedantic[m[K]
[0.759s]   280 | extern rmw_uxrce_client_t [01;35m[Kcustom_clients[m[K[RMW_UXRCE_MAX_CLIENTS];
[0.759s]       |                           [01;35m[K^~~~~~~~~~~~~~[m[K
[0.764s] In file included from [01m[K/home/rsl/rt-thread/bsp/rockchip/rk3568/temp/micro/mcu/src/rmw-microxrcedds/rmw_microxrcedds_c/src/rmw_microros/../rmw_microros_internal/rmw_uxrce_transports.h:30[m[K,
[0.764s]                  from [01m[K/home/rsl/rt-thread/bsp/rockchip/rk3568/temp/micro/mcu/src/rmw-microxrcedds/rmw_microxrcedds_c/src/rmw_microros/ping.c:24[m[K:
[0.764s] [01m[K/home/rsl/rt-thread/bsp/rockchip/rk3568/temp/micro/mcu/src/rmw-microxrcedds/rmw_microxrcedds_c/src/./rmw_microros_internal/types.h:277:28:[m[K [01;35m[Kwarning: [m[KISO C forbids zero-size array '[01m[Kcustom_services[m[K' [[01;35m[K-Wpedantic[m[K]
[0.764s]   277 | extern rmw_uxrce_service_t [01;35m[Kcustom_services[m[K[RMW_UXRCE_MAX_SERVICES];
[0.764s]       |                            [01;35m[K^~~~~~~~~~~~~~~[m[K
[0.764s] [01m[K/home/rsl/rt-thread/bsp/rockchip/rk3568/temp/micro/mcu/src/rmw-microxrcedds/rmw_microxrcedds_c/src/./rmw_microros_internal/types.h:280:27:[m[K [01;35m[Kwarning: [m[KISO C forbids zero-size array '[01m[Kcustom_clients[m[K' [[01;35m[K-Wpedantic[m[K]
[0.765s]   280 | extern rmw_uxrce_client_t [01;35m[Kcustom_clients[m[K[RMW_UXRCE_MAX_CLIENTS];
[0.765s]       |                           [01;35m[K^~~~~~~~~~~~~~[m[K
[0.767s] In file included from [01m[K/home/rsl/rt-thread/bsp/rockchip/rk3568/temp/micro/mcu/src/rmw-microxrcedds/rmw_microxrcedds_c/src/rmw_microros/custom_transport.c:20[m[K:
[0.767s] [01m[K/home/rsl/rt-thread/bsp/rockchip/rk3568/temp/micro/mcu/src/rmw-microxrcedds/rmw_microxrcedds_c/src/rmw_microros/../rmw_microros_internal/types.h:277:28:[m[K [01;35m[Kwarning: [m[KISO C forbids zero-size array '[01m[Kcustom_services[m[K' [[01;35m[K-Wpedantic[m[K]
[0.767s]   277 | extern rmw_uxrce_service_t [01;35m[Kcustom_services[m[K[RMW_UXRCE_MAX_SERVICES];
[0.767s]       |                            [01;35m[K^~~~~~~~~~~~~~~[m[K
[0.767s] [01m[K/home/rsl/rt-thread/bsp/rockchip/rk3568/temp/micro/mcu/src/rmw-microxrcedds/rmw_microxrcedds_c/src/rmw_microros/../rmw_microros_internal/types.h:280:27:[m[K [01;35m[Kwarning: [m[KISO C forbids zero-size array '[01m[Kcustom_clients[m[K' [[01;35m[K-Wpedantic[m[K]
[0.767s]   280 | extern rmw_uxrce_client_t [01;35m[Kcustom_clients[m[K[RMW_UXRCE_MAX_CLIENTS];
[0.768s]       |                           [01;35m[K^~~~~~~~~~~~~~[m[K
[0.770s] In file included from [01m[K/home/rsl/rt-thread/bsp/rockchip/rk3568/temp/micro/mcu/src/rmw-microxrcedds/rmw_microxrcedds_c/src/rmw_microros/timing.c:21[m[K:
[0.770s] [01m[K/home/rsl/rt-thread/bsp/rockchip/rk3568/temp/micro/mcu/src/rmw-microxrcedds/rmw_microxrcedds_c/src/rmw_microros/../rmw_microros_internal/types.h:277:28:[m[K [01;35m[Kwarning: [m[KISO C forbids zero-size array '[01m[Kcustom_services[m[K' [[01;35m[K-Wpedantic[m[K]
[0.770s]   277 | extern rmw_uxrce_service_t [01;35m[Kcustom_services[m[K[RMW_UXRCE_MAX_SERVICES];
[0.770s]       |                            [01;35m[K^~~~~~~~~~~~~~~[m[K
[0.770s] [01m[K/home/rsl/rt-thread/bsp/rockchip/rk3568/temp/micro/mcu/src/rmw-microxrcedds/rmw_microxrcedds_c/src/rmw_microros/../rmw_microros_internal/types.h:280:27:[m[K [01;35m[Kwarning: [m[KISO C forbids zero-size array '[01m[Kcustom_clients[m[K' [[01;35m[K-Wpedantic[m[K]
[0.770s]   280 | extern rmw_uxrce_client_t [01;35m[Kcustom_clients[m[K[RMW_UXRCE_MAX_CLIENTS];
[0.770s]       |                           [01;35m[K^~~~~~~~~~~~~~[m[K
[0.828s] [100%] [32m[1mLinking C static library librmw_microxrcedds.a[0m
[0.853s] [100%] Built target rmw_microxrcedds
[0.859s] Invoked command in '/home/rsl/rt-thread/bsp/rockchip/rk3568/temp/micro/mcu/build/rmw_microxrcedds' returned '0': AMENT_PREFIX_PATH=/home/rsl/rt-thread/bsp/rockchip/rk3568/temp/micro/mcu/install:${AMENT_PREFIX_PATH} CMAKE_PREFIX_PATH=/home/rsl/rt-thread/bsp/rockchip/rk3568/temp/micro/mcu/install:/home/rsl/rt-thread/bsp/rockchip/rk3568/temp/micro/dev/install/ament_cmake_ros:/home/rsl/rt-thread/bsp/rockchip/rk3568/temp/micro/dev/install/ament_cmake_auto:/home/rsl/rt-thread/bsp/rockchip/rk3568/temp/micro/dev/install/ament_cmake_gmock:/home/rsl/rt-thread/bsp/rockchip/rk3568/temp/micro/dev/install/gmock_vendor:/home/rsl/rt-thread/bsp/rockchip/rk3568/temp/micro/dev/install/ament_cmake_gtest:/home/rsl/rt-thread/bsp/rockchip/rk3568/temp/micro/dev/install/gtest_vendor:/home/rsl/rt-thread/bsp/rockchip/rk3568/temp/micro/dev/install/ament_lint_common:/home/rsl/rt-thread/bsp/rockchip/rk3568/temp/micro/dev/install/ament_cmake_xmllint:/home/rsl/rt-thread/bsp/rockchip/rk3568/temp/micro/dev/install/ament_cmake_uncrustify:/home/rsl/rt-thread/bsp/rockchip/rk3568/temp/micro/dev/install/ament_cmake_pyflakes:/home/rsl/rt-thread/bsp/rockchip/rk3568/temp/micro/dev/install/ament_cmake_pycodestyle:/home/rsl/rt-thread/bsp/rockchip/rk3568/temp/micro/dev/install/ament_cmake_pep257:/home/rsl/rt-thread/bsp/rockchip/rk3568/temp/micro/dev/install/ament_cmake_pclint:/home/rsl/rt-thread/bsp/rockchip/rk3568/temp/micro/dev/install/ament_lint_auto:/home/rsl/rt-thread/bsp/rockchip/rk3568/temp/micro/dev/install/ament_cmake:/home/rsl/rt-thread/bsp/rockchip/rk3568/temp/micro/dev/install/ament_cmake_version:/home/rsl/rt-thread/bsp/rockchip/rk3568/temp/micro/dev/install/ament_cmake_vendor_package:/home/rsl/rt-thread/bsp/rockchip/rk3568/temp/micro/dev/install/ament_cmake_pytest:/home/rsl/rt-thread/bsp/rockchip/rk3568/temp/micro/dev/install/ament_cmake_nose:/home/rsl/rt-thread/bsp/rockchip/rk3568/temp/micro/dev/install/ament_cmake_mypy:/home/rsl/rt-thread/bsp/rockchip/rk3568/temp/micro/dev/install/ament_cmake_lint_cmake:/home/rsl/rt-thread/bsp/rockchip/rk3568/temp/micro/dev/install/ament_cmake_google_benchmark:/home/rsl/rt-thread/bsp/rockchip/rk3568/temp/micro/dev/install/ament_cmake_flake8:/home/rsl/rt-thread/bsp/rockchip/rk3568/temp/micro/dev/install/ament_cmake_copyright:/home/rsl/rt-thread/bsp/rockchip/rk3568/temp/micro/dev/install/ament_cmake_clang_tidy:/home/rsl/rt-thread/bsp/rockchip/rk3568/temp/micro/dev/install/ament_cmake_clang_format:/home/rsl/rt-thread/bsp/rockchip/rk3568/temp/micro/dev/install/ament_cmake_test:/home/rsl/rt-thread/bsp/rockchip/rk3568/temp/micro/dev/install/ament_cmake_target_dependencies:/home/rsl/rt-thread/bsp/rockchip/rk3568/temp/micro/dev/install/ament_cmake_python:/home/rsl/rt-thread/bsp/rockchip/rk3568/temp/micro/dev/install/ament_cmake_export_dependencies:/home/rsl/rt-thread/bsp/rockchip/rk3568/temp/micro/dev/install/ament_cmake_libraries:/home/rsl/rt-thread/bsp/rockchip/rk3568/temp/micro/dev/install/ament_cmake_include_directories:/home/rsl/rt-thread/bsp/rockchip/rk3568/temp/micro/dev/install/ament_cmake_gen_version_h:/home/rsl/rt-thread/bsp/rockchip/rk3568/temp/micro/dev/install/ament_cmake_export_targets:/home/rsl/rt-thread/bsp/rockchip/rk3568/temp/micro/dev/install/ament_cmake_export_link_flags:/home/rsl/rt-thread/bsp/rockchip/rk3568/temp/micro/dev/install/ament_cmake_export_interfaces:/home/rsl/rt-thread/bsp/rockchip/rk3568/temp/micro/dev/install/ament_cmake_export_libraries:/home/rsl/rt-thread/bsp/rockchip/rk3568/temp/micro/dev/install/ament_cmake_export_include_directories:/home/rsl/rt-thread/bsp/rockchip/rk3568/temp/micro/dev/install/ament_cmake_export_definitions:/home/rsl/rt-thread/bsp/rockchip/rk3568/temp/micro/dev/install/ament_cmake_core:/home/rsl/rt-thread/bsp/rockchip/rk3568/temp/micro/dev/install/domain_coordinator:/home/rsl/rt-thread/bsp/rockchip/rk3568/temp/micro/dev/install/ament_xmllint:/home/rsl/rt-thread/bsp/rockchip/rk3568/temp/micro/dev/install/ament_uncrustify:/home/rsl/rt-thread/bsp/rockchip/rk3568/temp/micro/dev/install/ament_pyflakes:/home/rsl/rt-thread/bsp/rockchip/rk3568/temp/micro/dev/install/ament_pycodestyle:/home/rsl/rt-thread/bsp/rockchip/rk3568/temp/micro/dev/install/ament_pep257:/home/rsl/rt-thread/bsp/rockchip/rk3568/temp/micro/dev/install/ament_pclint:/home/rsl/rt-thread/bsp/rockchip/rk3568/temp/micro/dev/install/ament_package:/home/rsl/rt-thread/bsp/rockchip/rk3568/temp/micro/dev/install/ament_mypy:/home/rsl/rt-thread/bsp/rockchip/rk3568/temp/micro/dev/install/ament_lint_cmake:/home/rsl/rt-thread/bsp/rockchip/rk3568/temp/micro/dev/install/ament_flake8:/home/rsl/rt-thread/bsp/rockchip/rk3568/temp/micro/dev/install/ament_copyright:/home/rsl/rt-thread/bsp/rockchip/rk3568/temp/micro/dev/install/ament_lint:/home/rsl/rt-thread/bsp/rockchip/rk3568/temp/micro/dev/install/ament_index_python:/home/rsl/rt-thread/bsp/rockchip/rk3568/temp/micro/dev/install/ament_clang_tidy:/home/rsl/rt-thread/bsp/rockchip/rk3568/temp/micro/dev/install/ament_clang_format LD_LIBRARY_PATH=/home/rsl/rt-thread/bsp/rockchip/rk3568/temp/micro/mcu/install/lib PATH=/home/rsl/rt-thread/bsp/rockchip/rk3568/temp/micro/mcu/install/bin:${PATH} PYTHONPATH=/home/rsl/rt-thread/bsp/rockchip/rk3568/temp/micro/mcu/install/lib/python3.8/site-packages:${PYTHONPATH} /usr/bin/cmake --build /home/rsl/rt-thread/bsp/rockchip/rk3568/temp/micro/mcu/build/rmw_microxrcedds -- -j24 -l24
[0.862s] Invoking command in '/home/rsl/rt-thread/bsp/rockchip/rk3568/temp/micro/mcu/build/rmw_microxrcedds': AMENT_PREFIX_PATH=/home/rsl/rt-thread/bsp/rockchip/rk3568/temp/micro/mcu/install:${AMENT_PREFIX_PATH} CMAKE_PREFIX_PATH=/home/rsl/rt-thread/bsp/rockchip/rk3568/temp/micro/mcu/install:/home/rsl/rt-thread/bsp/rockchip/rk3568/temp/micro/dev/install/ament_cmake_ros:/home/rsl/rt-thread/bsp/rockchip/rk3568/temp/micro/dev/install/ament_cmake_auto:/home/rsl/rt-thread/bsp/rockchip/rk3568/temp/micro/dev/install/ament_cmake_gmock:/home/rsl/rt-thread/bsp/rockchip/rk3568/temp/micro/dev/install/gmock_vendor:/home/rsl/rt-thread/bsp/rockchip/rk3568/temp/micro/dev/install/ament_cmake_gtest:/home/rsl/rt-thread/bsp/rockchip/rk3568/temp/micro/dev/install/gtest_vendor:/home/rsl/rt-thread/bsp/rockchip/rk3568/temp/micro/dev/install/ament_lint_common:/home/rsl/rt-thread/bsp/rockchip/rk3568/temp/micro/dev/install/ament_cmake_xmllint:/home/rsl/rt-thread/bsp/rockchip/rk3568/temp/micro/dev/install/ament_cmake_uncrustify:/home/rsl/rt-thread/bsp/rockchip/rk3568/temp/micro/dev/install/ament_cmake_pyflakes:/home/rsl/rt-thread/bsp/rockchip/rk3568/temp/micro/dev/install/ament_cmake_pycodestyle:/home/rsl/rt-thread/bsp/rockchip/rk3568/temp/micro/dev/install/ament_cmake_pep257:/home/rsl/rt-thread/bsp/rockchip/rk3568/temp/micro/dev/install/ament_cmake_pclint:/home/rsl/rt-thread/bsp/rockchip/rk3568/temp/micro/dev/install/ament_lint_auto:/home/rsl/rt-thread/bsp/rockchip/rk3568/temp/micro/dev/install/ament_cmake:/home/rsl/rt-thread/bsp/rockchip/rk3568/temp/micro/dev/install/ament_cmake_version:/home/rsl/rt-thread/bsp/rockchip/rk3568/temp/micro/dev/install/ament_cmake_vendor_package:/home/rsl/rt-thread/bsp/rockchip/rk3568/temp/micro/dev/install/ament_cmake_pytest:/home/rsl/rt-thread/bsp/rockchip/rk3568/temp/micro/dev/install/ament_cmake_nose:/home/rsl/rt-thread/bsp/rockchip/rk3568/temp/micro/dev/install/ament_cmake_mypy:/home/rsl/rt-thread/bsp/rockchip/rk3568/temp/micro/dev/install/ament_cmake_lint_cmake:/home/rsl/rt-thread/bsp/rockchip/rk3568/temp/micro/dev/install/ament_cmake_google_benchmark:/home/rsl/rt-thread/bsp/rockchip/rk3568/temp/micro/dev/install/ament_cmake_flake8:/home/rsl/rt-thread/bsp/rockchip/rk3568/temp/micro/dev/install/ament_cmake_copyright:/home/rsl/rt-thread/bsp/rockchip/rk3568/temp/micro/dev/install/ament_cmake_clang_tidy:/home/rsl/rt-thread/bsp/rockchip/rk3568/temp/micro/dev/install/ament_cmake_clang_format:/home/rsl/rt-thread/bsp/rockchip/rk3568/temp/micro/dev/install/ament_cmake_test:/home/rsl/rt-thread/bsp/rockchip/rk3568/temp/micro/dev/install/ament_cmake_target_dependencies:/home/rsl/rt-thread/bsp/rockchip/rk3568/temp/micro/dev/install/ament_cmake_python:/home/rsl/rt-thread/bsp/rockchip/rk3568/temp/micro/dev/install/ament_cmake_export_dependencies:/home/rsl/rt-thread/bsp/rockchip/rk3568/temp/micro/dev/install/ament_cmake_libraries:/home/rsl/rt-thread/bsp/rockchip/rk3568/temp/micro/dev/install/ament_cmake_include_directories:/home/rsl/rt-thread/bsp/rockchip/rk3568/temp/micro/dev/install/ament_cmake_gen_version_h:/home/rsl/rt-thread/bsp/rockchip/rk3568/temp/micro/dev/install/ament_cmake_export_targets:/home/rsl/rt-thread/bsp/rockchip/rk3568/temp/micro/dev/install/ament_cmake_export_link_flags:/home/rsl/rt-thread/bsp/rockchip/rk3568/temp/micro/dev/install/ament_cmake_export_interfaces:/home/rsl/rt-thread/bsp/rockchip/rk3568/temp/micro/dev/install/ament_cmake_export_libraries:/home/rsl/rt-thread/bsp/rockchip/rk3568/temp/micro/dev/install/ament_cmake_export_include_directories:/home/rsl/rt-thread/bsp/rockchip/rk3568/temp/micro/dev/install/ament_cmake_export_definitions:/home/rsl/rt-thread/bsp/rockchip/rk3568/temp/micro/dev/install/ament_cmake_core:/home/rsl/rt-thread/bsp/rockchip/rk3568/temp/micro/dev/install/domain_coordinator:/home/rsl/rt-thread/bsp/rockchip/rk3568/temp/micro/dev/install/ament_xmllint:/home/rsl/rt-thread/bsp/rockchip/rk3568/temp/micro/dev/install/ament_uncrustify:/home/rsl/rt-thread/bsp/rockchip/rk3568/temp/micro/dev/install/ament_pyflakes:/home/rsl/rt-thread/bsp/rockchip/rk3568/temp/micro/dev/install/ament_pycodestyle:/home/rsl/rt-thread/bsp/rockchip/rk3568/temp/micro/dev/install/ament_pep257:/home/rsl/rt-thread/bsp/rockchip/rk3568/temp/micro/dev/install/ament_pclint:/home/rsl/rt-thread/bsp/rockchip/rk3568/temp/micro/dev/install/ament_package:/home/rsl/rt-thread/bsp/rockchip/rk3568/temp/micro/dev/install/ament_mypy:/home/rsl/rt-thread/bsp/rockchip/rk3568/temp/micro/dev/install/ament_lint_cmake:/home/rsl/rt-thread/bsp/rockchip/rk3568/temp/micro/dev/install/ament_flake8:/home/rsl/rt-thread/bsp/rockchip/rk3568/temp/micro/dev/install/ament_copyright:/home/rsl/rt-thread/bsp/rockchip/rk3568/temp/micro/dev/install/ament_lint:/home/rsl/rt-thread/bsp/rockchip/rk3568/temp/micro/dev/install/ament_index_python:/home/rsl/rt-thread/bsp/rockchip/rk3568/temp/micro/dev/install/ament_clang_tidy:/home/rsl/rt-thread/bsp/rockchip/rk3568/temp/micro/dev/install/ament_clang_format LD_LIBRARY_PATH=/home/rsl/rt-thread/bsp/rockchip/rk3568/temp/micro/mcu/install/lib PATH=/home/rsl/rt-thread/bsp/rockchip/rk3568/temp/micro/mcu/install/bin:${PATH} PYTHONPATH=/home/rsl/rt-thread/bsp/rockchip/rk3568/temp/micro/mcu/install/lib/python3.8/site-packages:${PYTHONPATH} /usr/bin/cmake --install /home/rsl/rt-thread/bsp/rockchip/rk3568/temp/micro/mcu/build/rmw_microxrcedds
[0.865s] -- Install configuration: "Release"
[0.866s] -- Installing: /home/rsl/rt-thread/bsp/rockchip/rk3568/temp/micro/mcu/install/share/rmw_microxrcedds/environment/library_path.sh
[0.866s] -- Installing: /home/rsl/rt-thread/bsp/rockchip/rk3568/temp/micro/mcu/install/share/rmw_microxrcedds/environment/library_path.dsv
[0.866s] -- Installing: /home/rsl/rt-thread/bsp/rockchip/rk3568/temp/micro/mcu/install/share/ament_index/resource_index/rmw_typesupport_c/rmw_microxrcedds
[0.866s] -- Installing: /home/rsl/rt-thread/bsp/rockchip/rk3568/temp/micro/mcu/install/share/ament_index/resource_index/rmw_typesupport/rmw_microxrcedds
[0.866s] -- Installing: /home/rsl/rt-thread/bsp/rockchip/rk3568/temp/micro/mcu/install/share/ament_index/resource_index/package_run_dependencies/rmw_microxrcedds
[0.867s] -- Installing: /home/rsl/rt-thread/bsp/rockchip/rk3568/temp/micro/mcu/install/share/ament_index/resource_index/parent_prefix_path/rmw_microxrcedds
[0.867s] -- Installing: /home/rsl/rt-thread/bsp/rockchip/rk3568/temp/micro/mcu/install/share/rmw_microxrcedds/environment/ament_prefix_path.sh
[0.867s] -- Installing: /home/rsl/rt-thread/bsp/rockchip/rk3568/temp/micro/mcu/install/share/rmw_microxrcedds/environment/ament_prefix_path.dsv
[0.867s] -- Installing: /home/rsl/rt-thread/bsp/rockchip/rk3568/temp/micro/mcu/install/share/rmw_microxrcedds/environment/path.sh
[0.867s] -- Installing: /home/rsl/rt-thread/bsp/rockchip/rk3568/temp/micro/mcu/install/share/rmw_microxrcedds/environment/path.dsv
[0.867s] -- Installing: /home/rsl/rt-thread/bsp/rockchip/rk3568/temp/micro/mcu/install/share/rmw_microxrcedds/local_setup.bash
[0.868s] -- Installing: /home/rsl/rt-thread/bsp/rockchip/rk3568/temp/micro/mcu/install/share/rmw_microxrcedds/local_setup.sh
[0.868s] -- Installing: /home/rsl/rt-thread/bsp/rockchip/rk3568/temp/micro/mcu/install/share/rmw_microxrcedds/local_setup.zsh
[0.868s] -- Installing: /home/rsl/rt-thread/bsp/rockchip/rk3568/temp/micro/mcu/install/share/rmw_microxrcedds/local_setup.dsv
[0.868s] -- Installing: /home/rsl/rt-thread/bsp/rockchip/rk3568/temp/micro/mcu/install/share/rmw_microxrcedds/package.dsv
[0.868s] -- Installing: /home/rsl/rt-thread/bsp/rockchip/rk3568/temp/micro/mcu/install/share/ament_index/resource_index/packages/rmw_microxrcedds
[0.869s] -- Installing: /home/rsl/rt-thread/bsp/rockchip/rk3568/temp/micro/mcu/install/share/rmw_microxrcedds/cmake/ament_cmake_export_include_directories-extras.cmake
[0.869s] -- Installing: /home/rsl/rt-thread/bsp/rockchip/rk3568/temp/micro/mcu/install/share/rmw_microxrcedds/cmake/ament_cmake_export_libraries-extras.cmake
[0.869s] -- Installing: /home/rsl/rt-thread/bsp/rockchip/rk3568/temp/micro/mcu/install/share/rmw_microxrcedds/cmake/ament_cmake_export_dependencies-extras.cmake
[0.869s] -- Installing: /home/rsl/rt-thread/bsp/rockchip/rk3568/temp/micro/mcu/install/share/rmw_microxrcedds/cmake/rmw_microxrceddsConfig.cmake
[0.869s] -- Installing: /home/rsl/rt-thread/bsp/rockchip/rk3568/temp/micro/mcu/install/share/rmw_microxrcedds/cmake/rmw_microxrceddsConfig-version.cmake
[0.870s] -- Installing: /home/rsl/rt-thread/bsp/rockchip/rk3568/temp/micro/mcu/install/share/rmw_microxrcedds/package.xml
[0.870s] -- Up-to-date: /home/rsl/rt-thread/bsp/rockchip/rk3568/temp/micro/mcu/install/include
[0.870s] -- Installing: /home/rsl/rt-thread/bsp/rockchip/rk3568/temp/micro/mcu/install/include/rmw_microxrcedds_c
[0.870s] -- Installing: /home/rsl/rt-thread/bsp/rockchip/rk3568/temp/micro/mcu/install/include/rmw_microxrcedds_c/rmw_c_macros.h
[0.870s] -- Installing: /home/rsl/rt-thread/bsp/rockchip/rk3568/temp/micro/mcu/install/include/rmw_microros
[0.870s] -- Installing: /home/rsl/rt-thread/bsp/rockchip/rk3568/temp/micro/mcu/install/include/rmw_microros/rmw_microros.h
[0.870s] -- Installing: /home/rsl/rt-thread/bsp/rockchip/rk3568/temp/micro/mcu/install/include/rmw_microros/error_handling.h
[0.871s] -- Installing: /home/rsl/rt-thread/bsp/rockchip/rk3568/temp/micro/mcu/install/include/rmw_microros/continous_serialization.h
[0.871s] -- Installing: /home/rsl/rt-thread/bsp/rockchip/rk3568/temp/micro/mcu/install/include/rmw_microros/ping.h
[0.871s] -- Installing: /home/rsl/rt-thread/bsp/rockchip/rk3568/temp/micro/mcu/install/include/rmw_microros/discovery.h
[0.871s] -- Installing: /home/rsl/rt-thread/bsp/rockchip/rk3568/temp/micro/mcu/install/include/rmw_microros/time_sync.h
[0.871s] -- Installing: /home/rsl/rt-thread/bsp/rockchip/rk3568/temp/micro/mcu/install/include/rmw_microros/timing.h
[0.871s] -- Installing: /home/rsl/rt-thread/bsp/rockchip/rk3568/temp/micro/mcu/install/include/rmw_microros/custom_transport.h
[0.872s] -- Installing: /home/rsl/rt-thread/bsp/rockchip/rk3568/temp/micro/mcu/install/include/rmw_microros/init_options.h
[0.872s] -- Installing: /home/rsl/rt-thread/bsp/rockchip/rk3568/temp/micro/mcu/install/include/rmw_microxrcedds_c/config.h
[0.872s] -- Installing: /home/rsl/rt-thread/bsp/rockchip/rk3568/temp/micro/mcu/install/lib/librmw_microxrcedds.a
[0.875s] Invoked command in '/home/rsl/rt-thread/bsp/rockchip/rk3568/temp/micro/mcu/build/rmw_microxrcedds' returned '0': AMENT_PREFIX_PATH=/home/rsl/rt-thread/bsp/rockchip/rk3568/temp/micro/mcu/install:${AMENT_PREFIX_PATH} CMAKE_PREFIX_PATH=/home/rsl/rt-thread/bsp/rockchip/rk3568/temp/micro/mcu/install:/home/rsl/rt-thread/bsp/rockchip/rk3568/temp/micro/dev/install/ament_cmake_ros:/home/rsl/rt-thread/bsp/rockchip/rk3568/temp/micro/dev/install/ament_cmake_auto:/home/rsl/rt-thread/bsp/rockchip/rk3568/temp/micro/dev/install/ament_cmake_gmock:/home/rsl/rt-thread/bsp/rockchip/rk3568/temp/micro/dev/install/gmock_vendor:/home/rsl/rt-thread/bsp/rockchip/rk3568/temp/micro/dev/install/ament_cmake_gtest:/home/rsl/rt-thread/bsp/rockchip/rk3568/temp/micro/dev/install/gtest_vendor:/home/rsl/rt-thread/bsp/rockchip/rk3568/temp/micro/dev/install/ament_lint_common:/home/rsl/rt-thread/bsp/rockchip/rk3568/temp/micro/dev/install/ament_cmake_xmllint:/home/rsl/rt-thread/bsp/rockchip/rk3568/temp/micro/dev/install/ament_cmake_uncrustify:/home/rsl/rt-thread/bsp/rockchip/rk3568/temp/micro/dev/install/ament_cmake_pyflakes:/home/rsl/rt-thread/bsp/rockchip/rk3568/temp/micro/dev/install/ament_cmake_pycodestyle:/home/rsl/rt-thread/bsp/rockchip/rk3568/temp/micro/dev/install/ament_cmake_pep257:/home/rsl/rt-thread/bsp/rockchip/rk3568/temp/micro/dev/install/ament_cmake_pclint:/home/rsl/rt-thread/bsp/rockchip/rk3568/temp/micro/dev/install/ament_lint_auto:/home/rsl/rt-thread/bsp/rockchip/rk3568/temp/micro/dev/install/ament_cmake:/home/rsl/rt-thread/bsp/rockchip/rk3568/temp/micro/dev/install/ament_cmake_version:/home/rsl/rt-thread/bsp/rockchip/rk3568/temp/micro/dev/install/ament_cmake_vendor_package:/home/rsl/rt-thread/bsp/rockchip/rk3568/temp/micro/dev/install/ament_cmake_pytest:/home/rsl/rt-thread/bsp/rockchip/rk3568/temp/micro/dev/install/ament_cmake_nose:/home/rsl/rt-thread/bsp/rockchip/rk3568/temp/micro/dev/install/ament_cmake_mypy:/home/rsl/rt-thread/bsp/rockchip/rk3568/temp/micro/dev/install/ament_cmake_lint_cmake:/home/rsl/rt-thread/bsp/rockchip/rk3568/temp/micro/dev/install/ament_cmake_google_benchmark:/home/rsl/rt-thread/bsp/rockchip/rk3568/temp/micro/dev/install/ament_cmake_flake8:/home/rsl/rt-thread/bsp/rockchip/rk3568/temp/micro/dev/install/ament_cmake_copyright:/home/rsl/rt-thread/bsp/rockchip/rk3568/temp/micro/dev/install/ament_cmake_clang_tidy:/home/rsl/rt-thread/bsp/rockchip/rk3568/temp/micro/dev/install/ament_cmake_clang_format:/home/rsl/rt-thread/bsp/rockchip/rk3568/temp/micro/dev/install/ament_cmake_test:/home/rsl/rt-thread/bsp/rockchip/rk3568/temp/micro/dev/install/ament_cmake_target_dependencies:/home/rsl/rt-thread/bsp/rockchip/rk3568/temp/micro/dev/install/ament_cmake_python:/home/rsl/rt-thread/bsp/rockchip/rk3568/temp/micro/dev/install/ament_cmake_export_dependencies:/home/rsl/rt-thread/bsp/rockchip/rk3568/temp/micro/dev/install/ament_cmake_libraries:/home/rsl/rt-thread/bsp/rockchip/rk3568/temp/micro/dev/install/ament_cmake_include_directories:/home/rsl/rt-thread/bsp/rockchip/rk3568/temp/micro/dev/install/ament_cmake_gen_version_h:/home/rsl/rt-thread/bsp/rockchip/rk3568/temp/micro/dev/install/ament_cmake_export_targets:/home/rsl/rt-thread/bsp/rockchip/rk3568/temp/micro/dev/install/ament_cmake_export_link_flags:/home/rsl/rt-thread/bsp/rockchip/rk3568/temp/micro/dev/install/ament_cmake_export_interfaces:/home/rsl/rt-thread/bsp/rockchip/rk3568/temp/micro/dev/install/ament_cmake_export_libraries:/home/rsl/rt-thread/bsp/rockchip/rk3568/temp/micro/dev/install/ament_cmake_export_include_directories:/home/rsl/rt-thread/bsp/rockchip/rk3568/temp/micro/dev/install/ament_cmake_export_definitions:/home/rsl/rt-thread/bsp/rockchip/rk3568/temp/micro/dev/install/ament_cmake_core:/home/rsl/rt-thread/bsp/rockchip/rk3568/temp/micro/dev/install/domain_coordinator:/home/rsl/rt-thread/bsp/rockchip/rk3568/temp/micro/dev/install/ament_xmllint:/home/rsl/rt-thread/bsp/rockchip/rk3568/temp/micro/dev/install/ament_uncrustify:/home/rsl/rt-thread/bsp/rockchip/rk3568/temp/micro/dev/install/ament_pyflakes:/home/rsl/rt-thread/bsp/rockchip/rk3568/temp/micro/dev/install/ament_pycodestyle:/home/rsl/rt-thread/bsp/rockchip/rk3568/temp/micro/dev/install/ament_pep257:/home/rsl/rt-thread/bsp/rockchip/rk3568/temp/micro/dev/install/ament_pclint:/home/rsl/rt-thread/bsp/rockchip/rk3568/temp/micro/dev/install/ament_package:/home/rsl/rt-thread/bsp/rockchip/rk3568/temp/micro/dev/install/ament_mypy:/home/rsl/rt-thread/bsp/rockchip/rk3568/temp/micro/dev/install/ament_lint_cmake:/home/rsl/rt-thread/bsp/rockchip/rk3568/temp/micro/dev/install/ament_flake8:/home/rsl/rt-thread/bsp/rockchip/rk3568/temp/micro/dev/install/ament_copyright:/home/rsl/rt-thread/bsp/rockchip/rk3568/temp/micro/dev/install/ament_lint:/home/rsl/rt-thread/bsp/rockchip/rk3568/temp/micro/dev/install/ament_index_python:/home/rsl/rt-thread/bsp/rockchip/rk3568/temp/micro/dev/install/ament_clang_tidy:/home/rsl/rt-thread/bsp/rockchip/rk3568/temp/micro/dev/install/ament_clang_format LD_LIBRARY_PATH=/home/rsl/rt-thread/bsp/rockchip/rk3568/temp/micro/mcu/install/lib PATH=/home/rsl/rt-thread/bsp/rockchip/rk3568/temp/micro/mcu/install/bin:${PATH} PYTHONPATH=/home/rsl/rt-thread/bsp/rockchip/rk3568/temp/micro/mcu/install/lib/python3.8/site-packages:${PYTHONPATH} /usr/bin/cmake --install /home/rsl/rt-thread/bsp/rockchip/rk3568/temp/micro/mcu/build/rmw_microxrcedds
