[0.831s] Invoking command in '/home/rsl/rt-thread/bsp/rockchip/rk3568/temp/micro/mcu/src/rosidl/rosidl_cli': PYTHONPATH=/home/rsl/rt-thread/bsp/rockchip/rk3568/temp/micro/mcu/build/rosidl_cli/prefix_override:/home/rsl/.local/lib/python3.8/site-packages/colcon_core/task/python/colcon_distutils_commands:/home/rsl/rt-thread/bsp/rockchip/rk3568/temp/micro/mcu/install/lib/python3.8/site-packages:${PYTHONPATH} /usr/bin/python3 -W ignore:setup.py install is deprecated -W ignore:easy_install command is deprecated setup.py egg_info --egg-base ../../../build/rosidl_cli build --build-base /home/rsl/rt-thread/bsp/rockchip/rk3568/temp/micro/mcu/build/rosidl_cli/build install --record /home/rsl/rt-thread/bsp/rockchip/rk3568/temp/micro/mcu/build/rosidl_cli/install.log --single-version-externally-managed install_data
[0.964s] running egg_info
[0.965s] writing ../../../build/rosidl_cli/rosidl_cli.egg-info/PKG-INFO
[0.965s] writing dependency_links to ../../../build/rosidl_cli/rosidl_cli.egg-info/dependency_links.txt
[0.965s] writing entry points to ../../../build/rosidl_cli/rosidl_cli.egg-info/entry_points.txt
[0.966s] writing requirements to ../../../build/rosidl_cli/rosidl_cli.egg-info/requires.txt
[0.966s] writing top-level names to ../../../build/rosidl_cli/rosidl_cli.egg-info/top_level.txt
[0.989s] reading manifest file '../../../build/rosidl_cli/rosidl_cli.egg-info/SOURCES.txt'
[0.990s] writing manifest file '../../../build/rosidl_cli/rosidl_cli.egg-info/SOURCES.txt'
[0.990s] running build
[0.990s] running build_py
[0.991s] running install
[0.992s] running install_lib
[0.994s] running install_data
[0.994s] running install_egg_info
[0.996s] removing '/home/rsl/rt-thread/bsp/rockchip/rk3568/temp/micro/mcu/install/lib/python3.8/site-packages/rosidl_cli-3.1.6-py3.8.egg-info' (and everything under it)
[0.996s] Copying ../../../build/rosidl_cli/rosidl_cli.egg-info to /home/rsl/rt-thread/bsp/rockchip/rk3568/temp/micro/mcu/install/lib/python3.8/site-packages/rosidl_cli-3.1.6-py3.8.egg-info
[0.997s] running install_scripts
[1.024s] Installing rosidl script to /home/rsl/rt-thread/bsp/rockchip/rk3568/temp/micro/mcu/install/bin
[1.027s] writing list of installed files to '/home/rsl/rt-thread/bsp/rockchip/rk3568/temp/micro/mcu/build/rosidl_cli/install.log'
[1.087s] Invoked command in '/home/rsl/rt-thread/bsp/rockchip/rk3568/temp/micro/mcu/src/rosidl/rosidl_cli' returned '0': PYTHONPATH=/home/rsl/rt-thread/bsp/rockchip/rk3568/temp/micro/mcu/build/rosidl_cli/prefix_override:/home/rsl/.local/lib/python3.8/site-packages/colcon_core/task/python/colcon_distutils_commands:/home/rsl/rt-thread/bsp/rockchip/rk3568/temp/micro/mcu/install/lib/python3.8/site-packages:${PYTHONPATH} /usr/bin/python3 -W ignore:setup.py install is deprecated -W ignore:easy_install command is deprecated setup.py egg_info --egg-base ../../../build/rosidl_cli build --build-base /home/rsl/rt-thread/bsp/rockchip/rk3568/temp/micro/mcu/build/rosidl_cli/build install --record /home/rsl/rt-thread/bsp/rockchip/rk3568/temp/micro/mcu/build/rosidl_cli/install.log --single-version-externally-managed install_data
