[0.126s] Invoking command in '/home/rsl/rt-thread/bsp/rockchip/rk3568/temp/micro/mcu/build/nav_msgs': AMENT_PREFIX_PATH=/home/rsl/rt-thread/bsp/rockchip/rk3568/temp/micro/mcu/install:${AMENT_PREFIX_PATH} CMAKE_PREFIX_PATH=/home/rsl/rt-thread/bsp/rockchip/rk3568/temp/micro/mcu/install:/home/rsl/rt-thread/bsp/rockchip/rk3568/temp/micro/dev/install/ament_cmake_ros:/home/rsl/rt-thread/bsp/rockchip/rk3568/temp/micro/dev/install/ament_cmake_auto:/home/rsl/rt-thread/bsp/rockchip/rk3568/temp/micro/dev/install/ament_cmake_gmock:/home/rsl/rt-thread/bsp/rockchip/rk3568/temp/micro/dev/install/gmock_vendor:/home/rsl/rt-thread/bsp/rockchip/rk3568/temp/micro/dev/install/ament_cmake_gtest:/home/rsl/rt-thread/bsp/rockchip/rk3568/temp/micro/dev/install/gtest_vendor:/home/rsl/rt-thread/bsp/rockchip/rk3568/temp/micro/dev/install/ament_lint_common:/home/rsl/rt-thread/bsp/rockchip/rk3568/temp/micro/dev/install/ament_cmake_xmllint:/home/rsl/rt-thread/bsp/rockchip/rk3568/temp/micro/dev/install/ament_cmake_uncrustify:/home/rsl/rt-thread/bsp/rockchip/rk3568/temp/micro/dev/install/ament_cmake_pyflakes:/home/rsl/rt-thread/bsp/rockchip/rk3568/temp/micro/dev/install/ament_cmake_pycodestyle:/home/rsl/rt-thread/bsp/rockchip/rk3568/temp/micro/dev/install/ament_cmake_pep257:/home/rsl/rt-thread/bsp/rockchip/rk3568/temp/micro/dev/install/ament_cmake_pclint:/home/rsl/rt-thread/bsp/rockchip/rk3568/temp/micro/dev/install/ament_lint_auto:/home/rsl/rt-thread/bsp/rockchip/rk3568/temp/micro/dev/install/ament_cmake:/home/rsl/rt-thread/bsp/rockchip/rk3568/temp/micro/dev/install/ament_cmake_version:/home/rsl/rt-thread/bsp/rockchip/rk3568/temp/micro/dev/install/ament_cmake_vendor_package:/home/rsl/rt-thread/bsp/rockchip/rk3568/temp/micro/dev/install/ament_cmake_pytest:/home/rsl/rt-thread/bsp/rockchip/rk3568/temp/micro/dev/install/ament_cmake_nose:/home/rsl/rt-thread/bsp/rockchip/rk3568/temp/micro/dev/install/ament_cmake_mypy:/home/rsl/rt-thread/bsp/rockchip/rk3568/temp/micro/dev/install/ament_cmake_lint_cmake:/home/rsl/rt-thread/bsp/rockchip/rk3568/temp/micro/dev/install/ament_cmake_google_benchmark:/home/rsl/rt-thread/bsp/rockchip/rk3568/temp/micro/dev/install/ament_cmake_flake8:/home/rsl/rt-thread/bsp/rockchip/rk3568/temp/micro/dev/install/ament_cmake_copyright:/home/rsl/rt-thread/bsp/rockchip/rk3568/temp/micro/dev/install/ament_cmake_clang_tidy:/home/rsl/rt-thread/bsp/rockchip/rk3568/temp/micro/dev/install/ament_cmake_clang_format:/home/rsl/rt-thread/bsp/rockchip/rk3568/temp/micro/dev/install/ament_cmake_test:/home/rsl/rt-thread/bsp/rockchip/rk3568/temp/micro/dev/install/ament_cmake_target_dependencies:/home/rsl/rt-thread/bsp/rockchip/rk3568/temp/micro/dev/install/ament_cmake_python:/home/rsl/rt-thread/bsp/rockchip/rk3568/temp/micro/dev/install/ament_cmake_export_dependencies:/home/rsl/rt-thread/bsp/rockchip/rk3568/temp/micro/dev/install/ament_cmake_libraries:/home/rsl/rt-thread/bsp/rockchip/rk3568/temp/micro/dev/install/ament_cmake_include_directories:/home/rsl/rt-thread/bsp/rockchip/rk3568/temp/micro/dev/install/ament_cmake_gen_version_h:/home/rsl/rt-thread/bsp/rockchip/rk3568/temp/micro/dev/install/ament_cmake_export_targets:/home/rsl/rt-thread/bsp/rockchip/rk3568/temp/micro/dev/install/ament_cmake_export_link_flags:/home/rsl/rt-thread/bsp/rockchip/rk3568/temp/micro/dev/install/ament_cmake_export_interfaces:/home/rsl/rt-thread/bsp/rockchip/rk3568/temp/micro/dev/install/ament_cmake_export_libraries:/home/rsl/rt-thread/bsp/rockchip/rk3568/temp/micro/dev/install/ament_cmake_export_include_directories:/home/rsl/rt-thread/bsp/rockchip/rk3568/temp/micro/dev/install/ament_cmake_export_definitions:/home/rsl/rt-thread/bsp/rockchip/rk3568/temp/micro/dev/install/ament_cmake_core:/home/rsl/rt-thread/bsp/rockchip/rk3568/temp/micro/dev/install/domain_coordinator:/home/rsl/rt-thread/bsp/rockchip/rk3568/temp/micro/dev/install/ament_xmllint:/home/rsl/rt-thread/bsp/rockchip/rk3568/temp/micro/dev/install/ament_uncrustify:/home/rsl/rt-thread/bsp/rockchip/rk3568/temp/micro/dev/install/ament_pyflakes:/home/rsl/rt-thread/bsp/rockchip/rk3568/temp/micro/dev/install/ament_pycodestyle:/home/rsl/rt-thread/bsp/rockchip/rk3568/temp/micro/dev/install/ament_pep257:/home/rsl/rt-thread/bsp/rockchip/rk3568/temp/micro/dev/install/ament_pclint:/home/rsl/rt-thread/bsp/rockchip/rk3568/temp/micro/dev/install/ament_package:/home/rsl/rt-thread/bsp/rockchip/rk3568/temp/micro/dev/install/ament_mypy:/home/rsl/rt-thread/bsp/rockchip/rk3568/temp/micro/dev/install/ament_lint_cmake:/home/rsl/rt-thread/bsp/rockchip/rk3568/temp/micro/dev/install/ament_flake8:/home/rsl/rt-thread/bsp/rockchip/rk3568/temp/micro/dev/install/ament_copyright:/home/rsl/rt-thread/bsp/rockchip/rk3568/temp/micro/dev/install/ament_lint:/home/rsl/rt-thread/bsp/rockchip/rk3568/temp/micro/dev/install/ament_index_python:/home/rsl/rt-thread/bsp/rockchip/rk3568/temp/micro/dev/install/ament_clang_tidy:/home/rsl/rt-thread/bsp/rockchip/rk3568/temp/micro/dev/install/ament_clang_format LD_LIBRARY_PATH=/home/rsl/rt-thread/bsp/rockchip/rk3568/temp/micro/mcu/install/lib PATH=/home/rsl/rt-thread/bsp/rockchip/rk3568/temp/micro/mcu/install/bin:${PATH} PYTHONPATH=/home/rsl/rt-thread/bsp/rockchip/rk3568/temp/micro/mcu/install/lib/python3.8/site-packages:${PYTHONPATH} /usr/bin/cmake --build /home/rsl/rt-thread/bsp/rockchip/rk3568/temp/micro/mcu/build/nav_msgs -- -j24 -l24
[0.155s] [ 25%] Built target nav_msgs__rosidl_generator_c
[0.169s] [ 58%] Built target nav_msgs__rosidl_typesupport_c
[0.170s] [ 79%] Built target nav_msgs__rosidl_typesupport_microxrcedds_c
[0.170s] [100%] Built target nav_msgs__rosidl_typesupport_introspection_c
[0.182s] [100%] Built target nav_msgs
[0.240s] Invoked command in '/home/rsl/rt-thread/bsp/rockchip/rk3568/temp/micro/mcu/build/nav_msgs' returned '0': AMENT_PREFIX_PATH=/home/rsl/rt-thread/bsp/rockchip/rk3568/temp/micro/mcu/install:${AMENT_PREFIX_PATH} CMAKE_PREFIX_PATH=/home/rsl/rt-thread/bsp/rockchip/rk3568/temp/micro/mcu/install:/home/rsl/rt-thread/bsp/rockchip/rk3568/temp/micro/dev/install/ament_cmake_ros:/home/rsl/rt-thread/bsp/rockchip/rk3568/temp/micro/dev/install/ament_cmake_auto:/home/rsl/rt-thread/bsp/rockchip/rk3568/temp/micro/dev/install/ament_cmake_gmock:/home/rsl/rt-thread/bsp/rockchip/rk3568/temp/micro/dev/install/gmock_vendor:/home/rsl/rt-thread/bsp/rockchip/rk3568/temp/micro/dev/install/ament_cmake_gtest:/home/rsl/rt-thread/bsp/rockchip/rk3568/temp/micro/dev/install/gtest_vendor:/home/rsl/rt-thread/bsp/rockchip/rk3568/temp/micro/dev/install/ament_lint_common:/home/rsl/rt-thread/bsp/rockchip/rk3568/temp/micro/dev/install/ament_cmake_xmllint:/home/rsl/rt-thread/bsp/rockchip/rk3568/temp/micro/dev/install/ament_cmake_uncrustify:/home/rsl/rt-thread/bsp/rockchip/rk3568/temp/micro/dev/install/ament_cmake_pyflakes:/home/rsl/rt-thread/bsp/rockchip/rk3568/temp/micro/dev/install/ament_cmake_pycodestyle:/home/rsl/rt-thread/bsp/rockchip/rk3568/temp/micro/dev/install/ament_cmake_pep257:/home/rsl/rt-thread/bsp/rockchip/rk3568/temp/micro/dev/install/ament_cmake_pclint:/home/rsl/rt-thread/bsp/rockchip/rk3568/temp/micro/dev/install/ament_lint_auto:/home/rsl/rt-thread/bsp/rockchip/rk3568/temp/micro/dev/install/ament_cmake:/home/rsl/rt-thread/bsp/rockchip/rk3568/temp/micro/dev/install/ament_cmake_version:/home/rsl/rt-thread/bsp/rockchip/rk3568/temp/micro/dev/install/ament_cmake_vendor_package:/home/rsl/rt-thread/bsp/rockchip/rk3568/temp/micro/dev/install/ament_cmake_pytest:/home/rsl/rt-thread/bsp/rockchip/rk3568/temp/micro/dev/install/ament_cmake_nose:/home/rsl/rt-thread/bsp/rockchip/rk3568/temp/micro/dev/install/ament_cmake_mypy:/home/rsl/rt-thread/bsp/rockchip/rk3568/temp/micro/dev/install/ament_cmake_lint_cmake:/home/rsl/rt-thread/bsp/rockchip/rk3568/temp/micro/dev/install/ament_cmake_google_benchmark:/home/rsl/rt-thread/bsp/rockchip/rk3568/temp/micro/dev/install/ament_cmake_flake8:/home/rsl/rt-thread/bsp/rockchip/rk3568/temp/micro/dev/install/ament_cmake_copyright:/home/rsl/rt-thread/bsp/rockchip/rk3568/temp/micro/dev/install/ament_cmake_clang_tidy:/home/rsl/rt-thread/bsp/rockchip/rk3568/temp/micro/dev/install/ament_cmake_clang_format:/home/rsl/rt-thread/bsp/rockchip/rk3568/temp/micro/dev/install/ament_cmake_test:/home/rsl/rt-thread/bsp/rockchip/rk3568/temp/micro/dev/install/ament_cmake_target_dependencies:/home/rsl/rt-thread/bsp/rockchip/rk3568/temp/micro/dev/install/ament_cmake_python:/home/rsl/rt-thread/bsp/rockchip/rk3568/temp/micro/dev/install/ament_cmake_export_dependencies:/home/rsl/rt-thread/bsp/rockchip/rk3568/temp/micro/dev/install/ament_cmake_libraries:/home/rsl/rt-thread/bsp/rockchip/rk3568/temp/micro/dev/install/ament_cmake_include_directories:/home/rsl/rt-thread/bsp/rockchip/rk3568/temp/micro/dev/install/ament_cmake_gen_version_h:/home/rsl/rt-thread/bsp/rockchip/rk3568/temp/micro/dev/install/ament_cmake_export_targets:/home/rsl/rt-thread/bsp/rockchip/rk3568/temp/micro/dev/install/ament_cmake_export_link_flags:/home/rsl/rt-thread/bsp/rockchip/rk3568/temp/micro/dev/install/ament_cmake_export_interfaces:/home/rsl/rt-thread/bsp/rockchip/rk3568/temp/micro/dev/install/ament_cmake_export_libraries:/home/rsl/rt-thread/bsp/rockchip/rk3568/temp/micro/dev/install/ament_cmake_export_include_directories:/home/rsl/rt-thread/bsp/rockchip/rk3568/temp/micro/dev/install/ament_cmake_export_definitions:/home/rsl/rt-thread/bsp/rockchip/rk3568/temp/micro/dev/install/ament_cmake_core:/home/rsl/rt-thread/bsp/rockchip/rk3568/temp/micro/dev/install/domain_coordinator:/home/rsl/rt-thread/bsp/rockchip/rk3568/temp/micro/dev/install/ament_xmllint:/home/rsl/rt-thread/bsp/rockchip/rk3568/temp/micro/dev/install/ament_uncrustify:/home/rsl/rt-thread/bsp/rockchip/rk3568/temp/micro/dev/install/ament_pyflakes:/home/rsl/rt-thread/bsp/rockchip/rk3568/temp/micro/dev/install/ament_pycodestyle:/home/rsl/rt-thread/bsp/rockchip/rk3568/temp/micro/dev/install/ament_pep257:/home/rsl/rt-thread/bsp/rockchip/rk3568/temp/micro/dev/install/ament_pclint:/home/rsl/rt-thread/bsp/rockchip/rk3568/temp/micro/dev/install/ament_package:/home/rsl/rt-thread/bsp/rockchip/rk3568/temp/micro/dev/install/ament_mypy:/home/rsl/rt-thread/bsp/rockchip/rk3568/temp/micro/dev/install/ament_lint_cmake:/home/rsl/rt-thread/bsp/rockchip/rk3568/temp/micro/dev/install/ament_flake8:/home/rsl/rt-thread/bsp/rockchip/rk3568/temp/micro/dev/install/ament_copyright:/home/rsl/rt-thread/bsp/rockchip/rk3568/temp/micro/dev/install/ament_lint:/home/rsl/rt-thread/bsp/rockchip/rk3568/temp/micro/dev/install/ament_index_python:/home/rsl/rt-thread/bsp/rockchip/rk3568/temp/micro/dev/install/ament_clang_tidy:/home/rsl/rt-thread/bsp/rockchip/rk3568/temp/micro/dev/install/ament_clang_format LD_LIBRARY_PATH=/home/rsl/rt-thread/bsp/rockchip/rk3568/temp/micro/mcu/install/lib PATH=/home/rsl/rt-thread/bsp/rockchip/rk3568/temp/micro/mcu/install/bin:${PATH} PYTHONPATH=/home/rsl/rt-thread/bsp/rockchip/rk3568/temp/micro/mcu/install/lib/python3.8/site-packages:${PYTHONPATH} /usr/bin/cmake --build /home/rsl/rt-thread/bsp/rockchip/rk3568/temp/micro/mcu/build/nav_msgs -- -j24 -l24
[0.275s] Invoking command in '/home/rsl/rt-thread/bsp/rockchip/rk3568/temp/micro/mcu/build/nav_msgs': AMENT_PREFIX_PATH=/home/rsl/rt-thread/bsp/rockchip/rk3568/temp/micro/mcu/install:${AMENT_PREFIX_PATH} CMAKE_PREFIX_PATH=/home/rsl/rt-thread/bsp/rockchip/rk3568/temp/micro/mcu/install:/home/rsl/rt-thread/bsp/rockchip/rk3568/temp/micro/dev/install/ament_cmake_ros:/home/rsl/rt-thread/bsp/rockchip/rk3568/temp/micro/dev/install/ament_cmake_auto:/home/rsl/rt-thread/bsp/rockchip/rk3568/temp/micro/dev/install/ament_cmake_gmock:/home/rsl/rt-thread/bsp/rockchip/rk3568/temp/micro/dev/install/gmock_vendor:/home/rsl/rt-thread/bsp/rockchip/rk3568/temp/micro/dev/install/ament_cmake_gtest:/home/rsl/rt-thread/bsp/rockchip/rk3568/temp/micro/dev/install/gtest_vendor:/home/rsl/rt-thread/bsp/rockchip/rk3568/temp/micro/dev/install/ament_lint_common:/home/rsl/rt-thread/bsp/rockchip/rk3568/temp/micro/dev/install/ament_cmake_xmllint:/home/rsl/rt-thread/bsp/rockchip/rk3568/temp/micro/dev/install/ament_cmake_uncrustify:/home/rsl/rt-thread/bsp/rockchip/rk3568/temp/micro/dev/install/ament_cmake_pyflakes:/home/rsl/rt-thread/bsp/rockchip/rk3568/temp/micro/dev/install/ament_cmake_pycodestyle:/home/rsl/rt-thread/bsp/rockchip/rk3568/temp/micro/dev/install/ament_cmake_pep257:/home/rsl/rt-thread/bsp/rockchip/rk3568/temp/micro/dev/install/ament_cmake_pclint:/home/rsl/rt-thread/bsp/rockchip/rk3568/temp/micro/dev/install/ament_lint_auto:/home/rsl/rt-thread/bsp/rockchip/rk3568/temp/micro/dev/install/ament_cmake:/home/rsl/rt-thread/bsp/rockchip/rk3568/temp/micro/dev/install/ament_cmake_version:/home/rsl/rt-thread/bsp/rockchip/rk3568/temp/micro/dev/install/ament_cmake_vendor_package:/home/rsl/rt-thread/bsp/rockchip/rk3568/temp/micro/dev/install/ament_cmake_pytest:/home/rsl/rt-thread/bsp/rockchip/rk3568/temp/micro/dev/install/ament_cmake_nose:/home/rsl/rt-thread/bsp/rockchip/rk3568/temp/micro/dev/install/ament_cmake_mypy:/home/rsl/rt-thread/bsp/rockchip/rk3568/temp/micro/dev/install/ament_cmake_lint_cmake:/home/rsl/rt-thread/bsp/rockchip/rk3568/temp/micro/dev/install/ament_cmake_google_benchmark:/home/rsl/rt-thread/bsp/rockchip/rk3568/temp/micro/dev/install/ament_cmake_flake8:/home/rsl/rt-thread/bsp/rockchip/rk3568/temp/micro/dev/install/ament_cmake_copyright:/home/rsl/rt-thread/bsp/rockchip/rk3568/temp/micro/dev/install/ament_cmake_clang_tidy:/home/rsl/rt-thread/bsp/rockchip/rk3568/temp/micro/dev/install/ament_cmake_clang_format:/home/rsl/rt-thread/bsp/rockchip/rk3568/temp/micro/dev/install/ament_cmake_test:/home/rsl/rt-thread/bsp/rockchip/rk3568/temp/micro/dev/install/ament_cmake_target_dependencies:/home/rsl/rt-thread/bsp/rockchip/rk3568/temp/micro/dev/install/ament_cmake_python:/home/rsl/rt-thread/bsp/rockchip/rk3568/temp/micro/dev/install/ament_cmake_export_dependencies:/home/rsl/rt-thread/bsp/rockchip/rk3568/temp/micro/dev/install/ament_cmake_libraries:/home/rsl/rt-thread/bsp/rockchip/rk3568/temp/micro/dev/install/ament_cmake_include_directories:/home/rsl/rt-thread/bsp/rockchip/rk3568/temp/micro/dev/install/ament_cmake_gen_version_h:/home/rsl/rt-thread/bsp/rockchip/rk3568/temp/micro/dev/install/ament_cmake_export_targets:/home/rsl/rt-thread/bsp/rockchip/rk3568/temp/micro/dev/install/ament_cmake_export_link_flags:/home/rsl/rt-thread/bsp/rockchip/rk3568/temp/micro/dev/install/ament_cmake_export_interfaces:/home/rsl/rt-thread/bsp/rockchip/rk3568/temp/micro/dev/install/ament_cmake_export_libraries:/home/rsl/rt-thread/bsp/rockchip/rk3568/temp/micro/dev/install/ament_cmake_export_include_directories:/home/rsl/rt-thread/bsp/rockchip/rk3568/temp/micro/dev/install/ament_cmake_export_definitions:/home/rsl/rt-thread/bsp/rockchip/rk3568/temp/micro/dev/install/ament_cmake_core:/home/rsl/rt-thread/bsp/rockchip/rk3568/temp/micro/dev/install/domain_coordinator:/home/rsl/rt-thread/bsp/rockchip/rk3568/temp/micro/dev/install/ament_xmllint:/home/rsl/rt-thread/bsp/rockchip/rk3568/temp/micro/dev/install/ament_uncrustify:/home/rsl/rt-thread/bsp/rockchip/rk3568/temp/micro/dev/install/ament_pyflakes:/home/rsl/rt-thread/bsp/rockchip/rk3568/temp/micro/dev/install/ament_pycodestyle:/home/rsl/rt-thread/bsp/rockchip/rk3568/temp/micro/dev/install/ament_pep257:/home/rsl/rt-thread/bsp/rockchip/rk3568/temp/micro/dev/install/ament_pclint:/home/rsl/rt-thread/bsp/rockchip/rk3568/temp/micro/dev/install/ament_package:/home/rsl/rt-thread/bsp/rockchip/rk3568/temp/micro/dev/install/ament_mypy:/home/rsl/rt-thread/bsp/rockchip/rk3568/temp/micro/dev/install/ament_lint_cmake:/home/rsl/rt-thread/bsp/rockchip/rk3568/temp/micro/dev/install/ament_flake8:/home/rsl/rt-thread/bsp/rockchip/rk3568/temp/micro/dev/install/ament_copyright:/home/rsl/rt-thread/bsp/rockchip/rk3568/temp/micro/dev/install/ament_lint:/home/rsl/rt-thread/bsp/rockchip/rk3568/temp/micro/dev/install/ament_index_python:/home/rsl/rt-thread/bsp/rockchip/rk3568/temp/micro/dev/install/ament_clang_tidy:/home/rsl/rt-thread/bsp/rockchip/rk3568/temp/micro/dev/install/ament_clang_format LD_LIBRARY_PATH=/home/rsl/rt-thread/bsp/rockchip/rk3568/temp/micro/mcu/install/lib PATH=/home/rsl/rt-thread/bsp/rockchip/rk3568/temp/micro/mcu/install/bin:${PATH} PYTHONPATH=/home/rsl/rt-thread/bsp/rockchip/rk3568/temp/micro/mcu/install/lib/python3.8/site-packages:${PYTHONPATH} /usr/bin/cmake --install /home/rsl/rt-thread/bsp/rockchip/rk3568/temp/micro/mcu/build/nav_msgs
[0.291s] -- Install configuration: "Release"
[0.291s] -- Up-to-date: /home/rsl/rt-thread/bsp/rockchip/rk3568/temp/micro/mcu/install/share/ament_index/resource_index/rosidl_interfaces/nav_msgs
[0.291s] -- Up-to-date: /home/rsl/rt-thread/bsp/rockchip/rk3568/temp/micro/mcu/install/include/nav_msgs/nav_msgs
[0.291s] -- Up-to-date: /home/rsl/rt-thread/bsp/rockchip/rk3568/temp/micro/mcu/install/include/nav_msgs/nav_msgs/srv
[0.291s] -- Up-to-date: /home/rsl/rt-thread/bsp/rockchip/rk3568/temp/micro/mcu/install/include/nav_msgs/nav_msgs/srv/get_map.h
[0.291s] -- Up-to-date: /home/rsl/rt-thread/bsp/rockchip/rk3568/temp/micro/mcu/install/include/nav_msgs/nav_msgs/srv/load_map.h
[0.291s] -- Up-to-date: /home/rsl/rt-thread/bsp/rockchip/rk3568/temp/micro/mcu/install/include/nav_msgs/nav_msgs/srv/detail
[0.291s] -- Up-to-date: /home/rsl/rt-thread/bsp/rockchip/rk3568/temp/micro/mcu/install/include/nav_msgs/nav_msgs/srv/detail/load_map__type_support.h
[0.292s] -- Up-to-date: /home/rsl/rt-thread/bsp/rockchip/rk3568/temp/micro/mcu/install/include/nav_msgs/nav_msgs/srv/detail/get_plan__type_support.h
[0.292s] -- Up-to-date: /home/rsl/rt-thread/bsp/rockchip/rk3568/temp/micro/mcu/install/include/nav_msgs/nav_msgs/srv/detail/get_map__struct.h
[0.292s] -- Up-to-date: /home/rsl/rt-thread/bsp/rockchip/rk3568/temp/micro/mcu/install/include/nav_msgs/nav_msgs/srv/detail/get_plan__struct.h
[0.292s] -- Up-to-date: /home/rsl/rt-thread/bsp/rockchip/rk3568/temp/micro/mcu/install/include/nav_msgs/nav_msgs/srv/detail/set_map__struct.h
[0.292s] -- Up-to-date: /home/rsl/rt-thread/bsp/rockchip/rk3568/temp/micro/mcu/install/include/nav_msgs/nav_msgs/srv/detail/get_map__functions.c
[0.292s] -- Up-to-date: /home/rsl/rt-thread/bsp/rockchip/rk3568/temp/micro/mcu/install/include/nav_msgs/nav_msgs/srv/detail/get_map__type_support.h
[0.292s] -- Up-to-date: /home/rsl/rt-thread/bsp/rockchip/rk3568/temp/micro/mcu/install/include/nav_msgs/nav_msgs/srv/detail/set_map__functions.c
[0.292s] -- Up-to-date: /home/rsl/rt-thread/bsp/rockchip/rk3568/temp/micro/mcu/install/include/nav_msgs/nav_msgs/srv/detail/get_map__functions.h
[0.292s] -- Up-to-date: /home/rsl/rt-thread/bsp/rockchip/rk3568/temp/micro/mcu/install/include/nav_msgs/nav_msgs/srv/detail/load_map__functions.c
[0.293s] -- Up-to-date: /home/rsl/rt-thread/bsp/rockchip/rk3568/temp/micro/mcu/install/include/nav_msgs/nav_msgs/srv/detail/load_map__functions.h
[0.293s] -- Up-to-date: /home/rsl/rt-thread/bsp/rockchip/rk3568/temp/micro/mcu/install/include/nav_msgs/nav_msgs/srv/detail/set_map__type_support.h
[0.293s] -- Up-to-date: /home/rsl/rt-thread/bsp/rockchip/rk3568/temp/micro/mcu/install/include/nav_msgs/nav_msgs/srv/detail/set_map__functions.h
[0.293s] -- Up-to-date: /home/rsl/rt-thread/bsp/rockchip/rk3568/temp/micro/mcu/install/include/nav_msgs/nav_msgs/srv/detail/get_plan__functions.h
[0.293s] -- Up-to-date: /home/rsl/rt-thread/bsp/rockchip/rk3568/temp/micro/mcu/install/include/nav_msgs/nav_msgs/srv/detail/get_plan__functions.c
[0.293s] -- Up-to-date: /home/rsl/rt-thread/bsp/rockchip/rk3568/temp/micro/mcu/install/include/nav_msgs/nav_msgs/srv/detail/load_map__struct.h
[0.294s] -- Up-to-date: /home/rsl/rt-thread/bsp/rockchip/rk3568/temp/micro/mcu/install/include/nav_msgs/nav_msgs/srv/get_plan.h
[0.294s] -- Up-to-date: /home/rsl/rt-thread/bsp/rockchip/rk3568/temp/micro/mcu/install/include/nav_msgs/nav_msgs/srv/set_map.h
[0.294s] -- Up-to-date: /home/rsl/rt-thread/bsp/rockchip/rk3568/temp/micro/mcu/install/include/nav_msgs/nav_msgs/msg
[0.294s] -- Up-to-date: /home/rsl/rt-thread/bsp/rockchip/rk3568/temp/micro/mcu/install/include/nav_msgs/nav_msgs/msg/map_meta_data.h
[0.294s] -- Up-to-date: /home/rsl/rt-thread/bsp/rockchip/rk3568/temp/micro/mcu/install/include/nav_msgs/nav_msgs/msg/path.h
[0.294s] -- Up-to-date: /home/rsl/rt-thread/bsp/rockchip/rk3568/temp/micro/mcu/install/include/nav_msgs/nav_msgs/msg/rosidl_generator_c__visibility_control.h
[0.294s] -- Up-to-date: /home/rsl/rt-thread/bsp/rockchip/rk3568/temp/micro/mcu/install/include/nav_msgs/nav_msgs/msg/odometry.h
[0.294s] -- Up-to-date: /home/rsl/rt-thread/bsp/rockchip/rk3568/temp/micro/mcu/install/include/nav_msgs/nav_msgs/msg/grid_cells.h
[0.294s] -- Up-to-date: /home/rsl/rt-thread/bsp/rockchip/rk3568/temp/micro/mcu/install/include/nav_msgs/nav_msgs/msg/goals.h
[0.295s] -- Up-to-date: /home/rsl/rt-thread/bsp/rockchip/rk3568/temp/micro/mcu/install/include/nav_msgs/nav_msgs/msg/detail
[0.295s] -- Up-to-date: /home/rsl/rt-thread/bsp/rockchip/rk3568/temp/micro/mcu/install/include/nav_msgs/nav_msgs/msg/detail/path__struct.h
[0.295s] -- Up-to-date: /home/rsl/rt-thread/bsp/rockchip/rk3568/temp/micro/mcu/install/include/nav_msgs/nav_msgs/msg/detail/odometry__struct.h
[0.295s] -- Up-to-date: /home/rsl/rt-thread/bsp/rockchip/rk3568/temp/micro/mcu/install/include/nav_msgs/nav_msgs/msg/detail/map_meta_data__functions.h
[0.295s] -- Up-to-date: /home/rsl/rt-thread/bsp/rockchip/rk3568/temp/micro/mcu/install/include/nav_msgs/nav_msgs/msg/detail/path__type_support.h
[0.295s] -- Up-to-date: /home/rsl/rt-thread/bsp/rockchip/rk3568/temp/micro/mcu/install/include/nav_msgs/nav_msgs/msg/detail/occupancy_grid__struct.h
[0.295s] -- Up-to-date: /home/rsl/rt-thread/bsp/rockchip/rk3568/temp/micro/mcu/install/include/nav_msgs/nav_msgs/msg/detail/odometry__functions.c
[0.295s] -- Up-to-date: /home/rsl/rt-thread/bsp/rockchip/rk3568/temp/micro/mcu/install/include/nav_msgs/nav_msgs/msg/detail/path__functions.c
[0.295s] -- Up-to-date: /home/rsl/rt-thread/bsp/rockchip/rk3568/temp/micro/mcu/install/include/nav_msgs/nav_msgs/msg/detail/odometry__type_support.h
[0.296s] -- Up-to-date: /home/rsl/rt-thread/bsp/rockchip/rk3568/temp/micro/mcu/install/include/nav_msgs/nav_msgs/msg/detail/grid_cells__functions.c
[0.296s] -- Up-to-date: /home/rsl/rt-thread/bsp/rockchip/rk3568/temp/micro/mcu/install/include/nav_msgs/nav_msgs/msg/detail/goals__functions.h
[0.297s] -- Up-to-date: /home/rsl/rt-thread/bsp/rockchip/rk3568/temp/micro/mcu/install/include/nav_msgs/nav_msgs/msg/detail/map_meta_data__type_support.h
[0.297s] -- Up-to-date: /home/rsl/rt-thread/bsp/rockchip/rk3568/temp/micro/mcu/install/include/nav_msgs/nav_msgs/msg/detail/odometry__functions.h
[0.297s] -- Up-to-date: /home/rsl/rt-thread/bsp/rockchip/rk3568/temp/micro/mcu/install/include/nav_msgs/nav_msgs/msg/detail/grid_cells__functions.h
[0.297s] -- Up-to-date: /home/rsl/rt-thread/bsp/rockchip/rk3568/temp/micro/mcu/install/include/nav_msgs/nav_msgs/msg/detail/grid_cells__struct.h
[0.297s] -- Up-to-date: /home/rsl/rt-thread/bsp/rockchip/rk3568/temp/micro/mcu/install/include/nav_msgs/nav_msgs/msg/detail/map_meta_data__functions.c
[0.298s] -- Up-to-date: /home/rsl/rt-thread/bsp/rockchip/rk3568/temp/micro/mcu/install/include/nav_msgs/nav_msgs/msg/detail/grid_cells__type_support.h
[0.298s] -- Up-to-date: /home/rsl/rt-thread/bsp/rockchip/rk3568/temp/micro/mcu/install/include/nav_msgs/nav_msgs/msg/detail/occupancy_grid__type_support.h
[0.298s] -- Up-to-date: /home/rsl/rt-thread/bsp/rockchip/rk3568/temp/micro/mcu/install/include/nav_msgs/nav_msgs/msg/detail/occupancy_grid__functions.c
[0.298s] -- Up-to-date: /home/rsl/rt-thread/bsp/rockchip/rk3568/temp/micro/mcu/install/include/nav_msgs/nav_msgs/msg/detail/goals__struct.h
[0.298s] -- Up-to-date: /home/rsl/rt-thread/bsp/rockchip/rk3568/temp/micro/mcu/install/include/nav_msgs/nav_msgs/msg/detail/path__functions.h
[0.298s] -- Up-to-date: /home/rsl/rt-thread/bsp/rockchip/rk3568/temp/micro/mcu/install/include/nav_msgs/nav_msgs/msg/detail/occupancy_grid__functions.h
[0.298s] -- Up-to-date: /home/rsl/rt-thread/bsp/rockchip/rk3568/temp/micro/mcu/install/include/nav_msgs/nav_msgs/msg/detail/goals__type_support.h
[0.298s] -- Up-to-date: /home/rsl/rt-thread/bsp/rockchip/rk3568/temp/micro/mcu/install/include/nav_msgs/nav_msgs/msg/detail/goals__functions.c
[0.298s] -- Up-to-date: /home/rsl/rt-thread/bsp/rockchip/rk3568/temp/micro/mcu/install/include/nav_msgs/nav_msgs/msg/detail/map_meta_data__struct.h
[0.298s] -- Up-to-date: /home/rsl/rt-thread/bsp/rockchip/rk3568/temp/micro/mcu/install/include/nav_msgs/nav_msgs/msg/occupancy_grid.h
[0.299s] -- Up-to-date: /home/rsl/rt-thread/bsp/rockchip/rk3568/temp/micro/mcu/install/share/nav_msgs/environment/library_path.sh
[0.299s] -- Up-to-date: /home/rsl/rt-thread/bsp/rockchip/rk3568/temp/micro/mcu/install/share/nav_msgs/environment/library_path.dsv
[0.299s] -- Up-to-date: /home/rsl/rt-thread/bsp/rockchip/rk3568/temp/micro/mcu/install/lib/libnav_msgs__rosidl_generator_c.a
[0.299s] -- Up-to-date: /home/rsl/rt-thread/bsp/rockchip/rk3568/temp/micro/mcu/install/include/nav_msgs/nav_msgs
[0.299s] -- Up-to-date: /home/rsl/rt-thread/bsp/rockchip/rk3568/temp/micro/mcu/install/include/nav_msgs/nav_msgs/srv
[0.300s] -- Up-to-date: /home/rsl/rt-thread/bsp/rockchip/rk3568/temp/micro/mcu/install/include/nav_msgs/nav_msgs/srv/detail
[0.300s] -- Up-to-date: /home/rsl/rt-thread/bsp/rockchip/rk3568/temp/micro/mcu/install/include/nav_msgs/nav_msgs/srv/detail/load_map__type_support.c
[0.301s] -- Up-to-date: /home/rsl/rt-thread/bsp/rockchip/rk3568/temp/micro/mcu/install/include/nav_msgs/nav_msgs/srv/detail/load_map__rosidl_typesupport_introspection_c.h
[0.301s] -- Up-to-date: /home/rsl/rt-thread/bsp/rockchip/rk3568/temp/micro/mcu/install/include/nav_msgs/nav_msgs/srv/detail/get_plan__type_support.c
[0.301s] -- Up-to-date: /home/rsl/rt-thread/bsp/rockchip/rk3568/temp/micro/mcu/install/include/nav_msgs/nav_msgs/srv/detail/get_map__type_support.c
[0.301s] -- Up-to-date: /home/rsl/rt-thread/bsp/rockchip/rk3568/temp/micro/mcu/install/include/nav_msgs/nav_msgs/srv/detail/set_map__type_support.c
[0.301s] -- Up-to-date: /home/rsl/rt-thread/bsp/rockchip/rk3568/temp/micro/mcu/install/include/nav_msgs/nav_msgs/srv/detail/get_plan__rosidl_typesupport_introspection_c.h
[0.301s] -- Up-to-date: /home/rsl/rt-thread/bsp/rockchip/rk3568/temp/micro/mcu/install/include/nav_msgs/nav_msgs/srv/detail/set_map__rosidl_typesupport_introspection_c.h
[0.302s] -- Up-to-date: /home/rsl/rt-thread/bsp/rockchip/rk3568/temp/micro/mcu/install/include/nav_msgs/nav_msgs/srv/detail/get_map__rosidl_typesupport_introspection_c.h
[0.302s] -- Up-to-date: /home/rsl/rt-thread/bsp/rockchip/rk3568/temp/micro/mcu/install/include/nav_msgs/nav_msgs/msg
[0.302s] -- Up-to-date: /home/rsl/rt-thread/bsp/rockchip/rk3568/temp/micro/mcu/install/include/nav_msgs/nav_msgs/msg/rosidl_typesupport_introspection_c__visibility_control.h
[0.302s] -- Up-to-date: /home/rsl/rt-thread/bsp/rockchip/rk3568/temp/micro/mcu/install/include/nav_msgs/nav_msgs/msg/detail
[0.302s] -- Up-to-date: /home/rsl/rt-thread/bsp/rockchip/rk3568/temp/micro/mcu/install/include/nav_msgs/nav_msgs/msg/detail/grid_cells__rosidl_typesupport_introspection_c.h
[0.303s] -- Up-to-date: /home/rsl/rt-thread/bsp/rockchip/rk3568/temp/micro/mcu/install/include/nav_msgs/nav_msgs/msg/detail/odometry__type_support.c
[0.303s] -- Up-to-date: /home/rsl/rt-thread/bsp/rockchip/rk3568/temp/micro/mcu/install/include/nav_msgs/nav_msgs/msg/detail/map_meta_data__type_support.c
[0.303s] -- Up-to-date: /home/rsl/rt-thread/bsp/rockchip/rk3568/temp/micro/mcu/install/include/nav_msgs/nav_msgs/msg/detail/occupancy_grid__type_support.c
[0.303s] -- Up-to-date: /home/rsl/rt-thread/bsp/rockchip/rk3568/temp/micro/mcu/install/include/nav_msgs/nav_msgs/msg/detail/path__rosidl_typesupport_introspection_c.h
[0.303s] -- Up-to-date: /home/rsl/rt-thread/bsp/rockchip/rk3568/temp/micro/mcu/install/include/nav_msgs/nav_msgs/msg/detail/goals__type_support.c
[0.303s] -- Up-to-date: /home/rsl/rt-thread/bsp/rockchip/rk3568/temp/micro/mcu/install/include/nav_msgs/nav_msgs/msg/detail/path__type_support.c
[0.303s] -- Up-to-date: /home/rsl/rt-thread/bsp/rockchip/rk3568/temp/micro/mcu/install/include/nav_msgs/nav_msgs/msg/detail/map_meta_data__rosidl_typesupport_introspection_c.h
[0.303s] -- Up-to-date: /home/rsl/rt-thread/bsp/rockchip/rk3568/temp/micro/mcu/install/include/nav_msgs/nav_msgs/msg/detail/occupancy_grid__rosidl_typesupport_introspection_c.h
[0.304s] -- Up-to-date: /home/rsl/rt-thread/bsp/rockchip/rk3568/temp/micro/mcu/install/include/nav_msgs/nav_msgs/msg/detail/goals__rosidl_typesupport_introspection_c.h
[0.304s] -- Up-to-date: /home/rsl/rt-thread/bsp/rockchip/rk3568/temp/micro/mcu/install/include/nav_msgs/nav_msgs/msg/detail/grid_cells__type_support.c
[0.305s] -- Up-to-date: /home/rsl/rt-thread/bsp/rockchip/rk3568/temp/micro/mcu/install/include/nav_msgs/nav_msgs/msg/detail/odometry__rosidl_typesupport_introspection_c.h
[0.306s] -- Up-to-date: /home/rsl/rt-thread/bsp/rockchip/rk3568/temp/micro/mcu/install/lib/libnav_msgs__rosidl_typesupport_introspection_c.a
[0.306s] -- Up-to-date: /home/rsl/rt-thread/bsp/rockchip/rk3568/temp/micro/mcu/install/include/nav_msgs
[0.306s] -- Up-to-date: /home/rsl/rt-thread/bsp/rockchip/rk3568/temp/micro/mcu/install/include/nav_msgs/srv
[0.306s] -- Up-to-date: /home/rsl/rt-thread/bsp/rockchip/rk3568/temp/micro/mcu/install/include/nav_msgs/srv/detail
[0.306s] -- Up-to-date: /home/rsl/rt-thread/bsp/rockchip/rk3568/temp/micro/mcu/install/include/nav_msgs/srv/detail/load_map__rosidl_typesupport_microxrcedds_c.h
[0.306s] -- Up-to-date: /home/rsl/rt-thread/bsp/rockchip/rk3568/temp/micro/mcu/install/include/nav_msgs/srv/detail/microxrcedds
[0.307s] -- Up-to-date: /home/rsl/rt-thread/bsp/rockchip/rk3568/temp/micro/mcu/install/include/nav_msgs/srv/detail/get_plan__rosidl_typesupport_microxrcedds_c.h
[0.307s] -- Up-to-date: /home/rsl/rt-thread/bsp/rockchip/rk3568/temp/micro/mcu/install/include/nav_msgs/srv/detail/set_map__rosidl_typesupport_microxrcedds_c.h
[0.307s] -- Up-to-date: /home/rsl/rt-thread/bsp/rockchip/rk3568/temp/micro/mcu/install/include/nav_msgs/srv/detail/get_map__rosidl_typesupport_microxrcedds_c.h
[0.307s] -- Up-to-date: /home/rsl/rt-thread/bsp/rockchip/rk3568/temp/micro/mcu/install/include/nav_msgs/msg
[0.307s] -- Up-to-date: /home/rsl/rt-thread/bsp/rockchip/rk3568/temp/micro/mcu/install/include/nav_msgs/msg/detail
[0.307s] -- Up-to-date: /home/rsl/rt-thread/bsp/rockchip/rk3568/temp/micro/mcu/install/include/nav_msgs/msg/detail/microxrcedds
[0.307s] -- Up-to-date: /home/rsl/rt-thread/bsp/rockchip/rk3568/temp/micro/mcu/install/include/nav_msgs/msg/detail/occupancy_grid__rosidl_typesupport_microxrcedds_c.h
[0.307s] -- Up-to-date: /home/rsl/rt-thread/bsp/rockchip/rk3568/temp/micro/mcu/install/include/nav_msgs/msg/detail/map_meta_data__rosidl_typesupport_microxrcedds_c.h
[0.308s] -- Up-to-date: /home/rsl/rt-thread/bsp/rockchip/rk3568/temp/micro/mcu/install/include/nav_msgs/msg/detail/path__rosidl_typesupport_microxrcedds_c.h
[0.308s] -- Up-to-date: /home/rsl/rt-thread/bsp/rockchip/rk3568/temp/micro/mcu/install/include/nav_msgs/msg/detail/goals__rosidl_typesupport_microxrcedds_c.h
[0.308s] -- Up-to-date: /home/rsl/rt-thread/bsp/rockchip/rk3568/temp/micro/mcu/install/include/nav_msgs/msg/detail/odometry__rosidl_typesupport_microxrcedds_c.h
[0.308s] -- Up-to-date: /home/rsl/rt-thread/bsp/rockchip/rk3568/temp/micro/mcu/install/include/nav_msgs/msg/detail/grid_cells__rosidl_typesupport_microxrcedds_c.h
[0.308s] -- Up-to-date: /home/rsl/rt-thread/bsp/rockchip/rk3568/temp/micro/mcu/install/include/nav_msgs/msg/rosidl_typesupport_microxrcedds_c__visibility_control.h
[0.308s] -- Up-to-date: /home/rsl/rt-thread/bsp/rockchip/rk3568/temp/micro/mcu/install/lib/libnav_msgs__rosidl_typesupport_microxrcedds_c.a
[0.308s] -- Up-to-date: /home/rsl/rt-thread/bsp/rockchip/rk3568/temp/micro/mcu/install/lib/libnav_msgs__rosidl_typesupport_c.a
[0.308s] -- Up-to-date: /home/rsl/rt-thread/bsp/rockchip/rk3568/temp/micro/mcu/install/share/nav_msgs/msg/Goals.idl
[0.308s] -- Up-to-date: /home/rsl/rt-thread/bsp/rockchip/rk3568/temp/micro/mcu/install/share/nav_msgs/msg/GridCells.idl
[0.308s] -- Up-to-date: /home/rsl/rt-thread/bsp/rockchip/rk3568/temp/micro/mcu/install/share/nav_msgs/msg/MapMetaData.idl
[0.309s] -- Up-to-date: /home/rsl/rt-thread/bsp/rockchip/rk3568/temp/micro/mcu/install/share/nav_msgs/msg/OccupancyGrid.idl
[0.309s] -- Up-to-date: /home/rsl/rt-thread/bsp/rockchip/rk3568/temp/micro/mcu/install/share/nav_msgs/msg/Odometry.idl
[0.309s] -- Up-to-date: /home/rsl/rt-thread/bsp/rockchip/rk3568/temp/micro/mcu/install/share/nav_msgs/msg/Path.idl
[0.309s] -- Up-to-date: /home/rsl/rt-thread/bsp/rockchip/rk3568/temp/micro/mcu/install/share/nav_msgs/srv/GetMap.idl
[0.310s] -- Up-to-date: /home/rsl/rt-thread/bsp/rockchip/rk3568/temp/micro/mcu/install/share/nav_msgs/srv/GetPlan.idl
[0.310s] -- Up-to-date: /home/rsl/rt-thread/bsp/rockchip/rk3568/temp/micro/mcu/install/share/nav_msgs/srv/LoadMap.idl
[0.310s] -- Up-to-date: /home/rsl/rt-thread/bsp/rockchip/rk3568/temp/micro/mcu/install/share/nav_msgs/srv/SetMap.idl
[0.310s] -- Up-to-date: /home/rsl/rt-thread/bsp/rockchip/rk3568/temp/micro/mcu/install/share/nav_msgs/msg/Goals.msg
[0.310s] -- Up-to-date: /home/rsl/rt-thread/bsp/rockchip/rk3568/temp/micro/mcu/install/share/nav_msgs/msg/GridCells.msg
[0.310s] -- Up-to-date: /home/rsl/rt-thread/bsp/rockchip/rk3568/temp/micro/mcu/install/share/nav_msgs/msg/MapMetaData.msg
[0.310s] -- Up-to-date: /home/rsl/rt-thread/bsp/rockchip/rk3568/temp/micro/mcu/install/share/nav_msgs/msg/OccupancyGrid.msg
[0.311s] -- Up-to-date: /home/rsl/rt-thread/bsp/rockchip/rk3568/temp/micro/mcu/install/share/nav_msgs/msg/Odometry.msg
[0.311s] -- Up-to-date: /home/rsl/rt-thread/bsp/rockchip/rk3568/temp/micro/mcu/install/share/nav_msgs/msg/Path.msg
[0.311s] -- Up-to-date: /home/rsl/rt-thread/bsp/rockchip/rk3568/temp/micro/mcu/install/share/nav_msgs/srv/GetMap.srv
[0.311s] -- Up-to-date: /home/rsl/rt-thread/bsp/rockchip/rk3568/temp/micro/mcu/install/share/nav_msgs/srv/GetMap_Request.msg
[0.311s] -- Up-to-date: /home/rsl/rt-thread/bsp/rockchip/rk3568/temp/micro/mcu/install/share/nav_msgs/srv/GetMap_Response.msg
[0.311s] -- Up-to-date: /home/rsl/rt-thread/bsp/rockchip/rk3568/temp/micro/mcu/install/share/nav_msgs/srv/GetPlan.srv
[0.311s] -- Up-to-date: /home/rsl/rt-thread/bsp/rockchip/rk3568/temp/micro/mcu/install/share/nav_msgs/srv/GetPlan_Request.msg
[0.311s] -- Up-to-date: /home/rsl/rt-thread/bsp/rockchip/rk3568/temp/micro/mcu/install/share/nav_msgs/srv/GetPlan_Response.msg
[0.312s] -- Up-to-date: /home/rsl/rt-thread/bsp/rockchip/rk3568/temp/micro/mcu/install/share/nav_msgs/srv/LoadMap.srv
[0.312s] -- Up-to-date: /home/rsl/rt-thread/bsp/rockchip/rk3568/temp/micro/mcu/install/share/nav_msgs/srv/LoadMap_Request.msg
[0.312s] -- Up-to-date: /home/rsl/rt-thread/bsp/rockchip/rk3568/temp/micro/mcu/install/share/nav_msgs/srv/LoadMap_Response.msg
[0.312s] -- Up-to-date: /home/rsl/rt-thread/bsp/rockchip/rk3568/temp/micro/mcu/install/share/nav_msgs/srv/SetMap.srv
[0.312s] -- Up-to-date: /home/rsl/rt-thread/bsp/rockchip/rk3568/temp/micro/mcu/install/share/nav_msgs/srv/SetMap_Request.msg
[0.312s] -- Up-to-date: /home/rsl/rt-thread/bsp/rockchip/rk3568/temp/micro/mcu/install/share/nav_msgs/srv/SetMap_Response.msg
[0.312s] -- Up-to-date: /home/rsl/rt-thread/bsp/rockchip/rk3568/temp/micro/mcu/install/share/ament_index/resource_index/package_run_dependencies/nav_msgs
[0.312s] -- Up-to-date: /home/rsl/rt-thread/bsp/rockchip/rk3568/temp/micro/mcu/install/share/ament_index/resource_index/parent_prefix_path/nav_msgs
[0.312s] -- Up-to-date: /home/rsl/rt-thread/bsp/rockchip/rk3568/temp/micro/mcu/install/share/nav_msgs/environment/ament_prefix_path.sh
[0.312s] -- Up-to-date: /home/rsl/rt-thread/bsp/rockchip/rk3568/temp/micro/mcu/install/share/nav_msgs/environment/ament_prefix_path.dsv
[0.313s] -- Up-to-date: /home/rsl/rt-thread/bsp/rockchip/rk3568/temp/micro/mcu/install/share/nav_msgs/environment/path.sh
[0.313s] -- Up-to-date: /home/rsl/rt-thread/bsp/rockchip/rk3568/temp/micro/mcu/install/share/nav_msgs/environment/path.dsv
[0.313s] -- Up-to-date: /home/rsl/rt-thread/bsp/rockchip/rk3568/temp/micro/mcu/install/share/nav_msgs/local_setup.bash
[0.313s] -- Up-to-date: /home/rsl/rt-thread/bsp/rockchip/rk3568/temp/micro/mcu/install/share/nav_msgs/local_setup.sh
[0.313s] -- Up-to-date: /home/rsl/rt-thread/bsp/rockchip/rk3568/temp/micro/mcu/install/share/nav_msgs/local_setup.zsh
[0.313s] -- Up-to-date: /home/rsl/rt-thread/bsp/rockchip/rk3568/temp/micro/mcu/install/share/nav_msgs/local_setup.dsv
[0.313s] -- Installing: /home/rsl/rt-thread/bsp/rockchip/rk3568/temp/micro/mcu/install/share/nav_msgs/package.dsv
[0.313s] -- Up-to-date: /home/rsl/rt-thread/bsp/rockchip/rk3568/temp/micro/mcu/install/share/ament_index/resource_index/packages/nav_msgs
[0.313s] -- Up-to-date: /home/rsl/rt-thread/bsp/rockchip/rk3568/temp/micro/mcu/install/share/nav_msgs/cmake/export_nav_msgs__rosidl_generator_cExport.cmake
[0.313s] -- Up-to-date: /home/rsl/rt-thread/bsp/rockchip/rk3568/temp/micro/mcu/install/share/nav_msgs/cmake/export_nav_msgs__rosidl_generator_cExport-release.cmake
[0.314s] -- Up-to-date: /home/rsl/rt-thread/bsp/rockchip/rk3568/temp/micro/mcu/install/share/nav_msgs/cmake/nav_msgs__rosidl_typesupport_introspection_cExport.cmake
[0.314s] -- Up-to-date: /home/rsl/rt-thread/bsp/rockchip/rk3568/temp/micro/mcu/install/share/nav_msgs/cmake/nav_msgs__rosidl_typesupport_introspection_cExport-release.cmake
[0.314s] -- Up-to-date: /home/rsl/rt-thread/bsp/rockchip/rk3568/temp/micro/mcu/install/share/nav_msgs/cmake/nav_msgs__rosidl_typesupport_cExport.cmake
[0.314s] -- Up-to-date: /home/rsl/rt-thread/bsp/rockchip/rk3568/temp/micro/mcu/install/share/nav_msgs/cmake/nav_msgs__rosidl_typesupport_cExport-release.cmake
[0.314s] -- Up-to-date: /home/rsl/rt-thread/bsp/rockchip/rk3568/temp/micro/mcu/install/share/nav_msgs/cmake/rosidl_cmake-extras.cmake
[0.314s] -- Up-to-date: /home/rsl/rt-thread/bsp/rockchip/rk3568/temp/micro/mcu/install/share/nav_msgs/cmake/ament_cmake_export_dependencies-extras.cmake
[0.314s] -- Up-to-date: /home/rsl/rt-thread/bsp/rockchip/rk3568/temp/micro/mcu/install/share/nav_msgs/cmake/ament_cmake_export_include_directories-extras.cmake
[0.315s] -- Up-to-date: /home/rsl/rt-thread/bsp/rockchip/rk3568/temp/micro/mcu/install/share/nav_msgs/cmake/ament_cmake_export_libraries-extras.cmake
[0.315s] -- Up-to-date: /home/rsl/rt-thread/bsp/rockchip/rk3568/temp/micro/mcu/install/share/nav_msgs/cmake/ament_cmake_export_targets-extras.cmake
[0.315s] -- Up-to-date: /home/rsl/rt-thread/bsp/rockchip/rk3568/temp/micro/mcu/install/share/nav_msgs/cmake/rosidl_cmake_export_typesupport_targets-extras.cmake
[0.315s] -- Up-to-date: /home/rsl/rt-thread/bsp/rockchip/rk3568/temp/micro/mcu/install/share/nav_msgs/cmake/rosidl_cmake_export_typesupport_libraries-extras.cmake
[0.315s] -- Up-to-date: /home/rsl/rt-thread/bsp/rockchip/rk3568/temp/micro/mcu/install/share/nav_msgs/cmake/nav_msgsConfig.cmake
[0.315s] -- Up-to-date: /home/rsl/rt-thread/bsp/rockchip/rk3568/temp/micro/mcu/install/share/nav_msgs/cmake/nav_msgsConfig-version.cmake
[0.315s] -- Up-to-date: /home/rsl/rt-thread/bsp/rockchip/rk3568/temp/micro/mcu/install/share/nav_msgs/package.xml
[0.369s] Invoked command in '/home/rsl/rt-thread/bsp/rockchip/rk3568/temp/micro/mcu/build/nav_msgs' returned '0': AMENT_PREFIX_PATH=/home/rsl/rt-thread/bsp/rockchip/rk3568/temp/micro/mcu/install:${AMENT_PREFIX_PATH} CMAKE_PREFIX_PATH=/home/rsl/rt-thread/bsp/rockchip/rk3568/temp/micro/mcu/install:/home/rsl/rt-thread/bsp/rockchip/rk3568/temp/micro/dev/install/ament_cmake_ros:/home/rsl/rt-thread/bsp/rockchip/rk3568/temp/micro/dev/install/ament_cmake_auto:/home/rsl/rt-thread/bsp/rockchip/rk3568/temp/micro/dev/install/ament_cmake_gmock:/home/rsl/rt-thread/bsp/rockchip/rk3568/temp/micro/dev/install/gmock_vendor:/home/rsl/rt-thread/bsp/rockchip/rk3568/temp/micro/dev/install/ament_cmake_gtest:/home/rsl/rt-thread/bsp/rockchip/rk3568/temp/micro/dev/install/gtest_vendor:/home/rsl/rt-thread/bsp/rockchip/rk3568/temp/micro/dev/install/ament_lint_common:/home/rsl/rt-thread/bsp/rockchip/rk3568/temp/micro/dev/install/ament_cmake_xmllint:/home/rsl/rt-thread/bsp/rockchip/rk3568/temp/micro/dev/install/ament_cmake_uncrustify:/home/rsl/rt-thread/bsp/rockchip/rk3568/temp/micro/dev/install/ament_cmake_pyflakes:/home/rsl/rt-thread/bsp/rockchip/rk3568/temp/micro/dev/install/ament_cmake_pycodestyle:/home/rsl/rt-thread/bsp/rockchip/rk3568/temp/micro/dev/install/ament_cmake_pep257:/home/rsl/rt-thread/bsp/rockchip/rk3568/temp/micro/dev/install/ament_cmake_pclint:/home/rsl/rt-thread/bsp/rockchip/rk3568/temp/micro/dev/install/ament_lint_auto:/home/rsl/rt-thread/bsp/rockchip/rk3568/temp/micro/dev/install/ament_cmake:/home/rsl/rt-thread/bsp/rockchip/rk3568/temp/micro/dev/install/ament_cmake_version:/home/rsl/rt-thread/bsp/rockchip/rk3568/temp/micro/dev/install/ament_cmake_vendor_package:/home/rsl/rt-thread/bsp/rockchip/rk3568/temp/micro/dev/install/ament_cmake_pytest:/home/rsl/rt-thread/bsp/rockchip/rk3568/temp/micro/dev/install/ament_cmake_nose:/home/rsl/rt-thread/bsp/rockchip/rk3568/temp/micro/dev/install/ament_cmake_mypy:/home/rsl/rt-thread/bsp/rockchip/rk3568/temp/micro/dev/install/ament_cmake_lint_cmake:/home/rsl/rt-thread/bsp/rockchip/rk3568/temp/micro/dev/install/ament_cmake_google_benchmark:/home/rsl/rt-thread/bsp/rockchip/rk3568/temp/micro/dev/install/ament_cmake_flake8:/home/rsl/rt-thread/bsp/rockchip/rk3568/temp/micro/dev/install/ament_cmake_copyright:/home/rsl/rt-thread/bsp/rockchip/rk3568/temp/micro/dev/install/ament_cmake_clang_tidy:/home/rsl/rt-thread/bsp/rockchip/rk3568/temp/micro/dev/install/ament_cmake_clang_format:/home/rsl/rt-thread/bsp/rockchip/rk3568/temp/micro/dev/install/ament_cmake_test:/home/rsl/rt-thread/bsp/rockchip/rk3568/temp/micro/dev/install/ament_cmake_target_dependencies:/home/rsl/rt-thread/bsp/rockchip/rk3568/temp/micro/dev/install/ament_cmake_python:/home/rsl/rt-thread/bsp/rockchip/rk3568/temp/micro/dev/install/ament_cmake_export_dependencies:/home/rsl/rt-thread/bsp/rockchip/rk3568/temp/micro/dev/install/ament_cmake_libraries:/home/rsl/rt-thread/bsp/rockchip/rk3568/temp/micro/dev/install/ament_cmake_include_directories:/home/rsl/rt-thread/bsp/rockchip/rk3568/temp/micro/dev/install/ament_cmake_gen_version_h:/home/rsl/rt-thread/bsp/rockchip/rk3568/temp/micro/dev/install/ament_cmake_export_targets:/home/rsl/rt-thread/bsp/rockchip/rk3568/temp/micro/dev/install/ament_cmake_export_link_flags:/home/rsl/rt-thread/bsp/rockchip/rk3568/temp/micro/dev/install/ament_cmake_export_interfaces:/home/rsl/rt-thread/bsp/rockchip/rk3568/temp/micro/dev/install/ament_cmake_export_libraries:/home/rsl/rt-thread/bsp/rockchip/rk3568/temp/micro/dev/install/ament_cmake_export_include_directories:/home/rsl/rt-thread/bsp/rockchip/rk3568/temp/micro/dev/install/ament_cmake_export_definitions:/home/rsl/rt-thread/bsp/rockchip/rk3568/temp/micro/dev/install/ament_cmake_core:/home/rsl/rt-thread/bsp/rockchip/rk3568/temp/micro/dev/install/domain_coordinator:/home/rsl/rt-thread/bsp/rockchip/rk3568/temp/micro/dev/install/ament_xmllint:/home/rsl/rt-thread/bsp/rockchip/rk3568/temp/micro/dev/install/ament_uncrustify:/home/rsl/rt-thread/bsp/rockchip/rk3568/temp/micro/dev/install/ament_pyflakes:/home/rsl/rt-thread/bsp/rockchip/rk3568/temp/micro/dev/install/ament_pycodestyle:/home/rsl/rt-thread/bsp/rockchip/rk3568/temp/micro/dev/install/ament_pep257:/home/rsl/rt-thread/bsp/rockchip/rk3568/temp/micro/dev/install/ament_pclint:/home/rsl/rt-thread/bsp/rockchip/rk3568/temp/micro/dev/install/ament_package:/home/rsl/rt-thread/bsp/rockchip/rk3568/temp/micro/dev/install/ament_mypy:/home/rsl/rt-thread/bsp/rockchip/rk3568/temp/micro/dev/install/ament_lint_cmake:/home/rsl/rt-thread/bsp/rockchip/rk3568/temp/micro/dev/install/ament_flake8:/home/rsl/rt-thread/bsp/rockchip/rk3568/temp/micro/dev/install/ament_copyright:/home/rsl/rt-thread/bsp/rockchip/rk3568/temp/micro/dev/install/ament_lint:/home/rsl/rt-thread/bsp/rockchip/rk3568/temp/micro/dev/install/ament_index_python:/home/rsl/rt-thread/bsp/rockchip/rk3568/temp/micro/dev/install/ament_clang_tidy:/home/rsl/rt-thread/bsp/rockchip/rk3568/temp/micro/dev/install/ament_clang_format LD_LIBRARY_PATH=/home/rsl/rt-thread/bsp/rockchip/rk3568/temp/micro/mcu/install/lib PATH=/home/rsl/rt-thread/bsp/rockchip/rk3568/temp/micro/mcu/install/bin:${PATH} PYTHONPATH=/home/rsl/rt-thread/bsp/rockchip/rk3568/temp/micro/mcu/install/lib/python3.8/site-packages:${PYTHONPATH} /usr/bin/cmake --install /home/rsl/rt-thread/bsp/rockchip/rk3568/temp/micro/mcu/build/nav_msgs
