/usr/bin/cmake -S/home/rsl/rt-thread/bsp/rockchip/rk3568/temp/micro/mcu/src/rclc/rclc_parameter -B/home/rsl/rt-thread/bsp/rockchip/rk3568/temp/micro/mcu/build/rclc_parameter --check-build-system CMakeFiles/Makefile.cmake 0
/usr/bin/cmake -E cmake_progress_start /home/rsl/rt-thread/bsp/rockchip/rk3568/temp/micro/mcu/build/rclc_parameter/CMakeFiles /home/rsl/rt-thread/bsp/rockchip/rk3568/temp/micro/mcu/build/rclc_parameter//CMakeFiles/progress.marks
/usr/bin/make  -f CMakeFiles/Makefile2 all
make[1]: Entering directory '/home/rsl/rt-thread/bsp/rockchip/rk3568/temp/micro/mcu/build/rclc_parameter'
/usr/bin/make  -f CMakeFiles/rclc_parameter.dir/build.make CMakeFiles/rclc_parameter.dir/depend
make[2]: Entering directory '/home/rsl/rt-thread/bsp/rockchip/rk3568/temp/micro/mcu/build/rclc_parameter'
cd /home/rsl/rt-thread/bsp/rockchip/rk3568/temp/micro/mcu/build/rclc_parameter && /usr/bin/cmake -E cmake_depends "Unix Makefiles" /home/rsl/rt-thread/bsp/rockchip/rk3568/temp/micro/mcu/src/rclc/rclc_parameter /home/rsl/rt-thread/bsp/rockchip/rk3568/temp/micro/mcu/src/rclc/rclc_parameter /home/rsl/rt-thread/bsp/rockchip/rk3568/temp/micro/mcu/build/rclc_parameter /home/rsl/rt-thread/bsp/rockchip/rk3568/temp/micro/mcu/build/rclc_parameter /home/rsl/rt-thread/bsp/rockchip/rk3568/temp/micro/mcu/build/rclc_parameter/CMakeFiles/rclc_parameter.dir/DependInfo.cmake "--color="
make[2]: Leaving directory '/home/rsl/rt-thread/bsp/rockchip/rk3568/temp/micro/mcu/build/rclc_parameter'
/usr/bin/make  -f CMakeFiles/rclc_parameter.dir/build.make CMakeFiles/rclc_parameter.dir/build
make[2]: Entering directory '/home/rsl/rt-thread/bsp/rockchip/rk3568/temp/micro/mcu/build/rclc_parameter'
[ 66%] [32mBuilding C object CMakeFiles/rclc_parameter.dir/src/rclc_parameter/parameter_utils.c.obj[0m
[ 66%] [32mBuilding C object CMakeFiles/rclc_parameter.dir/src/rclc_parameter/parameter_server.c.obj[0m
/home/rsl/gcc-arm-10.3-2021.07-x86_64-aarch64-none-elf/bin/aarch64-none-elf-gcc -DRCLC_PARAMETER_BUILDING_LIBRARY -DRCLC_PARAMETER_MAX_STRING_LENGTH=50 -I/home/rsl/rt-thread/bsp/rockchip/rk3568/temp/micro/mcu/src/rclc/rclc_parameter/include -I/home/rsl/rt-thread/bsp/rockchip/rk3568/temp/micro/mcu/src/rclc/rclc_parameter/src -isystem /home/rsl/rt-thread/bsp/rockchip/rk3568/temp/micro/mcu/install/include/rcl -isystem /home/rsl/rt-thread/bsp/rockchip/rk3568/temp/micro/mcu/install/include -isystem /home/rsl/rt-thread/bsp/rockchip/rk3568/temp/micro/mcu/install/include/rosidl_typesupport_interface -isystem /home/rsl/rt-thread/bsp/rockchip/rk3568/temp/micro/mcu/install/include/rcutils -isystem /home/rsl/rt-thread/bsp/rockchip/rk3568/temp/micro/mcu/install/include/builtin_interfaces -isystem /home/rsl/rt-thread/bsp/rockchip/rk3568/temp/micro/mcu/install/include/rcl_interfaces -isystem /home/rsl/rt-thread/bsp/rockchip/rk3568/temp/micro/mcu/install/include/rosidl_runtime_c -isystem /home/rsl/rt-thread/bsp/rockchip/rk3568/temp/micro/mcu/install/include/rosidl_typesupport_introspection_c -isystem /home/rsl/rt-thread/bsp/rockchip/rk3568/temp/micro/mcu/install/include/rcl_logging_interface -isystem /home/rsl/rt-thread/bsp/rockchip/rk3568/temp/micro/mcu/install/include/rmw -isystem /home/rsl/rt-thread/bsp/rockchip/rk3568/temp/micro/mcu/install/include/tracetools -isystem /home/rsl/rt-thread/bsp/rockchip/rk3568/temp/micro/mcu/install/include/rcl_action -isystem /home/rsl/rt-thread/bsp/rockchip/rk3568/temp/micro/mcu/install/include/action_msgs -isystem /home/rsl/rt-thread/bsp/rockchip/rk3568/temp/micro/mcu/install/include/unique_identifier_msgs -std=c11 -O2 -mcpu=cortex-a55+simd -ffunction-sections -fdata-sections -nostdlib --param max-inline-insns-single=500  -fno-exceptions -mlittle-endian -mcmodel=small  -DCLOCK_MONOTONIC=0 -D'__attribute__(x)=' -O3 -DNDEBUG -std=gnu11 -Wall -Wextra -Wpedantic -MD -MT CMakeFiles/rclc_parameter.dir/src/rclc_parameter/parameter_utils.c.obj -MF CMakeFiles/rclc_parameter.dir/src/rclc_parameter/parameter_utils.c.obj.d -o CMakeFiles/rclc_parameter.dir/src/rclc_parameter/parameter_utils.c.obj -c /home/rsl/rt-thread/bsp/rockchip/rk3568/temp/micro/mcu/src/rclc/rclc_parameter/src/rclc_parameter/parameter_utils.c
/home/rsl/gcc-arm-10.3-2021.07-x86_64-aarch64-none-elf/bin/aarch64-none-elf-gcc -DRCLC_PARAMETER_BUILDING_LIBRARY -DRCLC_PARAMETER_MAX_STRING_LENGTH=50 -I/home/rsl/rt-thread/bsp/rockchip/rk3568/temp/micro/mcu/src/rclc/rclc_parameter/include -I/home/rsl/rt-thread/bsp/rockchip/rk3568/temp/micro/mcu/src/rclc/rclc_parameter/src -isystem /home/rsl/rt-thread/bsp/rockchip/rk3568/temp/micro/mcu/install/include/rcl -isystem /home/rsl/rt-thread/bsp/rockchip/rk3568/temp/micro/mcu/install/include -isystem /home/rsl/rt-thread/bsp/rockchip/rk3568/temp/micro/mcu/install/include/rosidl_typesupport_interface -isystem /home/rsl/rt-thread/bsp/rockchip/rk3568/temp/micro/mcu/install/include/rcutils -isystem /home/rsl/rt-thread/bsp/rockchip/rk3568/temp/micro/mcu/install/include/builtin_interfaces -isystem /home/rsl/rt-thread/bsp/rockchip/rk3568/temp/micro/mcu/install/include/rcl_interfaces -isystem /home/rsl/rt-thread/bsp/rockchip/rk3568/temp/micro/mcu/install/include/rosidl_runtime_c -isystem /home/rsl/rt-thread/bsp/rockchip/rk3568/temp/micro/mcu/install/include/rosidl_typesupport_introspection_c -isystem /home/rsl/rt-thread/bsp/rockchip/rk3568/temp/micro/mcu/install/include/rcl_logging_interface -isystem /home/rsl/rt-thread/bsp/rockchip/rk3568/temp/micro/mcu/install/include/rmw -isystem /home/rsl/rt-thread/bsp/rockchip/rk3568/temp/micro/mcu/install/include/tracetools -isystem /home/rsl/rt-thread/bsp/rockchip/rk3568/temp/micro/mcu/install/include/rcl_action -isystem /home/rsl/rt-thread/bsp/rockchip/rk3568/temp/micro/mcu/install/include/action_msgs -isystem /home/rsl/rt-thread/bsp/rockchip/rk3568/temp/micro/mcu/install/include/unique_identifier_msgs -std=c11 -O2 -mcpu=cortex-a55+simd -ffunction-sections -fdata-sections -nostdlib --param max-inline-insns-single=500  -fno-exceptions -mlittle-endian -mcmodel=small  -DCLOCK_MONOTONIC=0 -D'__attribute__(x)=' -O3 -DNDEBUG -std=gnu11 -Wall -Wextra -Wpedantic -MD -MT CMakeFiles/rclc_parameter.dir/src/rclc_parameter/parameter_server.c.obj -MF CMakeFiles/rclc_parameter.dir/src/rclc_parameter/parameter_server.c.obj.d -o CMakeFiles/rclc_parameter.dir/src/rclc_parameter/parameter_server.c.obj -c /home/rsl/rt-thread/bsp/rockchip/rk3568/temp/micro/mcu/src/rclc/rclc_parameter/src/rclc_parameter/parameter_server.c
[100%] [32m[1mLinking CXX static library librclc_parameter.a[0m
/usr/bin/cmake -P CMakeFiles/rclc_parameter.dir/cmake_clean_target.cmake
/usr/bin/cmake -E cmake_link_script CMakeFiles/rclc_parameter.dir/link.txt --verbose=1
/home/rsl/gcc-arm-10.3-2021.07-x86_64-aarch64-none-elf/bin/aarch64-none-elf-ar qc librclc_parameter.a CMakeFiles/rclc_parameter.dir/src/rclc_parameter/parameter_server.c.obj CMakeFiles/rclc_parameter.dir/src/rclc_parameter/parameter_utils.c.obj
/home/rsl/gcc-arm-10.3-2021.07-x86_64-aarch64-none-elf/bin/aarch64-none-elf-ranlib librclc_parameter.a
make[2]: Leaving directory '/home/rsl/rt-thread/bsp/rockchip/rk3568/temp/micro/mcu/build/rclc_parameter'
[100%] Built target rclc_parameter
make[1]: Leaving directory '/home/rsl/rt-thread/bsp/rockchip/rk3568/temp/micro/mcu/build/rclc_parameter'
/usr/bin/cmake -E cmake_progress_start /home/rsl/rt-thread/bsp/rockchip/rk3568/temp/micro/mcu/build/rclc_parameter/CMakeFiles 0
-- Install configuration: "Release"
-- Installing: /home/rsl/rt-thread/bsp/rockchip/rk3568/temp/micro/mcu/install/lib/librclc_parameter.a
-- Up-to-date: /home/rsl/rt-thread/bsp/rockchip/rk3568/temp/micro/mcu/install/include
-- Up-to-date: /home/rsl/rt-thread/bsp/rockchip/rk3568/temp/micro/mcu/install/include/rclc_parameter
-- Up-to-date: /home/rsl/rt-thread/bsp/rockchip/rk3568/temp/micro/mcu/install/include/rclc_parameter/rclc_parameter.h
-- Up-to-date: /home/rsl/rt-thread/bsp/rockchip/rk3568/temp/micro/mcu/install/include/rclc_parameter/visibility_control.h
-- Up-to-date: /home/rsl/rt-thread/bsp/rockchip/rk3568/temp/micro/mcu/install/share/rclc_parameter/environment/library_path.sh
-- Up-to-date: /home/rsl/rt-thread/bsp/rockchip/rk3568/temp/micro/mcu/install/share/rclc_parameter/environment/library_path.dsv
-- Up-to-date: /home/rsl/rt-thread/bsp/rockchip/rk3568/temp/micro/mcu/install/share/ament_index/resource_index/package_run_dependencies/rclc_parameter
-- Up-to-date: /home/rsl/rt-thread/bsp/rockchip/rk3568/temp/micro/mcu/install/share/ament_index/resource_index/parent_prefix_path/rclc_parameter
-- Up-to-date: /home/rsl/rt-thread/bsp/rockchip/rk3568/temp/micro/mcu/install/share/rclc_parameter/environment/ament_prefix_path.sh
-- Up-to-date: /home/rsl/rt-thread/bsp/rockchip/rk3568/temp/micro/mcu/install/share/rclc_parameter/environment/ament_prefix_path.dsv
-- Up-to-date: /home/rsl/rt-thread/bsp/rockchip/rk3568/temp/micro/mcu/install/share/rclc_parameter/environment/path.sh
-- Up-to-date: /home/rsl/rt-thread/bsp/rockchip/rk3568/temp/micro/mcu/install/share/rclc_parameter/environment/path.dsv
-- Up-to-date: /home/rsl/rt-thread/bsp/rockchip/rk3568/temp/micro/mcu/install/share/rclc_parameter/local_setup.bash
-- Up-to-date: /home/rsl/rt-thread/bsp/rockchip/rk3568/temp/micro/mcu/install/share/rclc_parameter/local_setup.sh
-- Up-to-date: /home/rsl/rt-thread/bsp/rockchip/rk3568/temp/micro/mcu/install/share/rclc_parameter/local_setup.zsh
-- Up-to-date: /home/rsl/rt-thread/bsp/rockchip/rk3568/temp/micro/mcu/install/share/rclc_parameter/local_setup.dsv
-- Installing: /home/rsl/rt-thread/bsp/rockchip/rk3568/temp/micro/mcu/install/share/rclc_parameter/package.dsv
-- Up-to-date: /home/rsl/rt-thread/bsp/rockchip/rk3568/temp/micro/mcu/install/share/ament_index/resource_index/packages/rclc_parameter
-- Up-to-date: /home/rsl/rt-thread/bsp/rockchip/rk3568/temp/micro/mcu/install/share/rclc_parameter/cmake/rclc_parameterExport.cmake
-- Up-to-date: /home/rsl/rt-thread/bsp/rockchip/rk3568/temp/micro/mcu/install/share/rclc_parameter/cmake/rclc_parameterExport-release.cmake
-- Up-to-date: /home/rsl/rt-thread/bsp/rockchip/rk3568/temp/micro/mcu/install/share/rclc_parameter/cmake/ament_cmake_export_include_directories-extras.cmake
-- Up-to-date: /home/rsl/rt-thread/bsp/rockchip/rk3568/temp/micro/mcu/install/share/rclc_parameter/cmake/ament_cmake_export_libraries-extras.cmake
-- Up-to-date: /home/rsl/rt-thread/bsp/rockchip/rk3568/temp/micro/mcu/install/share/rclc_parameter/cmake/ament_cmake_export_targets-extras.cmake
-- Up-to-date: /home/rsl/rt-thread/bsp/rockchip/rk3568/temp/micro/mcu/install/share/rclc_parameter/cmake/ament_cmake_export_dependencies-extras.cmake
-- Up-to-date: /home/rsl/rt-thread/bsp/rockchip/rk3568/temp/micro/mcu/install/share/rclc_parameter/cmake/rclc_parameterConfig.cmake
-- Up-to-date: /home/rsl/rt-thread/bsp/rockchip/rk3568/temp/micro/mcu/install/share/rclc_parameter/cmake/rclc_parameterConfig-version.cmake
-- Up-to-date: /home/rsl/rt-thread/bsp/rockchip/rk3568/temp/micro/mcu/install/share/rclc_parameter/package.xml
