[0.081s] Invoking command in '/home/rsl/rt-thread/bsp/rockchip/rk3568/temp/micro/mcu/build/rcutils': CMAKE_PREFIX_PATH=${CMAKE_PREFIX_PATH}:/home/rsl/rt-thread/bsp/rockchip/rk3568/temp/micro/dev/install/domain_coordinator:/home/rsl/rt-thread/bsp/rockchip/rk3568/temp/micro/dev/install/ament_xmllint:/home/rsl/rt-thread/bsp/rockchip/rk3568/temp/micro/dev/install/ament_uncrustify:/home/rsl/rt-thread/bsp/rockchip/rk3568/temp/micro/dev/install/ament_pyflakes:/home/rsl/rt-thread/bsp/rockchip/rk3568/temp/micro/dev/install/ament_pycodestyle:/home/rsl/rt-thread/bsp/rockchip/rk3568/temp/micro/dev/install/ament_pep257:/home/rsl/rt-thread/bsp/rockchip/rk3568/temp/micro/dev/install/ament_pclint:/home/rsl/rt-thread/bsp/rockchip/rk3568/temp/micro/dev/install/ament_package:/home/rsl/rt-thread/bsp/rockchip/rk3568/temp/micro/dev/install/ament_mypy:/home/rsl/rt-thread/bsp/rockchip/rk3568/temp/micro/dev/install/ament_lint_cmake:/home/rsl/rt-thread/bsp/rockchip/rk3568/temp/micro/dev/install/ament_flake8:/home/rsl/rt-thread/bsp/rockchip/rk3568/temp/micro/dev/install/ament_copyright:/home/rsl/rt-thread/bsp/rockchip/rk3568/temp/micro/dev/install/ament_lint:/home/rsl/rt-thread/bsp/rockchip/rk3568/temp/micro/dev/install/ament_index_python:/home/rsl/rt-thread/bsp/rockchip/rk3568/temp/micro/dev/install/ament_clang_tidy:/home/rsl/rt-thread/bsp/rockchip/rk3568/temp/micro/dev/install/ament_clang_format /usr/bin/cmake --build /home/rsl/rt-thread/bsp/rockchip/rk3568/temp/micro/mcu/build/rcutils -- -j24 -l24
[0.688s] [  0%] Built target ament_cmake_python_copy_rcutils
[0.688s] [  3%] [32mBuilding C object CMakeFiles/rcutils.dir/src/time_unix.c.obj[0m
[0.689s] [  6%] [32m[1mLinking C static library librcutils.a[0m
[0.689s] [100%] Built target rcutils
[0.689s] running egg_info
[0.689s] writing rcutils.egg-info/PKG-INFO
[0.689s] writing dependency_links to rcutils.egg-info/dependency_links.txt
[0.689s] writing top-level names to rcutils.egg-info/top_level.txt
[0.690s] reading manifest file 'rcutils.egg-info/SOURCES.txt'
[0.690s] writing manifest file 'rcutils.egg-info/SOURCES.txt'
[0.690s] [100%] Built target ament_cmake_python_build_rcutils_egg
[0.690s] [01m[K/home/rsl/rt-thread/bsp/rockchip/rk3568/temp/micro/mcu/src/rcutils/src/time_unix.c:52:4:[m[K [01;35m[Kwarning: [m[K#warning is a GCC extension
[0.690s]    52 | #  [01;35m[Kwarning[m[K no monotonic clock function available
[0.690s]       |    [01;35m[K^~~~~~~[m[K
[0.690s] [01m[K/home/rsl/rt-thread/bsp/rockchip/rk3568/temp/micro/mcu/src/rcutils/src/time_unix.c:52:4:[m[K [01;35m[Kwarning: [m[K#warning no monotonic clock function available [[01;35m[K-Wcpp[m[K]
[0.690s] [01m[K/home/rsl/rt-thread/bsp/rockchip/rk3568/temp/micro/mcu/src/rcutils/src/time_unix.c:[m[K In function '[01m[Krcutils_system_time_now[m[K':
[0.691s] [01m[K/home/rsl/rt-thread/bsp/rockchip/rk3568/temp/micro/mcu/src/rcutils/src/time_unix.c:74:3:[m[K [01;35m[Kwarning: [m[Kimplicit declaration of function '[01m[Kclock_gettime[m[K' [[01;35m[K-Wimplicit-function-declaration[m[K]
[0.691s]    74 |   [01;35m[Kclock_gettime[m[K(CLOCK_REALTIME, &timespec_now);
[0.691s]       |   [01;35m[K^~~~~~~~~~~~~[m[K
[0.695s] Invoked command in '/home/rsl/rt-thread/bsp/rockchip/rk3568/temp/micro/mcu/build/rcutils' returned '0': CMAKE_PREFIX_PATH=${CMAKE_PREFIX_PATH}:/home/rsl/rt-thread/bsp/rockchip/rk3568/temp/micro/dev/install/domain_coordinator:/home/rsl/rt-thread/bsp/rockchip/rk3568/temp/micro/dev/install/ament_xmllint:/home/rsl/rt-thread/bsp/rockchip/rk3568/temp/micro/dev/install/ament_uncrustify:/home/rsl/rt-thread/bsp/rockchip/rk3568/temp/micro/dev/install/ament_pyflakes:/home/rsl/rt-thread/bsp/rockchip/rk3568/temp/micro/dev/install/ament_pycodestyle:/home/rsl/rt-thread/bsp/rockchip/rk3568/temp/micro/dev/install/ament_pep257:/home/rsl/rt-thread/bsp/rockchip/rk3568/temp/micro/dev/install/ament_pclint:/home/rsl/rt-thread/bsp/rockchip/rk3568/temp/micro/dev/install/ament_package:/home/rsl/rt-thread/bsp/rockchip/rk3568/temp/micro/dev/install/ament_mypy:/home/rsl/rt-thread/bsp/rockchip/rk3568/temp/micro/dev/install/ament_lint_cmake:/home/rsl/rt-thread/bsp/rockchip/rk3568/temp/micro/dev/install/ament_flake8:/home/rsl/rt-thread/bsp/rockchip/rk3568/temp/micro/dev/install/ament_copyright:/home/rsl/rt-thread/bsp/rockchip/rk3568/temp/micro/dev/install/ament_lint:/home/rsl/rt-thread/bsp/rockchip/rk3568/temp/micro/dev/install/ament_index_python:/home/rsl/rt-thread/bsp/rockchip/rk3568/temp/micro/dev/install/ament_clang_tidy:/home/rsl/rt-thread/bsp/rockchip/rk3568/temp/micro/dev/install/ament_clang_format /usr/bin/cmake --build /home/rsl/rt-thread/bsp/rockchip/rk3568/temp/micro/mcu/build/rcutils -- -j24 -l24
[0.703s] Invoking command in '/home/rsl/rt-thread/bsp/rockchip/rk3568/temp/micro/mcu/build/rcutils': CMAKE_PREFIX_PATH=${CMAKE_PREFIX_PATH}:/home/rsl/rt-thread/bsp/rockchip/rk3568/temp/micro/dev/install/domain_coordinator:/home/rsl/rt-thread/bsp/rockchip/rk3568/temp/micro/dev/install/ament_xmllint:/home/rsl/rt-thread/bsp/rockchip/rk3568/temp/micro/dev/install/ament_uncrustify:/home/rsl/rt-thread/bsp/rockchip/rk3568/temp/micro/dev/install/ament_pyflakes:/home/rsl/rt-thread/bsp/rockchip/rk3568/temp/micro/dev/install/ament_pycodestyle:/home/rsl/rt-thread/bsp/rockchip/rk3568/temp/micro/dev/install/ament_pep257:/home/rsl/rt-thread/bsp/rockchip/rk3568/temp/micro/dev/install/ament_pclint:/home/rsl/rt-thread/bsp/rockchip/rk3568/temp/micro/dev/install/ament_package:/home/rsl/rt-thread/bsp/rockchip/rk3568/temp/micro/dev/install/ament_mypy:/home/rsl/rt-thread/bsp/rockchip/rk3568/temp/micro/dev/install/ament_lint_cmake:/home/rsl/rt-thread/bsp/rockchip/rk3568/temp/micro/dev/install/ament_flake8:/home/rsl/rt-thread/bsp/rockchip/rk3568/temp/micro/dev/install/ament_copyright:/home/rsl/rt-thread/bsp/rockchip/rk3568/temp/micro/dev/install/ament_lint:/home/rsl/rt-thread/bsp/rockchip/rk3568/temp/micro/dev/install/ament_index_python:/home/rsl/rt-thread/bsp/rockchip/rk3568/temp/micro/dev/install/ament_clang_tidy:/home/rsl/rt-thread/bsp/rockchip/rk3568/temp/micro/dev/install/ament_clang_format /usr/bin/cmake --install /home/rsl/rt-thread/bsp/rockchip/rk3568/temp/micro/mcu/build/rcutils
[0.730s] -- Install configuration: "Release"
[0.730s] -- Up-to-date: /home/rsl/rt-thread/bsp/rockchip/rk3568/temp/micro/mcu/install/share/rcutils/environment/pythonpath.sh
[0.730s] -- Up-to-date: /home/rsl/rt-thread/bsp/rockchip/rk3568/temp/micro/mcu/install/share/rcutils/environment/pythonpath.dsv
[0.730s] -- Up-to-date: /home/rsl/rt-thread/bsp/rockchip/rk3568/temp/micro/mcu/install/lib/python3.8/site-packages/rcutils-5.1.6-py3.8.egg-info
[0.730s] -- Installing: /home/rsl/rt-thread/bsp/rockchip/rk3568/temp/micro/mcu/install/lib/python3.8/site-packages/rcutils-5.1.6-py3.8.egg-info/dependency_links.txt
[0.731s] -- Installing: /home/rsl/rt-thread/bsp/rockchip/rk3568/temp/micro/mcu/install/lib/python3.8/site-packages/rcutils-5.1.6-py3.8.egg-info/top_level.txt
[0.731s] -- Installing: /home/rsl/rt-thread/bsp/rockchip/rk3568/temp/micro/mcu/install/lib/python3.8/site-packages/rcutils-5.1.6-py3.8.egg-info/PKG-INFO
[0.731s] -- Installing: /home/rsl/rt-thread/bsp/rockchip/rk3568/temp/micro/mcu/install/lib/python3.8/site-packages/rcutils-5.1.6-py3.8.egg-info/SOURCES.txt
[0.731s] -- Up-to-date: /home/rsl/rt-thread/bsp/rockchip/rk3568/temp/micro/mcu/install/lib/python3.8/site-packages/rcutils
[0.731s] -- Up-to-date: /home/rsl/rt-thread/bsp/rockchip/rk3568/temp/micro/mcu/install/lib/python3.8/site-packages/rcutils/logging.py
[0.732s] -- Up-to-date: /home/rsl/rt-thread/bsp/rockchip/rk3568/temp/micro/mcu/install/lib/python3.8/site-packages/rcutils/__init__.py
[0.749s] Listing '/home/rsl/rt-thread/bsp/rockchip/rk3568/temp/micro/mcu/install/lib/python3.8/site-packages/rcutils'...
[0.749s] -- Installing: /home/rsl/rt-thread/bsp/rockchip/rk3568/temp/micro/mcu/install/lib/librcutils.a
[0.749s] -- Up-to-date: /home/rsl/rt-thread/bsp/rockchip/rk3568/temp/micro/mcu/install/share/rcutils/environment/library_path.sh
[0.750s] -- Up-to-date: /home/rsl/rt-thread/bsp/rockchip/rk3568/temp/micro/mcu/install/share/rcutils/environment/library_path.dsv
[0.751s] -- Up-to-date: /home/rsl/rt-thread/bsp/rockchip/rk3568/temp/micro/mcu/install/share/ament_index/resource_index/package_run_dependencies/rcutils
[0.751s] -- Up-to-date: /home/rsl/rt-thread/bsp/rockchip/rk3568/temp/micro/mcu/install/share/ament_index/resource_index/parent_prefix_path/rcutils
[0.752s] -- Up-to-date: /home/rsl/rt-thread/bsp/rockchip/rk3568/temp/micro/mcu/install/share/rcutils/environment/ament_prefix_path.sh
[0.752s] -- Up-to-date: /home/rsl/rt-thread/bsp/rockchip/rk3568/temp/micro/mcu/install/share/rcutils/environment/ament_prefix_path.dsv
[0.752s] -- Up-to-date: /home/rsl/rt-thread/bsp/rockchip/rk3568/temp/micro/mcu/install/share/rcutils/environment/path.sh
[0.753s] -- Up-to-date: /home/rsl/rt-thread/bsp/rockchip/rk3568/temp/micro/mcu/install/share/rcutils/environment/path.dsv
[0.753s] -- Up-to-date: /home/rsl/rt-thread/bsp/rockchip/rk3568/temp/micro/mcu/install/share/rcutils/local_setup.bash
[0.753s] -- Up-to-date: /home/rsl/rt-thread/bsp/rockchip/rk3568/temp/micro/mcu/install/share/rcutils/local_setup.sh
[0.753s] -- Up-to-date: /home/rsl/rt-thread/bsp/rockchip/rk3568/temp/micro/mcu/install/share/rcutils/local_setup.zsh
[0.753s] -- Up-to-date: /home/rsl/rt-thread/bsp/rockchip/rk3568/temp/micro/mcu/install/share/rcutils/local_setup.dsv
[0.753s] -- Installing: /home/rsl/rt-thread/bsp/rockchip/rk3568/temp/micro/mcu/install/share/rcutils/package.dsv
[0.753s] -- Up-to-date: /home/rsl/rt-thread/bsp/rockchip/rk3568/temp/micro/mcu/install/share/ament_index/resource_index/packages/rcutils
[0.753s] -- Up-to-date: /home/rsl/rt-thread/bsp/rockchip/rk3568/temp/micro/mcu/install/share/rcutils/cmake/rcutilsExport.cmake
[0.753s] -- Up-to-date: /home/rsl/rt-thread/bsp/rockchip/rk3568/temp/micro/mcu/install/share/rcutils/cmake/rcutilsExport-release.cmake
[0.754s] -- Up-to-date: /home/rsl/rt-thread/bsp/rockchip/rk3568/temp/micro/mcu/install/share/rcutils/cmake/ament_cmake_export_include_directories-extras.cmake
[0.754s] -- Up-to-date: /home/rsl/rt-thread/bsp/rockchip/rk3568/temp/micro/mcu/install/share/rcutils/cmake/ament_cmake_export_libraries-extras.cmake
[0.754s] -- Up-to-date: /home/rsl/rt-thread/bsp/rockchip/rk3568/temp/micro/mcu/install/share/rcutils/cmake/ament_cmake_export_targets-extras.cmake
[0.754s] -- Up-to-date: /home/rsl/rt-thread/bsp/rockchip/rk3568/temp/micro/mcu/install/share/rcutils/cmake/ament_cmake_export_dependencies-extras.cmake
[0.754s] -- Up-to-date: /home/rsl/rt-thread/bsp/rockchip/rk3568/temp/micro/mcu/install/share/rcutils/cmake/rcutilsConfig.cmake
[0.754s] -- Up-to-date: /home/rsl/rt-thread/bsp/rockchip/rk3568/temp/micro/mcu/install/share/rcutils/cmake/rcutilsConfig-version.cmake
[0.754s] -- Up-to-date: /home/rsl/rt-thread/bsp/rockchip/rk3568/temp/micro/mcu/install/share/rcutils/package.xml
[0.754s] -- Up-to-date: /home/rsl/rt-thread/bsp/rockchip/rk3568/temp/micro/mcu/install/include/rcutils
[0.754s] -- Up-to-date: /home/rsl/rt-thread/bsp/rockchip/rk3568/temp/micro/mcu/install/include/rcutils/rcutils
[0.754s] -- Up-to-date: /home/rsl/rt-thread/bsp/rockchip/rk3568/temp/micro/mcu/install/include/rcutils/rcutils/filesystem.h
[0.754s] -- Up-to-date: /home/rsl/rt-thread/bsp/rockchip/rk3568/temp/micro/mcu/install/include/rcutils/rcutils/macros.h
[0.754s] -- Up-to-date: /home/rsl/rt-thread/bsp/rockchip/rk3568/temp/micro/mcu/install/include/rcutils/rcutils/strdup.h
[0.754s] -- Up-to-date: /home/rsl/rt-thread/bsp/rockchip/rk3568/temp/micro/mcu/install/include/rcutils/rcutils/repl_str.h
[0.754s] -- Up-to-date: /home/rsl/rt-thread/bsp/rockchip/rk3568/temp/micro/mcu/install/include/rcutils/rcutils/process.h
[0.755s] -- Up-to-date: /home/rsl/rt-thread/bsp/rockchip/rk3568/temp/micro/mcu/install/include/rcutils/rcutils/types.h
[0.755s] -- Up-to-date: /home/rsl/rt-thread/bsp/rockchip/rk3568/temp/micro/mcu/install/include/rcutils/rcutils/qsort.h
[0.755s] -- Up-to-date: /home/rsl/rt-thread/bsp/rockchip/rk3568/temp/micro/mcu/install/include/rcutils/rcutils/configuration_flags.h.in
[0.755s] -- Up-to-date: /home/rsl/rt-thread/bsp/rockchip/rk3568/temp/micro/mcu/install/include/rcutils/rcutils/error_handling.h
[0.756s] -- Up-to-date: /home/rsl/rt-thread/bsp/rockchip/rk3568/temp/micro/mcu/install/include/rcutils/rcutils/cmdline_parser.h
[0.756s] -- Up-to-date: /home/rsl/rt-thread/bsp/rockchip/rk3568/temp/micro/mcu/install/include/rcutils/rcutils/get_env.h
[0.756s] -- Up-to-date: /home/rsl/rt-thread/bsp/rockchip/rk3568/temp/micro/mcu/install/include/rcutils/rcutils/stdatomic_helper.h
[0.756s] -- Up-to-date: /home/rsl/rt-thread/bsp/rockchip/rk3568/temp/micro/mcu/install/include/rcutils/rcutils/find.h
[0.756s] -- Up-to-date: /home/rsl/rt-thread/bsp/rockchip/rk3568/temp/micro/mcu/install/include/rcutils/rcutils/time.h
[0.756s] -- Up-to-date: /home/rsl/rt-thread/bsp/rockchip/rk3568/temp/micro/mcu/install/include/rcutils/rcutils/testing
[0.757s] -- Up-to-date: /home/rsl/rt-thread/bsp/rockchip/rk3568/temp/micro/mcu/install/include/rcutils/rcutils/testing/fault_injection.h
[0.757s] -- Up-to-date: /home/rsl/rt-thread/bsp/rockchip/rk3568/temp/micro/mcu/install/include/rcutils/rcutils/strerror.h
[0.757s] -- Up-to-date: /home/rsl/rt-thread/bsp/rockchip/rk3568/temp/micro/mcu/install/include/rcutils/rcutils/types
[0.757s] -- Up-to-date: /home/rsl/rt-thread/bsp/rockchip/rk3568/temp/micro/mcu/install/include/rcutils/rcutils/types/array_list.h
[0.757s] -- Up-to-date: /home/rsl/rt-thread/bsp/rockchip/rk3568/temp/micro/mcu/install/include/rcutils/rcutils/types/char_array.h
[0.760s] -- Up-to-date: /home/rsl/rt-thread/bsp/rockchip/rk3568/temp/micro/mcu/install/include/rcutils/rcutils/types/uint8_array.h
[0.760s] -- Up-to-date: /home/rsl/rt-thread/bsp/rockchip/rk3568/temp/micro/mcu/install/include/rcutils/rcutils/types/hash_map.h
[0.761s] -- Up-to-date: /home/rsl/rt-thread/bsp/rockchip/rk3568/temp/micro/mcu/install/include/rcutils/rcutils/types/rcutils_ret.h
[0.761s] -- Up-to-date: /home/rsl/rt-thread/bsp/rockchip/rk3568/temp/micro/mcu/install/include/rcutils/rcutils/types/string_array.h
[0.761s] -- Up-to-date: /home/rsl/rt-thread/bsp/rockchip/rk3568/temp/micro/mcu/install/include/rcutils/rcutils/types/string_map.h
[0.761s] -- Up-to-date: /home/rsl/rt-thread/bsp/rockchip/rk3568/temp/micro/mcu/install/include/rcutils/rcutils/security_directory.h
[0.761s] -- Up-to-date: /home/rsl/rt-thread/bsp/rockchip/rk3568/temp/micro/mcu/install/include/rcutils/rcutils/shared_library.h
[0.762s] -- Up-to-date: /home/rsl/rt-thread/bsp/rockchip/rk3568/temp/micro/mcu/install/include/rcutils/rcutils/env.h
[0.762s] -- Up-to-date: /home/rsl/rt-thread/bsp/rockchip/rk3568/temp/micro/mcu/install/include/rcutils/rcutils/snprintf.h
[0.762s] -- Up-to-date: /home/rsl/rt-thread/bsp/rockchip/rk3568/temp/micro/mcu/install/include/rcutils/rcutils/split.h
[0.762s] -- Up-to-date: /home/rsl/rt-thread/bsp/rockchip/rk3568/temp/micro/mcu/install/include/rcutils/rcutils/allocator.h
[0.762s] -- Up-to-date: /home/rsl/rt-thread/bsp/rockchip/rk3568/temp/micro/mcu/install/include/rcutils/rcutils/logging.h
[0.762s] -- Up-to-date: /home/rsl/rt-thread/bsp/rockchip/rk3568/temp/micro/mcu/install/include/rcutils/rcutils/visibility_control.h
[0.763s] -- Up-to-date: /home/rsl/rt-thread/bsp/rockchip/rk3568/temp/micro/mcu/install/include/rcutils/rcutils/isalnum_no_locale.h
[0.763s] -- Up-to-date: /home/rsl/rt-thread/bsp/rockchip/rk3568/temp/micro/mcu/install/include/rcutils/rcutils/visibility_control_macros.h
[0.763s] -- Up-to-date: /home/rsl/rt-thread/bsp/rockchip/rk3568/temp/micro/mcu/install/include/rcutils/rcutils/strcasecmp.h
[0.763s] -- Up-to-date: /home/rsl/rt-thread/bsp/rockchip/rk3568/temp/micro/mcu/install/include/rcutils/rcutils/format_string.h
[0.763s] -- Up-to-date: /home/rsl/rt-thread/bsp/rockchip/rk3568/temp/micro/mcu/install/include/rcutils/rcutils/stdatomic_helper
[0.764s] -- Up-to-date: /home/rsl/rt-thread/bsp/rockchip/rk3568/temp/micro/mcu/install/include/rcutils/rcutils/stdatomic_helper/win32
[0.764s] -- Up-to-date: /home/rsl/rt-thread/bsp/rockchip/rk3568/temp/micro/mcu/install/include/rcutils/rcutils/stdatomic_helper/win32/stdatomic.h
[0.764s] -- Up-to-date: /home/rsl/rt-thread/bsp/rockchip/rk3568/temp/micro/mcu/install/include/rcutils/rcutils/stdatomic_helper/gcc
[0.764s] -- Up-to-date: /home/rsl/rt-thread/bsp/rockchip/rk3568/temp/micro/mcu/install/include/rcutils/rcutils/stdatomic_helper/gcc/stdatomic.h
[0.765s] -- Up-to-date: /home/rsl/rt-thread/bsp/rockchip/rk3568/temp/micro/mcu/install/include/rcutils
[0.765s] -- Up-to-date: /home/rsl/rt-thread/bsp/rockchip/rk3568/temp/micro/mcu/install/include/rcutils/rcutils
[0.765s] -- Up-to-date: /home/rsl/rt-thread/bsp/rockchip/rk3568/temp/micro/mcu/install/include/rcutils/rcutils/logging_macros.h
[0.765s] -- Up-to-date: /home/rsl/rt-thread/bsp/rockchip/rk3568/temp/micro/mcu/install/include/rcutils/rcutils/configuration_flags.h
[0.911s] Invoked command in '/home/rsl/rt-thread/bsp/rockchip/rk3568/temp/micro/mcu/build/rcutils' returned '0': CMAKE_PREFIX_PATH=${CMAKE_PREFIX_PATH}:/home/rsl/rt-thread/bsp/rockchip/rk3568/temp/micro/dev/install/domain_coordinator:/home/rsl/rt-thread/bsp/rockchip/rk3568/temp/micro/dev/install/ament_xmllint:/home/rsl/rt-thread/bsp/rockchip/rk3568/temp/micro/dev/install/ament_uncrustify:/home/rsl/rt-thread/bsp/rockchip/rk3568/temp/micro/dev/install/ament_pyflakes:/home/rsl/rt-thread/bsp/rockchip/rk3568/temp/micro/dev/install/ament_pycodestyle:/home/rsl/rt-thread/bsp/rockchip/rk3568/temp/micro/dev/install/ament_pep257:/home/rsl/rt-thread/bsp/rockchip/rk3568/temp/micro/dev/install/ament_pclint:/home/rsl/rt-thread/bsp/rockchip/rk3568/temp/micro/dev/install/ament_package:/home/rsl/rt-thread/bsp/rockchip/rk3568/temp/micro/dev/install/ament_mypy:/home/rsl/rt-thread/bsp/rockchip/rk3568/temp/micro/dev/install/ament_lint_cmake:/home/rsl/rt-thread/bsp/rockchip/rk3568/temp/micro/dev/install/ament_flake8:/home/rsl/rt-thread/bsp/rockchip/rk3568/temp/micro/dev/install/ament_copyright:/home/rsl/rt-thread/bsp/rockchip/rk3568/temp/micro/dev/install/ament_lint:/home/rsl/rt-thread/bsp/rockchip/rk3568/temp/micro/dev/install/ament_index_python:/home/rsl/rt-thread/bsp/rockchip/rk3568/temp/micro/dev/install/ament_clang_tidy:/home/rsl/rt-thread/bsp/rockchip/rk3568/temp/micro/dev/install/ament_clang_format /usr/bin/cmake --install /home/rsl/rt-thread/bsp/rockchip/rk3568/temp/micro/mcu/build/rcutils
