[01m[K/home/rsl/rt-thread/bsp/rockchip/rk3568/temp/micro/mcu/src/rclc/rclc/src/rclc/timer.c:[m[K In function '[01m[Krclc_timer_init_default[m[K':
[01m[K/home/rsl/rt-thread/bsp/rockchip/rk3568/temp/micro/mcu/src/rclc/rclc/src/rclc/timer.c:33:3:[m[K [01;35m[Kwarning: [m[Kpointer targets in passing argument 1 of '[01m[Ksprintf[m[K' differ in signedness [[01;35m[K-Wpointer-sign[m[K]
   33 |   [01;35m[Kbrain_debug[m[K(NULL);
      |   [01;35m[K^~~~~~~~~~~[m[K
      |   [01;35m[K|[m[K
      |   [01;35m[Kuint8_t * {aka unsigned char *}[m[K
In file included from [01m[K/home/rsl/rt-thread/bsp/rockchip/rk3568/temp/micro/mcu/install/include/rcutils/rcutils/logging.h:22[m[K,
                 from [01m[K/home/rsl/rt-thread/bsp/rockchip/rk3568/temp/micro/mcu/install/include/rmw/rmw/types.h:28[m[K,
                 from [01m[K/home/rsl/rt-thread/bsp/rockchip/rk3568/temp/micro/mcu/install/include/rcl/rcl/types.h:20[m[K,
                 from [01m[K/home/rsl/rt-thread/bsp/rockchip/rk3568/temp/micro/mcu/install/include/rcl/rcl/init_options.h:29[m[K,
                 from [01m[K/home/rsl/rt-thread/bsp/rockchip/rk3568/temp/micro/mcu/install/include/rcl/rcl/context.h:31[m[K,
                 from [01m[K/home/rsl/rt-thread/bsp/rockchip/rk3568/temp/micro/mcu/install/include/rcl/rcl/timer.h:28[m[K,
                 from [01m[K/home/rsl/rt-thread/bsp/rockchip/rk3568/temp/micro/mcu/src/rclc/rclc/include/rclc/timer.h:24[m[K,
                 from [01m[K/home/rsl/rt-thread/bsp/rockchip/rk3568/temp/micro/mcu/src/rclc/rclc/src/rclc/timer.c:17[m[K:
[01m[K/home/rsl/gcc-arm-10.3-2021.07-x86_64-aarch64-none-elf/aarch64-none-elf/include/stdio.h:244:14:[m[K [01;36m[Knote: [m[Kexpected '[01m[Kchar * restrict[m[K' but argument is of type '[01m[Kuint8_t *[m[K' {aka '[01m[Kunsigned char *[m[K'}
  244 | int sprintf ([01;36m[Kc[m[Khar *__restrict, const char *__restrict, ...)
      |              [01;36m[K^[m[K
[01m[K/home/rsl/rt-thread/bsp/rockchip/rk3568/temp/micro/mcu/src/rclc/rclc/src/rclc/timer.c:33:3:[m[K [01;35m[Kwarning: [m[Kpointer targets in passing argument 1 of '[01m[Kstrlen[m[K' differ in signedness [[01;35m[K-Wpointer-sign[m[K]
   33 |   [01;35m[Kbrain_debug[m[K(NULL);
      |   [01;35m[K^~~~~~~~~~~[m[K
      |   [01;35m[K|[m[K
      |   [01;35m[Kuint8_t * {aka unsigned char *}[m[K
In file included from [01m[K/home/rsl/rt-thread/bsp/rockchip/rk3568/temp/micro/mcu/install/include/rcutils/rcutils/error_handling.h:34[m[K,
                 from [01m[K/home/rsl/rt-thread/bsp/rockchip/rk3568/temp/micro/mcu/install/include/rcutils/rcutils/logging.h:25[m[K,
                 from [01m[K/home/rsl/rt-thread/bsp/rockchip/rk3568/temp/micro/mcu/install/include/rmw/rmw/types.h:28[m[K,
                 from [01m[K/home/rsl/rt-thread/bsp/rockchip/rk3568/temp/micro/mcu/install/include/rcl/rcl/types.h:20[m[K,
                 from [01m[K/home/rsl/rt-thread/bsp/rockchip/rk3568/temp/micro/mcu/install/include/rcl/rcl/init_options.h:29[m[K,
                 from [01m[K/home/rsl/rt-thread/bsp/rockchip/rk3568/temp/micro/mcu/install/include/rcl/rcl/context.h:31[m[K,
                 from [01m[K/home/rsl/rt-thread/bsp/rockchip/rk3568/temp/micro/mcu/install/include/rcl/rcl/timer.h:28[m[K,
                 from [01m[K/home/rsl/rt-thread/bsp/rockchip/rk3568/temp/micro/mcu/src/rclc/rclc/include/rclc/timer.h:24[m[K,
                 from [01m[K/home/rsl/rt-thread/bsp/rockchip/rk3568/temp/micro/mcu/src/rclc/rclc/src/rclc/timer.c:17[m[K:
[01m[K/home/rsl/gcc-arm-10.3-2021.07-x86_64-aarch64-none-elf/aarch64-none-elf/include/string.h:41:17:[m[K [01;36m[Knote: [m[Kexpected '[01m[Kconst char *[m[K' but argument is of type '[01m[Kuint8_t *[m[K' {aka '[01m[Kunsigned char *[m[K'}
   41 | size_t  strlen ([01;36m[Kconst char *[m[K);
      |                 [01;36m[K^~~~~~~~~~~~[m[K
[01m[K/home/rsl/rt-thread/bsp/rockchip/rk3568/temp/micro/mcu/src/rclc/rclc/src/rclc/timer.c:35:3:[m[K [01;35m[Kwarning: [m[Kpointer targets in passing argument 1 of '[01m[Ksprintf[m[K' differ in signedness [[01;35m[K-Wpointer-sign[m[K]
   35 |   [01;35m[Kbrain_debug[m[K(NULL);
      |   [01;35m[K^~~~~~~~~~~[m[K
      |   [01;35m[K|[m[K
      |   [01;35m[Kuint8_t * {aka unsigned char *}[m[K
In file included from [01m[K/home/rsl/rt-thread/bsp/rockchip/rk3568/temp/micro/mcu/install/include/rcutils/rcutils/logging.h:22[m[K,
                 from [01m[K/home/rsl/rt-thread/bsp/rockchip/rk3568/temp/micro/mcu/install/include/rmw/rmw/types.h:28[m[K,
                 from [01m[K/home/rsl/rt-thread/bsp/rockchip/rk3568/temp/micro/mcu/install/include/rcl/rcl/types.h:20[m[K,
                 from [01m[K/home/rsl/rt-thread/bsp/rockchip/rk3568/temp/micro/mcu/install/include/rcl/rcl/init_options.h:29[m[K,
                 from [01m[K/home/rsl/rt-thread/bsp/rockchip/rk3568/temp/micro/mcu/install/include/rcl/rcl/context.h:31[m[K,
                 from [01m[K/home/rsl/rt-thread/bsp/rockchip/rk3568/temp/micro/mcu/install/include/rcl/rcl/timer.h:28[m[K,
                 from [01m[K/home/rsl/rt-thread/bsp/rockchip/rk3568/temp/micro/mcu/src/rclc/rclc/include/rclc/timer.h:24[m[K,
                 from [01m[K/home/rsl/rt-thread/bsp/rockchip/rk3568/temp/micro/mcu/src/rclc/rclc/src/rclc/timer.c:17[m[K:
[01m[K/home/rsl/gcc-arm-10.3-2021.07-x86_64-aarch64-none-elf/aarch64-none-elf/include/stdio.h:244:14:[m[K [01;36m[Knote: [m[Kexpected '[01m[Kchar * restrict[m[K' but argument is of type '[01m[Kuint8_t *[m[K' {aka '[01m[Kunsigned char *[m[K'}
  244 | int sprintf ([01;36m[Kc[m[Khar *__restrict, const char *__restrict, ...)
      |              [01;36m[K^[m[K
[01m[K/home/rsl/rt-thread/bsp/rockchip/rk3568/temp/micro/mcu/src/rclc/rclc/src/rclc/timer.c:35:3:[m[K [01;35m[Kwarning: [m[Kpointer targets in passing argument 1 of '[01m[Kstrlen[m[K' differ in signedness [[01;35m[K-Wpointer-sign[m[K]
   35 |   [01;35m[Kbrain_debug[m[K(NULL);
      |   [01;35m[K^~~~~~~~~~~[m[K
      |   [01;35m[K|[m[K
      |   [01;35m[Kuint8_t * {aka unsigned char *}[m[K
In file included from [01m[K/home/rsl/rt-thread/bsp/rockchip/rk3568/temp/micro/mcu/install/include/rcutils/rcutils/error_handling.h:34[m[K,
                 from [01m[K/home/rsl/rt-thread/bsp/rockchip/rk3568/temp/micro/mcu/install/include/rcutils/rcutils/logging.h:25[m[K,
                 from [01m[K/home/rsl/rt-thread/bsp/rockchip/rk3568/temp/micro/mcu/install/include/rmw/rmw/types.h:28[m[K,
                 from [01m[K/home/rsl/rt-thread/bsp/rockchip/rk3568/temp/micro/mcu/install/include/rcl/rcl/types.h:20[m[K,
                 from [01m[K/home/rsl/rt-thread/bsp/rockchip/rk3568/temp/micro/mcu/install/include/rcl/rcl/init_options.h:29[m[K,
                 from [01m[K/home/rsl/rt-thread/bsp/rockchip/rk3568/temp/micro/mcu/install/include/rcl/rcl/context.h:31[m[K,
                 from [01m[K/home/rsl/rt-thread/bsp/rockchip/rk3568/temp/micro/mcu/install/include/rcl/rcl/timer.h:28[m[K,
                 from [01m[K/home/rsl/rt-thread/bsp/rockchip/rk3568/temp/micro/mcu/src/rclc/rclc/include/rclc/timer.h:24[m[K,
                 from [01m[K/home/rsl/rt-thread/bsp/rockchip/rk3568/temp/micro/mcu/src/rclc/rclc/src/rclc/timer.c:17[m[K:
[01m[K/home/rsl/gcc-arm-10.3-2021.07-x86_64-aarch64-none-elf/aarch64-none-elf/include/string.h:41:17:[m[K [01;36m[Knote: [m[Kexpected '[01m[Kconst char *[m[K' but argument is of type '[01m[Kuint8_t *[m[K' {aka '[01m[Kunsigned char *[m[K'}
   41 | size_t  strlen ([01;36m[Kconst char *[m[K);
      |                 [01;36m[K^~~~~~~~~~~~[m[K
[01m[K/home/rsl/rt-thread/bsp/rockchip/rk3568/temp/micro/mcu/src/rclc/rclc/src/rclc/timer.c:43:5:[m[K [01;35m[Kwarning: [m[Kpointer targets in passing argument 1 of '[01m[Ksprintf[m[K' differ in signedness [[01;35m[K-Wpointer-sign[m[K]
   43 |     [01;35m[Kbrain_debug[m[K(NULL);
      |     [01;35m[K^~~~~~~~~~~[m[K
      |     [01;35m[K|[m[K
      |     [01;35m[Kuint8_t * {aka unsigned char *}[m[K
In file included from [01m[K/home/rsl/rt-thread/bsp/rockchip/rk3568/temp/micro/mcu/install/include/rcutils/rcutils/logging.h:22[m[K,
                 from [01m[K/home/rsl/rt-thread/bsp/rockchip/rk3568/temp/micro/mcu/install/include/rmw/rmw/types.h:28[m[K,
                 from [01m[K/home/rsl/rt-thread/bsp/rockchip/rk3568/temp/micro/mcu/install/include/rcl/rcl/types.h:20[m[K,
                 from [01m[K/home/rsl/rt-thread/bsp/rockchip/rk3568/temp/micro/mcu/install/include/rcl/rcl/init_options.h:29[m[K,
                 from [01m[K/home/rsl/rt-thread/bsp/rockchip/rk3568/temp/micro/mcu/install/include/rcl/rcl/context.h:31[m[K,
                 from [01m[K/home/rsl/rt-thread/bsp/rockchip/rk3568/temp/micro/mcu/install/include/rcl/rcl/timer.h:28[m[K,
                 from [01m[K/home/rsl/rt-thread/bsp/rockchip/rk3568/temp/micro/mcu/src/rclc/rclc/include/rclc/timer.h:24[m[K,
                 from [01m[K/home/rsl/rt-thread/bsp/rockchip/rk3568/temp/micro/mcu/src/rclc/rclc/src/rclc/timer.c:17[m[K:
[01m[K/home/rsl/gcc-arm-10.3-2021.07-x86_64-aarch64-none-elf/aarch64-none-elf/include/stdio.h:244:14:[m[K [01;36m[Knote: [m[Kexpected '[01m[Kchar * restrict[m[K' but argument is of type '[01m[Kuint8_t *[m[K' {aka '[01m[Kunsigned char *[m[K'}
  244 | int sprintf ([01;36m[Kc[m[Khar *__restrict, const char *__restrict, ...)
      |              [01;36m[K^[m[K
[01m[K/home/rsl/rt-thread/bsp/rockchip/rk3568/temp/micro/mcu/src/rclc/rclc/src/rclc/timer.c:43:5:[m[K [01;35m[Kwarning: [m[Kpointer targets in passing argument 1 of '[01m[Kstrlen[m[K' differ in signedness [[01;35m[K-Wpointer-sign[m[K]
   43 |     [01;35m[Kbrain_debug[m[K(NULL);
      |     [01;35m[K^~~~~~~~~~~[m[K
      |     [01;35m[K|[m[K
      |     [01;35m[Kuint8_t * {aka unsigned char *}[m[K
In file included from [01m[K/home/rsl/rt-thread/bsp/rockchip/rk3568/temp/micro/mcu/install/include/rcutils/rcutils/error_handling.h:34[m[K,
                 from [01m[K/home/rsl/rt-thread/bsp/rockchip/rk3568/temp/micro/mcu/install/include/rcutils/rcutils/logging.h:25[m[K,
                 from [01m[K/home/rsl/rt-thread/bsp/rockchip/rk3568/temp/micro/mcu/install/include/rmw/rmw/types.h:28[m[K,
                 from [01m[K/home/rsl/rt-thread/bsp/rockchip/rk3568/temp/micro/mcu/install/include/rcl/rcl/types.h:20[m[K,
                 from [01m[K/home/rsl/rt-thread/bsp/rockchip/rk3568/temp/micro/mcu/install/include/rcl/rcl/init_options.h:29[m[K,
                 from [01m[K/home/rsl/rt-thread/bsp/rockchip/rk3568/temp/micro/mcu/install/include/rcl/rcl/context.h:31[m[K,
                 from [01m[K/home/rsl/rt-thread/bsp/rockchip/rk3568/temp/micro/mcu/install/include/rcl/rcl/timer.h:28[m[K,
                 from [01m[K/home/rsl/rt-thread/bsp/rockchip/rk3568/temp/micro/mcu/src/rclc/rclc/include/rclc/timer.h:24[m[K,
                 from [01m[K/home/rsl/rt-thread/bsp/rockchip/rk3568/temp/micro/mcu/src/rclc/rclc/src/rclc/timer.c:17[m[K:
[01m[K/home/rsl/gcc-arm-10.3-2021.07-x86_64-aarch64-none-elf/aarch64-none-elf/include/string.h:41:17:[m[K [01;36m[Knote: [m[Kexpected '[01m[Kconst char *[m[K' but argument is of type '[01m[Kuint8_t *[m[K' {aka '[01m[Kunsigned char *[m[K'}
   41 | size_t  strlen ([01;36m[Kconst char *[m[K);
      |                 [01;36m[K^~~~~~~~~~~~[m[K
[01m[K/home/rsl/rt-thread/bsp/rockchip/rk3568/temp/micro/mcu/src/rclc/rclc/src/rclc/timer.c:45:5:[m[K [01;35m[Kwarning: [m[Kpointer targets in passing argument 1 of '[01m[Ksprintf[m[K' differ in signedness [[01;35m[K-Wpointer-sign[m[K]
   45 |     [01;35m[Kbrain_debug[m[K(NULL);
      |     [01;35m[K^~~~~~~~~~~[m[K
      |     [01;35m[K|[m[K
      |     [01;35m[Kuint8_t * {aka unsigned char *}[m[K
In file included from [01m[K/home/rsl/rt-thread/bsp/rockchip/rk3568/temp/micro/mcu/install/include/rcutils/rcutils/logging.h:22[m[K,
                 from [01m[K/home/rsl/rt-thread/bsp/rockchip/rk3568/temp/micro/mcu/install/include/rmw/rmw/types.h:28[m[K,
                 from [01m[K/home/rsl/rt-thread/bsp/rockchip/rk3568/temp/micro/mcu/install/include/rcl/rcl/types.h:20[m[K,
                 from [01m[K/home/rsl/rt-thread/bsp/rockchip/rk3568/temp/micro/mcu/install/include/rcl/rcl/init_options.h:29[m[K,
                 from [01m[K/home/rsl/rt-thread/bsp/rockchip/rk3568/temp/micro/mcu/install/include/rcl/rcl/context.h:31[m[K,
                 from [01m[K/home/rsl/rt-thread/bsp/rockchip/rk3568/temp/micro/mcu/install/include/rcl/rcl/timer.h:28[m[K,
                 from [01m[K/home/rsl/rt-thread/bsp/rockchip/rk3568/temp/micro/mcu/src/rclc/rclc/include/rclc/timer.h:24[m[K,
                 from [01m[K/home/rsl/rt-thread/bsp/rockchip/rk3568/temp/micro/mcu/src/rclc/rclc/src/rclc/timer.c:17[m[K:
[01m[K/home/rsl/gcc-arm-10.3-2021.07-x86_64-aarch64-none-elf/aarch64-none-elf/include/stdio.h:244:14:[m[K [01;36m[Knote: [m[Kexpected '[01m[Kchar * restrict[m[K' but argument is of type '[01m[Kuint8_t *[m[K' {aka '[01m[Kunsigned char *[m[K'}
  244 | int sprintf ([01;36m[Kc[m[Khar *__restrict, const char *__restrict, ...)
      |              [01;36m[K^[m[K
[01m[K/home/rsl/rt-thread/bsp/rockchip/rk3568/temp/micro/mcu/src/rclc/rclc/src/rclc/timer.c:45:5:[m[K [01;35m[Kwarning: [m[Kpointer targets in passing argument 1 of '[01m[Kstrlen[m[K' differ in signedness [[01;35m[K-Wpointer-sign[m[K]
   45 |     [01;35m[Kbrain_debug[m[K(NULL);
      |     [01;35m[K^~~~~~~~~~~[m[K
      |     [01;35m[K|[m[K
      |     [01;35m[Kuint8_t * {aka unsigned char *}[m[K
In file included from [01m[K/home/rsl/rt-thread/bsp/rockchip/rk3568/temp/micro/mcu/install/include/rcutils/rcutils/error_handling.h:34[m[K,
                 from [01m[K/home/rsl/rt-thread/bsp/rockchip/rk3568/temp/micro/mcu/install/include/rcutils/rcutils/logging.h:25[m[K,
                 from [01m[K/home/rsl/rt-thread/bsp/rockchip/rk3568/temp/micro/mcu/install/include/rmw/rmw/types.h:28[m[K,
                 from [01m[K/home/rsl/rt-thread/bsp/rockchip/rk3568/temp/micro/mcu/install/include/rcl/rcl/types.h:20[m[K,
                 from [01m[K/home/rsl/rt-thread/bsp/rockchip/rk3568/temp/micro/mcu/install/include/rcl/rcl/init_options.h:29[m[K,
                 from [01m[K/home/rsl/rt-thread/bsp/rockchip/rk3568/temp/micro/mcu/install/include/rcl/rcl/context.h:31[m[K,
                 from [01m[K/home/rsl/rt-thread/bsp/rockchip/rk3568/temp/micro/mcu/install/include/rcl/rcl/timer.h:28[m[K,
                 from [01m[K/home/rsl/rt-thread/bsp/rockchip/rk3568/temp/micro/mcu/src/rclc/rclc/include/rclc/timer.h:24[m[K,
                 from [01m[K/home/rsl/rt-thread/bsp/rockchip/rk3568/temp/micro/mcu/src/rclc/rclc/src/rclc/timer.c:17[m[K:
[01m[K/home/rsl/gcc-arm-10.3-2021.07-x86_64-aarch64-none-elf/aarch64-none-elf/include/string.h:41:17:[m[K [01;36m[Knote: [m[Kexpected '[01m[Kconst char *[m[K' but argument is of type '[01m[Kuint8_t *[m[K' {aka '[01m[Kunsigned char *[m[K'}
   41 | size_t  strlen ([01;36m[Kconst char *[m[K);
      |                 [01;36m[K^~~~~~~~~~~~[m[K
[01m[K/home/rsl/rt-thread/bsp/rockchip/rk3568/temp/micro/mcu/src/rclc/rclc/src/rclc/timer.c:48:5:[m[K [01;35m[Kwarning: [m[Kpointer targets in passing argument 1 of '[01m[Ksprintf[m[K' differ in signedness [[01;35m[K-Wpointer-sign[m[K]
   48 |     [01;35m[Kbrain_debug[m[K(NULL);
      |     [01;35m[K^~~~~~~~~~~[m[K
      |     [01;35m[K|[m[K
      |     [01;35m[Kuint8_t * {aka unsigned char *}[m[K
In file included from [01m[K/home/rsl/rt-thread/bsp/rockchip/rk3568/temp/micro/mcu/install/include/rcutils/rcutils/logging.h:22[m[K,
                 from [01m[K/home/rsl/rt-thread/bsp/rockchip/rk3568/temp/micro/mcu/install/include/rmw/rmw/types.h:28[m[K,
                 from [01m[K/home/rsl/rt-thread/bsp/rockchip/rk3568/temp/micro/mcu/install/include/rcl/rcl/types.h:20[m[K,
                 from [01m[K/home/rsl/rt-thread/bsp/rockchip/rk3568/temp/micro/mcu/install/include/rcl/rcl/init_options.h:29[m[K,
                 from [01m[K/home/rsl/rt-thread/bsp/rockchip/rk3568/temp/micro/mcu/install/include/rcl/rcl/context.h:31[m[K,
                 from [01m[K/home/rsl/rt-thread/bsp/rockchip/rk3568/temp/micro/mcu/install/include/rcl/rcl/timer.h:28[m[K,
                 from [01m[K/home/rsl/rt-thread/bsp/rockchip/rk3568/temp/micro/mcu/src/rclc/rclc/include/rclc/timer.h:24[m[K,
                 from [01m[K/home/rsl/rt-thread/bsp/rockchip/rk3568/temp/micro/mcu/src/rclc/rclc/src/rclc/timer.c:17[m[K:
[01m[K/home/rsl/gcc-arm-10.3-2021.07-x86_64-aarch64-none-elf/aarch64-none-elf/include/stdio.h:244:14:[m[K [01;36m[Knote: [m[Kexpected '[01m[Kchar * restrict[m[K' but argument is of type '[01m[Kuint8_t *[m[K' {aka '[01m[Kunsigned char *[m[K'}
  244 | int sprintf ([01;36m[Kc[m[Khar *__restrict, const char *__restrict, ...)
      |              [01;36m[K^[m[K
[01m[K/home/rsl/rt-thread/bsp/rockchip/rk3568/temp/micro/mcu/src/rclc/rclc/src/rclc/timer.c:48:5:[m[K [01;35m[Kwarning: [m[Kpointer targets in passing argument 1 of '[01m[Kstrlen[m[K' differ in signedness [[01;35m[K-Wpointer-sign[m[K]
   48 |     [01;35m[Kbrain_debug[m[K(NULL);
      |     [01;35m[K^~~~~~~~~~~[m[K
      |     [01;35m[K|[m[K
      |     [01;35m[Kuint8_t * {aka unsigned char *}[m[K
In file included from [01m[K/home/rsl/rt-thread/bsp/rockchip/rk3568/temp/micro/mcu/install/include/rcutils/rcutils/error_handling.h:34[m[K,
                 from [01m[K/home/rsl/rt-thread/bsp/rockchip/rk3568/temp/micro/mcu/install/include/rcutils/rcutils/logging.h:25[m[K,
                 from [01m[K/home/rsl/rt-thread/bsp/rockchip/rk3568/temp/micro/mcu/install/include/rmw/rmw/types.h:28[m[K,
                 from [01m[K/home/rsl/rt-thread/bsp/rockchip/rk3568/temp/micro/mcu/install/include/rcl/rcl/types.h:20[m[K,
                 from [01m[K/home/rsl/rt-thread/bsp/rockchip/rk3568/temp/micro/mcu/install/include/rcl/rcl/init_options.h:29[m[K,
                 from [01m[K/home/rsl/rt-thread/bsp/rockchip/rk3568/temp/micro/mcu/install/include/rcl/rcl/context.h:31[m[K,
                 from [01m[K/home/rsl/rt-thread/bsp/rockchip/rk3568/temp/micro/mcu/install/include/rcl/rcl/timer.h:28[m[K,
                 from [01m[K/home/rsl/rt-thread/bsp/rockchip/rk3568/temp/micro/mcu/src/rclc/rclc/include/rclc/timer.h:24[m[K,
                 from [01m[K/home/rsl/rt-thread/bsp/rockchip/rk3568/temp/micro/mcu/src/rclc/rclc/src/rclc/timer.c:17[m[K:
[01m[K/home/rsl/gcc-arm-10.3-2021.07-x86_64-aarch64-none-elf/aarch64-none-elf/include/string.h:41:17:[m[K [01;36m[Knote: [m[Kexpected '[01m[Kconst char *[m[K' but argument is of type '[01m[Kuint8_t *[m[K' {aka '[01m[Kunsigned char *[m[K'}
   41 | size_t  strlen ([01;36m[Kconst char *[m[K);
      |                 [01;36m[K^~~~~~~~~~~~[m[K
