[0.606s] Invoking command in '/home/rsl/rt-thread/bsp/rockchip/rk3568/temp/micro/mcu/src/ros2_tracing/ros2trace': AMENT_PREFIX_PATH=/home/rsl/rt-thread/bsp/rockchip/rk3568/temp/micro/mcu/install:${AMENT_PREFIX_PATH} CMAKE_PREFIX_PATH=/home/rsl/rt-thread/bsp/rockchip/rk3568/temp/micro/mcu/install:${CMAKE_PREFIX_PATH} PATH=/home/rsl/rt-thread/bsp/rockchip/rk3568/temp/micro/mcu/install/bin:${PATH} PYTHONPATH=/home/rsl/rt-thread/bsp/rockchip/rk3568/temp/micro/mcu/build/ros2trace/prefix_override:/home/rsl/.local/lib/python3.8/site-packages/colcon_core/task/python/colcon_distutils_commands:/home/rsl/rt-thread/bsp/rockchip/rk3568/temp/micro/mcu/install/lib/python3.8/site-packages:/home/rsl/rt-thread/bsp/rockchip/rk3568/temp/micro/mcu/install/lib/python3.8/site-packages:${PYTHONPATH} /usr/bin/python3 -W ignore:setup.py install is deprecated -W ignore:easy_install command is deprecated setup.py egg_info --egg-base ../../../build/ros2trace build --build-base /home/rsl/rt-thread/bsp/rockchip/rk3568/temp/micro/mcu/build/ros2trace/build install --record /home/rsl/rt-thread/bsp/rockchip/rk3568/temp/micro/mcu/build/ros2trace/install.log --single-version-externally-managed install_data
[0.752s] running egg_info
[0.752s] creating ../../../build/ros2trace/ros2trace.egg-info
[0.753s] writing ../../../build/ros2trace/ros2trace.egg-info/PKG-INFO
[0.753s] writing dependency_links to ../../../build/ros2trace/ros2trace.egg-info/dependency_links.txt
[0.753s] writing entry points to ../../../build/ros2trace/ros2trace.egg-info/entry_points.txt
[0.753s] writing requirements to ../../../build/ros2trace/ros2trace.egg-info/requires.txt
[0.754s] writing top-level names to ../../../build/ros2trace/ros2trace.egg-info/top_level.txt
[0.754s] writing manifest file '../../../build/ros2trace/ros2trace.egg-info/SOURCES.txt'
[0.775s] reading manifest file '../../../build/ros2trace/ros2trace.egg-info/SOURCES.txt'
[0.776s] writing manifest file '../../../build/ros2trace/ros2trace.egg-info/SOURCES.txt'
[0.776s] running build
[0.776s] running build_py
[0.776s] creating /home/rsl/rt-thread/bsp/rockchip/rk3568/temp/micro/mcu/build/ros2trace/build
[0.777s] creating /home/rsl/rt-thread/bsp/rockchip/rk3568/temp/micro/mcu/build/ros2trace/build/lib
[0.777s] creating /home/rsl/rt-thread/bsp/rockchip/rk3568/temp/micro/mcu/build/ros2trace/build/lib/ros2trace
[0.777s] copying ros2trace/__init__.py -> /home/rsl/rt-thread/bsp/rockchip/rk3568/temp/micro/mcu/build/ros2trace/build/lib/ros2trace
[0.777s] creating /home/rsl/rt-thread/bsp/rockchip/rk3568/temp/micro/mcu/build/ros2trace/build/lib/ros2trace/command
[0.777s] copying ros2trace/command/trace.py -> /home/rsl/rt-thread/bsp/rockchip/rk3568/temp/micro/mcu/build/ros2trace/build/lib/ros2trace/command
[0.777s] copying ros2trace/command/__init__.py -> /home/rsl/rt-thread/bsp/rockchip/rk3568/temp/micro/mcu/build/ros2trace/build/lib/ros2trace/command
[0.777s] creating /home/rsl/rt-thread/bsp/rockchip/rk3568/temp/micro/mcu/build/ros2trace/build/lib/ros2trace/api
[0.777s] copying ros2trace/api/__init__.py -> /home/rsl/rt-thread/bsp/rockchip/rk3568/temp/micro/mcu/build/ros2trace/build/lib/ros2trace/api
[0.778s] running install
[0.778s] running install_lib
[0.779s] creating /home/rsl/rt-thread/bsp/rockchip/rk3568/temp/micro/mcu/install/lib/python3.8/site-packages/ros2trace
[0.779s] creating /home/rsl/rt-thread/bsp/rockchip/rk3568/temp/micro/mcu/install/lib/python3.8/site-packages/ros2trace/command
[0.780s] copying /home/rsl/rt-thread/bsp/rockchip/rk3568/temp/micro/mcu/build/ros2trace/build/lib/ros2trace/command/trace.py -> /home/rsl/rt-thread/bsp/rockchip/rk3568/temp/micro/mcu/install/lib/python3.8/site-packages/ros2trace/command
[0.780s] copying /home/rsl/rt-thread/bsp/rockchip/rk3568/temp/micro/mcu/build/ros2trace/build/lib/ros2trace/command/__init__.py -> /home/rsl/rt-thread/bsp/rockchip/rk3568/temp/micro/mcu/install/lib/python3.8/site-packages/ros2trace/command
[0.781s] copying /home/rsl/rt-thread/bsp/rockchip/rk3568/temp/micro/mcu/build/ros2trace/build/lib/ros2trace/__init__.py -> /home/rsl/rt-thread/bsp/rockchip/rk3568/temp/micro/mcu/install/lib/python3.8/site-packages/ros2trace
[0.781s] creating /home/rsl/rt-thread/bsp/rockchip/rk3568/temp/micro/mcu/install/lib/python3.8/site-packages/ros2trace/api
[0.781s] copying /home/rsl/rt-thread/bsp/rockchip/rk3568/temp/micro/mcu/build/ros2trace/build/lib/ros2trace/api/__init__.py -> /home/rsl/rt-thread/bsp/rockchip/rk3568/temp/micro/mcu/install/lib/python3.8/site-packages/ros2trace/api
[0.782s] byte-compiling /home/rsl/rt-thread/bsp/rockchip/rk3568/temp/micro/mcu/install/lib/python3.8/site-packages/ros2trace/command/trace.py to trace.cpython-38.pyc
[0.782s] byte-compiling /home/rsl/rt-thread/bsp/rockchip/rk3568/temp/micro/mcu/install/lib/python3.8/site-packages/ros2trace/command/__init__.py to __init__.cpython-38.pyc
[0.782s] byte-compiling /home/rsl/rt-thread/bsp/rockchip/rk3568/temp/micro/mcu/install/lib/python3.8/site-packages/ros2trace/__init__.py to __init__.cpython-38.pyc
[0.783s] byte-compiling /home/rsl/rt-thread/bsp/rockchip/rk3568/temp/micro/mcu/install/lib/python3.8/site-packages/ros2trace/api/__init__.py to __init__.cpython-38.pyc
[0.783s] running install_data
[0.783s] copying package.xml -> /home/rsl/rt-thread/bsp/rockchip/rk3568/temp/micro/mcu/install/share/ros2trace
[0.783s] copying resource/ros2trace -> /home/rsl/rt-thread/bsp/rockchip/rk3568/temp/micro/mcu/install/share/ament_index/resource_index/packages
[0.783s] running install_egg_info
[0.784s] Copying ../../../build/ros2trace/ros2trace.egg-info to /home/rsl/rt-thread/bsp/rockchip/rk3568/temp/micro/mcu/install/lib/python3.8/site-packages/ros2trace-4.1.1-py3.8.egg-info
[0.785s] running install_scripts
[0.800s] writing list of installed files to '/home/rsl/rt-thread/bsp/rockchip/rk3568/temp/micro/mcu/build/ros2trace/install.log'
[0.820s] Invoked command in '/home/rsl/rt-thread/bsp/rockchip/rk3568/temp/micro/mcu/src/ros2_tracing/ros2trace' returned '0': AMENT_PREFIX_PATH=/home/rsl/rt-thread/bsp/rockchip/rk3568/temp/micro/mcu/install:${AMENT_PREFIX_PATH} CMAKE_PREFIX_PATH=/home/rsl/rt-thread/bsp/rockchip/rk3568/temp/micro/mcu/install:${CMAKE_PREFIX_PATH} PATH=/home/rsl/rt-thread/bsp/rockchip/rk3568/temp/micro/mcu/install/bin:${PATH} PYTHONPATH=/home/rsl/rt-thread/bsp/rockchip/rk3568/temp/micro/mcu/build/ros2trace/prefix_override:/home/rsl/.local/lib/python3.8/site-packages/colcon_core/task/python/colcon_distutils_commands:/home/rsl/rt-thread/bsp/rockchip/rk3568/temp/micro/mcu/install/lib/python3.8/site-packages:/home/rsl/rt-thread/bsp/rockchip/rk3568/temp/micro/mcu/install/lib/python3.8/site-packages:${PYTHONPATH} /usr/bin/python3 -W ignore:setup.py install is deprecated -W ignore:easy_install command is deprecated setup.py egg_info --egg-base ../../../build/ros2trace build --build-base /home/rsl/rt-thread/bsp/rockchip/rk3568/temp/micro/mcu/build/ros2trace/build install --record /home/rsl/rt-thread/bsp/rockchip/rk3568/temp/micro/mcu/build/ros2trace/install.log --single-version-externally-managed install_data
