[  3%] Built target ament_generate_version_header__rcl
[ 10%] [32mBuilding C object CMakeFiles/rcl.dir/src/rcl/client.c.obj[0m
[ 10%] [32mBuilding C object CMakeFiles/rcl.dir/src/rcl/context.c.obj[0m
[ 16%] [32mBuilding C object CMakeFiles/rcl.dir/src/rcl/common.c.obj[0m
[ 16%] [32mBuilding C object CMakeFiles/rcl.dir/src/rcl/domain_id.c.obj[0m
[ 20%] [32mBuilding C object CMakeFiles/rcl.dir/src/rcl/event.c.obj[0m
[ 23%] [32mBuilding C object CMakeFiles/rcl.dir/src/rcl/expand_topic_name.c.obj[0m
[ 26%] [32mBuilding C object CMakeFiles/rcl.dir/src/rcl/graph.c.obj[0m
[ 30%] [32mBuilding C object CMakeFiles/rcl.dir/src/rcl/init.c.obj[0m
[ 33%] [32mBuilding C object CMakeFiles/rcl.dir/src/rcl/lexer.c.obj[0m
[ 36%] [32mBuilding C object CMakeFiles/rcl.dir/src/rcl/lexer_lookahead.c.obj[0m
[ 40%] [32mBuilding C object CMakeFiles/rcl.dir/src/rcl/localhost.c.obj[0m
[ 43%] [32mBuilding C object CMakeFiles/rcl.dir/src/rcl/init_options.c.obj[0m
[ 46%] [32mBuilding C object CMakeFiles/rcl.dir/src/rcl/network_flow_endpoints.c.obj[0m
[ 50%] [32mBuilding C object CMakeFiles/rcl.dir/src/rcl/guard_condition.c.obj[0m
[ 53%] [32mBuilding C object CMakeFiles/rcl.dir/src/rcl/node.c.obj[0m
[ 56%] [32mBuilding C object CMakeFiles/rcl.dir/src/rcl/node_options.c.obj[0m
[ 60%] [32mBuilding C object CMakeFiles/rcl.dir/src/rcl/publisher.c.obj[0m
[ 63%] [32mBuilding C object CMakeFiles/rcl.dir/src/rcl/remap.c.obj[0m
[ 66%] [32mBuilding C object CMakeFiles/rcl.dir/src/rcl/security.c.obj[0m
[ 70%] [32mBuilding C object CMakeFiles/rcl.dir/src/rcl/node_resolve_name.c.obj[0m
[ 73%] [32mBuilding C object CMakeFiles/rcl.dir/src/rcl/rmw_implementation_identifier_check.c.obj[0m
[ 76%] [32mBuilding C object CMakeFiles/rcl.dir/src/rcl/service.c.obj[0m
[ 80%] [32mBuilding C object CMakeFiles/rcl.dir/src/rcl/subscription.c.obj[0m
[ 83%] [32mBuilding C object CMakeFiles/rcl.dir/src/rcl/time.c.obj[0m
[ 86%] [32mBuilding C object CMakeFiles/rcl.dir/src/rcl/validate_enclave_name.c.obj[0m
[ 90%] [32mBuilding C object CMakeFiles/rcl.dir/src/rcl/validate_topic_name.c.obj[0m
[ 93%] [32mBuilding C object CMakeFiles/rcl.dir/src/rcl/timer.c.obj[0m
[ 96%] [32mBuilding C object CMakeFiles/rcl.dir/src/rcl/wait.c.obj[0m
[100%] [32m[1mLinking CXX static library librcl.a[0m
[100%] Built target rcl
-- Install configuration: "Release"
-- Installing: /home/rsl/rt-thread/bsp/rockchip/rk3568/temp/micro/mcu/install/lib/librcl.a
-- Up-to-date: /home/rsl/rt-thread/bsp/rockchip/rk3568/temp/micro/mcu/install/share/rcl/environment/library_path.sh
-- Up-to-date: /home/rsl/rt-thread/bsp/rockchip/rk3568/temp/micro/mcu/install/share/rcl/environment/library_path.dsv
-- Up-to-date: /home/rsl/rt-thread/bsp/rockchip/rk3568/temp/micro/mcu/install/include/rcl/rcl/version.h
-- Up-to-date: /home/rsl/rt-thread/bsp/rockchip/rk3568/temp/micro/mcu/install/share/ament_index/resource_index/package_run_dependencies/rcl
-- Up-to-date: /home/rsl/rt-thread/bsp/rockchip/rk3568/temp/micro/mcu/install/share/ament_index/resource_index/parent_prefix_path/rcl
-- Up-to-date: /home/rsl/rt-thread/bsp/rockchip/rk3568/temp/micro/mcu/install/share/rcl/environment/ament_prefix_path.sh
-- Up-to-date: /home/rsl/rt-thread/bsp/rockchip/rk3568/temp/micro/mcu/install/share/rcl/environment/ament_prefix_path.dsv
-- Up-to-date: /home/rsl/rt-thread/bsp/rockchip/rk3568/temp/micro/mcu/install/share/rcl/environment/path.sh
-- Up-to-date: /home/rsl/rt-thread/bsp/rockchip/rk3568/temp/micro/mcu/install/share/rcl/environment/path.dsv
-- Up-to-date: /home/rsl/rt-thread/bsp/rockchip/rk3568/temp/micro/mcu/install/share/rcl/local_setup.bash
-- Up-to-date: /home/rsl/rt-thread/bsp/rockchip/rk3568/temp/micro/mcu/install/share/rcl/local_setup.sh
-- Up-to-date: /home/rsl/rt-thread/bsp/rockchip/rk3568/temp/micro/mcu/install/share/rcl/local_setup.zsh
-- Up-to-date: /home/rsl/rt-thread/bsp/rockchip/rk3568/temp/micro/mcu/install/share/rcl/local_setup.dsv
-- Installing: /home/rsl/rt-thread/bsp/rockchip/rk3568/temp/micro/mcu/install/share/rcl/package.dsv
-- Up-to-date: /home/rsl/rt-thread/bsp/rockchip/rk3568/temp/micro/mcu/install/share/ament_index/resource_index/packages/rcl
-- Up-to-date: /home/rsl/rt-thread/bsp/rockchip/rk3568/temp/micro/mcu/install/share/rcl/cmake/rclExport.cmake
-- Up-to-date: /home/rsl/rt-thread/bsp/rockchip/rk3568/temp/micro/mcu/install/share/rcl/cmake/rclExport-release.cmake
-- Up-to-date: /home/rsl/rt-thread/bsp/rockchip/rk3568/temp/micro/mcu/install/share/rcl/cmake/rcl-extras.cmake
-- Up-to-date: /home/rsl/rt-thread/bsp/rockchip/rk3568/temp/micro/mcu/install/share/rcl/cmake/ament_cmake_export_include_directories-extras.cmake
-- Up-to-date: /home/rsl/rt-thread/bsp/rockchip/rk3568/temp/micro/mcu/install/share/rcl/cmake/ament_cmake_export_libraries-extras.cmake
-- Up-to-date: /home/rsl/rt-thread/bsp/rockchip/rk3568/temp/micro/mcu/install/share/rcl/cmake/ament_cmake_export_targets-extras.cmake
-- Up-to-date: /home/rsl/rt-thread/bsp/rockchip/rk3568/temp/micro/mcu/install/share/rcl/cmake/ament_cmake_export_dependencies-extras.cmake
-- Up-to-date: /home/rsl/rt-thread/bsp/rockchip/rk3568/temp/micro/mcu/install/share/rcl/cmake/rclConfig.cmake
-- Up-to-date: /home/rsl/rt-thread/bsp/rockchip/rk3568/temp/micro/mcu/install/share/rcl/cmake/rclConfig-version.cmake
-- Up-to-date: /home/rsl/rt-thread/bsp/rockchip/rk3568/temp/micro/mcu/install/share/rcl/package.xml
-- Up-to-date: /home/rsl/rt-thread/bsp/rockchip/rk3568/temp/micro/mcu/install/share/rcl/cmake
-- Up-to-date: /home/rsl/rt-thread/bsp/rockchip/rk3568/temp/micro/mcu/install/share/rcl/cmake/get_default_rcl_logging_implementation.cmake
-- Up-to-date: /home/rsl/rt-thread/bsp/rockchip/rk3568/temp/micro/mcu/install/share/rcl/cmake/rcl_set_symbol_visibility_hidden.cmake
-- Up-to-date: /home/rsl/rt-thread/bsp/rockchip/rk3568/temp/micro/mcu/install/include/rcl
-- Up-to-date: /home/rsl/rt-thread/bsp/rockchip/rk3568/temp/micro/mcu/install/include/rcl/rcl
-- Up-to-date: /home/rsl/rt-thread/bsp/rockchip/rk3568/temp/micro/mcu/install/include/rcl/rcl/client.h
-- Up-to-date: /home/rsl/rt-thread/bsp/rockchip/rk3568/temp/micro/mcu/install/include/rcl/rcl/macros.h
-- Up-to-date: /home/rsl/rt-thread/bsp/rockchip/rk3568/temp/micro/mcu/install/include/rcl/rcl/remap.h
-- Up-to-date: /home/rsl/rt-thread/bsp/rockchip/rk3568/temp/micro/mcu/install/include/rcl/rcl/validate_enclave_name.h
-- Up-to-date: /home/rsl/rt-thread/bsp/rockchip/rk3568/temp/micro/mcu/install/include/rcl/rcl/types.h
-- Up-to-date: /home/rsl/rt-thread/bsp/rockchip/rk3568/temp/micro/mcu/install/include/rcl/rcl/error_handling.h
-- Up-to-date: /home/rsl/rt-thread/bsp/rockchip/rk3568/temp/micro/mcu/install/include/rcl/rcl/node_options.h
-- Up-to-date: /home/rsl/rt-thread/bsp/rockchip/rk3568/temp/micro/mcu/install/include/rcl/rcl/context.h
-- Up-to-date: /home/rsl/rt-thread/bsp/rockchip/rk3568/temp/micro/mcu/install/include/rcl/rcl/lexer_lookahead.h
-- Up-to-date: /home/rsl/rt-thread/bsp/rockchip/rk3568/temp/micro/mcu/install/include/rcl/rcl/validate_topic_name.h
-- Up-to-date: /home/rsl/rt-thread/bsp/rockchip/rk3568/temp/micro/mcu/install/include/rcl/rcl/network_flow_endpoints.h
-- Up-to-date: /home/rsl/rt-thread/bsp/rockchip/rk3568/temp/micro/mcu/install/include/rcl/rcl/logging_rosout.h
-- Up-to-date: /home/rsl/rt-thread/bsp/rockchip/rk3568/temp/micro/mcu/install/include/rcl/rcl/time.h
-- Up-to-date: /home/rsl/rt-thread/bsp/rockchip/rk3568/temp/micro/mcu/install/include/rcl/rcl/security.h
-- Up-to-date: /home/rsl/rt-thread/bsp/rockchip/rk3568/temp/micro/mcu/install/include/rcl/rcl/subscription.h
-- Up-to-date: /home/rsl/rt-thread/bsp/rockchip/rk3568/temp/micro/mcu/install/include/rcl/rcl/wait.h
-- Up-to-date: /home/rsl/rt-thread/bsp/rockchip/rk3568/temp/micro/mcu/install/include/rcl/rcl/expand_topic_name.h
-- Up-to-date: /home/rsl/rt-thread/bsp/rockchip/rk3568/temp/micro/mcu/install/include/rcl/rcl/event_callback.h
-- Up-to-date: /home/rsl/rt-thread/bsp/rockchip/rk3568/temp/micro/mcu/install/include/rcl/rcl/guard_condition.h
-- Up-to-date: /home/rsl/rt-thread/bsp/rockchip/rk3568/temp/micro/mcu/install/include/rcl/rcl/domain_id.h
-- Up-to-date: /home/rsl/rt-thread/bsp/rockchip/rk3568/temp/micro/mcu/install/include/rcl/rcl/timer.h
-- Up-to-date: /home/rsl/rt-thread/bsp/rockchip/rk3568/temp/micro/mcu/install/include/rcl/rcl/arguments.h
-- Up-to-date: /home/rsl/rt-thread/bsp/rockchip/rk3568/temp/micro/mcu/install/include/rcl/rcl/log_level.h
-- Up-to-date: /home/rsl/rt-thread/bsp/rockchip/rk3568/temp/micro/mcu/install/include/rcl/rcl/node.h
-- Up-to-date: /home/rsl/rt-thread/bsp/rockchip/rk3568/temp/micro/mcu/install/include/rcl/rcl/allocator.h
-- Up-to-date: /home/rsl/rt-thread/bsp/rockchip/rk3568/temp/micro/mcu/install/include/rcl/rcl/logging.h
-- Up-to-date: /home/rsl/rt-thread/bsp/rockchip/rk3568/temp/micro/mcu/install/include/rcl/rcl/service.h
-- Up-to-date: /home/rsl/rt-thread/bsp/rockchip/rk3568/temp/micro/mcu/install/include/rcl/rcl/init_options.h
-- Up-to-date: /home/rsl/rt-thread/bsp/rockchip/rk3568/temp/micro/mcu/install/include/rcl/rcl/lexer.h
-- Up-to-date: /home/rsl/rt-thread/bsp/rockchip/rk3568/temp/micro/mcu/install/include/rcl/rcl/visibility_control.h
-- Up-to-date: /home/rsl/rt-thread/bsp/rockchip/rk3568/temp/micro/mcu/install/include/rcl/rcl/rmw_implementation_identifier_check.h
-- Up-to-date: /home/rsl/rt-thread/bsp/rockchip/rk3568/temp/micro/mcu/install/include/rcl/rcl/init.h
-- Up-to-date: /home/rsl/rt-thread/bsp/rockchip/rk3568/temp/micro/mcu/install/include/rcl/rcl/event.h
-- Up-to-date: /home/rsl/rt-thread/bsp/rockchip/rk3568/temp/micro/mcu/install/include/rcl/rcl/localhost.h
-- Up-to-date: /home/rsl/rt-thread/bsp/rockchip/rk3568/temp/micro/mcu/install/include/rcl/rcl/rcl.h
-- Up-to-date: /home/rsl/rt-thread/bsp/rockchip/rk3568/temp/micro/mcu/install/include/rcl/rcl/graph.h
-- Up-to-date: /home/rsl/rt-thread/bsp/rockchip/rk3568/temp/micro/mcu/install/include/rcl/rcl/publisher.h
