[  4%] [32mBuilding C object CMakeFiles/microxrcedds_client.dir/src/c/core/session/session.c.obj[0m
[01m[K/home/rsl/rt-thread/bsp/rockchip/rk3568/temp/micro/mcu/src/Micro-XRCE-DDS-Client/src/c/core/session/session.c:[m[K In function '[01m[Kuxr_create_session_retries[m[K':
[01m[K/home/rsl/rt-thread/bsp/rockchip/rk3568/temp/micro/mcu/src/Micro-XRCE-DDS-Client/src/c/core/session/session.c:238:5:[m[K [01;35m[Kwarning: [m[Kimplicit declaration of function '[01m[Ksprintf[m[K' [[01;35m[K-Wimplicit-function-declaration[m[K]
  238 |     [01;35m[Ksprintf[m[K(buffer,"cfile is %s,func is %s,line is %d\n",__FILE__,__func__,__LINE__);\
      |     [01;35m[K^~~~~~~[m[K
[01m[K/home/rsl/rt-thread/bsp/rockchip/rk3568/temp/micro/mcu/src/Micro-XRCE-DDS-Client/src/c/core/session/session.c:248:5:[m[K [01;36m[Knote: [m[Kin expansion of macro '[01m[Kbrain_debug[m[K'
  248 |     [01;36m[Kbrain_debug[m[K(NULL);
      |     [01;36m[K^~~~~~~~~~~[m[K
[01m[K/home/rsl/rt-thread/bsp/rockchip/rk3568/temp/micro/mcu/src/Micro-XRCE-DDS-Client/src/c/core/session/session.c:238:5:[m[K [01;35m[Kwarning: [m[Kincompatible implicit declaration of built-in function '[01m[Ksprintf[m[K'
  238 |     [01;35m[Ksprintf[m[K(buffer,"cfile is %s,func is %s,line is %d\n",__FILE__,__func__,__LINE__);\
      |     [01;35m[K^~~~~~~[m[K
[01m[K/home/rsl/rt-thread/bsp/rockchip/rk3568/temp/micro/mcu/src/Micro-XRCE-DDS-Client/src/c/core/session/session.c:248:5:[m[K [01;36m[Knote: [m[Kin expansion of macro '[01m[Kbrain_debug[m[K'
  248 |     [01;36m[Kbrain_debug[m[K(NULL);
      |     [01;36m[K^~~~~~~~~~~[m[K
[01m[K/home/rsl/rt-thread/bsp/rockchip/rk3568/temp/micro/mcu/src/Micro-XRCE-DDS-Client/src/c/core/session/session.c:22:1:[m[K [01;36m[Knote: [m[Kinclude '[01m[K<stdio.h>[m[K' or provide a declaration of '[01m[Ksprintf[m[K'
   21 | #include "../../profile/shared_memory/shared_memory_internal.h"
  +++ |+[32m[K#include <stdio.h>[m[K
   22 | 
[01m[K/home/rsl/rt-thread/bsp/rockchip/rk3568/temp/micro/mcu/src/Micro-XRCE-DDS-Client/src/c/core/session/session.c:238:13:[m[K [01;35m[Kwarning: [m[Kpointer targets in passing argument 1 of '[01m[Ksprintf[m[K' differ in signedness [[01;35m[K-Wpointer-sign[m[K]
  238 |     sprintf([01;35m[Kbuffer[m[K,"cfile is %s,func is %s,line is %d\n",__FILE__,__func__,__LINE__);\
      |             [01;35m[K^~~~~~[m[K
      |             [01;35m[K|[m[K
      |             [01;35m[Kuint8_t * {aka unsigned char *}[m[K
[01m[K/home/rsl/rt-thread/bsp/rockchip/rk3568/temp/micro/mcu/src/Micro-XRCE-DDS-Client/src/c/core/session/session.c:248:5:[m[K [01;36m[Knote: [m[Kin expansion of macro '[01m[Kbrain_debug[m[K'
  248 |     [01;36m[Kbrain_debug[m[K(NULL);
      |     [01;36m[K^~~~~~~~~~~[m[K
[01m[K/home/rsl/rt-thread/bsp/rockchip/rk3568/temp/micro/mcu/src/Micro-XRCE-DDS-Client/src/c/core/session/session.c:238:13:[m[K [01;36m[Knote: [m[Kexpected '[01m[Kchar *[m[K' but argument is of type '[01m[Kuint8_t *[m[K' {aka '[01m[Kunsigned char *[m[K'}
  238 |     sprintf([01;36m[Kbuffer[m[K,"cfile is %s,func is %s,line is %d\n",__FILE__,__func__,__LINE__);\
      |             [01;36m[K^~~~~~[m[K
[01m[K/home/rsl/rt-thread/bsp/rockchip/rk3568/temp/micro/mcu/src/Micro-XRCE-DDS-Client/src/c/core/session/session.c:248:5:[m[K [01;36m[Knote: [m[Kin expansion of macro '[01m[Kbrain_debug[m[K'
  248 |     [01;36m[Kbrain_debug[m[K(NULL);
      |     [01;36m[K^~~~~~~~~~~[m[K
[01m[K/home/rsl/rt-thread/bsp/rockchip/rk3568/temp/micro/mcu/src/Micro-XRCE-DDS-Client/src/c/core/session/session.c:239:40:[m[K [01;35m[Kwarning: [m[Kpointer targets in passing argument 1 of '[01m[Kstrlen[m[K' differ in signedness [[01;35m[K-Wpointer-sign[m[K]
  239 |     send_message(session,buffer,strlen([01;35m[Kbuffer[m[K));\
      |                                        [01;35m[K^~~~~~[m[K
      |                                        [01;35m[K|[m[K
      |                                        [01;35m[Kuint8_t * {aka unsigned char *}[m[K
[01m[K/home/rsl/rt-thread/bsp/rockchip/rk3568/temp/micro/mcu/src/Micro-XRCE-DDS-Client/src/c/core/session/session.c:248:5:[m[K [01;36m[Knote: [m[Kin expansion of macro '[01m[Kbrain_debug[m[K'
  248 |     [01;36m[Kbrain_debug[m[K(NULL);
      |     [01;36m[K^~~~~~~~~~~[m[K
In file included from [01m[K/home/rsl/rt-thread/bsp/rockchip/rk3568/temp/micro/mcu/src/Micro-XRCE-DDS-Client/src/c/core/session/stream/common_reliable_stream_internal.h:28[m[K,
                 from [01m[K/home/rsl/rt-thread/bsp/rockchip/rk3568/temp/micro/mcu/src/Micro-XRCE-DDS-Client/src/c/core/session/session.c:11[m[K:
[01m[K/home/rsl/gcc-arm-10.3-2021.07-x86_64-aarch64-none-elf/aarch64-none-elf/include/string.h:41:17:[m[K [01;36m[Knote: [m[Kexpected '[01m[Kconst char *[m[K' but argument is of type '[01m[Kuint8_t *[m[K' {aka '[01m[Kunsigned char *[m[K'}
   41 | size_t  strlen ([01;36m[Kconst char *[m[K);
      |                 [01;36m[K^~~~~~~~~~~~[m[K
[01m[K/home/rsl/rt-thread/bsp/rockchip/rk3568/temp/micro/mcu/src/Micro-XRCE-DDS-Client/src/c/core/session/session.c:238:5:[m[K [01;35m[Kwarning: [m[Kincompatible implicit declaration of built-in function '[01m[Ksprintf[m[K'
  238 |     [01;35m[Ksprintf[m[K(buffer,"cfile is %s,func is %s,line is %d\n",__FILE__,__func__,__LINE__);\
      |     [01;35m[K^~~~~~~[m[K
[01m[K/home/rsl/rt-thread/bsp/rockchip/rk3568/temp/micro/mcu/src/Micro-XRCE-DDS-Client/src/c/core/session/session.c:255:5:[m[K [01;36m[Knote: [m[Kin expansion of macro '[01m[Kbrain_debug[m[K'
  255 |     [01;36m[Kbrain_debug[m[K(NULL);
      |     [01;36m[K^~~~~~~~~~~[m[K
[01m[K/home/rsl/rt-thread/bsp/rockchip/rk3568/temp/micro/mcu/src/Micro-XRCE-DDS-Client/src/c/core/session/session.c:238:5:[m[K [01;36m[Knote: [m[Kinclude '[01m[K<stdio.h>[m[K' or provide a declaration of '[01m[Ksprintf[m[K'
  238 |     [01;36m[Ksprintf[m[K(buffer,"cfile is %s,func is %s,line is %d\n",__FILE__,__func__,__LINE__);\
      |     [01;36m[K^~~~~~~[m[K
[01m[K/home/rsl/rt-thread/bsp/rockchip/rk3568/temp/micro/mcu/src/Micro-XRCE-DDS-Client/src/c/core/session/session.c:255:5:[m[K [01;36m[Knote: [m[Kin expansion of macro '[01m[Kbrain_debug[m[K'
  255 |     [01;36m[Kbrain_debug[m[K(NULL);
      |     [01;36m[K^~~~~~~~~~~[m[K
[01m[K/home/rsl/rt-thread/bsp/rockchip/rk3568/temp/micro/mcu/src/Micro-XRCE-DDS-Client/src/c/core/session/session.c:238:13:[m[K [01;35m[Kwarning: [m[Kpointer targets in passing argument 1 of '[01m[Ksprintf[m[K' differ in signedness [[01;35m[K-Wpointer-sign[m[K]
  238 |     sprintf([01;35m[Kbuffer[m[K,"cfile is %s,func is %s,line is %d\n",__FILE__,__func__,__LINE__);\
      |             [01;35m[K^~~~~~[m[K
      |             [01;35m[K|[m[K
      |             [01;35m[Kuint8_t * {aka unsigned char *}[m[K
[01m[K/home/rsl/rt-thread/bsp/rockchip/rk3568/temp/micro/mcu/src/Micro-XRCE-DDS-Client/src/c/core/session/session.c:255:5:[m[K [01;36m[Knote: [m[Kin expansion of macro '[01m[Kbrain_debug[m[K'
  255 |     [01;36m[Kbrain_debug[m[K(NULL);
      |     [01;36m[K^~~~~~~~~~~[m[K
[01m[K/home/rsl/rt-thread/bsp/rockchip/rk3568/temp/micro/mcu/src/Micro-XRCE-DDS-Client/src/c/core/session/session.c:238:13:[m[K [01;36m[Knote: [m[Kexpected '[01m[Kchar *[m[K' but argument is of type '[01m[Kuint8_t *[m[K' {aka '[01m[Kunsigned char *[m[K'}
  238 |     sprintf([01;36m[Kbuffer[m[K,"cfile is %s,func is %s,line is %d\n",__FILE__,__func__,__LINE__);\
      |             [01;36m[K^~~~~~[m[K
[01m[K/home/rsl/rt-thread/bsp/rockchip/rk3568/temp/micro/mcu/src/Micro-XRCE-DDS-Client/src/c/core/session/session.c:255:5:[m[K [01;36m[Knote: [m[Kin expansion of macro '[01m[Kbrain_debug[m[K'
  255 |     [01;36m[Kbrain_debug[m[K(NULL);
      |     [01;36m[K^~~~~~~~~~~[m[K
[01m[K/home/rsl/rt-thread/bsp/rockchip/rk3568/temp/micro/mcu/src/Micro-XRCE-DDS-Client/src/c/core/session/session.c:239:40:[m[K [01;35m[Kwarning: [m[Kpointer targets in passing argument 1 of '[01m[Kstrlen[m[K' differ in signedness [[01;35m[K-Wpointer-sign[m[K]
  239 |     send_message(session,buffer,strlen([01;35m[Kbuffer[m[K));\
      |                                        [01;35m[K^~~~~~[m[K
      |                                        [01;35m[K|[m[K
      |                                        [01;35m[Kuint8_t * {aka unsigned char *}[m[K
[01m[K/home/rsl/rt-thread/bsp/rockchip/rk3568/temp/micro/mcu/src/Micro-XRCE-DDS-Client/src/c/core/session/session.c:255:5:[m[K [01;36m[Knote: [m[Kin expansion of macro '[01m[Kbrain_debug[m[K'
  255 |     [01;36m[Kbrain_debug[m[K(NULL);
      |     [01;36m[K^~~~~~~~~~~[m[K
In file included from [01m[K/home/rsl/rt-thread/bsp/rockchip/rk3568/temp/micro/mcu/src/Micro-XRCE-DDS-Client/src/c/core/session/stream/common_reliable_stream_internal.h:28[m[K,
                 from [01m[K/home/rsl/rt-thread/bsp/rockchip/rk3568/temp/micro/mcu/src/Micro-XRCE-DDS-Client/src/c/core/session/session.c:11[m[K:
[01m[K/home/rsl/gcc-arm-10.3-2021.07-x86_64-aarch64-none-elf/aarch64-none-elf/include/string.h:41:17:[m[K [01;36m[Knote: [m[Kexpected '[01m[Kconst char *[m[K' but argument is of type '[01m[Kuint8_t *[m[K' {aka '[01m[Kunsigned char *[m[K'}
   41 | size_t  strlen ([01;36m[Kconst char *[m[K);
      |                 [01;36m[K^~~~~~~~~~~~[m[K
[01m[K/home/rsl/rt-thread/bsp/rockchip/rk3568/temp/micro/mcu/src/Micro-XRCE-DDS-Client/src/c/core/session/session.c:238:5:[m[K [01;35m[Kwarning: [m[Kincompatible implicit declaration of built-in function '[01m[Ksprintf[m[K'
  238 |     [01;35m[Ksprintf[m[K(buffer,"cfile is %s,func is %s,line is %d\n",__FILE__,__func__,__LINE__);\
      |     [01;35m[K^~~~~~~[m[K
[01m[K/home/rsl/rt-thread/bsp/rockchip/rk3568/temp/micro/mcu/src/Micro-XRCE-DDS-Client/src/c/core/session/session.c:259:5:[m[K [01;36m[Knote: [m[Kin expansion of macro '[01m[Kbrain_debug[m[K'
  259 |     [01;36m[Kbrain_debug[m[K(NULL);
      |     [01;36m[K^~~~~~~~~~~[m[K
[01m[K/home/rsl/rt-thread/bsp/rockchip/rk3568/temp/micro/mcu/src/Micro-XRCE-DDS-Client/src/c/core/session/session.c:238:5:[m[K [01;36m[Knote: [m[Kinclude '[01m[K<stdio.h>[m[K' or provide a declaration of '[01m[Ksprintf[m[K'
  238 |     [01;36m[Ksprintf[m[K(buffer,"cfile is %s,func is %s,line is %d\n",__FILE__,__func__,__LINE__);\
      |     [01;36m[K^~~~~~~[m[K
[01m[K/home/rsl/rt-thread/bsp/rockchip/rk3568/temp/micro/mcu/src/Micro-XRCE-DDS-Client/src/c/core/session/session.c:259:5:[m[K [01;36m[Knote: [m[Kin expansion of macro '[01m[Kbrain_debug[m[K'
  259 |     [01;36m[Kbrain_debug[m[K(NULL);
      |     [01;36m[K^~~~~~~~~~~[m[K
[01m[K/home/rsl/rt-thread/bsp/rockchip/rk3568/temp/micro/mcu/src/Micro-XRCE-DDS-Client/src/c/core/session/session.c:238:13:[m[K [01;35m[Kwarning: [m[Kpointer targets in passing argument 1 of '[01m[Ksprintf[m[K' differ in signedness [[01;35m[K-Wpointer-sign[m[K]
  238 |     sprintf([01;35m[Kbuffer[m[K,"cfile is %s,func is %s,line is %d\n",__FILE__,__func__,__LINE__);\
      |             [01;35m[K^~~~~~[m[K
      |             [01;35m[K|[m[K
      |             [01;35m[Kuint8_t * {aka unsigned char *}[m[K
[01m[K/home/rsl/rt-thread/bsp/rockchip/rk3568/temp/micro/mcu/src/Micro-XRCE-DDS-Client/src/c/core/session/session.c:259:5:[m[K [01;36m[Knote: [m[Kin expansion of macro '[01m[Kbrain_debug[m[K'
  259 |     [01;36m[Kbrain_debug[m[K(NULL);
      |     [01;36m[K^~~~~~~~~~~[m[K
[01m[K/home/rsl/rt-thread/bsp/rockchip/rk3568/temp/micro/mcu/src/Micro-XRCE-DDS-Client/src/c/core/session/session.c:238:13:[m[K [01;36m[Knote: [m[Kexpected '[01m[Kchar *[m[K' but argument is of type '[01m[Kuint8_t *[m[K' {aka '[01m[Kunsigned char *[m[K'}
  238 |     sprintf([01;36m[Kbuffer[m[K,"cfile is %s,func is %s,line is %d\n",__FILE__,__func__,__LINE__);\
      |             [01;36m[K^~~~~~[m[K
[01m[K/home/rsl/rt-thread/bsp/rockchip/rk3568/temp/micro/mcu/src/Micro-XRCE-DDS-Client/src/c/core/session/session.c:259:5:[m[K [01;36m[Knote: [m[Kin expansion of macro '[01m[Kbrain_debug[m[K'
  259 |     [01;36m[Kbrain_debug[m[K(NULL);
      |     [01;36m[K^~~~~~~~~~~[m[K
[01m[K/home/rsl/rt-thread/bsp/rockchip/rk3568/temp/micro/mcu/src/Micro-XRCE-DDS-Client/src/c/core/session/session.c:239:40:[m[K [01;35m[Kwarning: [m[Kpointer targets in passing argument 1 of '[01m[Kstrlen[m[K' differ in signedness [[01;35m[K-Wpointer-sign[m[K]
  239 |     send_message(session,buffer,strlen([01;35m[Kbuffer[m[K));\
      |                                        [01;35m[K^~~~~~[m[K
      |                                        [01;35m[K|[m[K
      |                                        [01;35m[Kuint8_t * {aka unsigned char *}[m[K
[01m[K/home/rsl/rt-thread/bsp/rockchip/rk3568/temp/micro/mcu/src/Micro-XRCE-DDS-Client/src/c/core/session/session.c:259:5:[m[K [01;36m[Knote: [m[Kin expansion of macro '[01m[Kbrain_debug[m[K'
  259 |     [01;36m[Kbrain_debug[m[K(NULL);
      |     [01;36m[K^~~~~~~~~~~[m[K
In file included from [01m[K/home/rsl/rt-thread/bsp/rockchip/rk3568/temp/micro/mcu/src/Micro-XRCE-DDS-Client/src/c/core/session/stream/common_reliable_stream_internal.h:28[m[K,
                 from [01m[K/home/rsl/rt-thread/bsp/rockchip/rk3568/temp/micro/mcu/src/Micro-XRCE-DDS-Client/src/c/core/session/session.c:11[m[K:
[01m[K/home/rsl/gcc-arm-10.3-2021.07-x86_64-aarch64-none-elf/aarch64-none-elf/include/string.h:41:17:[m[K [01;36m[Knote: [m[Kexpected '[01m[Kconst char *[m[K' but argument is of type '[01m[Kuint8_t *[m[K' {aka '[01m[Kunsigned char *[m[K'}
   41 | size_t  strlen ([01;36m[Kconst char *[m[K);
      |                 [01;36m[K^~~~~~~~~~~~[m[K
[01m[K/home/rsl/rt-thread/bsp/rockchip/rk3568/temp/micro/mcu/src/Micro-XRCE-DDS-Client/src/c/core/session/session.c:238:5:[m[K [01;35m[Kwarning: [m[Kincompatible implicit declaration of built-in function '[01m[Ksprintf[m[K'
  238 |     [01;35m[Ksprintf[m[K(buffer,"cfile is %s,func is %s,line is %d\n",__FILE__,__func__,__LINE__);\
      |     [01;35m[K^~~~~~~[m[K
[01m[K/home/rsl/rt-thread/bsp/rockchip/rk3568/temp/micro/mcu/src/Micro-XRCE-DDS-Client/src/c/core/session/session.c:262:5:[m[K [01;36m[Knote: [m[Kin expansion of macro '[01m[Kbrain_debug[m[K'
  262 |     [01;36m[Kbrain_debug[m[K(NULL);
      |     [01;36m[K^~~~~~~~~~~[m[K
[01m[K/home/rsl/rt-thread/bsp/rockchip/rk3568/temp/micro/mcu/src/Micro-XRCE-DDS-Client/src/c/core/session/session.c:238:5:[m[K [01;36m[Knote: [m[Kinclude '[01m[K<stdio.h>[m[K' or provide a declaration of '[01m[Ksprintf[m[K'
  238 |     [01;36m[Ksprintf[m[K(buffer,"cfile is %s,func is %s,line is %d\n",__FILE__,__func__,__LINE__);\
      |     [01;36m[K^~~~~~~[m[K
[01m[K/home/rsl/rt-thread/bsp/rockchip/rk3568/temp/micro/mcu/src/Micro-XRCE-DDS-Client/src/c/core/session/session.c:262:5:[m[K [01;36m[Knote: [m[Kin expansion of macro '[01m[Kbrain_debug[m[K'
  262 |     [01;36m[Kbrain_debug[m[K(NULL);
      |     [01;36m[K^~~~~~~~~~~[m[K
[01m[K/home/rsl/rt-thread/bsp/rockchip/rk3568/temp/micro/mcu/src/Micro-XRCE-DDS-Client/src/c/core/session/session.c:238:13:[m[K [01;35m[Kwarning: [m[Kpointer targets in passing argument 1 of '[01m[Ksprintf[m[K' differ in signedness [[01;35m[K-Wpointer-sign[m[K]
  238 |     sprintf([01;35m[Kbuffer[m[K,"cfile is %s,func is %s,line is %d\n",__FILE__,__func__,__LINE__);\
      |             [01;35m[K^~~~~~[m[K
      |             [01;35m[K|[m[K
      |             [01;35m[Kuint8_t * {aka unsigned char *}[m[K
[01m[K/home/rsl/rt-thread/bsp/rockchip/rk3568/temp/micro/mcu/src/Micro-XRCE-DDS-Client/src/c/core/session/session.c:262:5:[m[K [01;36m[Knote: [m[Kin expansion of macro '[01m[Kbrain_debug[m[K'
  262 |     [01;36m[Kbrain_debug[m[K(NULL);
      |     [01;36m[K^~~~~~~~~~~[m[K
[01m[K/home/rsl/rt-thread/bsp/rockchip/rk3568/temp/micro/mcu/src/Micro-XRCE-DDS-Client/src/c/core/session/session.c:238:13:[m[K [01;36m[Knote: [m[Kexpected '[01m[Kchar *[m[K' but argument is of type '[01m[Kuint8_t *[m[K' {aka '[01m[Kunsigned char *[m[K'}
  238 |     sprintf([01;36m[Kbuffer[m[K,"cfile is %s,func is %s,line is %d\n",__FILE__,__func__,__LINE__);\
      |             [01;36m[K^~~~~~[m[K
[01m[K/home/rsl/rt-thread/bsp/rockchip/rk3568/temp/micro/mcu/src/Micro-XRCE-DDS-Client/src/c/core/session/session.c:262:5:[m[K [01;36m[Knote: [m[Kin expansion of macro '[01m[Kbrain_debug[m[K'
  262 |     [01;36m[Kbrain_debug[m[K(NULL);
      |     [01;36m[K^~~~~~~~~~~[m[K
[01m[K/home/rsl/rt-thread/bsp/rockchip/rk3568/temp/micro/mcu/src/Micro-XRCE-DDS-Client/src/c/core/session/session.c:239:40:[m[K [01;35m[Kwarning: [m[Kpointer targets in passing argument 1 of '[01m[Kstrlen[m[K' differ in signedness [[01;35m[K-Wpointer-sign[m[K]
  239 |     send_message(session,buffer,strlen([01;35m[Kbuffer[m[K));\
      |                                        [01;35m[K^~~~~~[m[K
      |                                        [01;35m[K|[m[K
      |                                        [01;35m[Kuint8_t * {aka unsigned char *}[m[K
[01m[K/home/rsl/rt-thread/bsp/rockchip/rk3568/temp/micro/mcu/src/Micro-XRCE-DDS-Client/src/c/core/session/session.c:262:5:[m[K [01;36m[Knote: [m[Kin expansion of macro '[01m[Kbrain_debug[m[K'
  262 |     [01;36m[Kbrain_debug[m[K(NULL);
      |     [01;36m[K^~~~~~~~~~~[m[K
In file included from [01m[K/home/rsl/rt-thread/bsp/rockchip/rk3568/temp/micro/mcu/src/Micro-XRCE-DDS-Client/src/c/core/session/stream/common_reliable_stream_internal.h:28[m[K,
                 from [01m[K/home/rsl/rt-thread/bsp/rockchip/rk3568/temp/micro/mcu/src/Micro-XRCE-DDS-Client/src/c/core/session/session.c:11[m[K:
[01m[K/home/rsl/gcc-arm-10.3-2021.07-x86_64-aarch64-none-elf/aarch64-none-elf/include/string.h:41:17:[m[K [01;36m[Knote: [m[Kexpected '[01m[Kconst char *[m[K' but argument is of type '[01m[Kuint8_t *[m[K' {aka '[01m[Kunsigned char *[m[K'}
   41 | size_t  strlen ([01;36m[Kconst char *[m[K);
      |                 [01;36m[K^~~~~~~~~~~~[m[K
[01m[K/home/rsl/rt-thread/bsp/rockchip/rk3568/temp/micro/mcu/src/Micro-XRCE-DDS-Client/src/c/core/session/session.c:238:5:[m[K [01;35m[Kwarning: [m[Kincompatible implicit declaration of built-in function '[01m[Ksprintf[m[K'
  238 |     [01;35m[Ksprintf[m[K(buffer,"cfile is %s,func is %s,line is %d\n",__FILE__,__func__,__LINE__);\
      |     [01;35m[K^~~~~~~[m[K
[01m[K/home/rsl/rt-thread/bsp/rockchip/rk3568/temp/micro/mcu/src/Micro-XRCE-DDS-Client/src/c/core/session/session.c:265:5:[m[K [01;36m[Knote: [m[Kin expansion of macro '[01m[Kbrain_debug[m[K'
  265 |     [01;36m[Kbrain_debug[m[K(NULL);
      |     [01;36m[K^~~~~~~~~~~[m[K
[01m[K/home/rsl/rt-thread/bsp/rockchip/rk3568/temp/micro/mcu/src/Micro-XRCE-DDS-Client/src/c/core/session/session.c:238:5:[m[K [01;36m[Knote: [m[Kinclude '[01m[K<stdio.h>[m[K' or provide a declaration of '[01m[Ksprintf[m[K'
  238 |     [01;36m[Ksprintf[m[K(buffer,"cfile is %s,func is %s,line is %d\n",__FILE__,__func__,__LINE__);\
      |     [01;36m[K^~~~~~~[m[K
[01m[K/home/rsl/rt-thread/bsp/rockchip/rk3568/temp/micro/mcu/src/Micro-XRCE-DDS-Client/src/c/core/session/session.c:265:5:[m[K [01;36m[Knote: [m[Kin expansion of macro '[01m[Kbrain_debug[m[K'
  265 |     [01;36m[Kbrain_debug[m[K(NULL);
      |     [01;36m[K^~~~~~~~~~~[m[K
[01m[K/home/rsl/rt-thread/bsp/rockchip/rk3568/temp/micro/mcu/src/Micro-XRCE-DDS-Client/src/c/core/session/session.c:238:13:[m[K [01;35m[Kwarning: [m[Kpointer targets in passing argument 1 of '[01m[Ksprintf[m[K' differ in signedness [[01;35m[K-Wpointer-sign[m[K]
  238 |     sprintf([01;35m[Kbuffer[m[K,"cfile is %s,func is %s,line is %d\n",__FILE__,__func__,__LINE__);\
      |             [01;35m[K^~~~~~[m[K
      |             [01;35m[K|[m[K
      |             [01;35m[Kuint8_t * {aka unsigned char *}[m[K
[01m[K/home/rsl/rt-thread/bsp/rockchip/rk3568/temp/micro/mcu/src/Micro-XRCE-DDS-Client/src/c/core/session/session.c:265:5:[m[K [01;36m[Knote: [m[Kin expansion of macro '[01m[Kbrain_debug[m[K'
  265 |     [01;36m[Kbrain_debug[m[K(NULL);
      |     [01;36m[K^~~~~~~~~~~[m[K
[01m[K/home/rsl/rt-thread/bsp/rockchip/rk3568/temp/micro/mcu/src/Micro-XRCE-DDS-Client/src/c/core/session/session.c:238:13:[m[K [01;36m[Knote: [m[Kexpected '[01m[Kchar *[m[K' but argument is of type '[01m[Kuint8_t *[m[K' {aka '[01m[Kunsigned char *[m[K'}
  238 |     sprintf([01;36m[Kbuffer[m[K,"cfile is %s,func is %s,line is %d\n",__FILE__,__func__,__LINE__);\
      |             [01;36m[K^~~~~~[m[K
[01m[K/home/rsl/rt-thread/bsp/rockchip/rk3568/temp/micro/mcu/src/Micro-XRCE-DDS-Client/src/c/core/session/session.c:265:5:[m[K [01;36m[Knote: [m[Kin expansion of macro '[01m[Kbrain_debug[m[K'
  265 |     [01;36m[Kbrain_debug[m[K(NULL);
      |     [01;36m[K^~~~~~~~~~~[m[K
[01m[K/home/rsl/rt-thread/bsp/rockchip/rk3568/temp/micro/mcu/src/Micro-XRCE-DDS-Client/src/c/core/session/session.c:239:40:[m[K [01;35m[Kwarning: [m[Kpointer targets in passing argument 1 of '[01m[Kstrlen[m[K' differ in signedness [[01;35m[K-Wpointer-sign[m[K]
  239 |     send_message(session,buffer,strlen([01;35m[Kbuffer[m[K));\
      |                                        [01;35m[K^~~~~~[m[K
      |                                        [01;35m[K|[m[K
      |                                        [01;35m[Kuint8_t * {aka unsigned char *}[m[K
[01m[K/home/rsl/rt-thread/bsp/rockchip/rk3568/temp/micro/mcu/src/Micro-XRCE-DDS-Client/src/c/core/session/session.c:265:5:[m[K [01;36m[Knote: [m[Kin expansion of macro '[01m[Kbrain_debug[m[K'
  265 |     [01;36m[Kbrain_debug[m[K(NULL);
      |     [01;36m[K^~~~~~~~~~~[m[K
In file included from [01m[K/home/rsl/rt-thread/bsp/rockchip/rk3568/temp/micro/mcu/src/Micro-XRCE-DDS-Client/src/c/core/session/stream/common_reliable_stream_internal.h:28[m[K,
                 from [01m[K/home/rsl/rt-thread/bsp/rockchip/rk3568/temp/micro/mcu/src/Micro-XRCE-DDS-Client/src/c/core/session/session.c:11[m[K:
[01m[K/home/rsl/gcc-arm-10.3-2021.07-x86_64-aarch64-none-elf/aarch64-none-elf/include/string.h:41:17:[m[K [01;36m[Knote: [m[Kexpected '[01m[Kconst char *[m[K' but argument is of type '[01m[Kuint8_t *[m[K' {aka '[01m[Kunsigned char *[m[K'}
   41 | size_t  strlen ([01;36m[Kconst char *[m[K);
      |                 [01;36m[K^~~~~~~~~~~~[m[K
[01m[K/home/rsl/rt-thread/bsp/rockchip/rk3568/temp/micro/mcu/src/Micro-XRCE-DDS-Client/src/c/core/session/session.c:238:5:[m[K [01;35m[Kwarning: [m[Kincompatible implicit declaration of built-in function '[01m[Ksprintf[m[K'
  238 |     [01;35m[Ksprintf[m[K(buffer,"cfile is %s,func is %s,line is %d\n",__FILE__,__func__,__LINE__);\
      |     [01;35m[K^~~~~~~[m[K
[01m[K/home/rsl/rt-thread/bsp/rockchip/rk3568/temp/micro/mcu/src/Micro-XRCE-DDS-Client/src/c/core/session/session.c:273:9:[m[K [01;36m[Knote: [m[Kin expansion of macro '[01m[Kbrain_debug[m[K'
  273 |         [01;36m[Kbrain_debug[m[K(NULL);
      |         [01;36m[K^~~~~~~~~~~[m[K
[01m[K/home/rsl/rt-thread/bsp/rockchip/rk3568/temp/micro/mcu/src/Micro-XRCE-DDS-Client/src/c/core/session/session.c:238:5:[m[K [01;36m[Knote: [m[Kinclude '[01m[K<stdio.h>[m[K' or provide a declaration of '[01m[Ksprintf[m[K'
  238 |     [01;36m[Ksprintf[m[K(buffer,"cfile is %s,func is %s,line is %d\n",__FILE__,__func__,__LINE__);\
      |     [01;36m[K^~~~~~~[m[K
[01m[K/home/rsl/rt-thread/bsp/rockchip/rk3568/temp/micro/mcu/src/Micro-XRCE-DDS-Client/src/c/core/session/session.c:273:9:[m[K [01;36m[Knote: [m[Kin expansion of macro '[01m[Kbrain_debug[m[K'
  273 |         [01;36m[Kbrain_debug[m[K(NULL);
      |         [01;36m[K^~~~~~~~~~~[m[K
[01m[K/home/rsl/rt-thread/bsp/rockchip/rk3568/temp/micro/mcu/src/Micro-XRCE-DDS-Client/src/c/core/session/session.c:238:13:[m[K [01;35m[Kwarning: [m[Kpointer targets in passing argument 1 of '[01m[Ksprintf[m[K' differ in signedness [[01;35m[K-Wpointer-sign[m[K]
  238 |     sprintf([01;35m[Kbuffer[m[K,"cfile is %s,func is %s,line is %d\n",__FILE__,__func__,__LINE__);\
      |             [01;35m[K^~~~~~[m[K
      |             [01;35m[K|[m[K
      |             [01;35m[Kuint8_t * {aka unsigned char *}[m[K
[01m[K/home/rsl/rt-thread/bsp/rockchip/rk3568/temp/micro/mcu/src/Micro-XRCE-DDS-Client/src/c/core/session/session.c:273:9:[m[K [01;36m[Knote: [m[Kin expansion of macro '[01m[Kbrain_debug[m[K'
  273 |         [01;36m[Kbrain_debug[m[K(NULL);
      |         [01;36m[K^~~~~~~~~~~[m[K
[01m[K/home/rsl/rt-thread/bsp/rockchip/rk3568/temp/micro/mcu/src/Micro-XRCE-DDS-Client/src/c/core/session/session.c:238:13:[m[K [01;36m[Knote: [m[Kexpected '[01m[Kchar *[m[K' but argument is of type '[01m[Kuint8_t *[m[K' {aka '[01m[Kunsigned char *[m[K'}
  238 |     sprintf([01;36m[Kbuffer[m[K,"cfile is %s,func is %s,line is %d\n",__FILE__,__func__,__LINE__);\
      |             [01;36m[K^~~~~~[m[K
[01m[K/home/rsl/rt-thread/bsp/rockchip/rk3568/temp/micro/mcu/src/Micro-XRCE-DDS-Client/src/c/core/session/session.c:273:9:[m[K [01;36m[Knote: [m[Kin expansion of macro '[01m[Kbrain_debug[m[K'
  273 |         [01;36m[Kbrain_debug[m[K(NULL);
      |         [01;36m[K^~~~~~~~~~~[m[K
[01m[K/home/rsl/rt-thread/bsp/rockchip/rk3568/temp/micro/mcu/src/Micro-XRCE-DDS-Client/src/c/core/session/session.c:239:40:[m[K [01;35m[Kwarning: [m[Kpointer targets in passing argument 1 of '[01m[Kstrlen[m[K' differ in signedness [[01;35m[K-Wpointer-sign[m[K]
  239 |     send_message(session,buffer,strlen([01;35m[Kbuffer[m[K));\
      |                                        [01;35m[K^~~~~~[m[K
      |                                        [01;35m[K|[m[K
      |                                        [01;35m[Kuint8_t * {aka unsigned char *}[m[K
[01m[K/home/rsl/rt-thread/bsp/rockchip/rk3568/temp/micro/mcu/src/Micro-XRCE-DDS-Client/src/c/core/session/session.c:273:9:[m[K [01;36m[Knote: [m[Kin expansion of macro '[01m[Kbrain_debug[m[K'
  273 |         [01;36m[Kbrain_debug[m[K(NULL);
      |         [01;36m[K^~~~~~~~~~~[m[K
In file included from [01m[K/home/rsl/rt-thread/bsp/rockchip/rk3568/temp/micro/mcu/src/Micro-XRCE-DDS-Client/src/c/core/session/stream/common_reliable_stream_internal.h:28[m[K,
                 from [01m[K/home/rsl/rt-thread/bsp/rockchip/rk3568/temp/micro/mcu/src/Micro-XRCE-DDS-Client/src/c/core/session/session.c:11[m[K:
[01m[K/home/rsl/gcc-arm-10.3-2021.07-x86_64-aarch64-none-elf/aarch64-none-elf/include/string.h:41:17:[m[K [01;36m[Knote: [m[Kexpected '[01m[Kconst char *[m[K' but argument is of type '[01m[Kuint8_t *[m[K' {aka '[01m[Kunsigned char *[m[K'}
   41 | size_t  strlen ([01;36m[Kconst char *[m[K);
      |                 [01;36m[K^~~~~~~~~~~~[m[K
[01m[K/home/rsl/rt-thread/bsp/rockchip/rk3568/temp/micro/mcu/src/Micro-XRCE-DDS-Client/src/c/core/session/session.c:238:5:[m[K [01;35m[Kwarning: [m[Kincompatible implicit declaration of built-in function '[01m[Ksprintf[m[K'
  238 |     [01;35m[Ksprintf[m[K(buffer,"cfile is %s,func is %s,line is %d\n",__FILE__,__func__,__LINE__);\
      |     [01;35m[K^~~~~~~[m[K
[01m[K/home/rsl/rt-thread/bsp/rockchip/rk3568/temp/micro/mcu/src/Micro-XRCE-DDS-Client/src/c/core/session/session.c:277:5:[m[K [01;36m[Knote: [m[Kin expansion of macro '[01m[Kbrain_debug[m[K'
  277 |     [01;36m[Kbrain_debug[m[K(NULL);
      |     [01;36m[K^~~~~~~~~~~[m[K
[01m[K/home/rsl/rt-thread/bsp/rockchip/rk3568/temp/micro/mcu/src/Micro-XRCE-DDS-Client/src/c/core/session/session.c:238:5:[m[K [01;36m[Knote: [m[Kinclude '[01m[K<stdio.h>[m[K' or provide a declaration of '[01m[Ksprintf[m[K'
  238 |     [01;36m[Ksprintf[m[K(buffer,"cfile is %s,func is %s,line is %d\n",__FILE__,__func__,__LINE__);\
      |     [01;36m[K^~~~~~~[m[K
[01m[K/home/rsl/rt-thread/bsp/rockchip/rk3568/temp/micro/mcu/src/Micro-XRCE-DDS-Client/src/c/core/session/session.c:277:5:[m[K [01;36m[Knote: [m[Kin expansion of macro '[01m[Kbrain_debug[m[K'
  277 |     [01;36m[Kbrain_debug[m[K(NULL);
      |     [01;36m[K^~~~~~~~~~~[m[K
[01m[K/home/rsl/rt-thread/bsp/rockchip/rk3568/temp/micro/mcu/src/Micro-XRCE-DDS-Client/src/c/core/session/session.c:238:13:[m[K [01;35m[Kwarning: [m[Kpointer targets in passing argument 1 of '[01m[Ksprintf[m[K' differ in signedness [[01;35m[K-Wpointer-sign[m[K]
  238 |     sprintf([01;35m[Kbuffer[m[K,"cfile is %s,func is %s,line is %d\n",__FILE__,__func__,__LINE__);\
      |             [01;35m[K^~~~~~[m[K
      |             [01;35m[K|[m[K
      |             [01;35m[Kuint8_t * {aka unsigned char *}[m[K
[01m[K/home/rsl/rt-thread/bsp/rockchip/rk3568/temp/micro/mcu/src/Micro-XRCE-DDS-Client/src/c/core/session/session.c:277:5:[m[K [01;36m[Knote: [m[Kin expansion of macro '[01m[Kbrain_debug[m[K'
  277 |     [01;36m[Kbrain_debug[m[K(NULL);
      |     [01;36m[K^~~~~~~~~~~[m[K
[01m[K/home/rsl/rt-thread/bsp/rockchip/rk3568/temp/micro/mcu/src/Micro-XRCE-DDS-Client/src/c/core/session/session.c:238:13:[m[K [01;36m[Knote: [m[Kexpected '[01m[Kchar *[m[K' but argument is of type '[01m[Kuint8_t *[m[K' {aka '[01m[Kunsigned char *[m[K'}
  238 |     sprintf([01;36m[Kbuffer[m[K,"cfile is %s,func is %s,line is %d\n",__FILE__,__func__,__LINE__);\
      |             [01;36m[K^~~~~~[m[K
[01m[K/home/rsl/rt-thread/bsp/rockchip/rk3568/temp/micro/mcu/src/Micro-XRCE-DDS-Client/src/c/core/session/session.c:277:5:[m[K [01;36m[Knote: [m[Kin expansion of macro '[01m[Kbrain_debug[m[K'
  277 |     [01;36m[Kbrain_debug[m[K(NULL);
      |     [01;36m[K^~~~~~~~~~~[m[K
[01m[K/home/rsl/rt-thread/bsp/rockchip/rk3568/temp/micro/mcu/src/Micro-XRCE-DDS-Client/src/c/core/session/session.c:239:40:[m[K [01;35m[Kwarning: [m[Kpointer targets in passing argument 1 of '[01m[Kstrlen[m[K' differ in signedness [[01;35m[K-Wpointer-sign[m[K]
  239 |     send_message(session,buffer,strlen([01;35m[Kbuffer[m[K));\
      |                                        [01;35m[K^~~~~~[m[K
      |                                        [01;35m[K|[m[K
      |                                        [01;35m[Kuint8_t * {aka unsigned char *}[m[K
[01m[K/home/rsl/rt-thread/bsp/rockchip/rk3568/temp/micro/mcu/src/Micro-XRCE-DDS-Client/src/c/core/session/session.c:277:5:[m[K [01;36m[Knote: [m[Kin expansion of macro '[01m[Kbrain_debug[m[K'
  277 |     [01;36m[Kbrain_debug[m[K(NULL);
      |     [01;36m[K^~~~~~~~~~~[m[K
In file included from [01m[K/home/rsl/rt-thread/bsp/rockchip/rk3568/temp/micro/mcu/src/Micro-XRCE-DDS-Client/src/c/core/session/stream/common_reliable_stream_internal.h:28[m[K,
                 from [01m[K/home/rsl/rt-thread/bsp/rockchip/rk3568/temp/micro/mcu/src/Micro-XRCE-DDS-Client/src/c/core/session/session.c:11[m[K:
[01m[K/home/rsl/gcc-arm-10.3-2021.07-x86_64-aarch64-none-elf/aarch64-none-elf/include/string.h:41:17:[m[K [01;36m[Knote: [m[Kexpected '[01m[Kconst char *[m[K' but argument is of type '[01m[Kuint8_t *[m[K' {aka '[01m[Kunsigned char *[m[K'}
   41 | size_t  strlen ([01;36m[Kconst char *[m[K);
      |                 [01;36m[K^~~~~~~~~~~~[m[K
[01m[K/home/rsl/rt-thread/bsp/rockchip/rk3568/temp/micro/mcu/src/Micro-XRCE-DDS-Client/src/c/core/session/session.c:[m[K In function '[01m[Klisten_message[m[K':
[01m[K/home/rsl/rt-thread/bsp/rockchip/rk3568/temp/micro/mcu/src/Micro-XRCE-DDS-Client/src/c/core/session/session.c:238:5:[m[K [01;35m[Kwarning: [m[Kincompatible implicit declaration of built-in function '[01m[Ksprintf[m[K'
  238 |     [01;35m[Ksprintf[m[K(buffer,"cfile is %s,func is %s,line is %d\n",__FILE__,__func__,__LINE__);\
      |     [01;35m[K^~~~~~~[m[K
[01m[K/home/rsl/rt-thread/bsp/rockchip/rk3568/temp/micro/mcu/src/Micro-XRCE-DDS-Client/src/c/core/session/session.c:699:5:[m[K [01;36m[Knote: [m[Kin expansion of macro '[01m[Kbrain_debug[m[K'
  699 |     [01;36m[Kbrain_debug[m[K(NULL);
      |     [01;36m[K^~~~~~~~~~~[m[K
[01m[K/home/rsl/rt-thread/bsp/rockchip/rk3568/temp/micro/mcu/src/Micro-XRCE-DDS-Client/src/c/core/session/session.c:238:5:[m[K [01;36m[Knote: [m[Kinclude '[01m[K<stdio.h>[m[K' or provide a declaration of '[01m[Ksprintf[m[K'
  238 |     [01;36m[Ksprintf[m[K(buffer,"cfile is %s,func is %s,line is %d\n",__FILE__,__func__,__LINE__);\
      |     [01;36m[K^~~~~~~[m[K
[01m[K/home/rsl/rt-thread/bsp/rockchip/rk3568/temp/micro/mcu/src/Micro-XRCE-DDS-Client/src/c/core/session/session.c:699:5:[m[K [01;36m[Knote: [m[Kin expansion of macro '[01m[Kbrain_debug[m[K'
  699 |     [01;36m[Kbrain_debug[m[K(NULL);
      |     [01;36m[K^~~~~~~~~~~[m[K
[01m[K/home/rsl/rt-thread/bsp/rockchip/rk3568/temp/micro/mcu/src/Micro-XRCE-DDS-Client/src/c/core/session/session.c:238:13:[m[K [01;35m[Kwarning: [m[Kpointer targets in passing argument 1 of '[01m[Ksprintf[m[K' differ in signedness [[01;35m[K-Wpointer-sign[m[K]
  238 |     sprintf([01;35m[Kbuffer[m[K,"cfile is %s,func is %s,line is %d\n",__FILE__,__func__,__LINE__);\
      |             [01;35m[K^~~~~~[m[K
      |             [01;35m[K|[m[K
      |             [01;35m[Kuint8_t * {aka unsigned char *}[m[K
[01m[K/home/rsl/rt-thread/bsp/rockchip/rk3568/temp/micro/mcu/src/Micro-XRCE-DDS-Client/src/c/core/session/session.c:699:5:[m[K [01;36m[Knote: [m[Kin expansion of macro '[01m[Kbrain_debug[m[K'
  699 |     [01;36m[Kbrain_debug[m[K(NULL);
      |     [01;36m[K^~~~~~~~~~~[m[K
[01m[K/home/rsl/rt-thread/bsp/rockchip/rk3568/temp/micro/mcu/src/Micro-XRCE-DDS-Client/src/c/core/session/session.c:238:13:[m[K [01;36m[Knote: [m[Kexpected '[01m[Kchar *[m[K' but argument is of type '[01m[Kuint8_t *[m[K' {aka '[01m[Kunsigned char *[m[K'}
  238 |     sprintf([01;36m[Kbuffer[m[K,"cfile is %s,func is %s,line is %d\n",__FILE__,__func__,__LINE__);\
      |             [01;36m[K^~~~~~[m[K
[01m[K/home/rsl/rt-thread/bsp/rockchip/rk3568/temp/micro/mcu/src/Micro-XRCE-DDS-Client/src/c/core/session/session.c:699:5:[m[K [01;36m[Knote: [m[Kin expansion of macro '[01m[Kbrain_debug[m[K'
  699 |     [01;36m[Kbrain_debug[m[K(NULL);
      |     [01;36m[K^~~~~~~~~~~[m[K
[01m[K/home/rsl/rt-thread/bsp/rockchip/rk3568/temp/micro/mcu/src/Micro-XRCE-DDS-Client/src/c/core/session/session.c:239:40:[m[K [01;35m[Kwarning: [m[Kpointer targets in passing argument 1 of '[01m[Kstrlen[m[K' differ in signedness [[01;35m[K-Wpointer-sign[m[K]
  239 |     send_message(session,buffer,strlen([01;35m[Kbuffer[m[K));\
      |                                        [01;35m[K^~~~~~[m[K
      |                                        [01;35m[K|[m[K
      |                                        [01;35m[Kuint8_t * {aka unsigned char *}[m[K
[01m[K/home/rsl/rt-thread/bsp/rockchip/rk3568/temp/micro/mcu/src/Micro-XRCE-DDS-Client/src/c/core/session/session.c:699:5:[m[K [01;36m[Knote: [m[Kin expansion of macro '[01m[Kbrain_debug[m[K'
  699 |     [01;36m[Kbrain_debug[m[K(NULL);
      |     [01;36m[K^~~~~~~~~~~[m[K
In file included from [01m[K/home/rsl/rt-thread/bsp/rockchip/rk3568/temp/micro/mcu/src/Micro-XRCE-DDS-Client/src/c/core/session/stream/common_reliable_stream_internal.h:28[m[K,
                 from [01m[K/home/rsl/rt-thread/bsp/rockchip/rk3568/temp/micro/mcu/src/Micro-XRCE-DDS-Client/src/c/core/session/session.c:11[m[K:
[01m[K/home/rsl/gcc-arm-10.3-2021.07-x86_64-aarch64-none-elf/aarch64-none-elf/include/string.h:41:17:[m[K [01;36m[Knote: [m[Kexpected '[01m[Kconst char *[m[K' but argument is of type '[01m[Kuint8_t *[m[K' {aka '[01m[Kunsigned char *[m[K'}
   41 | size_t  strlen ([01;36m[Kconst char *[m[K);
      |                 [01;36m[K^~~~~~~~~~~~[m[K
[01m[K/home/rsl/rt-thread/bsp/rockchip/rk3568/temp/micro/mcu/src/Micro-XRCE-DDS-Client/src/c/core/session/session.c:[m[K In function '[01m[Krecv_message[m[K':
[01m[K/home/rsl/rt-thread/bsp/rockchip/rk3568/temp/micro/mcu/src/Micro-XRCE-DDS-Client/src/c/core/session/session.c:237:13:[m[K [01;35m[Kwarning: [m[Kdeclaration of '[01m[Kbuffer[m[K' shadows a parameter [[01;35m[K-Wshadow[m[K]
  237 |     uint8_t [01;35m[Kbuffer[m[K[1024]; \
      |             [01;35m[K^~~~~~[m[K
[01m[K/home/rsl/rt-thread/bsp/rockchip/rk3568/temp/micro/mcu/src/Micro-XRCE-DDS-Client/src/c/core/session/session.c:808:5:[m[K [01;36m[Knote: [m[Kin expansion of macro '[01m[Kbrain_debug[m[K'
  808 |     [01;36m[Kbrain_debug[m[K(NULL);
      |     [01;36m[K^~~~~~~~~~~[m[K
[01m[K/home/rsl/rt-thread/bsp/rockchip/rk3568/temp/micro/mcu/src/Micro-XRCE-DDS-Client/src/c/core/session/session.c:804:19:[m[K [01;36m[Knote: [m[Kshadowed declaration is here
  804 |         [01;36m[Kuint8_t** buffer[m[K,
      |         [01;36m[K~~~~~~~~~~^~~~~~[m[K
[01m[K/home/rsl/rt-thread/bsp/rockchip/rk3568/temp/micro/mcu/src/Micro-XRCE-DDS-Client/src/c/core/session/session.c:238:5:[m[K [01;35m[Kwarning: [m[Kincompatible implicit declaration of built-in function '[01m[Ksprintf[m[K'
  238 |     [01;35m[Ksprintf[m[K(buffer,"cfile is %s,func is %s,line is %d\n",__FILE__,__func__,__LINE__);\
      |     [01;35m[K^~~~~~~[m[K
[01m[K/home/rsl/rt-thread/bsp/rockchip/rk3568/temp/micro/mcu/src/Micro-XRCE-DDS-Client/src/c/core/session/session.c:808:5:[m[K [01;36m[Knote: [m[Kin expansion of macro '[01m[Kbrain_debug[m[K'
  808 |     [01;36m[Kbrain_debug[m[K(NULL);
      |     [01;36m[K^~~~~~~~~~~[m[K
[01m[K/home/rsl/rt-thread/bsp/rockchip/rk3568/temp/micro/mcu/src/Micro-XRCE-DDS-Client/src/c/core/session/session.c:238:5:[m[K [01;36m[Knote: [m[Kinclude '[01m[K<stdio.h>[m[K' or provide a declaration of '[01m[Ksprintf[m[K'
  238 |     [01;36m[Ksprintf[m[K(buffer,"cfile is %s,func is %s,line is %d\n",__FILE__,__func__,__LINE__);\
      |     [01;36m[K^~~~~~~[m[K
[01m[K/home/rsl/rt-thread/bsp/rockchip/rk3568/temp/micro/mcu/src/Micro-XRCE-DDS-Client/src/c/core/session/session.c:808:5:[m[K [01;36m[Knote: [m[Kin expansion of macro '[01m[Kbrain_debug[m[K'
  808 |     [01;36m[Kbrain_debug[m[K(NULL);
      |     [01;36m[K^~~~~~~~~~~[m[K
[01m[K/home/rsl/rt-thread/bsp/rockchip/rk3568/temp/micro/mcu/src/Micro-XRCE-DDS-Client/src/c/core/session/session.c:238:13:[m[K [01;35m[Kwarning: [m[Kpointer targets in passing argument 1 of '[01m[Ksprintf[m[K' differ in signedness [[01;35m[K-Wpointer-sign[m[K]
  238 |     sprintf([01;35m[Kbuffer[m[K,"cfile is %s,func is %s,line is %d\n",__FILE__,__func__,__LINE__);\
      |             [01;35m[K^~~~~~[m[K
      |             [01;35m[K|[m[K
      |             [01;35m[Kuint8_t * {aka unsigned char *}[m[K
[01m[K/home/rsl/rt-thread/bsp/rockchip/rk3568/temp/micro/mcu/src/Micro-XRCE-DDS-Client/src/c/core/session/session.c:808:5:[m[K [01;36m[Knote: [m[Kin expansion of macro '[01m[Kbrain_debug[m[K'
  808 |     [01;36m[Kbrain_debug[m[K(NULL);
      |     [01;36m[K^~~~~~~~~~~[m[K
[01m[K/home/rsl/rt-thread/bsp/rockchip/rk3568/temp/micro/mcu/src/Micro-XRCE-DDS-Client/src/c/core/session/session.c:238:13:[m[K [01;36m[Knote: [m[Kexpected '[01m[Kchar *[m[K' but argument is of type '[01m[Kuint8_t *[m[K' {aka '[01m[Kunsigned char *[m[K'}
  238 |     sprintf([01;36m[Kbuffer[m[K,"cfile is %s,func is %s,line is %d\n",__FILE__,__func__,__LINE__);\
      |             [01;36m[K^~~~~~[m[K
[01m[K/home/rsl/rt-thread/bsp/rockchip/rk3568/temp/micro/mcu/src/Micro-XRCE-DDS-Client/src/c/core/session/session.c:808:5:[m[K [01;36m[Knote: [m[Kin expansion of macro '[01m[Kbrain_debug[m[K'
  808 |     [01;36m[Kbrain_debug[m[K(NULL);
      |     [01;36m[K^~~~~~~~~~~[m[K
[01m[K/home/rsl/rt-thread/bsp/rockchip/rk3568/temp/micro/mcu/src/Micro-XRCE-DDS-Client/src/c/core/session/session.c:239:40:[m[K [01;35m[Kwarning: [m[Kpointer targets in passing argument 1 of '[01m[Kstrlen[m[K' differ in signedness [[01;35m[K-Wpointer-sign[m[K]
  239 |     send_message(session,buffer,strlen([01;35m[Kbuffer[m[K));\
      |                                        [01;35m[K^~~~~~[m[K
      |                                        [01;35m[K|[m[K
      |                                        [01;35m[Kuint8_t * {aka unsigned char *}[m[K
[01m[K/home/rsl/rt-thread/bsp/rockchip/rk3568/temp/micro/mcu/src/Micro-XRCE-DDS-Client/src/c/core/session/session.c:808:5:[m[K [01;36m[Knote: [m[Kin expansion of macro '[01m[Kbrain_debug[m[K'
  808 |     [01;36m[Kbrain_debug[m[K(NULL);
      |     [01;36m[K^~~~~~~~~~~[m[K
In file included from [01m[K/home/rsl/rt-thread/bsp/rockchip/rk3568/temp/micro/mcu/src/Micro-XRCE-DDS-Client/src/c/core/session/stream/common_reliable_stream_internal.h:28[m[K,
                 from [01m[K/home/rsl/rt-thread/bsp/rockchip/rk3568/temp/micro/mcu/src/Micro-XRCE-DDS-Client/src/c/core/session/session.c:11[m[K:
[01m[K/home/rsl/gcc-arm-10.3-2021.07-x86_64-aarch64-none-elf/aarch64-none-elf/include/string.h:41:17:[m[K [01;36m[Knote: [m[Kexpected '[01m[Kconst char *[m[K' but argument is of type '[01m[Kuint8_t *[m[K' {aka '[01m[Kunsigned char *[m[K'}
   41 | size_t  strlen ([01;36m[Kconst char *[m[K);
      |                 [01;36m[K^~~~~~~~~~~~[m[K
[01m[K/home/rsl/rt-thread/bsp/rockchip/rk3568/temp/micro/mcu/src/Micro-XRCE-DDS-Client/src/c/core/session/session.c:237:13:[m[K [01;35m[Kwarning: [m[Kdeclaration of '[01m[Kbuffer[m[K' shadows a parameter [[01;35m[K-Wshadow[m[K]
  237 |     uint8_t [01;35m[Kbuffer[m[K[1024]; \
      |             [01;35m[K^~~~~~[m[K
[01m[K/home/rsl/rt-thread/bsp/rockchip/rk3568/temp/micro/mcu/src/Micro-XRCE-DDS-Client/src/c/core/session/session.c:810:5:[m[K [01;36m[Knote: [m[Kin expansion of macro '[01m[Kbrain_debug[m[K'
  810 |     [01;36m[Kbrain_debug[m[K(NULL);
      |     [01;36m[K^~~~~~~~~~~[m[K
[01m[K/home/rsl/rt-thread/bsp/rockchip/rk3568/temp/micro/mcu/src/Micro-XRCE-DDS-Client/src/c/core/session/session.c:804:19:[m[K [01;36m[Knote: [m[Kshadowed declaration is here
  804 |         [01;36m[Kuint8_t** buffer[m[K,
      |         [01;36m[K~~~~~~~~~~^~~~~~[m[K
[01m[K/home/rsl/rt-thread/bsp/rockchip/rk3568/temp/micro/mcu/src/Micro-XRCE-DDS-Client/src/c/core/session/session.c:238:5:[m[K [01;35m[Kwarning: [m[Kincompatible implicit declaration of built-in function '[01m[Ksprintf[m[K'
  238 |     [01;35m[Ksprintf[m[K(buffer,"cfile is %s,func is %s,line is %d\n",__FILE__,__func__,__LINE__);\
      |     [01;35m[K^~~~~~~[m[K
[01m[K/home/rsl/rt-thread/bsp/rockchip/rk3568/temp/micro/mcu/src/Micro-XRCE-DDS-Client/src/c/core/session/session.c:810:5:[m[K [01;36m[Knote: [m[Kin expansion of macro '[01m[Kbrain_debug[m[K'
  810 |     [01;36m[Kbrain_debug[m[K(NULL);
      |     [01;36m[K^~~~~~~~~~~[m[K
[01m[K/home/rsl/rt-thread/bsp/rockchip/rk3568/temp/micro/mcu/src/Micro-XRCE-DDS-Client/src/c/core/session/session.c:238:5:[m[K [01;36m[Knote: [m[Kinclude '[01m[K<stdio.h>[m[K' or provide a declaration of '[01m[Ksprintf[m[K'
  238 |     [01;36m[Ksprintf[m[K(buffer,"cfile is %s,func is %s,line is %d\n",__FILE__,__func__,__LINE__);\
      |     [01;36m[K^~~~~~~[m[K
[01m[K/home/rsl/rt-thread/bsp/rockchip/rk3568/temp/micro/mcu/src/Micro-XRCE-DDS-Client/src/c/core/session/session.c:810:5:[m[K [01;36m[Knote: [m[Kin expansion of macro '[01m[Kbrain_debug[m[K'
  810 |     [01;36m[Kbrain_debug[m[K(NULL);
      |     [01;36m[K^~~~~~~~~~~[m[K
[01m[K/home/rsl/rt-thread/bsp/rockchip/rk3568/temp/micro/mcu/src/Micro-XRCE-DDS-Client/src/c/core/session/session.c:238:13:[m[K [01;35m[Kwarning: [m[Kpointer targets in passing argument 1 of '[01m[Ksprintf[m[K' differ in signedness [[01;35m[K-Wpointer-sign[m[K]
  238 |     sprintf([01;35m[Kbuffer[m[K,"cfile is %s,func is %s,line is %d\n",__FILE__,__func__,__LINE__);\
      |             [01;35m[K^~~~~~[m[K
      |             [01;35m[K|[m[K
      |             [01;35m[Kuint8_t * {aka unsigned char *}[m[K
[01m[K/home/rsl/rt-thread/bsp/rockchip/rk3568/temp/micro/mcu/src/Micro-XRCE-DDS-Client/src/c/core/session/session.c:810:5:[m[K [01;36m[Knote: [m[Kin expansion of macro '[01m[Kbrain_debug[m[K'
  810 |     [01;36m[Kbrain_debug[m[K(NULL);
      |     [01;36m[K^~~~~~~~~~~[m[K
[01m[K/home/rsl/rt-thread/bsp/rockchip/rk3568/temp/micro/mcu/src/Micro-XRCE-DDS-Client/src/c/core/session/session.c:238:13:[m[K [01;36m[Knote: [m[Kexpected '[01m[Kchar *[m[K' but argument is of type '[01m[Kuint8_t *[m[K' {aka '[01m[Kunsigned char *[m[K'}
  238 |     sprintf([01;36m[Kbuffer[m[K,"cfile is %s,func is %s,line is %d\n",__FILE__,__func__,__LINE__);\
      |             [01;36m[K^~~~~~[m[K
[01m[K/home/rsl/rt-thread/bsp/rockchip/rk3568/temp/micro/mcu/src/Micro-XRCE-DDS-Client/src/c/core/session/session.c:810:5:[m[K [01;36m[Knote: [m[Kin expansion of macro '[01m[Kbrain_debug[m[K'
  810 |     [01;36m[Kbrain_debug[m[K(NULL);
      |     [01;36m[K^~~~~~~~~~~[m[K
[01m[K/home/rsl/rt-thread/bsp/rockchip/rk3568/temp/micro/mcu/src/Micro-XRCE-DDS-Client/src/c/core/session/session.c:239:40:[m[K [01;35m[Kwarning: [m[Kpointer targets in passing argument 1 of '[01m[Kstrlen[m[K' differ in signedness [[01;35m[K-Wpointer-sign[m[K]
  239 |     send_message(session,buffer,strlen([01;35m[Kbuffer[m[K));\
      |                                        [01;35m[K^~~~~~[m[K
      |                                        [01;35m[K|[m[K
      |                                        [01;35m[Kuint8_t * {aka unsigned char *}[m[K
[01m[K/home/rsl/rt-thread/bsp/rockchip/rk3568/temp/micro/mcu/src/Micro-XRCE-DDS-Client/src/c/core/session/session.c:810:5:[m[K [01;36m[Knote: [m[Kin expansion of macro '[01m[Kbrain_debug[m[K'
  810 |     [01;36m[Kbrain_debug[m[K(NULL);
      |     [01;36m[K^~~~~~~~~~~[m[K
In file included from [01m[K/home/rsl/rt-thread/bsp/rockchip/rk3568/temp/micro/mcu/src/Micro-XRCE-DDS-Client/src/c/core/session/stream/common_reliable_stream_internal.h:28[m[K,
                 from [01m[K/home/rsl/rt-thread/bsp/rockchip/rk3568/temp/micro/mcu/src/Micro-XRCE-DDS-Client/src/c/core/session/session.c:11[m[K:
[01m[K/home/rsl/gcc-arm-10.3-2021.07-x86_64-aarch64-none-elf/aarch64-none-elf/include/string.h:41:17:[m[K [01;36m[Knote: [m[Kexpected '[01m[Kconst char *[m[K' but argument is of type '[01m[Kuint8_t *[m[K' {aka '[01m[Kunsigned char *[m[K'}
   41 | size_t  strlen ([01;36m[Kconst char *[m[K);
      |                 [01;36m[K^~~~~~~~~~~~[m[K
[01m[K/home/rsl/rt-thread/bsp/rockchip/rk3568/temp/micro/mcu/src/Micro-XRCE-DDS-Client/src/c/core/session/session.c:237:13:[m[K [01;35m[Kwarning: [m[Kdeclaration of '[01m[Kbuffer[m[K' shadows a parameter [[01;35m[K-Wshadow[m[K]
  237 |     uint8_t [01;35m[Kbuffer[m[K[1024]; \
      |             [01;35m[K^~~~~~[m[K
[01m[K/home/rsl/rt-thread/bsp/rockchip/rk3568/temp/micro/mcu/src/Micro-XRCE-DDS-Client/src/c/core/session/session.c:813:9:[m[K [01;36m[Knote: [m[Kin expansion of macro '[01m[Kbrain_debug[m[K'
  813 |         [01;36m[Kbrain_debug[m[K(NULL);
      |         [01;36m[K^~~~~~~~~~~[m[K
[01m[K/home/rsl/rt-thread/bsp/rockchip/rk3568/temp/micro/mcu/src/Micro-XRCE-DDS-Client/src/c/core/session/session.c:804:19:[m[K [01;36m[Knote: [m[Kshadowed declaration is here
  804 |         [01;36m[Kuint8_t** buffer[m[K,
      |         [01;36m[K~~~~~~~~~~^~~~~~[m[K
[01m[K/home/rsl/rt-thread/bsp/rockchip/rk3568/temp/micro/mcu/src/Micro-XRCE-DDS-Client/src/c/core/session/session.c:238:5:[m[K [01;35m[Kwarning: [m[Kincompatible implicit declaration of built-in function '[01m[Ksprintf[m[K'
  238 |     [01;35m[Ksprintf[m[K(buffer,"cfile is %s,func is %s,line is %d\n",__FILE__,__func__,__LINE__);\
      |     [01;35m[K^~~~~~~[m[K
[01m[K/home/rsl/rt-thread/bsp/rockchip/rk3568/temp/micro/mcu/src/Micro-XRCE-DDS-Client/src/c/core/session/session.c:813:9:[m[K [01;36m[Knote: [m[Kin expansion of macro '[01m[Kbrain_debug[m[K'
  813 |         [01;36m[Kbrain_debug[m[K(NULL);
      |         [01;36m[K^~~~~~~~~~~[m[K
[01m[K/home/rsl/rt-thread/bsp/rockchip/rk3568/temp/micro/mcu/src/Micro-XRCE-DDS-Client/src/c/core/session/session.c:238:5:[m[K [01;36m[Knote: [m[Kinclude '[01m[K<stdio.h>[m[K' or provide a declaration of '[01m[Ksprintf[m[K'
  238 |     [01;36m[Ksprintf[m[K(buffer,"cfile is %s,func is %s,line is %d\n",__FILE__,__func__,__LINE__);\
      |     [01;36m[K^~~~~~~[m[K
[01m[K/home/rsl/rt-thread/bsp/rockchip/rk3568/temp/micro/mcu/src/Micro-XRCE-DDS-Client/src/c/core/session/session.c:813:9:[m[K [01;36m[Knote: [m[Kin expansion of macro '[01m[Kbrain_debug[m[K'
  813 |         [01;36m[Kbrain_debug[m[K(NULL);
      |         [01;36m[K^~~~~~~~~~~[m[K
[01m[K/home/rsl/rt-thread/bsp/rockchip/rk3568/temp/micro/mcu/src/Micro-XRCE-DDS-Client/src/c/core/session/session.c:238:13:[m[K [01;35m[Kwarning: [m[Kpointer targets in passing argument 1 of '[01m[Ksprintf[m[K' differ in signedness [[01;35m[K-Wpointer-sign[m[K]
  238 |     sprintf([01;35m[Kbuffer[m[K,"cfile is %s,func is %s,line is %d\n",__FILE__,__func__,__LINE__);\
      |             [01;35m[K^~~~~~[m[K
      |             [01;35m[K|[m[K
      |             [01;35m[Kuint8_t * {aka unsigned char *}[m[K
[01m[K/home/rsl/rt-thread/bsp/rockchip/rk3568/temp/micro/mcu/src/Micro-XRCE-DDS-Client/src/c/core/session/session.c:813:9:[m[K [01;36m[Knote: [m[Kin expansion of macro '[01m[Kbrain_debug[m[K'
  813 |         [01;36m[Kbrain_debug[m[K(NULL);
      |         [01;36m[K^~~~~~~~~~~[m[K
[01m[K/home/rsl/rt-thread/bsp/rockchip/rk3568/temp/micro/mcu/src/Micro-XRCE-DDS-Client/src/c/core/session/session.c:238:13:[m[K [01;36m[Knote: [m[Kexpected '[01m[Kchar *[m[K' but argument is of type '[01m[Kuint8_t *[m[K' {aka '[01m[Kunsigned char *[m[K'}
  238 |     sprintf([01;36m[Kbuffer[m[K,"cfile is %s,func is %s,line is %d\n",__FILE__,__func__,__LINE__);\
      |             [01;36m[K^~~~~~[m[K
[01m[K/home/rsl/rt-thread/bsp/rockchip/rk3568/temp/micro/mcu/src/Micro-XRCE-DDS-Client/src/c/core/session/session.c:813:9:[m[K [01;36m[Knote: [m[Kin expansion of macro '[01m[Kbrain_debug[m[K'
  813 |         [01;36m[Kbrain_debug[m[K(NULL);
      |         [01;36m[K^~~~~~~~~~~[m[K
[01m[K/home/rsl/rt-thread/bsp/rockchip/rk3568/temp/micro/mcu/src/Micro-XRCE-DDS-Client/src/c/core/session/session.c:239:40:[m[K [01;35m[Kwarning: [m[Kpointer targets in passing argument 1 of '[01m[Kstrlen[m[K' differ in signedness [[01;35m[K-Wpointer-sign[m[K]
  239 |     send_message(session,buffer,strlen([01;35m[Kbuffer[m[K));\
      |                                        [01;35m[K^~~~~~[m[K
      |                                        [01;35m[K|[m[K
      |                                        [01;35m[Kuint8_t * {aka unsigned char *}[m[K
[01m[K/home/rsl/rt-thread/bsp/rockchip/rk3568/temp/micro/mcu/src/Micro-XRCE-DDS-Client/src/c/core/session/session.c:813:9:[m[K [01;36m[Knote: [m[Kin expansion of macro '[01m[Kbrain_debug[m[K'
  813 |         [01;36m[Kbrain_debug[m[K(NULL);
      |         [01;36m[K^~~~~~~~~~~[m[K
In file included from [01m[K/home/rsl/rt-thread/bsp/rockchip/rk3568/temp/micro/mcu/src/Micro-XRCE-DDS-Client/src/c/core/session/stream/common_reliable_stream_internal.h:28[m[K,
                 from [01m[K/home/rsl/rt-thread/bsp/rockchip/rk3568/temp/micro/mcu/src/Micro-XRCE-DDS-Client/src/c/core/session/session.c:11[m[K:
[01m[K/home/rsl/gcc-arm-10.3-2021.07-x86_64-aarch64-none-elf/aarch64-none-elf/include/string.h:41:17:[m[K [01;36m[Knote: [m[Kexpected '[01m[Kconst char *[m[K' but argument is of type '[01m[Kuint8_t *[m[K' {aka '[01m[Kunsigned char *[m[K'}
   41 | size_t  strlen ([01;36m[Kconst char *[m[K);
      |                 [01;36m[K^~~~~~~~~~~~[m[K
[01m[K/home/rsl/rt-thread/bsp/rockchip/rk3568/temp/micro/mcu/src/Micro-XRCE-DDS-Client/src/c/core/session/session.c:237:13:[m[K [01;35m[Kwarning: [m[Kdeclaration of '[01m[Kbuffer[m[K' shadows a parameter [[01;35m[K-Wshadow[m[K]
  237 |     uint8_t [01;35m[Kbuffer[m[K[1024]; \
      |             [01;35m[K^~~~~~[m[K
[01m[K/home/rsl/rt-thread/bsp/rockchip/rk3568/temp/micro/mcu/src/Micro-XRCE-DDS-Client/src/c/core/session/session.c:815:9:[m[K [01;36m[Knote: [m[Kin expansion of macro '[01m[Kbrain_debug[m[K'
  815 |         [01;36m[Kbrain_debug[m[K(NULL);
      |         [01;36m[K^~~~~~~~~~~[m[K
[01m[K/home/rsl/rt-thread/bsp/rockchip/rk3568/temp/micro/mcu/src/Micro-XRCE-DDS-Client/src/c/core/session/session.c:804:19:[m[K [01;36m[Knote: [m[Kshadowed declaration is here
  804 |         [01;36m[Kuint8_t** buffer[m[K,
      |         [01;36m[K~~~~~~~~~~^~~~~~[m[K
[01m[K/home/rsl/rt-thread/bsp/rockchip/rk3568/temp/micro/mcu/src/Micro-XRCE-DDS-Client/src/c/core/session/session.c:238:5:[m[K [01;35m[Kwarning: [m[Kincompatible implicit declaration of built-in function '[01m[Ksprintf[m[K'
  238 |     [01;35m[Ksprintf[m[K(buffer,"cfile is %s,func is %s,line is %d\n",__FILE__,__func__,__LINE__);\
      |     [01;35m[K^~~~~~~[m[K
[01m[K/home/rsl/rt-thread/bsp/rockchip/rk3568/temp/micro/mcu/src/Micro-XRCE-DDS-Client/src/c/core/session/session.c:815:9:[m[K [01;36m[Knote: [m[Kin expansion of macro '[01m[Kbrain_debug[m[K'
  815 |         [01;36m[Kbrain_debug[m[K(NULL);
      |         [01;36m[K^~~~~~~~~~~[m[K
[01m[K/home/rsl/rt-thread/bsp/rockchip/rk3568/temp/micro/mcu/src/Micro-XRCE-DDS-Client/src/c/core/session/session.c:238:5:[m[K [01;36m[Knote: [m[Kinclude '[01m[K<stdio.h>[m[K' or provide a declaration of '[01m[Ksprintf[m[K'
  238 |     [01;36m[Ksprintf[m[K(buffer,"cfile is %s,func is %s,line is %d\n",__FILE__,__func__,__LINE__);\
      |     [01;36m[K^~~~~~~[m[K
[01m[K/home/rsl/rt-thread/bsp/rockchip/rk3568/temp/micro/mcu/src/Micro-XRCE-DDS-Client/src/c/core/session/session.c:815:9:[m[K [01;36m[Knote: [m[Kin expansion of macro '[01m[Kbrain_debug[m[K'
  815 |         [01;36m[Kbrain_debug[m[K(NULL);
      |         [01;36m[K^~~~~~~~~~~[m[K
[01m[K/home/rsl/rt-thread/bsp/rockchip/rk3568/temp/micro/mcu/src/Micro-XRCE-DDS-Client/src/c/core/session/session.c:238:13:[m[K [01;35m[Kwarning: [m[Kpointer targets in passing argument 1 of '[01m[Ksprintf[m[K' differ in signedness [[01;35m[K-Wpointer-sign[m[K]
  238 |     sprintf([01;35m[Kbuffer[m[K,"cfile is %s,func is %s,line is %d\n",__FILE__,__func__,__LINE__);\
      |             [01;35m[K^~~~~~[m[K
      |             [01;35m[K|[m[K
      |             [01;35m[Kuint8_t * {aka unsigned char *}[m[K
[01m[K/home/rsl/rt-thread/bsp/rockchip/rk3568/temp/micro/mcu/src/Micro-XRCE-DDS-Client/src/c/core/session/session.c:815:9:[m[K [01;36m[Knote: [m[Kin expansion of macro '[01m[Kbrain_debug[m[K'
  815 |         [01;36m[Kbrain_debug[m[K(NULL);
      |         [01;36m[K^~~~~~~~~~~[m[K
[01m[K/home/rsl/rt-thread/bsp/rockchip/rk3568/temp/micro/mcu/src/Micro-XRCE-DDS-Client/src/c/core/session/session.c:238:13:[m[K [01;36m[Knote: [m[Kexpected '[01m[Kchar *[m[K' but argument is of type '[01m[Kuint8_t *[m[K' {aka '[01m[Kunsigned char *[m[K'}
  238 |     sprintf([01;36m[Kbuffer[m[K,"cfile is %s,func is %s,line is %d\n",__FILE__,__func__,__LINE__);\
      |             [01;36m[K^~~~~~[m[K
[01m[K/home/rsl/rt-thread/bsp/rockchip/rk3568/temp/micro/mcu/src/Micro-XRCE-DDS-Client/src/c/core/session/session.c:815:9:[m[K [01;36m[Knote: [m[Kin expansion of macro '[01m[Kbrain_debug[m[K'
  815 |         [01;36m[Kbrain_debug[m[K(NULL);
      |         [01;36m[K^~~~~~~~~~~[m[K
[01m[K/home/rsl/rt-thread/bsp/rockchip/rk3568/temp/micro/mcu/src/Micro-XRCE-DDS-Client/src/c/core/session/session.c:239:40:[m[K [01;35m[Kwarning: [m[Kpointer targets in passing argument 1 of '[01m[Kstrlen[m[K' differ in signedness [[01;35m[K-Wpointer-sign[m[K]
  239 |     send_message(session,buffer,strlen([01;35m[Kbuffer[m[K));\
      |                                        [01;35m[K^~~~~~[m[K
      |                                        [01;35m[K|[m[K
      |                                        [01;35m[Kuint8_t * {aka unsigned char *}[m[K
[01m[K/home/rsl/rt-thread/bsp/rockchip/rk3568/temp/micro/mcu/src/Micro-XRCE-DDS-Client/src/c/core/session/session.c:815:9:[m[K [01;36m[Knote: [m[Kin expansion of macro '[01m[Kbrain_debug[m[K'
  815 |         [01;36m[Kbrain_debug[m[K(NULL);
      |         [01;36m[K^~~~~~~~~~~[m[K
In file included from [01m[K/home/rsl/rt-thread/bsp/rockchip/rk3568/temp/micro/mcu/src/Micro-XRCE-DDS-Client/src/c/core/session/stream/common_reliable_stream_internal.h:28[m[K,
                 from [01m[K/home/rsl/rt-thread/bsp/rockchip/rk3568/temp/micro/mcu/src/Micro-XRCE-DDS-Client/src/c/core/session/session.c:11[m[K:
[01m[K/home/rsl/gcc-arm-10.3-2021.07-x86_64-aarch64-none-elf/aarch64-none-elf/include/string.h:41:17:[m[K [01;36m[Knote: [m[Kexpected '[01m[Kconst char *[m[K' but argument is of type '[01m[Kuint8_t *[m[K' {aka '[01m[Kunsigned char *[m[K'}
   41 | size_t  strlen ([01;36m[Kconst char *[m[K);
      |                 [01;36m[K^~~~~~~~~~~~[m[K
[  8%] [32m[1mLinking C static library libmicroxrcedds_client.a[0m
[100%] Built target microxrcedds_client
-- Install configuration: "Release"
-- Installing: /home/rsl/rt-thread/bsp/rockchip/rk3568/temp/micro/mcu/install/lib/libmicroxrcedds_client.a
-- Up-to-date: /home/rsl/rt-thread/bsp/rockchip/rk3568/temp/micro/mcu/install/include/uxr/client
-- Up-to-date: /home/rsl/rt-thread/bsp/rockchip/rk3568/temp/micro/mcu/install/include/uxr/client/client.h
-- Up-to-date: /home/rsl/rt-thread/bsp/rockchip/rk3568/temp/micro/mcu/install/include/uxr/client/visibility.h
-- Up-to-date: /home/rsl/rt-thread/bsp/rockchip/rk3568/temp/micro/mcu/install/include/uxr/client/transport.h
-- Up-to-date: /home/rsl/rt-thread/bsp/rockchip/rk3568/temp/micro/mcu/install/include/uxr/client/core
-- Up-to-date: /home/rsl/rt-thread/bsp/rockchip/rk3568/temp/micro/mcu/install/include/uxr/client/core/communication
-- Up-to-date: /home/rsl/rt-thread/bsp/rockchip/rk3568/temp/micro/mcu/install/include/uxr/client/core/communication/communication.h
-- Up-to-date: /home/rsl/rt-thread/bsp/rockchip/rk3568/temp/micro/mcu/install/include/uxr/client/core/type
-- Up-to-date: /home/rsl/rt-thread/bsp/rockchip/rk3568/temp/micro/mcu/install/include/uxr/client/core/type/xrce_types.h
-- Up-to-date: /home/rsl/rt-thread/bsp/rockchip/rk3568/temp/micro/mcu/install/include/uxr/client/core/session
-- Up-to-date: /home/rsl/rt-thread/bsp/rockchip/rk3568/temp/micro/mcu/install/include/uxr/client/core/session/object_id.h
-- Up-to-date: /home/rsl/rt-thread/bsp/rockchip/rk3568/temp/micro/mcu/install/include/uxr/client/core/session/create_entities_bin.h
-- Up-to-date: /home/rsl/rt-thread/bsp/rockchip/rk3568/temp/micro/mcu/install/include/uxr/client/core/session/session.h
-- Up-to-date: /home/rsl/rt-thread/bsp/rockchip/rk3568/temp/micro/mcu/install/include/uxr/client/core/session/create_entities_ref.h
-- Up-to-date: /home/rsl/rt-thread/bsp/rockchip/rk3568/temp/micro/mcu/install/include/uxr/client/core/session/common_create_entities.h
-- Up-to-date: /home/rsl/rt-thread/bsp/rockchip/rk3568/temp/micro/mcu/install/include/uxr/client/core/session/time_sync.h
-- Up-to-date: /home/rsl/rt-thread/bsp/rockchip/rk3568/temp/micro/mcu/install/include/uxr/client/core/session/session_info.h
-- Up-to-date: /home/rsl/rt-thread/bsp/rockchip/rk3568/temp/micro/mcu/install/include/uxr/client/core/session/write_access.h
-- Up-to-date: /home/rsl/rt-thread/bsp/rockchip/rk3568/temp/micro/mcu/install/include/uxr/client/core/session/create_entities_xml.h
-- Up-to-date: /home/rsl/rt-thread/bsp/rockchip/rk3568/temp/micro/mcu/install/include/uxr/client/core/session/stream
-- Up-to-date: /home/rsl/rt-thread/bsp/rockchip/rk3568/temp/micro/mcu/install/include/uxr/client/core/session/stream/input_reliable_stream.h
-- Up-to-date: /home/rsl/rt-thread/bsp/rockchip/rk3568/temp/micro/mcu/install/include/uxr/client/core/session/stream/reliable_stream.h
-- Up-to-date: /home/rsl/rt-thread/bsp/rockchip/rk3568/temp/micro/mcu/install/include/uxr/client/core/session/stream/output_reliable_stream.h
-- Up-to-date: /home/rsl/rt-thread/bsp/rockchip/rk3568/temp/micro/mcu/install/include/uxr/client/core/session/stream/seq_num.h
-- Up-to-date: /home/rsl/rt-thread/bsp/rockchip/rk3568/temp/micro/mcu/install/include/uxr/client/core/session/stream/output_best_effort_stream.h
-- Up-to-date: /home/rsl/rt-thread/bsp/rockchip/rk3568/temp/micro/mcu/install/include/uxr/client/core/session/stream/input_best_effort_stream.h
-- Up-to-date: /home/rsl/rt-thread/bsp/rockchip/rk3568/temp/micro/mcu/install/include/uxr/client/core/session/stream/stream_storage.h
-- Up-to-date: /home/rsl/rt-thread/bsp/rockchip/rk3568/temp/micro/mcu/install/include/uxr/client/core/session/stream/stream_id.h
-- Up-to-date: /home/rsl/rt-thread/bsp/rockchip/rk3568/temp/micro/mcu/install/include/uxr/client/core/session/read_access.h
-- Up-to-date: /home/rsl/rt-thread/bsp/rockchip/rk3568/temp/micro/mcu/install/include/uxr/client/util
-- Up-to-date: /home/rsl/rt-thread/bsp/rockchip/rk3568/temp/micro/mcu/install/include/uxr/client/util/time.h
-- Up-to-date: /home/rsl/rt-thread/bsp/rockchip/rk3568/temp/micro/mcu/install/include/uxr/client/util/ping.h
-- Up-to-date: /home/rsl/rt-thread/bsp/rockchip/rk3568/temp/micro/mcu/install/include/uxr/client/profile
-- Up-to-date: /home/rsl/rt-thread/bsp/rockchip/rk3568/temp/micro/mcu/install/include/uxr/client/profile/transport
-- Up-to-date: /home/rsl/rt-thread/bsp/rockchip/rk3568/temp/micro/mcu/install/include/uxr/client/profile/transport/custom
-- Up-to-date: /home/rsl/rt-thread/bsp/rockchip/rk3568/temp/micro/mcu/install/include/uxr/client/profile/transport/custom/custom_transport.h
-- Up-to-date: /home/rsl/rt-thread/bsp/rockchip/rk3568/temp/micro/mcu/install/include/uxr/client/profile/transport/serial
-- Up-to-date: /home/rsl/rt-thread/bsp/rockchip/rk3568/temp/micro/mcu/install/include/uxr/client/profile/transport/serial/serial_transport_rtems_bsd_net.h
-- Up-to-date: /home/rsl/rt-thread/bsp/rockchip/rk3568/temp/micro/mcu/install/include/uxr/client/profile/transport/serial/serial_transport_platform.h
-- Up-to-date: /home/rsl/rt-thread/bsp/rockchip/rk3568/temp/micro/mcu/install/include/uxr/client/profile/transport/serial/serial_transport_posix.h
-- Up-to-date: /home/rsl/rt-thread/bsp/rockchip/rk3568/temp/micro/mcu/install/include/uxr/client/profile/transport/serial/serial_transport.h
-- Up-to-date: /home/rsl/rt-thread/bsp/rockchip/rk3568/temp/micro/mcu/install/include/uxr/client/profile/transport/stream_framing
-- Up-to-date: /home/rsl/rt-thread/bsp/rockchip/rk3568/temp/micro/mcu/install/include/uxr/client/profile/transport/stream_framing/stream_framing_protocol.h
-- Up-to-date: /home/rsl/rt-thread/bsp/rockchip/rk3568/temp/micro/mcu/install/include/uxr/client/profile/transport/ip
-- Up-to-date: /home/rsl/rt-thread/bsp/rockchip/rk3568/temp/micro/mcu/install/include/uxr/client/profile/transport/ip/udp
-- Up-to-date: /home/rsl/rt-thread/bsp/rockchip/rk3568/temp/micro/mcu/install/include/uxr/client/profile/transport/ip/udp/udp_transport.h
-- Up-to-date: /home/rsl/rt-thread/bsp/rockchip/rk3568/temp/micro/mcu/install/include/uxr/client/profile/transport/ip/udp/udp_transport_windows.h
-- Up-to-date: /home/rsl/rt-thread/bsp/rockchip/rk3568/temp/micro/mcu/install/include/uxr/client/profile/transport/ip/udp/udp_transport_posix.h
-- Up-to-date: /home/rsl/rt-thread/bsp/rockchip/rk3568/temp/micro/mcu/install/include/uxr/client/profile/transport/ip/udp/udp_transport_rtems_bsd_net.h
-- Up-to-date: /home/rsl/rt-thread/bsp/rockchip/rk3568/temp/micro/mcu/install/include/uxr/client/profile/transport/ip/udp/udp_transport_freertos_plus_tcp.h
-- Up-to-date: /home/rsl/rt-thread/bsp/rockchip/rk3568/temp/micro/mcu/install/include/uxr/client/profile/transport/ip/udp/udp_transport_posix_nopoll.h
-- Up-to-date: /home/rsl/rt-thread/bsp/rockchip/rk3568/temp/micro/mcu/install/include/uxr/client/profile/transport/ip/ip.h
-- Up-to-date: /home/rsl/rt-thread/bsp/rockchip/rk3568/temp/micro/mcu/install/include/uxr/client/profile/transport/ip/tcp
-- Up-to-date: /home/rsl/rt-thread/bsp/rockchip/rk3568/temp/micro/mcu/install/include/uxr/client/profile/transport/ip/tcp/tcp_transport_rtems_bsd_net.h
-- Up-to-date: /home/rsl/rt-thread/bsp/rockchip/rk3568/temp/micro/mcu/install/include/uxr/client/profile/transport/ip/tcp/tcp_transport_posix_nopoll.h
-- Up-to-date: /home/rsl/rt-thread/bsp/rockchip/rk3568/temp/micro/mcu/install/include/uxr/client/profile/transport/ip/tcp/tcp_transport_windows.h
-- Up-to-date: /home/rsl/rt-thread/bsp/rockchip/rk3568/temp/micro/mcu/install/include/uxr/client/profile/transport/ip/tcp/tcp_transport_posix.h
-- Up-to-date: /home/rsl/rt-thread/bsp/rockchip/rk3568/temp/micro/mcu/install/include/uxr/client/profile/transport/ip/tcp/tcp_transport.h
-- Up-to-date: /home/rsl/rt-thread/bsp/rockchip/rk3568/temp/micro/mcu/install/include/uxr/client/profile/transport/ip/tcp/tcp_transport_freertos_plus_tcp.h
-- Up-to-date: /home/rsl/rt-thread/bsp/rockchip/rk3568/temp/micro/mcu/install/include/uxr/client/profile/transport/can
-- Up-to-date: /home/rsl/rt-thread/bsp/rockchip/rk3568/temp/micro/mcu/install/include/uxr/client/profile/transport/can/can_transport_posix.h
-- Up-to-date: /home/rsl/rt-thread/bsp/rockchip/rk3568/temp/micro/mcu/install/include/uxr/client/profile/transport/can/can_transport.h
-- Up-to-date: /home/rsl/rt-thread/bsp/rockchip/rk3568/temp/micro/mcu/install/include/uxr/client/profile/multithread
-- Up-to-date: /home/rsl/rt-thread/bsp/rockchip/rk3568/temp/micro/mcu/install/include/uxr/client/profile/multithread/multithread.h
-- Up-to-date: /home/rsl/rt-thread/bsp/rockchip/rk3568/temp/micro/mcu/install/include/uxr/client/profile/discovery
-- Up-to-date: /home/rsl/rt-thread/bsp/rockchip/rk3568/temp/micro/mcu/install/include/uxr/client/profile/discovery/discovery.h
-- Up-to-date: /home/rsl/rt-thread/bsp/rockchip/rk3568/temp/micro/mcu/install/include/uxr/client/defines.h
-- Up-to-date: /home/rsl/rt-thread/bsp/rockchip/rk3568/temp/micro/mcu/install/include/uxr/client/config.h
-- Up-to-date: /home/rsl/rt-thread/bsp/rockchip/rk3568/temp/micro/mcu/install/share/microxrcedds_client/cmake/microxrcedds_clientTargets.cmake
-- Up-to-date: /home/rsl/rt-thread/bsp/rockchip/rk3568/temp/micro/mcu/install/share/microxrcedds_client/cmake/microxrcedds_clientTargets-release.cmake
-- Up-to-date: /home/rsl/rt-thread/bsp/rockchip/rk3568/temp/micro/mcu/install/share/microxrcedds_client/cmake/microxrcedds_clientConfig.cmake
-- Up-to-date: /home/rsl/rt-thread/bsp/rockchip/rk3568/temp/micro/mcu/install/share/microxrcedds_client/cmake/microxrcedds_clientConfigVersion.cmake
