[01m[K/home/rsl/rt-thread/bsp/rockchip/rk3568/temp/micro/mcu/src/Micro-XRCE-DDS-Client/src/c/core/session/session.c:23:8:[m[K [01;31m[Kerror: [m[Kunknown type name '[01m[Krmw_uxrce_transport_params_t[m[K'
   23 | extern [01;31m[Krmw_uxrce_transport_params_t[m[K rmw_uxrce_transport_default_params;
      |        [01;31m[K^~~~~~~~~~~~~~~~~~~~~~~~~~~~[m[K
[01m[K/home/rsl/rt-thread/bsp/rockchip/rk3568/temp/micro/mcu/src/Micro-XRCE-DDS-Client/src/c/core/session/session.c:[m[K In function '[01m[Kuxr_create_session_retries[m[K':
[01m[K/home/rsl/rt-thread/bsp/rockchip/rk3568/temp/micro/mcu/src/Micro-XRCE-DDS-Client/src/c/core/session/session.c:26:3:[m[K [01;35m[Kwarning: [m[Kimplicit declaration of function '[01m[Ksprintf[m[K' [[01;35m[K-Wimplicit-function-declaration[m[K]
   26 |   [01;35m[Ksprintf[m[K(buffer,"cfile is %s,func is %s,line is %d\n",__FILE__,__func__,__LINE__);\
      |   [01;35m[K^~~~~~~[m[K
[01m[K/home/rsl/rt-thread/bsp/rockchip/rk3568/temp/micro/mcu/src/Micro-XRCE-DDS-Client/src/c/core/session/session.c:244:5:[m[K [01;36m[Knote: [m[Kin expansion of macro '[01m[Kbrain_debug[m[K'
  244 |     [01;36m[Kbrain_debug[m[K(NULL);
      |     [01;36m[K^~~~~~~~~~~[m[K
[01m[K/home/rsl/rt-thread/bsp/rockchip/rk3568/temp/micro/mcu/src/Micro-XRCE-DDS-Client/src/c/core/session/session.c:26:3:[m[K [01;35m[Kwarning: [m[Kincompatible implicit declaration of built-in function '[01m[Ksprintf[m[K'
   26 |   [01;35m[Ksprintf[m[K(buffer,"cfile is %s,func is %s,line is %d\n",__FILE__,__func__,__LINE__);\
      |   [01;35m[K^~~~~~~[m[K
[01m[K/home/rsl/rt-thread/bsp/rockchip/rk3568/temp/micro/mcu/src/Micro-XRCE-DDS-Client/src/c/core/session/session.c:244:5:[m[K [01;36m[Knote: [m[Kin expansion of macro '[01m[Kbrain_debug[m[K'
  244 |     [01;36m[Kbrain_debug[m[K(NULL);
      |     [01;36m[K^~~~~~~~~~~[m[K
[01m[K/home/rsl/rt-thread/bsp/rockchip/rk3568/temp/micro/mcu/src/Micro-XRCE-DDS-Client/src/c/core/session/session.c:22:1:[m[K [01;36m[Knote: [m[Kinclude '[01m[K<stdio.h>[m[K' or provide a declaration of '[01m[Ksprintf[m[K'
   21 | #include "../../profile/shared_memory/shared_memory_internal.h"
  +++ |+[32m[K#include <stdio.h>[m[K
   22 | 
[01m[K/home/rsl/rt-thread/bsp/rockchip/rk3568/temp/micro/mcu/src/Micro-XRCE-DDS-Client/src/c/core/session/session.c:26:11:[m[K [01;35m[Kwarning: [m[Kpointer targets in passing argument 1 of '[01m[Ksprintf[m[K' differ in signedness [[01;35m[K-Wpointer-sign[m[K]
   26 |   sprintf([01;35m[Kbuffer[m[K,"cfile is %s,func is %s,line is %d\n",__FILE__,__func__,__LINE__);\
      |           [01;35m[K^~~~~~[m[K
      |           [01;35m[K|[m[K
      |           [01;35m[Kuint8_t * {aka unsigned char *}[m[K
[01m[K/home/rsl/rt-thread/bsp/rockchip/rk3568/temp/micro/mcu/src/Micro-XRCE-DDS-Client/src/c/core/session/session.c:244:5:[m[K [01;36m[Knote: [m[Kin expansion of macro '[01m[Kbrain_debug[m[K'
  244 |     [01;36m[Kbrain_debug[m[K(NULL);
      |     [01;36m[K^~~~~~~~~~~[m[K
[01m[K/home/rsl/rt-thread/bsp/rockchip/rk3568/temp/micro/mcu/src/Micro-XRCE-DDS-Client/src/c/core/session/session.c:26:11:[m[K [01;36m[Knote: [m[Kexpected '[01m[Kchar *[m[K' but argument is of type '[01m[Kuint8_t *[m[K' {aka '[01m[Kunsigned char *[m[K'}
   26 |   sprintf([01;36m[Kbuffer[m[K,"cfile is %s,func is %s,line is %d\n",__FILE__,__func__,__LINE__);\
      |           [01;36m[K^~~~~~[m[K
[01m[K/home/rsl/rt-thread/bsp/rockchip/rk3568/temp/micro/mcu/src/Micro-XRCE-DDS-Client/src/c/core/session/session.c:244:5:[m[K [01;36m[Knote: [m[Kin expansion of macro '[01m[Kbrain_debug[m[K'
  244 |     [01;36m[Kbrain_debug[m[K(NULL);
      |     [01;36m[K^~~~~~~~~~~[m[K
[01m[K/home/rsl/rt-thread/bsp/rockchip/rk3568/temp/micro/mcu/src/Micro-XRCE-DDS-Client/src/c/core/session/session.c:27:37:[m[K [01;31m[Kerror: [m[Krequest for member '[01m[Kwrite_cb[m[K' in something not a structure or union
   27 |   rmw_uxrce_transport_default_params[01;31m[K.[m[Kwrite_cb(NULL,buffer,strlen(buffer),NULL);\
      |                                     [01;31m[K^[m[K
[01m[K/home/rsl/rt-thread/bsp/rockchip/rk3568/temp/micro/mcu/src/Micro-XRCE-DDS-Client/src/c/core/session/session.c:244:5:[m[K [01;36m[Knote: [m[Kin expansion of macro '[01m[Kbrain_debug[m[K'
  244 |     [01;36m[Kbrain_debug[m[K(NULL);
      |     [01;36m[K^~~~~~~~~~~[m[K
[01m[K/home/rsl/rt-thread/bsp/rockchip/rk3568/temp/micro/mcu/src/Micro-XRCE-DDS-Client/src/c/core/session/session.c:27:66:[m[K [01;35m[Kwarning: [m[Kpointer targets in passing argument 1 of '[01m[Kstrlen[m[K' differ in signedness [[01;35m[K-Wpointer-sign[m[K]
   27 |   rmw_uxrce_transport_default_params.write_cb(NULL,buffer,strlen([01;35m[Kbuffer[m[K),NULL);\
      |                                                                  [01;35m[K^~~~~~[m[K
      |                                                                  [01;35m[K|[m[K
      |                                                                  [01;35m[Kuint8_t * {aka unsigned char *}[m[K
[01m[K/home/rsl/rt-thread/bsp/rockchip/rk3568/temp/micro/mcu/src/Micro-XRCE-DDS-Client/src/c/core/session/session.c:244:5:[m[K [01;36m[Knote: [m[Kin expansion of macro '[01m[Kbrain_debug[m[K'
  244 |     [01;36m[Kbrain_debug[m[K(NULL);
      |     [01;36m[K^~~~~~~~~~~[m[K
In file included from [01m[K/home/rsl/rt-thread/bsp/rockchip/rk3568/temp/micro/mcu/src/Micro-XRCE-DDS-Client/src/c/core/session/stream/common_reliable_stream_internal.h:28[m[K,
                 from [01m[K/home/rsl/rt-thread/bsp/rockchip/rk3568/temp/micro/mcu/src/Micro-XRCE-DDS-Client/src/c/core/session/session.c:11[m[K:
[01m[K/home/rsl/gcc-arm-10.3-2021.07-x86_64-aarch64-none-elf/aarch64-none-elf/include/string.h:41:17:[m[K [01;36m[Knote: [m[Kexpected '[01m[Kconst char *[m[K' but argument is of type '[01m[Kuint8_t *[m[K' {aka '[01m[Kunsigned char *[m[K'}
   41 | size_t  strlen ([01;36m[Kconst char *[m[K);
      |                 [01;36m[K^~~~~~~~~~~~[m[K
[01m[K/home/rsl/rt-thread/bsp/rockchip/rk3568/temp/micro/mcu/src/Micro-XRCE-DDS-Client/src/c/core/session/session.c:26:3:[m[K [01;35m[Kwarning: [m[Kincompatible implicit declaration of built-in function '[01m[Ksprintf[m[K'
   26 |   [01;35m[Ksprintf[m[K(buffer,"cfile is %s,func is %s,line is %d\n",__FILE__,__func__,__LINE__);\
      |   [01;35m[K^~~~~~~[m[K
[01m[K/home/rsl/rt-thread/bsp/rockchip/rk3568/temp/micro/mcu/src/Micro-XRCE-DDS-Client/src/c/core/session/session.c:246:5:[m[K [01;36m[Knote: [m[Kin expansion of macro '[01m[Kbrain_debug[m[K'
  246 |     [01;36m[Kbrain_debug[m[K(NULL);
      |     [01;36m[K^~~~~~~~~~~[m[K
[01m[K/home/rsl/rt-thread/bsp/rockchip/rk3568/temp/micro/mcu/src/Micro-XRCE-DDS-Client/src/c/core/session/session.c:26:3:[m[K [01;36m[Knote: [m[Kinclude '[01m[K<stdio.h>[m[K' or provide a declaration of '[01m[Ksprintf[m[K'
   26 |   [01;36m[Ksprintf[m[K(buffer,"cfile is %s,func is %s,line is %d\n",__FILE__,__func__,__LINE__);\
      |   [01;36m[K^~~~~~~[m[K
[01m[K/home/rsl/rt-thread/bsp/rockchip/rk3568/temp/micro/mcu/src/Micro-XRCE-DDS-Client/src/c/core/session/session.c:246:5:[m[K [01;36m[Knote: [m[Kin expansion of macro '[01m[Kbrain_debug[m[K'
  246 |     [01;36m[Kbrain_debug[m[K(NULL);
      |     [01;36m[K^~~~~~~~~~~[m[K
[01m[K/home/rsl/rt-thread/bsp/rockchip/rk3568/temp/micro/mcu/src/Micro-XRCE-DDS-Client/src/c/core/session/session.c:26:11:[m[K [01;35m[Kwarning: [m[Kpointer targets in passing argument 1 of '[01m[Ksprintf[m[K' differ in signedness [[01;35m[K-Wpointer-sign[m[K]
   26 |   sprintf([01;35m[Kbuffer[m[K,"cfile is %s,func is %s,line is %d\n",__FILE__,__func__,__LINE__);\
      |           [01;35m[K^~~~~~[m[K
      |           [01;35m[K|[m[K
      |           [01;35m[Kuint8_t * {aka unsigned char *}[m[K
[01m[K/home/rsl/rt-thread/bsp/rockchip/rk3568/temp/micro/mcu/src/Micro-XRCE-DDS-Client/src/c/core/session/session.c:246:5:[m[K [01;36m[Knote: [m[Kin expansion of macro '[01m[Kbrain_debug[m[K'
  246 |     [01;36m[Kbrain_debug[m[K(NULL);
      |     [01;36m[K^~~~~~~~~~~[m[K
[01m[K/home/rsl/rt-thread/bsp/rockchip/rk3568/temp/micro/mcu/src/Micro-XRCE-DDS-Client/src/c/core/session/session.c:26:11:[m[K [01;36m[Knote: [m[Kexpected '[01m[Kchar *[m[K' but argument is of type '[01m[Kuint8_t *[m[K' {aka '[01m[Kunsigned char *[m[K'}
   26 |   sprintf([01;36m[Kbuffer[m[K,"cfile is %s,func is %s,line is %d\n",__FILE__,__func__,__LINE__);\
      |           [01;36m[K^~~~~~[m[K
[01m[K/home/rsl/rt-thread/bsp/rockchip/rk3568/temp/micro/mcu/src/Micro-XRCE-DDS-Client/src/c/core/session/session.c:246:5:[m[K [01;36m[Knote: [m[Kin expansion of macro '[01m[Kbrain_debug[m[K'
  246 |     [01;36m[Kbrain_debug[m[K(NULL);
      |     [01;36m[K^~~~~~~~~~~[m[K
[01m[K/home/rsl/rt-thread/bsp/rockchip/rk3568/temp/micro/mcu/src/Micro-XRCE-DDS-Client/src/c/core/session/session.c:27:37:[m[K [01;31m[Kerror: [m[Krequest for member '[01m[Kwrite_cb[m[K' in something not a structure or union
   27 |   rmw_uxrce_transport_default_params[01;31m[K.[m[Kwrite_cb(NULL,buffer,strlen(buffer),NULL);\
      |                                     [01;31m[K^[m[K
[01m[K/home/rsl/rt-thread/bsp/rockchip/rk3568/temp/micro/mcu/src/Micro-XRCE-DDS-Client/src/c/core/session/session.c:246:5:[m[K [01;36m[Knote: [m[Kin expansion of macro '[01m[Kbrain_debug[m[K'
  246 |     [01;36m[Kbrain_debug[m[K(NULL);
      |     [01;36m[K^~~~~~~~~~~[m[K
[01m[K/home/rsl/rt-thread/bsp/rockchip/rk3568/temp/micro/mcu/src/Micro-XRCE-DDS-Client/src/c/core/session/session.c:27:66:[m[K [01;35m[Kwarning: [m[Kpointer targets in passing argument 1 of '[01m[Kstrlen[m[K' differ in signedness [[01;35m[K-Wpointer-sign[m[K]
   27 |   rmw_uxrce_transport_default_params.write_cb(NULL,buffer,strlen([01;35m[Kbuffer[m[K),NULL);\
      |                                                                  [01;35m[K^~~~~~[m[K
      |                                                                  [01;35m[K|[m[K
      |                                                                  [01;35m[Kuint8_t * {aka unsigned char *}[m[K
[01m[K/home/rsl/rt-thread/bsp/rockchip/rk3568/temp/micro/mcu/src/Micro-XRCE-DDS-Client/src/c/core/session/session.c:246:5:[m[K [01;36m[Knote: [m[Kin expansion of macro '[01m[Kbrain_debug[m[K'
  246 |     [01;36m[Kbrain_debug[m[K(NULL);
      |     [01;36m[K^~~~~~~~~~~[m[K
In file included from [01m[K/home/rsl/rt-thread/bsp/rockchip/rk3568/temp/micro/mcu/src/Micro-XRCE-DDS-Client/src/c/core/session/stream/common_reliable_stream_internal.h:28[m[K,
                 from [01m[K/home/rsl/rt-thread/bsp/rockchip/rk3568/temp/micro/mcu/src/Micro-XRCE-DDS-Client/src/c/core/session/session.c:11[m[K:
[01m[K/home/rsl/gcc-arm-10.3-2021.07-x86_64-aarch64-none-elf/aarch64-none-elf/include/string.h:41:17:[m[K [01;36m[Knote: [m[Kexpected '[01m[Kconst char *[m[K' but argument is of type '[01m[Kuint8_t *[m[K' {aka '[01m[Kunsigned char *[m[K'}
   41 | size_t  strlen ([01;36m[Kconst char *[m[K);
      |                 [01;36m[K^~~~~~~~~~~~[m[K
[01m[K/home/rsl/rt-thread/bsp/rockchip/rk3568/temp/micro/mcu/src/Micro-XRCE-DDS-Client/src/c/core/session/session.c:26:3:[m[K [01;35m[Kwarning: [m[Kincompatible implicit declaration of built-in function '[01m[Ksprintf[m[K'
   26 |   [01;35m[Ksprintf[m[K(buffer,"cfile is %s,func is %s,line is %d\n",__FILE__,__func__,__LINE__);\
      |   [01;35m[K^~~~~~~[m[K
[01m[K/home/rsl/rt-thread/bsp/rockchip/rk3568/temp/micro/mcu/src/Micro-XRCE-DDS-Client/src/c/core/session/session.c:250:5:[m[K [01;36m[Knote: [m[Kin expansion of macro '[01m[Kbrain_debug[m[K'
  250 |     [01;36m[Kbrain_debug[m[K(NULL);
      |     [01;36m[K^~~~~~~~~~~[m[K
[01m[K/home/rsl/rt-thread/bsp/rockchip/rk3568/temp/micro/mcu/src/Micro-XRCE-DDS-Client/src/c/core/session/session.c:26:3:[m[K [01;36m[Knote: [m[Kinclude '[01m[K<stdio.h>[m[K' or provide a declaration of '[01m[Ksprintf[m[K'
   26 |   [01;36m[Ksprintf[m[K(buffer,"cfile is %s,func is %s,line is %d\n",__FILE__,__func__,__LINE__);\
      |   [01;36m[K^~~~~~~[m[K
[01m[K/home/rsl/rt-thread/bsp/rockchip/rk3568/temp/micro/mcu/src/Micro-XRCE-DDS-Client/src/c/core/session/session.c:250:5:[m[K [01;36m[Knote: [m[Kin expansion of macro '[01m[Kbrain_debug[m[K'
  250 |     [01;36m[Kbrain_debug[m[K(NULL);
      |     [01;36m[K^~~~~~~~~~~[m[K
[01m[K/home/rsl/rt-thread/bsp/rockchip/rk3568/temp/micro/mcu/src/Micro-XRCE-DDS-Client/src/c/core/session/session.c:26:11:[m[K [01;35m[Kwarning: [m[Kpointer targets in passing argument 1 of '[01m[Ksprintf[m[K' differ in signedness [[01;35m[K-Wpointer-sign[m[K]
   26 |   sprintf([01;35m[Kbuffer[m[K,"cfile is %s,func is %s,line is %d\n",__FILE__,__func__,__LINE__);\
      |           [01;35m[K^~~~~~[m[K
      |           [01;35m[K|[m[K
      |           [01;35m[Kuint8_t * {aka unsigned char *}[m[K
[01m[K/home/rsl/rt-thread/bsp/rockchip/rk3568/temp/micro/mcu/src/Micro-XRCE-DDS-Client/src/c/core/session/session.c:250:5:[m[K [01;36m[Knote: [m[Kin expansion of macro '[01m[Kbrain_debug[m[K'
  250 |     [01;36m[Kbrain_debug[m[K(NULL);
      |     [01;36m[K^~~~~~~~~~~[m[K
[01m[K/home/rsl/rt-thread/bsp/rockchip/rk3568/temp/micro/mcu/src/Micro-XRCE-DDS-Client/src/c/core/session/session.c:26:11:[m[K [01;36m[Knote: [m[Kexpected '[01m[Kchar *[m[K' but argument is of type '[01m[Kuint8_t *[m[K' {aka '[01m[Kunsigned char *[m[K'}
   26 |   sprintf([01;36m[Kbuffer[m[K,"cfile is %s,func is %s,line is %d\n",__FILE__,__func__,__LINE__);\
      |           [01;36m[K^~~~~~[m[K
[01m[K/home/rsl/rt-thread/bsp/rockchip/rk3568/temp/micro/mcu/src/Micro-XRCE-DDS-Client/src/c/core/session/session.c:250:5:[m[K [01;36m[Knote: [m[Kin expansion of macro '[01m[Kbrain_debug[m[K'
  250 |     [01;36m[Kbrain_debug[m[K(NULL);
      |     [01;36m[K^~~~~~~~~~~[m[K
[01m[K/home/rsl/rt-thread/bsp/rockchip/rk3568/temp/micro/mcu/src/Micro-XRCE-DDS-Client/src/c/core/session/session.c:27:37:[m[K [01;31m[Kerror: [m[Krequest for member '[01m[Kwrite_cb[m[K' in something not a structure or union
   27 |   rmw_uxrce_transport_default_params[01;31m[K.[m[Kwrite_cb(NULL,buffer,strlen(buffer),NULL);\
      |                                     [01;31m[K^[m[K
[01m[K/home/rsl/rt-thread/bsp/rockchip/rk3568/temp/micro/mcu/src/Micro-XRCE-DDS-Client/src/c/core/session/session.c:250:5:[m[K [01;36m[Knote: [m[Kin expansion of macro '[01m[Kbrain_debug[m[K'
  250 |     [01;36m[Kbrain_debug[m[K(NULL);
      |     [01;36m[K^~~~~~~~~~~[m[K
[01m[K/home/rsl/rt-thread/bsp/rockchip/rk3568/temp/micro/mcu/src/Micro-XRCE-DDS-Client/src/c/core/session/session.c:27:66:[m[K [01;35m[Kwarning: [m[Kpointer targets in passing argument 1 of '[01m[Kstrlen[m[K' differ in signedness [[01;35m[K-Wpointer-sign[m[K]
   27 |   rmw_uxrce_transport_default_params.write_cb(NULL,buffer,strlen([01;35m[Kbuffer[m[K),NULL);\
      |                                                                  [01;35m[K^~~~~~[m[K
      |                                                                  [01;35m[K|[m[K
      |                                                                  [01;35m[Kuint8_t * {aka unsigned char *}[m[K
[01m[K/home/rsl/rt-thread/bsp/rockchip/rk3568/temp/micro/mcu/src/Micro-XRCE-DDS-Client/src/c/core/session/session.c:250:5:[m[K [01;36m[Knote: [m[Kin expansion of macro '[01m[Kbrain_debug[m[K'
  250 |     [01;36m[Kbrain_debug[m[K(NULL);
      |     [01;36m[K^~~~~~~~~~~[m[K
In file included from [01m[K/home/rsl/rt-thread/bsp/rockchip/rk3568/temp/micro/mcu/src/Micro-XRCE-DDS-Client/src/c/core/session/stream/common_reliable_stream_internal.h:28[m[K,
                 from [01m[K/home/rsl/rt-thread/bsp/rockchip/rk3568/temp/micro/mcu/src/Micro-XRCE-DDS-Client/src/c/core/session/session.c:11[m[K:
[01m[K/home/rsl/gcc-arm-10.3-2021.07-x86_64-aarch64-none-elf/aarch64-none-elf/include/string.h:41:17:[m[K [01;36m[Knote: [m[Kexpected '[01m[Kconst char *[m[K' but argument is of type '[01m[Kuint8_t *[m[K' {aka '[01m[Kunsigned char *[m[K'}
   41 | size_t  strlen ([01;36m[Kconst char *[m[K);
      |                 [01;36m[K^~~~~~~~~~~~[m[K
[01m[K/home/rsl/rt-thread/bsp/rockchip/rk3568/temp/micro/mcu/src/Micro-XRCE-DDS-Client/src/c/core/session/session.c:26:3:[m[K [01;35m[Kwarning: [m[Kincompatible implicit declaration of built-in function '[01m[Ksprintf[m[K'
   26 |   [01;35m[Ksprintf[m[K(buffer,"cfile is %s,func is %s,line is %d\n",__FILE__,__func__,__LINE__);\
      |   [01;35m[K^~~~~~~[m[K
[01m[K/home/rsl/rt-thread/bsp/rockchip/rk3568/temp/micro/mcu/src/Micro-XRCE-DDS-Client/src/c/core/session/session.c:253:5:[m[K [01;36m[Knote: [m[Kin expansion of macro '[01m[Kbrain_debug[m[K'
  253 |     [01;36m[Kbrain_debug[m[K(NULL);
      |     [01;36m[K^~~~~~~~~~~[m[K
[01m[K/home/rsl/rt-thread/bsp/rockchip/rk3568/temp/micro/mcu/src/Micro-XRCE-DDS-Client/src/c/core/session/session.c:26:3:[m[K [01;36m[Knote: [m[Kinclude '[01m[K<stdio.h>[m[K' or provide a declaration of '[01m[Ksprintf[m[K'
   26 |   [01;36m[Ksprintf[m[K(buffer,"cfile is %s,func is %s,line is %d\n",__FILE__,__func__,__LINE__);\
      |   [01;36m[K^~~~~~~[m[K
[01m[K/home/rsl/rt-thread/bsp/rockchip/rk3568/temp/micro/mcu/src/Micro-XRCE-DDS-Client/src/c/core/session/session.c:253:5:[m[K [01;36m[Knote: [m[Kin expansion of macro '[01m[Kbrain_debug[m[K'
  253 |     [01;36m[Kbrain_debug[m[K(NULL);
      |     [01;36m[K^~~~~~~~~~~[m[K
[01m[K/home/rsl/rt-thread/bsp/rockchip/rk3568/temp/micro/mcu/src/Micro-XRCE-DDS-Client/src/c/core/session/session.c:26:11:[m[K [01;35m[Kwarning: [m[Kpointer targets in passing argument 1 of '[01m[Ksprintf[m[K' differ in signedness [[01;35m[K-Wpointer-sign[m[K]
   26 |   sprintf([01;35m[Kbuffer[m[K,"cfile is %s,func is %s,line is %d\n",__FILE__,__func__,__LINE__);\
      |           [01;35m[K^~~~~~[m[K
      |           [01;35m[K|[m[K
      |           [01;35m[Kuint8_t * {aka unsigned char *}[m[K
[01m[K/home/rsl/rt-thread/bsp/rockchip/rk3568/temp/micro/mcu/src/Micro-XRCE-DDS-Client/src/c/core/session/session.c:253:5:[m[K [01;36m[Knote: [m[Kin expansion of macro '[01m[Kbrain_debug[m[K'
  253 |     [01;36m[Kbrain_debug[m[K(NULL);
      |     [01;36m[K^~~~~~~~~~~[m[K
[01m[K/home/rsl/rt-thread/bsp/rockchip/rk3568/temp/micro/mcu/src/Micro-XRCE-DDS-Client/src/c/core/session/session.c:26:11:[m[K [01;36m[Knote: [m[Kexpected '[01m[Kchar *[m[K' but argument is of type '[01m[Kuint8_t *[m[K' {aka '[01m[Kunsigned char *[m[K'}
   26 |   sprintf([01;36m[Kbuffer[m[K,"cfile is %s,func is %s,line is %d\n",__FILE__,__func__,__LINE__);\
      |           [01;36m[K^~~~~~[m[K
[01m[K/home/rsl/rt-thread/bsp/rockchip/rk3568/temp/micro/mcu/src/Micro-XRCE-DDS-Client/src/c/core/session/session.c:253:5:[m[K [01;36m[Knote: [m[Kin expansion of macro '[01m[Kbrain_debug[m[K'
  253 |     [01;36m[Kbrain_debug[m[K(NULL);
      |     [01;36m[K^~~~~~~~~~~[m[K
[01m[K/home/rsl/rt-thread/bsp/rockchip/rk3568/temp/micro/mcu/src/Micro-XRCE-DDS-Client/src/c/core/session/session.c:27:37:[m[K [01;31m[Kerror: [m[Krequest for member '[01m[Kwrite_cb[m[K' in something not a structure or union
   27 |   rmw_uxrce_transport_default_params[01;31m[K.[m[Kwrite_cb(NULL,buffer,strlen(buffer),NULL);\
      |                                     [01;31m[K^[m[K
[01m[K/home/rsl/rt-thread/bsp/rockchip/rk3568/temp/micro/mcu/src/Micro-XRCE-DDS-Client/src/c/core/session/session.c:253:5:[m[K [01;36m[Knote: [m[Kin expansion of macro '[01m[Kbrain_debug[m[K'
  253 |     [01;36m[Kbrain_debug[m[K(NULL);
      |     [01;36m[K^~~~~~~~~~~[m[K
[01m[K/home/rsl/rt-thread/bsp/rockchip/rk3568/temp/micro/mcu/src/Micro-XRCE-DDS-Client/src/c/core/session/session.c:27:66:[m[K [01;35m[Kwarning: [m[Kpointer targets in passing argument 1 of '[01m[Kstrlen[m[K' differ in signedness [[01;35m[K-Wpointer-sign[m[K]
   27 |   rmw_uxrce_transport_default_params.write_cb(NULL,buffer,strlen([01;35m[Kbuffer[m[K),NULL);\
      |                                                                  [01;35m[K^~~~~~[m[K
      |                                                                  [01;35m[K|[m[K
      |                                                                  [01;35m[Kuint8_t * {aka unsigned char *}[m[K
[01m[K/home/rsl/rt-thread/bsp/rockchip/rk3568/temp/micro/mcu/src/Micro-XRCE-DDS-Client/src/c/core/session/session.c:253:5:[m[K [01;36m[Knote: [m[Kin expansion of macro '[01m[Kbrain_debug[m[K'
  253 |     [01;36m[Kbrain_debug[m[K(NULL);
      |     [01;36m[K^~~~~~~~~~~[m[K
In file included from [01m[K/home/rsl/rt-thread/bsp/rockchip/rk3568/temp/micro/mcu/src/Micro-XRCE-DDS-Client/src/c/core/session/stream/common_reliable_stream_internal.h:28[m[K,
                 from [01m[K/home/rsl/rt-thread/bsp/rockchip/rk3568/temp/micro/mcu/src/Micro-XRCE-DDS-Client/src/c/core/session/session.c:11[m[K:
[01m[K/home/rsl/gcc-arm-10.3-2021.07-x86_64-aarch64-none-elf/aarch64-none-elf/include/string.h:41:17:[m[K [01;36m[Knote: [m[Kexpected '[01m[Kconst char *[m[K' but argument is of type '[01m[Kuint8_t *[m[K' {aka '[01m[Kunsigned char *[m[K'}
   41 | size_t  strlen ([01;36m[Kconst char *[m[K);
      |                 [01;36m[K^~~~~~~~~~~~[m[K
[01m[K/home/rsl/rt-thread/bsp/rockchip/rk3568/temp/micro/mcu/src/Micro-XRCE-DDS-Client/src/c/core/session/session.c:26:3:[m[K [01;35m[Kwarning: [m[Kincompatible implicit declaration of built-in function '[01m[Ksprintf[m[K'
   26 |   [01;35m[Ksprintf[m[K(buffer,"cfile is %s,func is %s,line is %d\n",__FILE__,__func__,__LINE__);\
      |   [01;35m[K^~~~~~~[m[K
[01m[K/home/rsl/rt-thread/bsp/rockchip/rk3568/temp/micro/mcu/src/Micro-XRCE-DDS-Client/src/c/core/session/session.c:255:5:[m[K [01;36m[Knote: [m[Kin expansion of macro '[01m[Kbrain_debug[m[K'
  255 |     [01;36m[Kbrain_debug[m[K(NULL);
      |     [01;36m[K^~~~~~~~~~~[m[K
[01m[K/home/rsl/rt-thread/bsp/rockchip/rk3568/temp/micro/mcu/src/Micro-XRCE-DDS-Client/src/c/core/session/session.c:26:3:[m[K [01;36m[Knote: [m[Kinclude '[01m[K<stdio.h>[m[K' or provide a declaration of '[01m[Ksprintf[m[K'
   26 |   [01;36m[Ksprintf[m[K(buffer,"cfile is %s,func is %s,line is %d\n",__FILE__,__func__,__LINE__);\
      |   [01;36m[K^~~~~~~[m[K
[01m[K/home/rsl/rt-thread/bsp/rockchip/rk3568/temp/micro/mcu/src/Micro-XRCE-DDS-Client/src/c/core/session/session.c:255:5:[m[K [01;36m[Knote: [m[Kin expansion of macro '[01m[Kbrain_debug[m[K'
  255 |     [01;36m[Kbrain_debug[m[K(NULL);
      |     [01;36m[K^~~~~~~~~~~[m[K
[01m[K/home/rsl/rt-thread/bsp/rockchip/rk3568/temp/micro/mcu/src/Micro-XRCE-DDS-Client/src/c/core/session/session.c:26:11:[m[K [01;35m[Kwarning: [m[Kpointer targets in passing argument 1 of '[01m[Ksprintf[m[K' differ in signedness [[01;35m[K-Wpointer-sign[m[K]
   26 |   sprintf([01;35m[Kbuffer[m[K,"cfile is %s,func is %s,line is %d\n",__FILE__,__func__,__LINE__);\
      |           [01;35m[K^~~~~~[m[K
      |           [01;35m[K|[m[K
      |           [01;35m[Kuint8_t * {aka unsigned char *}[m[K
[01m[K/home/rsl/rt-thread/bsp/rockchip/rk3568/temp/micro/mcu/src/Micro-XRCE-DDS-Client/src/c/core/session/session.c:255:5:[m[K [01;36m[Knote: [m[Kin expansion of macro '[01m[Kbrain_debug[m[K'
  255 |     [01;36m[Kbrain_debug[m[K(NULL);
      |     [01;36m[K^~~~~~~~~~~[m[K
[01m[K/home/rsl/rt-thread/bsp/rockchip/rk3568/temp/micro/mcu/src/Micro-XRCE-DDS-Client/src/c/core/session/session.c:26:11:[m[K [01;36m[Knote: [m[Kexpected '[01m[Kchar *[m[K' but argument is of type '[01m[Kuint8_t *[m[K' {aka '[01m[Kunsigned char *[m[K'}
   26 |   sprintf([01;36m[Kbuffer[m[K,"cfile is %s,func is %s,line is %d\n",__FILE__,__func__,__LINE__);\
      |           [01;36m[K^~~~~~[m[K
[01m[K/home/rsl/rt-thread/bsp/rockchip/rk3568/temp/micro/mcu/src/Micro-XRCE-DDS-Client/src/c/core/session/session.c:255:5:[m[K [01;36m[Knote: [m[Kin expansion of macro '[01m[Kbrain_debug[m[K'
  255 |     [01;36m[Kbrain_debug[m[K(NULL);
      |     [01;36m[K^~~~~~~~~~~[m[K
[01m[K/home/rsl/rt-thread/bsp/rockchip/rk3568/temp/micro/mcu/src/Micro-XRCE-DDS-Client/src/c/core/session/session.c:27:37:[m[K [01;31m[Kerror: [m[Krequest for member '[01m[Kwrite_cb[m[K' in something not a structure or union
   27 |   rmw_uxrce_transport_default_params[01;31m[K.[m[Kwrite_cb(NULL,buffer,strlen(buffer),NULL);\
      |                                     [01;31m[K^[m[K
[01m[K/home/rsl/rt-thread/bsp/rockchip/rk3568/temp/micro/mcu/src/Micro-XRCE-DDS-Client/src/c/core/session/session.c:255:5:[m[K [01;36m[Knote: [m[Kin expansion of macro '[01m[Kbrain_debug[m[K'
  255 |     [01;36m[Kbrain_debug[m[K(NULL);
      |     [01;36m[K^~~~~~~~~~~[m[K
[01m[K/home/rsl/rt-thread/bsp/rockchip/rk3568/temp/micro/mcu/src/Micro-XRCE-DDS-Client/src/c/core/session/session.c:27:66:[m[K [01;35m[Kwarning: [m[Kpointer targets in passing argument 1 of '[01m[Kstrlen[m[K' differ in signedness [[01;35m[K-Wpointer-sign[m[K]
   27 |   rmw_uxrce_transport_default_params.write_cb(NULL,buffer,strlen([01;35m[Kbuffer[m[K),NULL);\
      |                                                                  [01;35m[K^~~~~~[m[K
      |                                                                  [01;35m[K|[m[K
      |                                                                  [01;35m[Kuint8_t * {aka unsigned char *}[m[K
[01m[K/home/rsl/rt-thread/bsp/rockchip/rk3568/temp/micro/mcu/src/Micro-XRCE-DDS-Client/src/c/core/session/session.c:255:5:[m[K [01;36m[Knote: [m[Kin expansion of macro '[01m[Kbrain_debug[m[K'
  255 |     [01;36m[Kbrain_debug[m[K(NULL);
      |     [01;36m[K^~~~~~~~~~~[m[K
In file included from [01m[K/home/rsl/rt-thread/bsp/rockchip/rk3568/temp/micro/mcu/src/Micro-XRCE-DDS-Client/src/c/core/session/stream/common_reliable_stream_internal.h:28[m[K,
                 from [01m[K/home/rsl/rt-thread/bsp/rockchip/rk3568/temp/micro/mcu/src/Micro-XRCE-DDS-Client/src/c/core/session/session.c:11[m[K:
[01m[K/home/rsl/gcc-arm-10.3-2021.07-x86_64-aarch64-none-elf/aarch64-none-elf/include/string.h:41:17:[m[K [01;36m[Knote: [m[Kexpected '[01m[Kconst char *[m[K' but argument is of type '[01m[Kuint8_t *[m[K' {aka '[01m[Kunsigned char *[m[K'}
   41 | size_t  strlen ([01;36m[Kconst char *[m[K);
      |                 [01;36m[K^~~~~~~~~~~~[m[K
[01m[K/home/rsl/rt-thread/bsp/rockchip/rk3568/temp/micro/mcu/src/Micro-XRCE-DDS-Client/src/c/core/session/session.c:26:3:[m[K [01;35m[Kwarning: [m[Kincompatible implicit declaration of built-in function '[01m[Ksprintf[m[K'
   26 |   [01;35m[Ksprintf[m[K(buffer,"cfile is %s,func is %s,line is %d\n",__FILE__,__func__,__LINE__);\
      |   [01;35m[K^~~~~~~[m[K
[01m[K/home/rsl/rt-thread/bsp/rockchip/rk3568/temp/micro/mcu/src/Micro-XRCE-DDS-Client/src/c/core/session/session.c:258:5:[m[K [01;36m[Knote: [m[Kin expansion of macro '[01m[Kbrain_debug[m[K'
  258 |     [01;36m[Kbrain_debug[m[K(NULL);
      |     [01;36m[K^~~~~~~~~~~[m[K
[01m[K/home/rsl/rt-thread/bsp/rockchip/rk3568/temp/micro/mcu/src/Micro-XRCE-DDS-Client/src/c/core/session/session.c:26:3:[m[K [01;36m[Knote: [m[Kinclude '[01m[K<stdio.h>[m[K' or provide a declaration of '[01m[Ksprintf[m[K'
   26 |   [01;36m[Ksprintf[m[K(buffer,"cfile is %s,func is %s,line is %d\n",__FILE__,__func__,__LINE__);\
      |   [01;36m[K^~~~~~~[m[K
[01m[K/home/rsl/rt-thread/bsp/rockchip/rk3568/temp/micro/mcu/src/Micro-XRCE-DDS-Client/src/c/core/session/session.c:258:5:[m[K [01;36m[Knote: [m[Kin expansion of macro '[01m[Kbrain_debug[m[K'
  258 |     [01;36m[Kbrain_debug[m[K(NULL);
      |     [01;36m[K^~~~~~~~~~~[m[K
[01m[K/home/rsl/rt-thread/bsp/rockchip/rk3568/temp/micro/mcu/src/Micro-XRCE-DDS-Client/src/c/core/session/session.c:26:11:[m[K [01;35m[Kwarning: [m[Kpointer targets in passing argument 1 of '[01m[Ksprintf[m[K' differ in signedness [[01;35m[K-Wpointer-sign[m[K]
   26 |   sprintf([01;35m[Kbuffer[m[K,"cfile is %s,func is %s,line is %d\n",__FILE__,__func__,__LINE__);\
      |           [01;35m[K^~~~~~[m[K
      |           [01;35m[K|[m[K
      |           [01;35m[Kuint8_t * {aka unsigned char *}[m[K
[01m[K/home/rsl/rt-thread/bsp/rockchip/rk3568/temp/micro/mcu/src/Micro-XRCE-DDS-Client/src/c/core/session/session.c:258:5:[m[K [01;36m[Knote: [m[Kin expansion of macro '[01m[Kbrain_debug[m[K'
  258 |     [01;36m[Kbrain_debug[m[K(NULL);
      |     [01;36m[K^~~~~~~~~~~[m[K
[01m[K/home/rsl/rt-thread/bsp/rockchip/rk3568/temp/micro/mcu/src/Micro-XRCE-DDS-Client/src/c/core/session/session.c:26:11:[m[K [01;36m[Knote: [m[Kexpected '[01m[Kchar *[m[K' but argument is of type '[01m[Kuint8_t *[m[K' {aka '[01m[Kunsigned char *[m[K'}
   26 |   sprintf([01;36m[Kbuffer[m[K,"cfile is %s,func is %s,line is %d\n",__FILE__,__func__,__LINE__);\
      |           [01;36m[K^~~~~~[m[K
[01m[K/home/rsl/rt-thread/bsp/rockchip/rk3568/temp/micro/mcu/src/Micro-XRCE-DDS-Client/src/c/core/session/session.c:258:5:[m[K [01;36m[Knote: [m[Kin expansion of macro '[01m[Kbrain_debug[m[K'
  258 |     [01;36m[Kbrain_debug[m[K(NULL);
      |     [01;36m[K^~~~~~~~~~~[m[K
[01m[K/home/rsl/rt-thread/bsp/rockchip/rk3568/temp/micro/mcu/src/Micro-XRCE-DDS-Client/src/c/core/session/session.c:27:37:[m[K [01;31m[Kerror: [m[Krequest for member '[01m[Kwrite_cb[m[K' in something not a structure or union
   27 |   rmw_uxrce_transport_default_params[01;31m[K.[m[Kwrite_cb(NULL,buffer,strlen(buffer),NULL);\
      |                                     [01;31m[K^[m[K
[01m[K/home/rsl/rt-thread/bsp/rockchip/rk3568/temp/micro/mcu/src/Micro-XRCE-DDS-Client/src/c/core/session/session.c:258:5:[m[K [01;36m[Knote: [m[Kin expansion of macro '[01m[Kbrain_debug[m[K'
  258 |     [01;36m[Kbrain_debug[m[K(NULL);
      |     [01;36m[K^~~~~~~~~~~[m[K
[01m[K/home/rsl/rt-thread/bsp/rockchip/rk3568/temp/micro/mcu/src/Micro-XRCE-DDS-Client/src/c/core/session/session.c:27:66:[m[K [01;35m[Kwarning: [m[Kpointer targets in passing argument 1 of '[01m[Kstrlen[m[K' differ in signedness [[01;35m[K-Wpointer-sign[m[K]
   27 |   rmw_uxrce_transport_default_params.write_cb(NULL,buffer,strlen([01;35m[Kbuffer[m[K),NULL);\
      |                                                                  [01;35m[K^~~~~~[m[K
      |                                                                  [01;35m[K|[m[K
      |                                                                  [01;35m[Kuint8_t * {aka unsigned char *}[m[K
[01m[K/home/rsl/rt-thread/bsp/rockchip/rk3568/temp/micro/mcu/src/Micro-XRCE-DDS-Client/src/c/core/session/session.c:258:5:[m[K [01;36m[Knote: [m[Kin expansion of macro '[01m[Kbrain_debug[m[K'
  258 |     [01;36m[Kbrain_debug[m[K(NULL);
      |     [01;36m[K^~~~~~~~~~~[m[K
In file included from [01m[K/home/rsl/rt-thread/bsp/rockchip/rk3568/temp/micro/mcu/src/Micro-XRCE-DDS-Client/src/c/core/session/stream/common_reliable_stream_internal.h:28[m[K,
                 from [01m[K/home/rsl/rt-thread/bsp/rockchip/rk3568/temp/micro/mcu/src/Micro-XRCE-DDS-Client/src/c/core/session/session.c:11[m[K:
[01m[K/home/rsl/gcc-arm-10.3-2021.07-x86_64-aarch64-none-elf/aarch64-none-elf/include/string.h:41:17:[m[K [01;36m[Knote: [m[Kexpected '[01m[Kconst char *[m[K' but argument is of type '[01m[Kuint8_t *[m[K' {aka '[01m[Kunsigned char *[m[K'}
   41 | size_t  strlen ([01;36m[Kconst char *[m[K);
      |                 [01;36m[K^~~~~~~~~~~~[m[K
[01m[K/home/rsl/rt-thread/bsp/rockchip/rk3568/temp/micro/mcu/src/Micro-XRCE-DDS-Client/src/c/core/session/session.c:26:3:[m[K [01;35m[Kwarning: [m[Kincompatible implicit declaration of built-in function '[01m[Ksprintf[m[K'
   26 |   [01;35m[Ksprintf[m[K(buffer,"cfile is %s,func is %s,line is %d\n",__FILE__,__func__,__LINE__);\
      |   [01;35m[K^~~~~~~[m[K
[01m[K/home/rsl/rt-thread/bsp/rockchip/rk3568/temp/micro/mcu/src/Micro-XRCE-DDS-Client/src/c/core/session/session.c:260:5:[m[K [01;36m[Knote: [m[Kin expansion of macro '[01m[Kbrain_debug[m[K'
  260 |     [01;36m[Kbrain_debug[m[K(NULL);
      |     [01;36m[K^~~~~~~~~~~[m[K
[01m[K/home/rsl/rt-thread/bsp/rockchip/rk3568/temp/micro/mcu/src/Micro-XRCE-DDS-Client/src/c/core/session/session.c:26:3:[m[K [01;36m[Knote: [m[Kinclude '[01m[K<stdio.h>[m[K' or provide a declaration of '[01m[Ksprintf[m[K'
   26 |   [01;36m[Ksprintf[m[K(buffer,"cfile is %s,func is %s,line is %d\n",__FILE__,__func__,__LINE__);\
      |   [01;36m[K^~~~~~~[m[K
[01m[K/home/rsl/rt-thread/bsp/rockchip/rk3568/temp/micro/mcu/src/Micro-XRCE-DDS-Client/src/c/core/session/session.c:260:5:[m[K [01;36m[Knote: [m[Kin expansion of macro '[01m[Kbrain_debug[m[K'
  260 |     [01;36m[Kbrain_debug[m[K(NULL);
      |     [01;36m[K^~~~~~~~~~~[m[K
[01m[K/home/rsl/rt-thread/bsp/rockchip/rk3568/temp/micro/mcu/src/Micro-XRCE-DDS-Client/src/c/core/session/session.c:26:11:[m[K [01;35m[Kwarning: [m[Kpointer targets in passing argument 1 of '[01m[Ksprintf[m[K' differ in signedness [[01;35m[K-Wpointer-sign[m[K]
   26 |   sprintf([01;35m[Kbuffer[m[K,"cfile is %s,func is %s,line is %d\n",__FILE__,__func__,__LINE__);\
      |           [01;35m[K^~~~~~[m[K
      |           [01;35m[K|[m[K
      |           [01;35m[Kuint8_t * {aka unsigned char *}[m[K
[01m[K/home/rsl/rt-thread/bsp/rockchip/rk3568/temp/micro/mcu/src/Micro-XRCE-DDS-Client/src/c/core/session/session.c:260:5:[m[K [01;36m[Knote: [m[Kin expansion of macro '[01m[Kbrain_debug[m[K'
  260 |     [01;36m[Kbrain_debug[m[K(NULL);
      |     [01;36m[K^~~~~~~~~~~[m[K
[01m[K/home/rsl/rt-thread/bsp/rockchip/rk3568/temp/micro/mcu/src/Micro-XRCE-DDS-Client/src/c/core/session/session.c:26:11:[m[K [01;36m[Knote: [m[Kexpected '[01m[Kchar *[m[K' but argument is of type '[01m[Kuint8_t *[m[K' {aka '[01m[Kunsigned char *[m[K'}
   26 |   sprintf([01;36m[Kbuffer[m[K,"cfile is %s,func is %s,line is %d\n",__FILE__,__func__,__LINE__);\
      |           [01;36m[K^~~~~~[m[K
[01m[K/home/rsl/rt-thread/bsp/rockchip/rk3568/temp/micro/mcu/src/Micro-XRCE-DDS-Client/src/c/core/session/session.c:260:5:[m[K [01;36m[Knote: [m[Kin expansion of macro '[01m[Kbrain_debug[m[K'
  260 |     [01;36m[Kbrain_debug[m[K(NULL);
      |     [01;36m[K^~~~~~~~~~~[m[K
[01m[K/home/rsl/rt-thread/bsp/rockchip/rk3568/temp/micro/mcu/src/Micro-XRCE-DDS-Client/src/c/core/session/session.c:27:37:[m[K [01;31m[Kerror: [m[Krequest for member '[01m[Kwrite_cb[m[K' in something not a structure or union
   27 |   rmw_uxrce_transport_default_params[01;31m[K.[m[Kwrite_cb(NULL,buffer,strlen(buffer),NULL);\
      |                                     [01;31m[K^[m[K
[01m[K/home/rsl/rt-thread/bsp/rockchip/rk3568/temp/micro/mcu/src/Micro-XRCE-DDS-Client/src/c/core/session/session.c:260:5:[m[K [01;36m[Knote: [m[Kin expansion of macro '[01m[Kbrain_debug[m[K'
  260 |     [01;36m[Kbrain_debug[m[K(NULL);
      |     [01;36m[K^~~~~~~~~~~[m[K
[01m[K/home/rsl/rt-thread/bsp/rockchip/rk3568/temp/micro/mcu/src/Micro-XRCE-DDS-Client/src/c/core/session/session.c:27:66:[m[K [01;35m[Kwarning: [m[Kpointer targets in passing argument 1 of '[01m[Kstrlen[m[K' differ in signedness [[01;35m[K-Wpointer-sign[m[K]
   27 |   rmw_uxrce_transport_default_params.write_cb(NULL,buffer,strlen([01;35m[Kbuffer[m[K),NULL);\
      |                                                                  [01;35m[K^~~~~~[m[K
      |                                                                  [01;35m[K|[m[K
      |                                                                  [01;35m[Kuint8_t * {aka unsigned char *}[m[K
[01m[K/home/rsl/rt-thread/bsp/rockchip/rk3568/temp/micro/mcu/src/Micro-XRCE-DDS-Client/src/c/core/session/session.c:260:5:[m[K [01;36m[Knote: [m[Kin expansion of macro '[01m[Kbrain_debug[m[K'
  260 |     [01;36m[Kbrain_debug[m[K(NULL);
      |     [01;36m[K^~~~~~~~~~~[m[K
In file included from [01m[K/home/rsl/rt-thread/bsp/rockchip/rk3568/temp/micro/mcu/src/Micro-XRCE-DDS-Client/src/c/core/session/stream/common_reliable_stream_internal.h:28[m[K,
                 from [01m[K/home/rsl/rt-thread/bsp/rockchip/rk3568/temp/micro/mcu/src/Micro-XRCE-DDS-Client/src/c/core/session/session.c:11[m[K:
[01m[K/home/rsl/gcc-arm-10.3-2021.07-x86_64-aarch64-none-elf/aarch64-none-elf/include/string.h:41:17:[m[K [01;36m[Knote: [m[Kexpected '[01m[Kconst char *[m[K' but argument is of type '[01m[Kuint8_t *[m[K' {aka '[01m[Kunsigned char *[m[K'}
   41 | size_t  strlen ([01;36m[Kconst char *[m[K);
      |                 [01;36m[K^~~~~~~~~~~~[m[K
[01m[K/home/rsl/rt-thread/bsp/rockchip/rk3568/temp/micro/mcu/src/Micro-XRCE-DDS-Client/src/c/core/session/session.c:26:3:[m[K [01;35m[Kwarning: [m[Kincompatible implicit declaration of built-in function '[01m[Ksprintf[m[K'
   26 |   [01;35m[Ksprintf[m[K(buffer,"cfile is %s,func is %s,line is %d\n",__FILE__,__func__,__LINE__);\
      |   [01;35m[K^~~~~~~[m[K
[01m[K/home/rsl/rt-thread/bsp/rockchip/rk3568/temp/micro/mcu/src/Micro-XRCE-DDS-Client/src/c/core/session/session.c:264:9:[m[K [01;36m[Knote: [m[Kin expansion of macro '[01m[Kbrain_debug[m[K'
  264 |     {   [01;36m[Kbrain_debug[m[K(NULL);
      |         [01;36m[K^~~~~~~~~~~[m[K
[01m[K/home/rsl/rt-thread/bsp/rockchip/rk3568/temp/micro/mcu/src/Micro-XRCE-DDS-Client/src/c/core/session/session.c:26:3:[m[K [01;36m[Knote: [m[Kinclude '[01m[K<stdio.h>[m[K' or provide a declaration of '[01m[Ksprintf[m[K'
   26 |   [01;36m[Ksprintf[m[K(buffer,"cfile is %s,func is %s,line is %d\n",__FILE__,__func__,__LINE__);\
      |   [01;36m[K^~~~~~~[m[K
[01m[K/home/rsl/rt-thread/bsp/rockchip/rk3568/temp/micro/mcu/src/Micro-XRCE-DDS-Client/src/c/core/session/session.c:264:9:[m[K [01;36m[Knote: [m[Kin expansion of macro '[01m[Kbrain_debug[m[K'
  264 |     {   [01;36m[Kbrain_debug[m[K(NULL);
      |         [01;36m[K^~~~~~~~~~~[m[K
[01m[K/home/rsl/rt-thread/bsp/rockchip/rk3568/temp/micro/mcu/src/Micro-XRCE-DDS-Client/src/c/core/session/session.c:26:11:[m[K [01;35m[Kwarning: [m[Kpointer targets in passing argument 1 of '[01m[Ksprintf[m[K' differ in signedness [[01;35m[K-Wpointer-sign[m[K]
   26 |   sprintf([01;35m[Kbuffer[m[K,"cfile is %s,func is %s,line is %d\n",__FILE__,__func__,__LINE__);\
      |           [01;35m[K^~~~~~[m[K
      |           [01;35m[K|[m[K
      |           [01;35m[Kuint8_t * {aka unsigned char *}[m[K
[01m[K/home/rsl/rt-thread/bsp/rockchip/rk3568/temp/micro/mcu/src/Micro-XRCE-DDS-Client/src/c/core/session/session.c:264:9:[m[K [01;36m[Knote: [m[Kin expansion of macro '[01m[Kbrain_debug[m[K'
  264 |     {   [01;36m[Kbrain_debug[m[K(NULL);
      |         [01;36m[K^~~~~~~~~~~[m[K
[01m[K/home/rsl/rt-thread/bsp/rockchip/rk3568/temp/micro/mcu/src/Micro-XRCE-DDS-Client/src/c/core/session/session.c:26:11:[m[K [01;36m[Knote: [m[Kexpected '[01m[Kchar *[m[K' but argument is of type '[01m[Kuint8_t *[m[K' {aka '[01m[Kunsigned char *[m[K'}
   26 |   sprintf([01;36m[Kbuffer[m[K,"cfile is %s,func is %s,line is %d\n",__FILE__,__func__,__LINE__);\
      |           [01;36m[K^~~~~~[m[K
[01m[K/home/rsl/rt-thread/bsp/rockchip/rk3568/temp/micro/mcu/src/Micro-XRCE-DDS-Client/src/c/core/session/session.c:264:9:[m[K [01;36m[Knote: [m[Kin expansion of macro '[01m[Kbrain_debug[m[K'
  264 |     {   [01;36m[Kbrain_debug[m[K(NULL);
      |         [01;36m[K^~~~~~~~~~~[m[K
[01m[K/home/rsl/rt-thread/bsp/rockchip/rk3568/temp/micro/mcu/src/Micro-XRCE-DDS-Client/src/c/core/session/session.c:27:37:[m[K [01;31m[Kerror: [m[Krequest for member '[01m[Kwrite_cb[m[K' in something not a structure or union
   27 |   rmw_uxrce_transport_default_params[01;31m[K.[m[Kwrite_cb(NULL,buffer,strlen(buffer),NULL);\
      |                                     [01;31m[K^[m[K
[01m[K/home/rsl/rt-thread/bsp/rockchip/rk3568/temp/micro/mcu/src/Micro-XRCE-DDS-Client/src/c/core/session/session.c:264:9:[m[K [01;36m[Knote: [m[Kin expansion of macro '[01m[Kbrain_debug[m[K'
  264 |     {   [01;36m[Kbrain_debug[m[K(NULL);
      |         [01;36m[K^~~~~~~~~~~[m[K
[01m[K/home/rsl/rt-thread/bsp/rockchip/rk3568/temp/micro/mcu/src/Micro-XRCE-DDS-Client/src/c/core/session/session.c:27:66:[m[K [01;35m[Kwarning: [m[Kpointer targets in passing argument 1 of '[01m[Kstrlen[m[K' differ in signedness [[01;35m[K-Wpointer-sign[m[K]
   27 |   rmw_uxrce_transport_default_params.write_cb(NULL,buffer,strlen([01;35m[Kbuffer[m[K),NULL);\
      |                                                                  [01;35m[K^~~~~~[m[K
      |                                                                  [01;35m[K|[m[K
      |                                                                  [01;35m[Kuint8_t * {aka unsigned char *}[m[K
[01m[K/home/rsl/rt-thread/bsp/rockchip/rk3568/temp/micro/mcu/src/Micro-XRCE-DDS-Client/src/c/core/session/session.c:264:9:[m[K [01;36m[Knote: [m[Kin expansion of macro '[01m[Kbrain_debug[m[K'
  264 |     {   [01;36m[Kbrain_debug[m[K(NULL);
      |         [01;36m[K^~~~~~~~~~~[m[K
In file included from [01m[K/home/rsl/rt-thread/bsp/rockchip/rk3568/temp/micro/mcu/src/Micro-XRCE-DDS-Client/src/c/core/session/stream/common_reliable_stream_internal.h:28[m[K,
                 from [01m[K/home/rsl/rt-thread/bsp/rockchip/rk3568/temp/micro/mcu/src/Micro-XRCE-DDS-Client/src/c/core/session/session.c:11[m[K:
[01m[K/home/rsl/gcc-arm-10.3-2021.07-x86_64-aarch64-none-elf/aarch64-none-elf/include/string.h:41:17:[m[K [01;36m[Knote: [m[Kexpected '[01m[Kconst char *[m[K' but argument is of type '[01m[Kuint8_t *[m[K' {aka '[01m[Kunsigned char *[m[K'}
   41 | size_t  strlen ([01;36m[Kconst char *[m[K);
      |                 [01;36m[K^~~~~~~~~~~~[m[K
[01m[K/home/rsl/rt-thread/bsp/rockchip/rk3568/temp/micro/mcu/src/Micro-XRCE-DDS-Client/src/c/core/session/session.c:26:3:[m[K [01;35m[Kwarning: [m[Kincompatible implicit declaration of built-in function '[01m[Ksprintf[m[K'
   26 |   [01;35m[Ksprintf[m[K(buffer,"cfile is %s,func is %s,line is %d\n",__FILE__,__func__,__LINE__);\
      |   [01;35m[K^~~~~~~[m[K
[01m[K/home/rsl/rt-thread/bsp/rockchip/rk3568/temp/micro/mcu/src/Micro-XRCE-DDS-Client/src/c/core/session/session.c:266:9:[m[K [01;36m[Knote: [m[Kin expansion of macro '[01m[Kbrain_debug[m[K'
  266 |         [01;36m[Kbrain_debug[m[K(NULL);
      |         [01;36m[K^~~~~~~~~~~[m[K
[01m[K/home/rsl/rt-thread/bsp/rockchip/rk3568/temp/micro/mcu/src/Micro-XRCE-DDS-Client/src/c/core/session/session.c:26:3:[m[K [01;36m[Knote: [m[Kinclude '[01m[K<stdio.h>[m[K' or provide a declaration of '[01m[Ksprintf[m[K'
   26 |   [01;36m[Ksprintf[m[K(buffer,"cfile is %s,func is %s,line is %d\n",__FILE__,__func__,__LINE__);\
      |   [01;36m[K^~~~~~~[m[K
[01m[K/home/rsl/rt-thread/bsp/rockchip/rk3568/temp/micro/mcu/src/Micro-XRCE-DDS-Client/src/c/core/session/session.c:266:9:[m[K [01;36m[Knote: [m[Kin expansion of macro '[01m[Kbrain_debug[m[K'
  266 |         [01;36m[Kbrain_debug[m[K(NULL);
      |         [01;36m[K^~~~~~~~~~~[m[K
[01m[K/home/rsl/rt-thread/bsp/rockchip/rk3568/temp/micro/mcu/src/Micro-XRCE-DDS-Client/src/c/core/session/session.c:26:11:[m[K [01;35m[Kwarning: [m[Kpointer targets in passing argument 1 of '[01m[Ksprintf[m[K' differ in signedness [[01;35m[K-Wpointer-sign[m[K]
   26 |   sprintf([01;35m[Kbuffer[m[K,"cfile is %s,func is %s,line is %d\n",__FILE__,__func__,__LINE__);\
      |           [01;35m[K^~~~~~[m[K
      |           [01;35m[K|[m[K
      |           [01;35m[Kuint8_t * {aka unsigned char *}[m[K
[01m[K/home/rsl/rt-thread/bsp/rockchip/rk3568/temp/micro/mcu/src/Micro-XRCE-DDS-Client/src/c/core/session/session.c:266:9:[m[K [01;36m[Knote: [m[Kin expansion of macro '[01m[Kbrain_debug[m[K'
  266 |         [01;36m[Kbrain_debug[m[K(NULL);
      |         [01;36m[K^~~~~~~~~~~[m[K
[01m[K/home/rsl/rt-thread/bsp/rockchip/rk3568/temp/micro/mcu/src/Micro-XRCE-DDS-Client/src/c/core/session/session.c:26:11:[m[K [01;36m[Knote: [m[Kexpected '[01m[Kchar *[m[K' but argument is of type '[01m[Kuint8_t *[m[K' {aka '[01m[Kunsigned char *[m[K'}
   26 |   sprintf([01;36m[Kbuffer[m[K,"cfile is %s,func is %s,line is %d\n",__FILE__,__func__,__LINE__);\
      |           [01;36m[K^~~~~~[m[K
[01m[K/home/rsl/rt-thread/bsp/rockchip/rk3568/temp/micro/mcu/src/Micro-XRCE-DDS-Client/src/c/core/session/session.c:266:9:[m[K [01;36m[Knote: [m[Kin expansion of macro '[01m[Kbrain_debug[m[K'
  266 |         [01;36m[Kbrain_debug[m[K(NULL);
      |         [01;36m[K^~~~~~~~~~~[m[K
[01m[K/home/rsl/rt-thread/bsp/rockchip/rk3568/temp/micro/mcu/src/Micro-XRCE-DDS-Client/src/c/core/session/session.c:27:37:[m[K [01;31m[Kerror: [m[Krequest for member '[01m[Kwrite_cb[m[K' in something not a structure or union
   27 |   rmw_uxrce_transport_default_params[01;31m[K.[m[Kwrite_cb(NULL,buffer,strlen(buffer),NULL);\
      |                                     [01;31m[K^[m[K
[01m[K/home/rsl/rt-thread/bsp/rockchip/rk3568/temp/micro/mcu/src/Micro-XRCE-DDS-Client/src/c/core/session/session.c:266:9:[m[K [01;36m[Knote: [m[Kin expansion of macro '[01m[Kbrain_debug[m[K'
  266 |         [01;36m[Kbrain_debug[m[K(NULL);
      |         [01;36m[K^~~~~~~~~~~[m[K
[01m[K/home/rsl/rt-thread/bsp/rockchip/rk3568/temp/micro/mcu/src/Micro-XRCE-DDS-Client/src/c/core/session/session.c:27:66:[m[K [01;35m[Kwarning: [m[Kpointer targets in passing argument 1 of '[01m[Kstrlen[m[K' differ in signedness [[01;35m[K-Wpointer-sign[m[K]
   27 |   rmw_uxrce_transport_default_params.write_cb(NULL,buffer,strlen([01;35m[Kbuffer[m[K),NULL);\
      |                                                                  [01;35m[K^~~~~~[m[K
      |                                                                  [01;35m[K|[m[K
      |                                                                  [01;35m[Kuint8_t * {aka unsigned char *}[m[K
[01m[K/home/rsl/rt-thread/bsp/rockchip/rk3568/temp/micro/mcu/src/Micro-XRCE-DDS-Client/src/c/core/session/session.c:266:9:[m[K [01;36m[Knote: [m[Kin expansion of macro '[01m[Kbrain_debug[m[K'
  266 |         [01;36m[Kbrain_debug[m[K(NULL);
      |         [01;36m[K^~~~~~~~~~~[m[K
In file included from [01m[K/home/rsl/rt-thread/bsp/rockchip/rk3568/temp/micro/mcu/src/Micro-XRCE-DDS-Client/src/c/core/session/stream/common_reliable_stream_internal.h:28[m[K,
                 from [01m[K/home/rsl/rt-thread/bsp/rockchip/rk3568/temp/micro/mcu/src/Micro-XRCE-DDS-Client/src/c/core/session/session.c:11[m[K:
[01m[K/home/rsl/gcc-arm-10.3-2021.07-x86_64-aarch64-none-elf/aarch64-none-elf/include/string.h:41:17:[m[K [01;36m[Knote: [m[Kexpected '[01m[Kconst char *[m[K' but argument is of type '[01m[Kuint8_t *[m[K' {aka '[01m[Kunsigned char *[m[K'}
   41 | size_t  strlen ([01;36m[Kconst char *[m[K);
      |                 [01;36m[K^~~~~~~~~~~~[m[K
[01m[K/home/rsl/rt-thread/bsp/rockchip/rk3568/temp/micro/mcu/src/Micro-XRCE-DDS-Client/src/c/core/session/session.c:[m[K In function '[01m[Kuxr_create_session[m[K':
[01m[K/home/rsl/rt-thread/bsp/rockchip/rk3568/temp/micro/mcu/src/Micro-XRCE-DDS-Client/src/c/core/session/session.c:26:3:[m[K [01;35m[Kwarning: [m[Kincompatible implicit declaration of built-in function '[01m[Ksprintf[m[K'
   26 |   [01;35m[Ksprintf[m[K(buffer,"cfile is %s,func is %s,line is %d\n",__FILE__,__func__,__LINE__);\
      |   [01;35m[K^~~~~~~[m[K
[01m[K/home/rsl/rt-thread/bsp/rockchip/rk3568/temp/micro/mcu/src/Micro-XRCE-DDS-Client/src/c/core/session/session.c:275:5:[m[K [01;36m[Knote: [m[Kin expansion of macro '[01m[Kbrain_debug[m[K'
  275 |     [01;36m[Kbrain_debug[m[K(NULL);
      |     [01;36m[K^~~~~~~~~~~[m[K
[01m[K/home/rsl/rt-thread/bsp/rockchip/rk3568/temp/micro/mcu/src/Micro-XRCE-DDS-Client/src/c/core/session/session.c:26:3:[m[K [01;36m[Knote: [m[Kinclude '[01m[K<stdio.h>[m[K' or provide a declaration of '[01m[Ksprintf[m[K'
   26 |   [01;36m[Ksprintf[m[K(buffer,"cfile is %s,func is %s,line is %d\n",__FILE__,__func__,__LINE__);\
      |   [01;36m[K^~~~~~~[m[K
[01m[K/home/rsl/rt-thread/bsp/rockchip/rk3568/temp/micro/mcu/src/Micro-XRCE-DDS-Client/src/c/core/session/session.c:275:5:[m[K [01;36m[Knote: [m[Kin expansion of macro '[01m[Kbrain_debug[m[K'
  275 |     [01;36m[Kbrain_debug[m[K(NULL);
      |     [01;36m[K^~~~~~~~~~~[m[K
[01m[K/home/rsl/rt-thread/bsp/rockchip/rk3568/temp/micro/mcu/src/Micro-XRCE-DDS-Client/src/c/core/session/session.c:26:11:[m[K [01;35m[Kwarning: [m[Kpointer targets in passing argument 1 of '[01m[Ksprintf[m[K' differ in signedness [[01;35m[K-Wpointer-sign[m[K]
   26 |   sprintf([01;35m[Kbuffer[m[K,"cfile is %s,func is %s,line is %d\n",__FILE__,__func__,__LINE__);\
      |           [01;35m[K^~~~~~[m[K
      |           [01;35m[K|[m[K
      |           [01;35m[Kuint8_t * {aka unsigned char *}[m[K
[01m[K/home/rsl/rt-thread/bsp/rockchip/rk3568/temp/micro/mcu/src/Micro-XRCE-DDS-Client/src/c/core/session/session.c:275:5:[m[K [01;36m[Knote: [m[Kin expansion of macro '[01m[Kbrain_debug[m[K'
  275 |     [01;36m[Kbrain_debug[m[K(NULL);
      |     [01;36m[K^~~~~~~~~~~[m[K
[01m[K/home/rsl/rt-thread/bsp/rockchip/rk3568/temp/micro/mcu/src/Micro-XRCE-DDS-Client/src/c/core/session/session.c:26:11:[m[K [01;36m[Knote: [m[Kexpected '[01m[Kchar *[m[K' but argument is of type '[01m[Kuint8_t *[m[K' {aka '[01m[Kunsigned char *[m[K'}
   26 |   sprintf([01;36m[Kbuffer[m[K,"cfile is %s,func is %s,line is %d\n",__FILE__,__func__,__LINE__);\
      |           [01;36m[K^~~~~~[m[K
[01m[K/home/rsl/rt-thread/bsp/rockchip/rk3568/temp/micro/mcu/src/Micro-XRCE-DDS-Client/src/c/core/session/session.c:275:5:[m[K [01;36m[Knote: [m[Kin expansion of macro '[01m[Kbrain_debug[m[K'
  275 |     [01;36m[Kbrain_debug[m[K(NULL);
      |     [01;36m[K^~~~~~~~~~~[m[K
[01m[K/home/rsl/rt-thread/bsp/rockchip/rk3568/temp/micro/mcu/src/Micro-XRCE-DDS-Client/src/c/core/session/session.c:27:37:[m[K [01;31m[Kerror: [m[Krequest for member '[01m[Kwrite_cb[m[K' in something not a structure or union
   27 |   rmw_uxrce_transport_default_params[01;31m[K.[m[Kwrite_cb(NULL,buffer,strlen(buffer),NULL);\
      |                                     [01;31m[K^[m[K
[01m[K/home/rsl/rt-thread/bsp/rockchip/rk3568/temp/micro/mcu/src/Micro-XRCE-DDS-Client/src/c/core/session/session.c:275:5:[m[K [01;36m[Knote: [m[Kin expansion of macro '[01m[Kbrain_debug[m[K'
  275 |     [01;36m[Kbrain_debug[m[K(NULL);
      |     [01;36m[K^~~~~~~~~~~[m[K
[01m[K/home/rsl/rt-thread/bsp/rockchip/rk3568/temp/micro/mcu/src/Micro-XRCE-DDS-Client/src/c/core/session/session.c:27:66:[m[K [01;35m[Kwarning: [m[Kpointer targets in passing argument 1 of '[01m[Kstrlen[m[K' differ in signedness [[01;35m[K-Wpointer-sign[m[K]
   27 |   rmw_uxrce_transport_default_params.write_cb(NULL,buffer,strlen([01;35m[Kbuffer[m[K),NULL);\
      |                                                                  [01;35m[K^~~~~~[m[K
      |                                                                  [01;35m[K|[m[K
      |                                                                  [01;35m[Kuint8_t * {aka unsigned char *}[m[K
[01m[K/home/rsl/rt-thread/bsp/rockchip/rk3568/temp/micro/mcu/src/Micro-XRCE-DDS-Client/src/c/core/session/session.c:275:5:[m[K [01;36m[Knote: [m[Kin expansion of macro '[01m[Kbrain_debug[m[K'
  275 |     [01;36m[Kbrain_debug[m[K(NULL);
      |     [01;36m[K^~~~~~~~~~~[m[K
In file included from [01m[K/home/rsl/rt-thread/bsp/rockchip/rk3568/temp/micro/mcu/src/Micro-XRCE-DDS-Client/src/c/core/session/stream/common_reliable_stream_internal.h:28[m[K,
                 from [01m[K/home/rsl/rt-thread/bsp/rockchip/rk3568/temp/micro/mcu/src/Micro-XRCE-DDS-Client/src/c/core/session/session.c:11[m[K:
[01m[K/home/rsl/gcc-arm-10.3-2021.07-x86_64-aarch64-none-elf/aarch64-none-elf/include/string.h:41:17:[m[K [01;36m[Knote: [m[Kexpected '[01m[Kconst char *[m[K' but argument is of type '[01m[Kuint8_t *[m[K' {aka '[01m[Kunsigned char *[m[K'}
   41 | size_t  strlen ([01;36m[Kconst char *[m[K);
      |                 [01;36m[K^~~~~~~~~~~~[m[K
make[2]: *** [CMakeFiles/microxrcedds_client.dir/build.make:177: CMakeFiles/microxrcedds_client.dir/src/c/core/session/session.c.obj] Error 1
make[1]: *** [CMakeFiles/Makefile2:87: CMakeFiles/microxrcedds_client.dir/all] Error 2
make: *** [Makefile:136: all] Error 2
