[0.118s] Invoking command in '/home/rsl/rt-thread/bsp/rockchip/rk3568/temp/micro/mcu/build/microxrcedds_client': CMAKE_PREFIX_PATH=/home/rsl/rt-thread/bsp/rockchip/rk3568/temp/micro/mcu/install:${CMAKE_PREFIX_PATH} PATH=/home/rsl/rt-thread/bsp/rockchip/rk3568/temp/micro/mcu/install/bin:${PATH} PYTHONPATH=/home/rsl/rt-thread/bsp/rockchip/rk3568/temp/micro/mcu/install/lib/python3.8/site-packages:${PYTHONPATH} /usr/bin/cmake --build /home/rsl/rt-thread/bsp/rockchip/rk3568/temp/micro/mcu/build/microxrcedds_client -- -j24 -l24
[0.147s] [  4%] [32mBuilding C object CMakeFiles/microxrcedds_client.dir/src/c/core/session/session.c.obj[0m
[0.167s] [01m[K/home/rsl/rt-thread/bsp/rockchip/rk3568/temp/micro/mcu/src/Micro-XRCE-DDS-Client/src/c/core/session/session.c:23:8:[m[K [01;31m[Kerror: [m[Kunknown type name '[01m[Krmw_uxrce_transport_params_t[m[K'
[0.171s]    23 | extern [01;31m[Krmw_uxrce_transport_params_t[m[K rmw_uxrce_transport_default_params;
[0.171s]       |        [01;31m[K^~~~~~~~~~~~~~~~~~~~~~~~~~~~[m[K
[0.172s] [01m[K/home/rsl/rt-thread/bsp/rockchip/rk3568/temp/micro/mcu/src/Micro-XRCE-DDS-Client/src/c/core/session/session.c:[m[K In function '[01m[Kuxr_create_session_retries[m[K':
[0.172s] [01m[K/home/rsl/rt-thread/bsp/rockchip/rk3568/temp/micro/mcu/src/Micro-XRCE-DDS-Client/src/c/core/session/session.c:26:3:[m[K [01;35m[Kwarning: [m[Kimplicit declaration of function '[01m[Ksprintf[m[K' [[01;35m[K-Wimplicit-function-declaration[m[K]
[0.172s]    26 |   [01;35m[Ksprintf[m[K(buffer,"cfile is %s,func is %s,line is %d\n",__FILE__,__func__,__LINE__);\
[0.172s]       |   [01;35m[K^~~~~~~[m[K
[0.172s] [01m[K/home/rsl/rt-thread/bsp/rockchip/rk3568/temp/micro/mcu/src/Micro-XRCE-DDS-Client/src/c/core/session/session.c:244:5:[m[K [01;36m[Knote: [m[Kin expansion of macro '[01m[Kbrain_debug[m[K'
[0.173s]   244 |     [01;36m[Kbrain_debug[m[K(NULL);
[0.173s]       |     [01;36m[K^~~~~~~~~~~[m[K
[0.173s] [01m[K/home/rsl/rt-thread/bsp/rockchip/rk3568/temp/micro/mcu/src/Micro-XRCE-DDS-Client/src/c/core/session/session.c:26:3:[m[K [01;35m[Kwarning: [m[Kincompatible implicit declaration of built-in function '[01m[Ksprintf[m[K'
[0.173s]    26 |   [01;35m[Ksprintf[m[K(buffer,"cfile is %s,func is %s,line is %d\n",__FILE__,__func__,__LINE__);\
[0.173s]       |   [01;35m[K^~~~~~~[m[K
[0.174s] [01m[K/home/rsl/rt-thread/bsp/rockchip/rk3568/temp/micro/mcu/src/Micro-XRCE-DDS-Client/src/c/core/session/session.c:244:5:[m[K [01;36m[Knote: [m[Kin expansion of macro '[01m[Kbrain_debug[m[K'
[0.177s]   244 |     [01;36m[Kbrain_debug[m[K(NULL);
[0.177s]       |     [01;36m[K^~~~~~~~~~~[m[K
[0.177s] [01m[K/home/rsl/rt-thread/bsp/rockchip/rk3568/temp/micro/mcu/src/Micro-XRCE-DDS-Client/src/c/core/session/session.c:22:1:[m[K [01;36m[Knote: [m[Kinclude '[01m[K<stdio.h>[m[K' or provide a declaration of '[01m[Ksprintf[m[K'
[0.178s]    21 | #include "../../profile/shared_memory/shared_memory_internal.h"
[0.179s]   +++ |+[32m[K#include <stdio.h>[m[K
[0.180s]    22 | 
[0.181s] [01m[K/home/rsl/rt-thread/bsp/rockchip/rk3568/temp/micro/mcu/src/Micro-XRCE-DDS-Client/src/c/core/session/session.c:26:11:[m[K [01;35m[Kwarning: [m[Kpointer targets in passing argument 1 of '[01m[Ksprintf[m[K' differ in signedness [[01;35m[K-Wpointer-sign[m[K]
[0.181s]    26 |   sprintf([01;35m[Kbuffer[m[K,"cfile is %s,func is %s,line is %d\n",__FILE__,__func__,__LINE__);\
[0.181s]       |           [01;35m[K^~~~~~[m[K
[0.181s]       |           [01;35m[K|[m[K
[0.181s]       |           [01;35m[Kuint8_t * {aka unsigned char *}[m[K
[0.181s] [01m[K/home/rsl/rt-thread/bsp/rockchip/rk3568/temp/micro/mcu/src/Micro-XRCE-DDS-Client/src/c/core/session/session.c:244:5:[m[K [01;36m[Knote: [m[Kin expansion of macro '[01m[Kbrain_debug[m[K'
[0.182s]   244 |     [01;36m[Kbrain_debug[m[K(NULL);
[0.182s]       |     [01;36m[K^~~~~~~~~~~[m[K
[0.182s] [01m[K/home/rsl/rt-thread/bsp/rockchip/rk3568/temp/micro/mcu/src/Micro-XRCE-DDS-Client/src/c/core/session/session.c:26:11:[m[K [01;36m[Knote: [m[Kexpected '[01m[Kchar *[m[K' but argument is of type '[01m[Kuint8_t *[m[K' {aka '[01m[Kunsigned char *[m[K'}
[0.182s]    26 |   sprintf([01;36m[Kbuffer[m[K,"cfile is %s,func is %s,line is %d\n",__FILE__,__func__,__LINE__);\
[0.182s]       |           [01;36m[K^~~~~~[m[K
[0.182s] [01m[K/home/rsl/rt-thread/bsp/rockchip/rk3568/temp/micro/mcu/src/Micro-XRCE-DDS-Client/src/c/core/session/session.c:244:5:[m[K [01;36m[Knote: [m[Kin expansion of macro '[01m[Kbrain_debug[m[K'
[0.182s]   244 |     [01;36m[Kbrain_debug[m[K(NULL);
[0.182s]       |     [01;36m[K^~~~~~~~~~~[m[K
[0.188s] [01m[K/home/rsl/rt-thread/bsp/rockchip/rk3568/temp/micro/mcu/src/Micro-XRCE-DDS-Client/src/c/core/session/session.c:27:37:[m[K [01;31m[Kerror: [m[Krequest for member '[01m[Kwrite_cb[m[K' in something not a structure or union
[0.188s]    27 |   rmw_uxrce_transport_default_params[01;31m[K.[m[Kwrite_cb(NULL,buffer,strlen(buffer),NULL);\
[0.188s]       |                                     [01;31m[K^[m[K
[0.188s] [01m[K/home/rsl/rt-thread/bsp/rockchip/rk3568/temp/micro/mcu/src/Micro-XRCE-DDS-Client/src/c/core/session/session.c:244:5:[m[K [01;36m[Knote: [m[Kin expansion of macro '[01m[Kbrain_debug[m[K'
[0.189s]   244 |     [01;36m[Kbrain_debug[m[K(NULL);
[0.189s]       |     [01;36m[K^~~~~~~~~~~[m[K
[0.189s] [01m[K/home/rsl/rt-thread/bsp/rockchip/rk3568/temp/micro/mcu/src/Micro-XRCE-DDS-Client/src/c/core/session/session.c:27:66:[m[K [01;35m[Kwarning: [m[Kpointer targets in passing argument 1 of '[01m[Kstrlen[m[K' differ in signedness [[01;35m[K-Wpointer-sign[m[K]
[0.189s]    27 |   rmw_uxrce_transport_default_params.write_cb(NULL,buffer,strlen([01;35m[Kbuffer[m[K),NULL);\
[0.189s]       |                                                                  [01;35m[K^~~~~~[m[K
[0.189s]       |                                                                  [01;35m[K|[m[K
[0.189s]       |                                                                  [01;35m[Kuint8_t * {aka unsigned char *}[m[K
[0.189s] [01m[K/home/rsl/rt-thread/bsp/rockchip/rk3568/temp/micro/mcu/src/Micro-XRCE-DDS-Client/src/c/core/session/session.c:244:5:[m[K [01;36m[Knote: [m[Kin expansion of macro '[01m[Kbrain_debug[m[K'
[0.190s]   244 |     [01;36m[Kbrain_debug[m[K(NULL);
[0.190s]       |     [01;36m[K^~~~~~~~~~~[m[K
[0.190s] In file included from [01m[K/home/rsl/rt-thread/bsp/rockchip/rk3568/temp/micro/mcu/src/Micro-XRCE-DDS-Client/src/c/core/session/stream/common_reliable_stream_internal.h:28[m[K,
[0.190s]                  from [01m[K/home/rsl/rt-thread/bsp/rockchip/rk3568/temp/micro/mcu/src/Micro-XRCE-DDS-Client/src/c/core/session/session.c:11[m[K:
[0.190s] [01m[K/home/rsl/gcc-arm-10.3-2021.07-x86_64-aarch64-none-elf/aarch64-none-elf/include/string.h:41:17:[m[K [01;36m[Knote: [m[Kexpected '[01m[Kconst char *[m[K' but argument is of type '[01m[Kuint8_t *[m[K' {aka '[01m[Kunsigned char *[m[K'}
[0.190s]    41 | size_t  strlen ([01;36m[Kconst char *[m[K);
[0.190s]       |                 [01;36m[K^~~~~~~~~~~~[m[K
[0.190s] [01m[K/home/rsl/rt-thread/bsp/rockchip/rk3568/temp/micro/mcu/src/Micro-XRCE-DDS-Client/src/c/core/session/session.c:26:3:[m[K [01;35m[Kwarning: [m[Kincompatible implicit declaration of built-in function '[01m[Ksprintf[m[K'
[0.190s]    26 |   [01;35m[Ksprintf[m[K(buffer,"cfile is %s,func is %s,line is %d\n",__FILE__,__func__,__LINE__);\
[0.190s]       |   [01;35m[K^~~~~~~[m[K
[0.190s] [01m[K/home/rsl/rt-thread/bsp/rockchip/rk3568/temp/micro/mcu/src/Micro-XRCE-DDS-Client/src/c/core/session/session.c:246:5:[m[K [01;36m[Knote: [m[Kin expansion of macro '[01m[Kbrain_debug[m[K'
[0.191s]   246 |     [01;36m[Kbrain_debug[m[K(NULL);
[0.191s]       |     [01;36m[K^~~~~~~~~~~[m[K
[0.191s] [01m[K/home/rsl/rt-thread/bsp/rockchip/rk3568/temp/micro/mcu/src/Micro-XRCE-DDS-Client/src/c/core/session/session.c:26:3:[m[K [01;36m[Knote: [m[Kinclude '[01m[K<stdio.h>[m[K' or provide a declaration of '[01m[Ksprintf[m[K'
[0.191s]    26 |   [01;36m[Ksprintf[m[K(buffer,"cfile is %s,func is %s,line is %d\n",__FILE__,__func__,__LINE__);\
[0.191s]       |   [01;36m[K^~~~~~~[m[K
[0.191s] [01m[K/home/rsl/rt-thread/bsp/rockchip/rk3568/temp/micro/mcu/src/Micro-XRCE-DDS-Client/src/c/core/session/session.c:246:5:[m[K [01;36m[Knote: [m[Kin expansion of macro '[01m[Kbrain_debug[m[K'
[0.191s]   246 |     [01;36m[Kbrain_debug[m[K(NULL);
[0.191s]       |     [01;36m[K^~~~~~~~~~~[m[K
[0.191s] [01m[K/home/rsl/rt-thread/bsp/rockchip/rk3568/temp/micro/mcu/src/Micro-XRCE-DDS-Client/src/c/core/session/session.c:26:11:[m[K [01;35m[Kwarning: [m[Kpointer targets in passing argument 1 of '[01m[Ksprintf[m[K' differ in signedness [[01;35m[K-Wpointer-sign[m[K]
[0.191s]    26 |   sprintf([01;35m[Kbuffer[m[K,"cfile is %s,func is %s,line is %d\n",__FILE__,__func__,__LINE__);\
[0.192s]       |           [01;35m[K^~~~~~[m[K
[0.192s]       |           [01;35m[K|[m[K
[0.192s]       |           [01;35m[Kuint8_t * {aka unsigned char *}[m[K
[0.192s] [01m[K/home/rsl/rt-thread/bsp/rockchip/rk3568/temp/micro/mcu/src/Micro-XRCE-DDS-Client/src/c/core/session/session.c:246:5:[m[K [01;36m[Knote: [m[Kin expansion of macro '[01m[Kbrain_debug[m[K'
[0.192s]   246 |     [01;36m[Kbrain_debug[m[K(NULL);
[0.192s]       |     [01;36m[K^~~~~~~~~~~[m[K
[0.192s] [01m[K/home/rsl/rt-thread/bsp/rockchip/rk3568/temp/micro/mcu/src/Micro-XRCE-DDS-Client/src/c/core/session/session.c:26:11:[m[K [01;36m[Knote: [m[Kexpected '[01m[Kchar *[m[K' but argument is of type '[01m[Kuint8_t *[m[K' {aka '[01m[Kunsigned char *[m[K'}
[0.193s]    26 |   sprintf([01;36m[Kbuffer[m[K,"cfile is %s,func is %s,line is %d\n",__FILE__,__func__,__LINE__);\
[0.193s]       |           [01;36m[K^~~~~~[m[K
[0.193s] [01m[K/home/rsl/rt-thread/bsp/rockchip/rk3568/temp/micro/mcu/src/Micro-XRCE-DDS-Client/src/c/core/session/session.c:246:5:[m[K [01;36m[Knote: [m[Kin expansion of macro '[01m[Kbrain_debug[m[K'
[0.193s]   246 |     [01;36m[Kbrain_debug[m[K(NULL);
[0.193s]       |     [01;36m[K^~~~~~~~~~~[m[K
[0.194s] [01m[K/home/rsl/rt-thread/bsp/rockchip/rk3568/temp/micro/mcu/src/Micro-XRCE-DDS-Client/src/c/core/session/session.c:27:37:[m[K [01;31m[Kerror: [m[Krequest for member '[01m[Kwrite_cb[m[K' in something not a structure or union
[0.194s]    27 |   rmw_uxrce_transport_default_params[01;31m[K.[m[Kwrite_cb(NULL,buffer,strlen(buffer),NULL);\
[0.194s]       |                                     [01;31m[K^[m[K
[0.194s] [01m[K/home/rsl/rt-thread/bsp/rockchip/rk3568/temp/micro/mcu/src/Micro-XRCE-DDS-Client/src/c/core/session/session.c:246:5:[m[K [01;36m[Knote: [m[Kin expansion of macro '[01m[Kbrain_debug[m[K'
[0.194s]   246 |     [01;36m[Kbrain_debug[m[K(NULL);
[0.194s]       |     [01;36m[K^~~~~~~~~~~[m[K
[0.194s] [01m[K/home/rsl/rt-thread/bsp/rockchip/rk3568/temp/micro/mcu/src/Micro-XRCE-DDS-Client/src/c/core/session/session.c:27:66:[m[K [01;35m[Kwarning: [m[Kpointer targets in passing argument 1 of '[01m[Kstrlen[m[K' differ in signedness [[01;35m[K-Wpointer-sign[m[K]
[0.194s]    27 |   rmw_uxrce_transport_default_params.write_cb(NULL,buffer,strlen([01;35m[Kbuffer[m[K),NULL);\
[0.194s]       |                                                                  [01;35m[K^~~~~~[m[K
[0.195s]       |                                                                  [01;35m[K|[m[K
[0.195s]       |                                                                  [01;35m[Kuint8_t * {aka unsigned char *}[m[K
[0.195s] [01m[K/home/rsl/rt-thread/bsp/rockchip/rk3568/temp/micro/mcu/src/Micro-XRCE-DDS-Client/src/c/core/session/session.c:246:5:[m[K [01;36m[Knote: [m[Kin expansion of macro '[01m[Kbrain_debug[m[K'
[0.195s]   246 |     [01;36m[Kbrain_debug[m[K(NULL);
[0.195s]       |     [01;36m[K^~~~~~~~~~~[m[K
[0.195s] In file included from [01m[K/home/rsl/rt-thread/bsp/rockchip/rk3568/temp/micro/mcu/src/Micro-XRCE-DDS-Client/src/c/core/session/stream/common_reliable_stream_internal.h:28[m[K,
[0.195s]                  from [01m[K/home/rsl/rt-thread/bsp/rockchip/rk3568/temp/micro/mcu/src/Micro-XRCE-DDS-Client/src/c/core/session/session.c:11[m[K:
[0.195s] [01m[K/home/rsl/gcc-arm-10.3-2021.07-x86_64-aarch64-none-elf/aarch64-none-elf/include/string.h:41:17:[m[K [01;36m[Knote: [m[Kexpected '[01m[Kconst char *[m[K' but argument is of type '[01m[Kuint8_t *[m[K' {aka '[01m[Kunsigned char *[m[K'}
[0.195s]    41 | size_t  strlen ([01;36m[Kconst char *[m[K);
[0.195s]       |                 [01;36m[K^~~~~~~~~~~~[m[K
[0.196s] [01m[K/home/rsl/rt-thread/bsp/rockchip/rk3568/temp/micro/mcu/src/Micro-XRCE-DDS-Client/src/c/core/session/session.c:26:3:[m[K [01;35m[Kwarning: [m[Kincompatible implicit declaration of built-in function '[01m[Ksprintf[m[K'
[0.196s]    26 |   [01;35m[Ksprintf[m[K(buffer,"cfile is %s,func is %s,line is %d\n",__FILE__,__func__,__LINE__);\
[0.196s]       |   [01;35m[K^~~~~~~[m[K
[0.196s] [01m[K/home/rsl/rt-thread/bsp/rockchip/rk3568/temp/micro/mcu/src/Micro-XRCE-DDS-Client/src/c/core/session/session.c:250:5:[m[K [01;36m[Knote: [m[Kin expansion of macro '[01m[Kbrain_debug[m[K'
[0.196s]   250 |     [01;36m[Kbrain_debug[m[K(NULL);
[0.196s]       |     [01;36m[K^~~~~~~~~~~[m[K
[0.196s] [01m[K/home/rsl/rt-thread/bsp/rockchip/rk3568/temp/micro/mcu/src/Micro-XRCE-DDS-Client/src/c/core/session/session.c:26:3:[m[K [01;36m[Knote: [m[Kinclude '[01m[K<stdio.h>[m[K' or provide a declaration of '[01m[Ksprintf[m[K'
[0.196s]    26 |   [01;36m[Ksprintf[m[K(buffer,"cfile is %s,func is %s,line is %d\n",__FILE__,__func__,__LINE__);\
[0.196s]       |   [01;36m[K^~~~~~~[m[K
[0.197s] [01m[K/home/rsl/rt-thread/bsp/rockchip/rk3568/temp/micro/mcu/src/Micro-XRCE-DDS-Client/src/c/core/session/session.c:250:5:[m[K [01;36m[Knote: [m[Kin expansion of macro '[01m[Kbrain_debug[m[K'
[0.197s]   250 |     [01;36m[Kbrain_debug[m[K(NULL);
[0.197s]       |     [01;36m[K^~~~~~~~~~~[m[K
[0.197s] [01m[K/home/rsl/rt-thread/bsp/rockchip/rk3568/temp/micro/mcu/src/Micro-XRCE-DDS-Client/src/c/core/session/session.c:26:11:[m[K [01;35m[Kwarning: [m[Kpointer targets in passing argument 1 of '[01m[Ksprintf[m[K' differ in signedness [[01;35m[K-Wpointer-sign[m[K]
[0.197s]    26 |   sprintf([01;35m[Kbuffer[m[K,"cfile is %s,func is %s,line is %d\n",__FILE__,__func__,__LINE__);\
[0.197s]       |           [01;35m[K^~~~~~[m[K
[0.197s]       |           [01;35m[K|[m[K
[0.197s]       |           [01;35m[Kuint8_t * {aka unsigned char *}[m[K
[0.197s] [01m[K/home/rsl/rt-thread/bsp/rockchip/rk3568/temp/micro/mcu/src/Micro-XRCE-DDS-Client/src/c/core/session/session.c:250:5:[m[K [01;36m[Knote: [m[Kin expansion of macro '[01m[Kbrain_debug[m[K'
[0.198s]   250 |     [01;36m[Kbrain_debug[m[K(NULL);
[0.198s]       |     [01;36m[K^~~~~~~~~~~[m[K
[0.198s] [01m[K/home/rsl/rt-thread/bsp/rockchip/rk3568/temp/micro/mcu/src/Micro-XRCE-DDS-Client/src/c/core/session/session.c:26:11:[m[K [01;36m[Knote: [m[Kexpected '[01m[Kchar *[m[K' but argument is of type '[01m[Kuint8_t *[m[K' {aka '[01m[Kunsigned char *[m[K'}
[0.198s]    26 |   sprintf([01;36m[Kbuffer[m[K,"cfile is %s,func is %s,line is %d\n",__FILE__,__func__,__LINE__);\
[0.198s]       |           [01;36m[K^~~~~~[m[K
[0.198s] [01m[K/home/rsl/rt-thread/bsp/rockchip/rk3568/temp/micro/mcu/src/Micro-XRCE-DDS-Client/src/c/core/session/session.c:250:5:[m[K [01;36m[Knote: [m[Kin expansion of macro '[01m[Kbrain_debug[m[K'
[0.198s]   250 |     [01;36m[Kbrain_debug[m[K(NULL);
[0.198s]       |     [01;36m[K^~~~~~~~~~~[m[K
[0.198s] [01m[K/home/rsl/rt-thread/bsp/rockchip/rk3568/temp/micro/mcu/src/Micro-XRCE-DDS-Client/src/c/core/session/session.c:27:37:[m[K [01;31m[Kerror: [m[Krequest for member '[01m[Kwrite_cb[m[K' in something not a structure or union
[0.199s]    27 |   rmw_uxrce_transport_default_params[01;31m[K.[m[Kwrite_cb(NULL,buffer,strlen(buffer),NULL);\
[0.199s]       |                                     [01;31m[K^[m[K
[0.199s] [01m[K/home/rsl/rt-thread/bsp/rockchip/rk3568/temp/micro/mcu/src/Micro-XRCE-DDS-Client/src/c/core/session/session.c:250:5:[m[K [01;36m[Knote: [m[Kin expansion of macro '[01m[Kbrain_debug[m[K'
[0.199s]   250 |     [01;36m[Kbrain_debug[m[K(NULL);
[0.199s]       |     [01;36m[K^~~~~~~~~~~[m[K
[0.199s] [01m[K/home/rsl/rt-thread/bsp/rockchip/rk3568/temp/micro/mcu/src/Micro-XRCE-DDS-Client/src/c/core/session/session.c:27:66:[m[K [01;35m[Kwarning: [m[Kpointer targets in passing argument 1 of '[01m[Kstrlen[m[K' differ in signedness [[01;35m[K-Wpointer-sign[m[K]
[0.199s]    27 |   rmw_uxrce_transport_default_params.write_cb(NULL,buffer,strlen([01;35m[Kbuffer[m[K),NULL);\
[0.199s]       |                                                                  [01;35m[K^~~~~~[m[K
[0.200s]       |                                                                  [01;35m[K|[m[K
[0.200s]       |                                                                  [01;35m[Kuint8_t * {aka unsigned char *}[m[K
[0.200s] [01m[K/home/rsl/rt-thread/bsp/rockchip/rk3568/temp/micro/mcu/src/Micro-XRCE-DDS-Client/src/c/core/session/session.c:250:5:[m[K [01;36m[Knote: [m[Kin expansion of macro '[01m[Kbrain_debug[m[K'
[0.200s]   250 |     [01;36m[Kbrain_debug[m[K(NULL);
[0.200s]       |     [01;36m[K^~~~~~~~~~~[m[K
[0.200s] In file included from [01m[K/home/rsl/rt-thread/bsp/rockchip/rk3568/temp/micro/mcu/src/Micro-XRCE-DDS-Client/src/c/core/session/stream/common_reliable_stream_internal.h:28[m[K,
[0.200s]                  from [01m[K/home/rsl/rt-thread/bsp/rockchip/rk3568/temp/micro/mcu/src/Micro-XRCE-DDS-Client/src/c/core/session/session.c:11[m[K:
[0.200s] [01m[K/home/rsl/gcc-arm-10.3-2021.07-x86_64-aarch64-none-elf/aarch64-none-elf/include/string.h:41:17:[m[K [01;36m[Knote: [m[Kexpected '[01m[Kconst char *[m[K' but argument is of type '[01m[Kuint8_t *[m[K' {aka '[01m[Kunsigned char *[m[K'}
[0.201s]    41 | size_t  strlen ([01;36m[Kconst char *[m[K);
[0.201s]       |                 [01;36m[K^~~~~~~~~~~~[m[K
[0.201s] [01m[K/home/rsl/rt-thread/bsp/rockchip/rk3568/temp/micro/mcu/src/Micro-XRCE-DDS-Client/src/c/core/session/session.c:26:3:[m[K [01;35m[Kwarning: [m[Kincompatible implicit declaration of built-in function '[01m[Ksprintf[m[K'
[0.201s]    26 |   [01;35m[Ksprintf[m[K(buffer,"cfile is %s,func is %s,line is %d\n",__FILE__,__func__,__LINE__);\
[0.201s]       |   [01;35m[K^~~~~~~[m[K
[0.201s] [01m[K/home/rsl/rt-thread/bsp/rockchip/rk3568/temp/micro/mcu/src/Micro-XRCE-DDS-Client/src/c/core/session/session.c:253:5:[m[K [01;36m[Knote: [m[Kin expansion of macro '[01m[Kbrain_debug[m[K'
[0.201s]   253 |     [01;36m[Kbrain_debug[m[K(NULL);
[0.201s]       |     [01;36m[K^~~~~~~~~~~[m[K
[0.201s] [01m[K/home/rsl/rt-thread/bsp/rockchip/rk3568/temp/micro/mcu/src/Micro-XRCE-DDS-Client/src/c/core/session/session.c:26:3:[m[K [01;36m[Knote: [m[Kinclude '[01m[K<stdio.h>[m[K' or provide a declaration of '[01m[Ksprintf[m[K'
[0.202s]    26 |   [01;36m[Ksprintf[m[K(buffer,"cfile is %s,func is %s,line is %d\n",__FILE__,__func__,__LINE__);\
[0.202s]       |   [01;36m[K^~~~~~~[m[K
[0.202s] [01m[K/home/rsl/rt-thread/bsp/rockchip/rk3568/temp/micro/mcu/src/Micro-XRCE-DDS-Client/src/c/core/session/session.c:253:5:[m[K [01;36m[Knote: [m[Kin expansion of macro '[01m[Kbrain_debug[m[K'
[0.202s]   253 |     [01;36m[Kbrain_debug[m[K(NULL);
[0.202s]       |     [01;36m[K^~~~~~~~~~~[m[K
[0.202s] [01m[K/home/rsl/rt-thread/bsp/rockchip/rk3568/temp/micro/mcu/src/Micro-XRCE-DDS-Client/src/c/core/session/session.c:26:11:[m[K [01;35m[Kwarning: [m[Kpointer targets in passing argument 1 of '[01m[Ksprintf[m[K' differ in signedness [[01;35m[K-Wpointer-sign[m[K]
[0.202s]    26 |   sprintf([01;35m[Kbuffer[m[K,"cfile is %s,func is %s,line is %d\n",__FILE__,__func__,__LINE__);\
[0.202s]       |           [01;35m[K^~~~~~[m[K
[0.203s]       |           [01;35m[K|[m[K
[0.203s]       |           [01;35m[Kuint8_t * {aka unsigned char *}[m[K
[0.203s] [01m[K/home/rsl/rt-thread/bsp/rockchip/rk3568/temp/micro/mcu/src/Micro-XRCE-DDS-Client/src/c/core/session/session.c:253:5:[m[K [01;36m[Knote: [m[Kin expansion of macro '[01m[Kbrain_debug[m[K'
[0.203s]   253 |     [01;36m[Kbrain_debug[m[K(NULL);
[0.203s]       |     [01;36m[K^~~~~~~~~~~[m[K
[0.203s] [01m[K/home/rsl/rt-thread/bsp/rockchip/rk3568/temp/micro/mcu/src/Micro-XRCE-DDS-Client/src/c/core/session/session.c:26:11:[m[K [01;36m[Knote: [m[Kexpected '[01m[Kchar *[m[K' but argument is of type '[01m[Kuint8_t *[m[K' {aka '[01m[Kunsigned char *[m[K'}
[0.203s]    26 |   sprintf([01;36m[Kbuffer[m[K,"cfile is %s,func is %s,line is %d\n",__FILE__,__func__,__LINE__);\
[0.203s]       |           [01;36m[K^~~~~~[m[K
[0.203s] [01m[K/home/rsl/rt-thread/bsp/rockchip/rk3568/temp/micro/mcu/src/Micro-XRCE-DDS-Client/src/c/core/session/session.c:253:5:[m[K [01;36m[Knote: [m[Kin expansion of macro '[01m[Kbrain_debug[m[K'
[0.204s]   253 |     [01;36m[Kbrain_debug[m[K(NULL);
[0.204s]       |     [01;36m[K^~~~~~~~~~~[m[K
[0.204s] [01m[K/home/rsl/rt-thread/bsp/rockchip/rk3568/temp/micro/mcu/src/Micro-XRCE-DDS-Client/src/c/core/session/session.c:27:37:[m[K [01;31m[Kerror: [m[Krequest for member '[01m[Kwrite_cb[m[K' in something not a structure or union
[0.204s]    27 |   rmw_uxrce_transport_default_params[01;31m[K.[m[Kwrite_cb(NULL,buffer,strlen(buffer),NULL);\
[0.204s]       |                                     [01;31m[K^[m[K
[0.204s] [01m[K/home/rsl/rt-thread/bsp/rockchip/rk3568/temp/micro/mcu/src/Micro-XRCE-DDS-Client/src/c/core/session/session.c:253:5:[m[K [01;36m[Knote: [m[Kin expansion of macro '[01m[Kbrain_debug[m[K'
[0.204s]   253 |     [01;36m[Kbrain_debug[m[K(NULL);
[0.205s]       |     [01;36m[K^~~~~~~~~~~[m[K
[0.205s] [01m[K/home/rsl/rt-thread/bsp/rockchip/rk3568/temp/micro/mcu/src/Micro-XRCE-DDS-Client/src/c/core/session/session.c:27:66:[m[K [01;35m[Kwarning: [m[Kpointer targets in passing argument 1 of '[01m[Kstrlen[m[K' differ in signedness [[01;35m[K-Wpointer-sign[m[K]
[0.205s]    27 |   rmw_uxrce_transport_default_params.write_cb(NULL,buffer,strlen([01;35m[Kbuffer[m[K),NULL);\
[0.205s]       |                                                                  [01;35m[K^~~~~~[m[K
[0.205s]       |                                                                  [01;35m[K|[m[K
[0.205s]       |                                                                  [01;35m[Kuint8_t * {aka unsigned char *}[m[K
[0.205s] [01m[K/home/rsl/rt-thread/bsp/rockchip/rk3568/temp/micro/mcu/src/Micro-XRCE-DDS-Client/src/c/core/session/session.c:253:5:[m[K [01;36m[Knote: [m[Kin expansion of macro '[01m[Kbrain_debug[m[K'
[0.205s]   253 |     [01;36m[Kbrain_debug[m[K(NULL);
[0.206s]       |     [01;36m[K^~~~~~~~~~~[m[K
[0.206s] In file included from [01m[K/home/rsl/rt-thread/bsp/rockchip/rk3568/temp/micro/mcu/src/Micro-XRCE-DDS-Client/src/c/core/session/stream/common_reliable_stream_internal.h:28[m[K,
[0.206s]                  from [01m[K/home/rsl/rt-thread/bsp/rockchip/rk3568/temp/micro/mcu/src/Micro-XRCE-DDS-Client/src/c/core/session/session.c:11[m[K:
[0.206s] [01m[K/home/rsl/gcc-arm-10.3-2021.07-x86_64-aarch64-none-elf/aarch64-none-elf/include/string.h:41:17:[m[K [01;36m[Knote: [m[Kexpected '[01m[Kconst char *[m[K' but argument is of type '[01m[Kuint8_t *[m[K' {aka '[01m[Kunsigned char *[m[K'}
[0.206s]    41 | size_t  strlen ([01;36m[Kconst char *[m[K);
[0.206s]       |                 [01;36m[K^~~~~~~~~~~~[m[K
[0.206s] [01m[K/home/rsl/rt-thread/bsp/rockchip/rk3568/temp/micro/mcu/src/Micro-XRCE-DDS-Client/src/c/core/session/session.c:26:3:[m[K [01;35m[Kwarning: [m[Kincompatible implicit declaration of built-in function '[01m[Ksprintf[m[K'
[0.207s]    26 |   [01;35m[Ksprintf[m[K(buffer,"cfile is %s,func is %s,line is %d\n",__FILE__,__func__,__LINE__);\
[0.207s]       |   [01;35m[K^~~~~~~[m[K
[0.207s] [01m[K/home/rsl/rt-thread/bsp/rockchip/rk3568/temp/micro/mcu/src/Micro-XRCE-DDS-Client/src/c/core/session/session.c:255:5:[m[K [01;36m[Knote: [m[Kin expansion of macro '[01m[Kbrain_debug[m[K'
[0.207s]   255 |     [01;36m[Kbrain_debug[m[K(NULL);
[0.207s]       |     [01;36m[K^~~~~~~~~~~[m[K
[0.207s] [01m[K/home/rsl/rt-thread/bsp/rockchip/rk3568/temp/micro/mcu/src/Micro-XRCE-DDS-Client/src/c/core/session/session.c:26:3:[m[K [01;36m[Knote: [m[Kinclude '[01m[K<stdio.h>[m[K' or provide a declaration of '[01m[Ksprintf[m[K'
[0.207s]    26 |   [01;36m[Ksprintf[m[K(buffer,"cfile is %s,func is %s,line is %d\n",__FILE__,__func__,__LINE__);\
[0.207s]       |   [01;36m[K^~~~~~~[m[K
[0.207s] [01m[K/home/rsl/rt-thread/bsp/rockchip/rk3568/temp/micro/mcu/src/Micro-XRCE-DDS-Client/src/c/core/session/session.c:255:5:[m[K [01;36m[Knote: [m[Kin expansion of macro '[01m[Kbrain_debug[m[K'
[0.208s]   255 |     [01;36m[Kbrain_debug[m[K(NULL);
[0.208s]       |     [01;36m[K^~~~~~~~~~~[m[K
[0.208s] [01m[K/home/rsl/rt-thread/bsp/rockchip/rk3568/temp/micro/mcu/src/Micro-XRCE-DDS-Client/src/c/core/session/session.c:26:11:[m[K [01;35m[Kwarning: [m[Kpointer targets in passing argument 1 of '[01m[Ksprintf[m[K' differ in signedness [[01;35m[K-Wpointer-sign[m[K]
[0.208s]    26 |   sprintf([01;35m[Kbuffer[m[K,"cfile is %s,func is %s,line is %d\n",__FILE__,__func__,__LINE__);\
[0.208s]       |           [01;35m[K^~~~~~[m[K
[0.208s]       |           [01;35m[K|[m[K
[0.208s]       |           [01;35m[Kuint8_t * {aka unsigned char *}[m[K
[0.208s] [01m[K/home/rsl/rt-thread/bsp/rockchip/rk3568/temp/micro/mcu/src/Micro-XRCE-DDS-Client/src/c/core/session/session.c:255:5:[m[K [01;36m[Knote: [m[Kin expansion of macro '[01m[Kbrain_debug[m[K'
[0.208s]   255 |     [01;36m[Kbrain_debug[m[K(NULL);
[0.209s]       |     [01;36m[K^~~~~~~~~~~[m[K
[0.209s] [01m[K/home/rsl/rt-thread/bsp/rockchip/rk3568/temp/micro/mcu/src/Micro-XRCE-DDS-Client/src/c/core/session/session.c:26:11:[m[K [01;36m[Knote: [m[Kexpected '[01m[Kchar *[m[K' but argument is of type '[01m[Kuint8_t *[m[K' {aka '[01m[Kunsigned char *[m[K'}
[0.209s]    26 |   sprintf([01;36m[Kbuffer[m[K,"cfile is %s,func is %s,line is %d\n",__FILE__,__func__,__LINE__);\
[0.209s]       |           [01;36m[K^~~~~~[m[K
[0.209s] [01m[K/home/rsl/rt-thread/bsp/rockchip/rk3568/temp/micro/mcu/src/Micro-XRCE-DDS-Client/src/c/core/session/session.c:255:5:[m[K [01;36m[Knote: [m[Kin expansion of macro '[01m[Kbrain_debug[m[K'
[0.209s]   255 |     [01;36m[Kbrain_debug[m[K(NULL);
[0.209s]       |     [01;36m[K^~~~~~~~~~~[m[K
[0.210s] [01m[K/home/rsl/rt-thread/bsp/rockchip/rk3568/temp/micro/mcu/src/Micro-XRCE-DDS-Client/src/c/core/session/session.c:27:37:[m[K [01;31m[Kerror: [m[Krequest for member '[01m[Kwrite_cb[m[K' in something not a structure or union
[0.210s]    27 |   rmw_uxrce_transport_default_params[01;31m[K.[m[Kwrite_cb(NULL,buffer,strlen(buffer),NULL);\
[0.210s]       |                                     [01;31m[K^[m[K
[0.210s] [01m[K/home/rsl/rt-thread/bsp/rockchip/rk3568/temp/micro/mcu/src/Micro-XRCE-DDS-Client/src/c/core/session/session.c:255:5:[m[K [01;36m[Knote: [m[Kin expansion of macro '[01m[Kbrain_debug[m[K'
[0.210s]   255 |     [01;36m[Kbrain_debug[m[K(NULL);
[0.210s]       |     [01;36m[K^~~~~~~~~~~[m[K
[0.210s] [01m[K/home/rsl/rt-thread/bsp/rockchip/rk3568/temp/micro/mcu/src/Micro-XRCE-DDS-Client/src/c/core/session/session.c:27:66:[m[K [01;35m[Kwarning: [m[Kpointer targets in passing argument 1 of '[01m[Kstrlen[m[K' differ in signedness [[01;35m[K-Wpointer-sign[m[K]
[0.211s]    27 |   rmw_uxrce_transport_default_params.write_cb(NULL,buffer,strlen([01;35m[Kbuffer[m[K),NULL);\
[0.211s]       |                                                                  [01;35m[K^~~~~~[m[K
[0.211s]       |                                                                  [01;35m[K|[m[K
[0.211s]       |                                                                  [01;35m[Kuint8_t * {aka unsigned char *}[m[K
[0.211s] [01m[K/home/rsl/rt-thread/bsp/rockchip/rk3568/temp/micro/mcu/src/Micro-XRCE-DDS-Client/src/c/core/session/session.c:255:5:[m[K [01;36m[Knote: [m[Kin expansion of macro '[01m[Kbrain_debug[m[K'
[0.211s]   255 |     [01;36m[Kbrain_debug[m[K(NULL);
[0.211s]       |     [01;36m[K^~~~~~~~~~~[m[K
[0.211s] In file included from [01m[K/home/rsl/rt-thread/bsp/rockchip/rk3568/temp/micro/mcu/src/Micro-XRCE-DDS-Client/src/c/core/session/stream/common_reliable_stream_internal.h:28[m[K,
[0.212s]                  from [01m[K/home/rsl/rt-thread/bsp/rockchip/rk3568/temp/micro/mcu/src/Micro-XRCE-DDS-Client/src/c/core/session/session.c:11[m[K:
[0.212s] [01m[K/home/rsl/gcc-arm-10.3-2021.07-x86_64-aarch64-none-elf/aarch64-none-elf/include/string.h:41:17:[m[K [01;36m[Knote: [m[Kexpected '[01m[Kconst char *[m[K' but argument is of type '[01m[Kuint8_t *[m[K' {aka '[01m[Kunsigned char *[m[K'}
[0.212s]    41 | size_t  strlen ([01;36m[Kconst char *[m[K);
[0.212s]       |                 [01;36m[K^~~~~~~~~~~~[m[K
[0.212s] [01m[K/home/rsl/rt-thread/bsp/rockchip/rk3568/temp/micro/mcu/src/Micro-XRCE-DDS-Client/src/c/core/session/session.c:26:3:[m[K [01;35m[Kwarning: [m[Kincompatible implicit declaration of built-in function '[01m[Ksprintf[m[K'
[0.212s]    26 |   [01;35m[Ksprintf[m[K(buffer,"cfile is %s,func is %s,line is %d\n",__FILE__,__func__,__LINE__);\
[0.212s]       |   [01;35m[K^~~~~~~[m[K
[0.212s] [01m[K/home/rsl/rt-thread/bsp/rockchip/rk3568/temp/micro/mcu/src/Micro-XRCE-DDS-Client/src/c/core/session/session.c:258:5:[m[K [01;36m[Knote: [m[Kin expansion of macro '[01m[Kbrain_debug[m[K'
[0.212s]   258 |     [01;36m[Kbrain_debug[m[K(NULL);
[0.213s]       |     [01;36m[K^~~~~~~~~~~[m[K
[0.213s] [01m[K/home/rsl/rt-thread/bsp/rockchip/rk3568/temp/micro/mcu/src/Micro-XRCE-DDS-Client/src/c/core/session/session.c:26:3:[m[K [01;36m[Knote: [m[Kinclude '[01m[K<stdio.h>[m[K' or provide a declaration of '[01m[Ksprintf[m[K'
[0.213s]    26 |   [01;36m[Ksprintf[m[K(buffer,"cfile is %s,func is %s,line is %d\n",__FILE__,__func__,__LINE__);\
[0.213s]       |   [01;36m[K^~~~~~~[m[K
[0.213s] [01m[K/home/rsl/rt-thread/bsp/rockchip/rk3568/temp/micro/mcu/src/Micro-XRCE-DDS-Client/src/c/core/session/session.c:258:5:[m[K [01;36m[Knote: [m[Kin expansion of macro '[01m[Kbrain_debug[m[K'
[0.213s]   258 |     [01;36m[Kbrain_debug[m[K(NULL);
[0.213s]       |     [01;36m[K^~~~~~~~~~~[m[K
[0.214s] [01m[K/home/rsl/rt-thread/bsp/rockchip/rk3568/temp/micro/mcu/src/Micro-XRCE-DDS-Client/src/c/core/session/session.c:26:11:[m[K [01;35m[Kwarning: [m[Kpointer targets in passing argument 1 of '[01m[Ksprintf[m[K' differ in signedness [[01;35m[K-Wpointer-sign[m[K]
[0.214s]    26 |   sprintf([01;35m[Kbuffer[m[K,"cfile is %s,func is %s,line is %d\n",__FILE__,__func__,__LINE__);\
[0.214s]       |           [01;35m[K^~~~~~[m[K
[0.214s]       |           [01;35m[K|[m[K
[0.214s]       |           [01;35m[Kuint8_t * {aka unsigned char *}[m[K
[0.214s] [01m[K/home/rsl/rt-thread/bsp/rockchip/rk3568/temp/micro/mcu/src/Micro-XRCE-DDS-Client/src/c/core/session/session.c:258:5:[m[K [01;36m[Knote: [m[Kin expansion of macro '[01m[Kbrain_debug[m[K'
[0.214s]   258 |     [01;36m[Kbrain_debug[m[K(NULL);
[0.214s]       |     [01;36m[K^~~~~~~~~~~[m[K
[0.214s] [01m[K/home/rsl/rt-thread/bsp/rockchip/rk3568/temp/micro/mcu/src/Micro-XRCE-DDS-Client/src/c/core/session/session.c:26:11:[m[K [01;36m[Knote: [m[Kexpected '[01m[Kchar *[m[K' but argument is of type '[01m[Kuint8_t *[m[K' {aka '[01m[Kunsigned char *[m[K'}
[0.215s]    26 |   sprintf([01;36m[Kbuffer[m[K,"cfile is %s,func is %s,line is %d\n",__FILE__,__func__,__LINE__);\
[0.215s]       |           [01;36m[K^~~~~~[m[K
[0.215s] [01m[K/home/rsl/rt-thread/bsp/rockchip/rk3568/temp/micro/mcu/src/Micro-XRCE-DDS-Client/src/c/core/session/session.c:258:5:[m[K [01;36m[Knote: [m[Kin expansion of macro '[01m[Kbrain_debug[m[K'
[0.215s]   258 |     [01;36m[Kbrain_debug[m[K(NULL);
[0.215s]       |     [01;36m[K^~~~~~~~~~~[m[K
[0.215s] [01m[K/home/rsl/rt-thread/bsp/rockchip/rk3568/temp/micro/mcu/src/Micro-XRCE-DDS-Client/src/c/core/session/session.c:27:37:[m[K [01;31m[Kerror: [m[Krequest for member '[01m[Kwrite_cb[m[K' in something not a structure or union
[0.215s]    27 |   rmw_uxrce_transport_default_params[01;31m[K.[m[Kwrite_cb(NULL,buffer,strlen(buffer),NULL);\
[0.215s]       |                                     [01;31m[K^[m[K
[0.215s] [01m[K/home/rsl/rt-thread/bsp/rockchip/rk3568/temp/micro/mcu/src/Micro-XRCE-DDS-Client/src/c/core/session/session.c:258:5:[m[K [01;36m[Knote: [m[Kin expansion of macro '[01m[Kbrain_debug[m[K'
[0.215s]   258 |     [01;36m[Kbrain_debug[m[K(NULL);
[0.216s]       |     [01;36m[K^~~~~~~~~~~[m[K
[0.216s] [01m[K/home/rsl/rt-thread/bsp/rockchip/rk3568/temp/micro/mcu/src/Micro-XRCE-DDS-Client/src/c/core/session/session.c:27:66:[m[K [01;35m[Kwarning: [m[Kpointer targets in passing argument 1 of '[01m[Kstrlen[m[K' differ in signedness [[01;35m[K-Wpointer-sign[m[K]
[0.216s]    27 |   rmw_uxrce_transport_default_params.write_cb(NULL,buffer,strlen([01;35m[Kbuffer[m[K),NULL);\
[0.216s]       |                                                                  [01;35m[K^~~~~~[m[K
[0.216s]       |                                                                  [01;35m[K|[m[K
[0.216s]       |                                                                  [01;35m[Kuint8_t * {aka unsigned char *}[m[K
[0.216s] [01m[K/home/rsl/rt-thread/bsp/rockchip/rk3568/temp/micro/mcu/src/Micro-XRCE-DDS-Client/src/c/core/session/session.c:258:5:[m[K [01;36m[Knote: [m[Kin expansion of macro '[01m[Kbrain_debug[m[K'
[0.217s]   258 |     [01;36m[Kbrain_debug[m[K(NULL);
[0.217s]       |     [01;36m[K^~~~~~~~~~~[m[K
[0.217s] In file included from [01m[K/home/rsl/rt-thread/bsp/rockchip/rk3568/temp/micro/mcu/src/Micro-XRCE-DDS-Client/src/c/core/session/stream/common_reliable_stream_internal.h:28[m[K,
[0.217s]                  from [01m[K/home/rsl/rt-thread/bsp/rockchip/rk3568/temp/micro/mcu/src/Micro-XRCE-DDS-Client/src/c/core/session/session.c:11[m[K:
[0.217s] [01m[K/home/rsl/gcc-arm-10.3-2021.07-x86_64-aarch64-none-elf/aarch64-none-elf/include/string.h:41:17:[m[K [01;36m[Knote: [m[Kexpected '[01m[Kconst char *[m[K' but argument is of type '[01m[Kuint8_t *[m[K' {aka '[01m[Kunsigned char *[m[K'}
[0.217s]    41 | size_t  strlen ([01;36m[Kconst char *[m[K);
[0.217s]       |                 [01;36m[K^~~~~~~~~~~~[m[K
[0.217s] [01m[K/home/rsl/rt-thread/bsp/rockchip/rk3568/temp/micro/mcu/src/Micro-XRCE-DDS-Client/src/c/core/session/session.c:26:3:[m[K [01;35m[Kwarning: [m[Kincompatible implicit declaration of built-in function '[01m[Ksprintf[m[K'
[0.218s]    26 |   [01;35m[Ksprintf[m[K(buffer,"cfile is %s,func is %s,line is %d\n",__FILE__,__func__,__LINE__);\
[0.218s]       |   [01;35m[K^~~~~~~[m[K
[0.218s] [01m[K/home/rsl/rt-thread/bsp/rockchip/rk3568/temp/micro/mcu/src/Micro-XRCE-DDS-Client/src/c/core/session/session.c:260:5:[m[K [01;36m[Knote: [m[Kin expansion of macro '[01m[Kbrain_debug[m[K'
[0.218s]   260 |     [01;36m[Kbrain_debug[m[K(NULL);
[0.218s]       |     [01;36m[K^~~~~~~~~~~[m[K
[0.218s] [01m[K/home/rsl/rt-thread/bsp/rockchip/rk3568/temp/micro/mcu/src/Micro-XRCE-DDS-Client/src/c/core/session/session.c:26:3:[m[K [01;36m[Knote: [m[Kinclude '[01m[K<stdio.h>[m[K' or provide a declaration of '[01m[Ksprintf[m[K'
[0.218s]    26 |   [01;36m[Ksprintf[m[K(buffer,"cfile is %s,func is %s,line is %d\n",__FILE__,__func__,__LINE__);\
[0.219s]       |   [01;36m[K^~~~~~~[m[K
[0.219s] [01m[K/home/rsl/rt-thread/bsp/rockchip/rk3568/temp/micro/mcu/src/Micro-XRCE-DDS-Client/src/c/core/session/session.c:260:5:[m[K [01;36m[Knote: [m[Kin expansion of macro '[01m[Kbrain_debug[m[K'
[0.219s]   260 |     [01;36m[Kbrain_debug[m[K(NULL);
[0.219s]       |     [01;36m[K^~~~~~~~~~~[m[K
[0.219s] [01m[K/home/rsl/rt-thread/bsp/rockchip/rk3568/temp/micro/mcu/src/Micro-XRCE-DDS-Client/src/c/core/session/session.c:26:11:[m[K [01;35m[Kwarning: [m[Kpointer targets in passing argument 1 of '[01m[Ksprintf[m[K' differ in signedness [[01;35m[K-Wpointer-sign[m[K]
[0.219s]    26 |   sprintf([01;35m[Kbuffer[m[K,"cfile is %s,func is %s,line is %d\n",__FILE__,__func__,__LINE__);\
[0.219s]       |           [01;35m[K^~~~~~[m[K
[0.219s]       |           [01;35m[K|[m[K
[0.220s]       |           [01;35m[Kuint8_t * {aka unsigned char *}[m[K
[0.220s] [01m[K/home/rsl/rt-thread/bsp/rockchip/rk3568/temp/micro/mcu/src/Micro-XRCE-DDS-Client/src/c/core/session/session.c:260:5:[m[K [01;36m[Knote: [m[Kin expansion of macro '[01m[Kbrain_debug[m[K'
[0.220s]   260 |     [01;36m[Kbrain_debug[m[K(NULL);
[0.220s]       |     [01;36m[K^~~~~~~~~~~[m[K
[0.220s] [01m[K/home/rsl/rt-thread/bsp/rockchip/rk3568/temp/micro/mcu/src/Micro-XRCE-DDS-Client/src/c/core/session/session.c:26:11:[m[K [01;36m[Knote: [m[Kexpected '[01m[Kchar *[m[K' but argument is of type '[01m[Kuint8_t *[m[K' {aka '[01m[Kunsigned char *[m[K'}
[0.220s]    26 |   sprintf([01;36m[Kbuffer[m[K,"cfile is %s,func is %s,line is %d\n",__FILE__,__func__,__LINE__);\
[0.220s]       |           [01;36m[K^~~~~~[m[K
[0.220s] [01m[K/home/rsl/rt-thread/bsp/rockchip/rk3568/temp/micro/mcu/src/Micro-XRCE-DDS-Client/src/c/core/session/session.c:260:5:[m[K [01;36m[Knote: [m[Kin expansion of macro '[01m[Kbrain_debug[m[K'
[0.220s]   260 |     [01;36m[Kbrain_debug[m[K(NULL);
[0.220s]       |     [01;36m[K^~~~~~~~~~~[m[K
[0.221s] [01m[K/home/rsl/rt-thread/bsp/rockchip/rk3568/temp/micro/mcu/src/Micro-XRCE-DDS-Client/src/c/core/session/session.c:27:37:[m[K [01;31m[Kerror: [m[Krequest for member '[01m[Kwrite_cb[m[K' in something not a structure or union
[0.221s]    27 |   rmw_uxrce_transport_default_params[01;31m[K.[m[Kwrite_cb(NULL,buffer,strlen(buffer),NULL);\
[0.221s]       |                                     [01;31m[K^[m[K
[0.221s] [01m[K/home/rsl/rt-thread/bsp/rockchip/rk3568/temp/micro/mcu/src/Micro-XRCE-DDS-Client/src/c/core/session/session.c:260:5:[m[K [01;36m[Knote: [m[Kin expansion of macro '[01m[Kbrain_debug[m[K'
[0.221s]   260 |     [01;36m[Kbrain_debug[m[K(NULL);
[0.221s]       |     [01;36m[K^~~~~~~~~~~[m[K
[0.221s] [01m[K/home/rsl/rt-thread/bsp/rockchip/rk3568/temp/micro/mcu/src/Micro-XRCE-DDS-Client/src/c/core/session/session.c:27:66:[m[K [01;35m[Kwarning: [m[Kpointer targets in passing argument 1 of '[01m[Kstrlen[m[K' differ in signedness [[01;35m[K-Wpointer-sign[m[K]
[0.221s]    27 |   rmw_uxrce_transport_default_params.write_cb(NULL,buffer,strlen([01;35m[Kbuffer[m[K),NULL);\
[0.221s]       |                                                                  [01;35m[K^~~~~~[m[K
[0.222s]       |                                                                  [01;35m[K|[m[K
[0.222s]       |                                                                  [01;35m[Kuint8_t * {aka unsigned char *}[m[K
[0.223s] [01m[K/home/rsl/rt-thread/bsp/rockchip/rk3568/temp/micro/mcu/src/Micro-XRCE-DDS-Client/src/c/core/session/session.c:260:5:[m[K [01;36m[Knote: [m[Kin expansion of macro '[01m[Kbrain_debug[m[K'
[0.223s]   260 |     [01;36m[Kbrain_debug[m[K(NULL);
[0.223s]       |     [01;36m[K^~~~~~~~~~~[m[K
[0.224s] In file included from [01m[K/home/rsl/rt-thread/bsp/rockchip/rk3568/temp/micro/mcu/src/Micro-XRCE-DDS-Client/src/c/core/session/stream/common_reliable_stream_internal.h:28[m[K,
[0.224s]                  from [01m[K/home/rsl/rt-thread/bsp/rockchip/rk3568/temp/micro/mcu/src/Micro-XRCE-DDS-Client/src/c/core/session/session.c:11[m[K:
[0.224s] [01m[K/home/rsl/gcc-arm-10.3-2021.07-x86_64-aarch64-none-elf/aarch64-none-elf/include/string.h:41:17:[m[K [01;36m[Knote: [m[Kexpected '[01m[Kconst char *[m[K' but argument is of type '[01m[Kuint8_t *[m[K' {aka '[01m[Kunsigned char *[m[K'}
[0.224s]    41 | size_t  strlen ([01;36m[Kconst char *[m[K);
[0.224s]       |                 [01;36m[K^~~~~~~~~~~~[m[K
[0.224s] [01m[K/home/rsl/rt-thread/bsp/rockchip/rk3568/temp/micro/mcu/src/Micro-XRCE-DDS-Client/src/c/core/session/session.c:26:3:[m[K [01;35m[Kwarning: [m[Kincompatible implicit declaration of built-in function '[01m[Ksprintf[m[K'
[0.224s]    26 |   [01;35m[Ksprintf[m[K(buffer,"cfile is %s,func is %s,line is %d\n",__FILE__,__func__,__LINE__);\
[0.225s]       |   [01;35m[K^~~~~~~[m[K
[0.225s] [01m[K/home/rsl/rt-thread/bsp/rockchip/rk3568/temp/micro/mcu/src/Micro-XRCE-DDS-Client/src/c/core/session/session.c:264:9:[m[K [01;36m[Knote: [m[Kin expansion of macro '[01m[Kbrain_debug[m[K'
[0.225s]   264 |     {   [01;36m[Kbrain_debug[m[K(NULL);
[0.225s]       |         [01;36m[K^~~~~~~~~~~[m[K
[0.225s] [01m[K/home/rsl/rt-thread/bsp/rockchip/rk3568/temp/micro/mcu/src/Micro-XRCE-DDS-Client/src/c/core/session/session.c:26:3:[m[K [01;36m[Knote: [m[Kinclude '[01m[K<stdio.h>[m[K' or provide a declaration of '[01m[Ksprintf[m[K'
[0.225s]    26 |   [01;36m[Ksprintf[m[K(buffer,"cfile is %s,func is %s,line is %d\n",__FILE__,__func__,__LINE__);\
[0.225s]       |   [01;36m[K^~~~~~~[m[K
[0.225s] [01m[K/home/rsl/rt-thread/bsp/rockchip/rk3568/temp/micro/mcu/src/Micro-XRCE-DDS-Client/src/c/core/session/session.c:264:9:[m[K [01;36m[Knote: [m[Kin expansion of macro '[01m[Kbrain_debug[m[K'
[0.226s]   264 |     {   [01;36m[Kbrain_debug[m[K(NULL);
[0.226s]       |         [01;36m[K^~~~~~~~~~~[m[K
[0.226s] [01m[K/home/rsl/rt-thread/bsp/rockchip/rk3568/temp/micro/mcu/src/Micro-XRCE-DDS-Client/src/c/core/session/session.c:26:11:[m[K [01;35m[Kwarning: [m[Kpointer targets in passing argument 1 of '[01m[Ksprintf[m[K' differ in signedness [[01;35m[K-Wpointer-sign[m[K]
[0.226s]    26 |   sprintf([01;35m[Kbuffer[m[K,"cfile is %s,func is %s,line is %d\n",__FILE__,__func__,__LINE__);\
[0.226s]       |           [01;35m[K^~~~~~[m[K
[0.226s]       |           [01;35m[K|[m[K
[0.226s]       |           [01;35m[Kuint8_t * {aka unsigned char *}[m[K
[0.226s] [01m[K/home/rsl/rt-thread/bsp/rockchip/rk3568/temp/micro/mcu/src/Micro-XRCE-DDS-Client/src/c/core/session/session.c:264:9:[m[K [01;36m[Knote: [m[Kin expansion of macro '[01m[Kbrain_debug[m[K'
[0.226s]   264 |     {   [01;36m[Kbrain_debug[m[K(NULL);
[0.226s]       |         [01;36m[K^~~~~~~~~~~[m[K
[0.227s] [01m[K/home/rsl/rt-thread/bsp/rockchip/rk3568/temp/micro/mcu/src/Micro-XRCE-DDS-Client/src/c/core/session/session.c:26:11:[m[K [01;36m[Knote: [m[Kexpected '[01m[Kchar *[m[K' but argument is of type '[01m[Kuint8_t *[m[K' {aka '[01m[Kunsigned char *[m[K'}
[0.227s]    26 |   sprintf([01;36m[Kbuffer[m[K,"cfile is %s,func is %s,line is %d\n",__FILE__,__func__,__LINE__);\
[0.227s]       |           [01;36m[K^~~~~~[m[K
[0.227s] [01m[K/home/rsl/rt-thread/bsp/rockchip/rk3568/temp/micro/mcu/src/Micro-XRCE-DDS-Client/src/c/core/session/session.c:264:9:[m[K [01;36m[Knote: [m[Kin expansion of macro '[01m[Kbrain_debug[m[K'
[0.227s]   264 |     {   [01;36m[Kbrain_debug[m[K(NULL);
[0.227s]       |         [01;36m[K^~~~~~~~~~~[m[K
[0.227s] [01m[K/home/rsl/rt-thread/bsp/rockchip/rk3568/temp/micro/mcu/src/Micro-XRCE-DDS-Client/src/c/core/session/session.c:27:37:[m[K [01;31m[Kerror: [m[Krequest for member '[01m[Kwrite_cb[m[K' in something not a structure or union
[0.228s]    27 |   rmw_uxrce_transport_default_params[01;31m[K.[m[Kwrite_cb(NULL,buffer,strlen(buffer),NULL);\
[0.228s]       |                                     [01;31m[K^[m[K
[0.229s] [01m[K/home/rsl/rt-thread/bsp/rockchip/rk3568/temp/micro/mcu/src/Micro-XRCE-DDS-Client/src/c/core/session/session.c:264:9:[m[K [01;36m[Knote: [m[Kin expansion of macro '[01m[Kbrain_debug[m[K'
[0.229s]   264 |     {   [01;36m[Kbrain_debug[m[K(NULL);
[0.229s]       |         [01;36m[K^~~~~~~~~~~[m[K
[0.229s] [01m[K/home/rsl/rt-thread/bsp/rockchip/rk3568/temp/micro/mcu/src/Micro-XRCE-DDS-Client/src/c/core/session/session.c:27:66:[m[K [01;35m[Kwarning: [m[Kpointer targets in passing argument 1 of '[01m[Kstrlen[m[K' differ in signedness [[01;35m[K-Wpointer-sign[m[K]
[0.229s]    27 |   rmw_uxrce_transport_default_params.write_cb(NULL,buffer,strlen([01;35m[Kbuffer[m[K),NULL);\
[0.229s]       |                                                                  [01;35m[K^~~~~~[m[K
[0.229s]       |                                                                  [01;35m[K|[m[K
[0.229s]       |                                                                  [01;35m[Kuint8_t * {aka unsigned char *}[m[K
[0.230s] [01m[K/home/rsl/rt-thread/bsp/rockchip/rk3568/temp/micro/mcu/src/Micro-XRCE-DDS-Client/src/c/core/session/session.c:264:9:[m[K [01;36m[Knote: [m[Kin expansion of macro '[01m[Kbrain_debug[m[K'
[0.230s]   264 |     {   [01;36m[Kbrain_debug[m[K(NULL);
[0.230s]       |         [01;36m[K^~~~~~~~~~~[m[K
[0.230s] In file included from [01m[K/home/rsl/rt-thread/bsp/rockchip/rk3568/temp/micro/mcu/src/Micro-XRCE-DDS-Client/src/c/core/session/stream/common_reliable_stream_internal.h:28[m[K,
[0.230s]                  from [01m[K/home/rsl/rt-thread/bsp/rockchip/rk3568/temp/micro/mcu/src/Micro-XRCE-DDS-Client/src/c/core/session/session.c:11[m[K:
[0.230s] [01m[K/home/rsl/gcc-arm-10.3-2021.07-x86_64-aarch64-none-elf/aarch64-none-elf/include/string.h:41:17:[m[K [01;36m[Knote: [m[Kexpected '[01m[Kconst char *[m[K' but argument is of type '[01m[Kuint8_t *[m[K' {aka '[01m[Kunsigned char *[m[K'}
[0.231s]    41 | size_t  strlen ([01;36m[Kconst char *[m[K);
[0.231s]       |                 [01;36m[K^~~~~~~~~~~~[m[K
[0.231s] [01m[K/home/rsl/rt-thread/bsp/rockchip/rk3568/temp/micro/mcu/src/Micro-XRCE-DDS-Client/src/c/core/session/session.c:26:3:[m[K [01;35m[Kwarning: [m[Kincompatible implicit declaration of built-in function '[01m[Ksprintf[m[K'
[0.231s]    26 |   [01;35m[Ksprintf[m[K(buffer,"cfile is %s,func is %s,line is %d\n",__FILE__,__func__,__LINE__);\
[0.231s]       |   [01;35m[K^~~~~~~[m[K
[0.231s] [01m[K/home/rsl/rt-thread/bsp/rockchip/rk3568/temp/micro/mcu/src/Micro-XRCE-DDS-Client/src/c/core/session/session.c:266:9:[m[K [01;36m[Knote: [m[Kin expansion of macro '[01m[Kbrain_debug[m[K'
[0.231s]   266 |         [01;36m[Kbrain_debug[m[K(NULL);
[0.231s]       |         [01;36m[K^~~~~~~~~~~[m[K
[0.231s] [01m[K/home/rsl/rt-thread/bsp/rockchip/rk3568/temp/micro/mcu/src/Micro-XRCE-DDS-Client/src/c/core/session/session.c:26:3:[m[K [01;36m[Knote: [m[Kinclude '[01m[K<stdio.h>[m[K' or provide a declaration of '[01m[Ksprintf[m[K'
[0.232s]    26 |   [01;36m[Ksprintf[m[K(buffer,"cfile is %s,func is %s,line is %d\n",__FILE__,__func__,__LINE__);\
[0.232s]       |   [01;36m[K^~~~~~~[m[K
[0.232s] [01m[K/home/rsl/rt-thread/bsp/rockchip/rk3568/temp/micro/mcu/src/Micro-XRCE-DDS-Client/src/c/core/session/session.c:266:9:[m[K [01;36m[Knote: [m[Kin expansion of macro '[01m[Kbrain_debug[m[K'
[0.232s]   266 |         [01;36m[Kbrain_debug[m[K(NULL);
[0.232s]       |         [01;36m[K^~~~~~~~~~~[m[K
[0.232s] [01m[K/home/rsl/rt-thread/bsp/rockchip/rk3568/temp/micro/mcu/src/Micro-XRCE-DDS-Client/src/c/core/session/session.c:26:11:[m[K [01;35m[Kwarning: [m[Kpointer targets in passing argument 1 of '[01m[Ksprintf[m[K' differ in signedness [[01;35m[K-Wpointer-sign[m[K]
[0.232s]    26 |   sprintf([01;35m[Kbuffer[m[K,"cfile is %s,func is %s,line is %d\n",__FILE__,__func__,__LINE__);\
[0.232s]       |           [01;35m[K^~~~~~[m[K
[0.233s]       |           [01;35m[K|[m[K
[0.233s]       |           [01;35m[Kuint8_t * {aka unsigned char *}[m[K
[0.233s] [01m[K/home/rsl/rt-thread/bsp/rockchip/rk3568/temp/micro/mcu/src/Micro-XRCE-DDS-Client/src/c/core/session/session.c:266:9:[m[K [01;36m[Knote: [m[Kin expansion of macro '[01m[Kbrain_debug[m[K'
[0.233s]   266 |         [01;36m[Kbrain_debug[m[K(NULL);
[0.233s]       |         [01;36m[K^~~~~~~~~~~[m[K
[0.233s] [01m[K/home/rsl/rt-thread/bsp/rockchip/rk3568/temp/micro/mcu/src/Micro-XRCE-DDS-Client/src/c/core/session/session.c:26:11:[m[K [01;36m[Knote: [m[Kexpected '[01m[Kchar *[m[K' but argument is of type '[01m[Kuint8_t *[m[K' {aka '[01m[Kunsigned char *[m[K'}
[0.233s]    26 |   sprintf([01;36m[Kbuffer[m[K,"cfile is %s,func is %s,line is %d\n",__FILE__,__func__,__LINE__);\
[0.234s]       |           [01;36m[K^~~~~~[m[K
[0.234s] [01m[K/home/rsl/rt-thread/bsp/rockchip/rk3568/temp/micro/mcu/src/Micro-XRCE-DDS-Client/src/c/core/session/session.c:266:9:[m[K [01;36m[Knote: [m[Kin expansion of macro '[01m[Kbrain_debug[m[K'
[0.234s]   266 |         [01;36m[Kbrain_debug[m[K(NULL);
[0.234s]       |         [01;36m[K^~~~~~~~~~~[m[K
[0.234s] [01m[K/home/rsl/rt-thread/bsp/rockchip/rk3568/temp/micro/mcu/src/Micro-XRCE-DDS-Client/src/c/core/session/session.c:27:37:[m[K [01;31m[Kerror: [m[Krequest for member '[01m[Kwrite_cb[m[K' in something not a structure or union
[0.234s]    27 |   rmw_uxrce_transport_default_params[01;31m[K.[m[Kwrite_cb(NULL,buffer,strlen(buffer),NULL);\
[0.234s]       |                                     [01;31m[K^[m[K
[0.234s] [01m[K/home/rsl/rt-thread/bsp/rockchip/rk3568/temp/micro/mcu/src/Micro-XRCE-DDS-Client/src/c/core/session/session.c:266:9:[m[K [01;36m[Knote: [m[Kin expansion of macro '[01m[Kbrain_debug[m[K'
[0.235s]   266 |         [01;36m[Kbrain_debug[m[K(NULL);
[0.235s]       |         [01;36m[K^~~~~~~~~~~[m[K
[0.235s] [01m[K/home/rsl/rt-thread/bsp/rockchip/rk3568/temp/micro/mcu/src/Micro-XRCE-DDS-Client/src/c/core/session/session.c:27:66:[m[K [01;35m[Kwarning: [m[Kpointer targets in passing argument 1 of '[01m[Kstrlen[m[K' differ in signedness [[01;35m[K-Wpointer-sign[m[K]
[0.235s]    27 |   rmw_uxrce_transport_default_params.write_cb(NULL,buffer,strlen([01;35m[Kbuffer[m[K),NULL);\
[0.235s]       |                                                                  [01;35m[K^~~~~~[m[K
[0.235s]       |                                                                  [01;35m[K|[m[K
[0.235s]       |                                                                  [01;35m[Kuint8_t * {aka unsigned char *}[m[K
[0.235s] [01m[K/home/rsl/rt-thread/bsp/rockchip/rk3568/temp/micro/mcu/src/Micro-XRCE-DDS-Client/src/c/core/session/session.c:266:9:[m[K [01;36m[Knote: [m[Kin expansion of macro '[01m[Kbrain_debug[m[K'
[0.235s]   266 |         [01;36m[Kbrain_debug[m[K(NULL);
[0.236s]       |         [01;36m[K^~~~~~~~~~~[m[K
[0.236s] In file included from [01m[K/home/rsl/rt-thread/bsp/rockchip/rk3568/temp/micro/mcu/src/Micro-XRCE-DDS-Client/src/c/core/session/stream/common_reliable_stream_internal.h:28[m[K,
[0.236s]                  from [01m[K/home/rsl/rt-thread/bsp/rockchip/rk3568/temp/micro/mcu/src/Micro-XRCE-DDS-Client/src/c/core/session/session.c:11[m[K:
[0.236s] [01m[K/home/rsl/gcc-arm-10.3-2021.07-x86_64-aarch64-none-elf/aarch64-none-elf/include/string.h:41:17:[m[K [01;36m[Knote: [m[Kexpected '[01m[Kconst char *[m[K' but argument is of type '[01m[Kuint8_t *[m[K' {aka '[01m[Kunsigned char *[m[K'}
[0.236s]    41 | size_t  strlen ([01;36m[Kconst char *[m[K);
[0.236s]       |                 [01;36m[K^~~~~~~~~~~~[m[K
[0.236s] [01m[K/home/rsl/rt-thread/bsp/rockchip/rk3568/temp/micro/mcu/src/Micro-XRCE-DDS-Client/src/c/core/session/session.c:[m[K In function '[01m[Kuxr_create_session[m[K':
[0.236s] [01m[K/home/rsl/rt-thread/bsp/rockchip/rk3568/temp/micro/mcu/src/Micro-XRCE-DDS-Client/src/c/core/session/session.c:26:3:[m[K [01;35m[Kwarning: [m[Kincompatible implicit declaration of built-in function '[01m[Ksprintf[m[K'
[0.236s]    26 |   [01;35m[Ksprintf[m[K(buffer,"cfile is %s,func is %s,line is %d\n",__FILE__,__func__,__LINE__);\
[0.237s]       |   [01;35m[K^~~~~~~[m[K
[0.237s] [01m[K/home/rsl/rt-thread/bsp/rockchip/rk3568/temp/micro/mcu/src/Micro-XRCE-DDS-Client/src/c/core/session/session.c:275:5:[m[K [01;36m[Knote: [m[Kin expansion of macro '[01m[Kbrain_debug[m[K'
[0.237s]   275 |     [01;36m[Kbrain_debug[m[K(NULL);
[0.237s]       |     [01;36m[K^~~~~~~~~~~[m[K
[0.237s] [01m[K/home/rsl/rt-thread/bsp/rockchip/rk3568/temp/micro/mcu/src/Micro-XRCE-DDS-Client/src/c/core/session/session.c:26:3:[m[K [01;36m[Knote: [m[Kinclude '[01m[K<stdio.h>[m[K' or provide a declaration of '[01m[Ksprintf[m[K'
[0.238s]    26 |   [01;36m[Ksprintf[m[K(buffer,"cfile is %s,func is %s,line is %d\n",__FILE__,__func__,__LINE__);\
[0.238s]       |   [01;36m[K^~~~~~~[m[K
[0.238s] [01m[K/home/rsl/rt-thread/bsp/rockchip/rk3568/temp/micro/mcu/src/Micro-XRCE-DDS-Client/src/c/core/session/session.c:275:5:[m[K [01;36m[Knote: [m[Kin expansion of macro '[01m[Kbrain_debug[m[K'
[0.239s]   275 |     [01;36m[Kbrain_debug[m[K(NULL);
[0.239s]       |     [01;36m[K^~~~~~~~~~~[m[K
[0.239s] [01m[K/home/rsl/rt-thread/bsp/rockchip/rk3568/temp/micro/mcu/src/Micro-XRCE-DDS-Client/src/c/core/session/session.c:26:11:[m[K [01;35m[Kwarning: [m[Kpointer targets in passing argument 1 of '[01m[Ksprintf[m[K' differ in signedness [[01;35m[K-Wpointer-sign[m[K]
[0.239s]    26 |   sprintf([01;35m[Kbuffer[m[K,"cfile is %s,func is %s,line is %d\n",__FILE__,__func__,__LINE__);\
[0.239s]       |           [01;35m[K^~~~~~[m[K
[0.239s]       |           [01;35m[K|[m[K
[0.239s]       |           [01;35m[Kuint8_t * {aka unsigned char *}[m[K
[0.239s] [01m[K/home/rsl/rt-thread/bsp/rockchip/rk3568/temp/micro/mcu/src/Micro-XRCE-DDS-Client/src/c/core/session/session.c:275:5:[m[K [01;36m[Knote: [m[Kin expansion of macro '[01m[Kbrain_debug[m[K'
[0.239s]   275 |     [01;36m[Kbrain_debug[m[K(NULL);
[0.239s]       |     [01;36m[K^~~~~~~~~~~[m[K
[0.240s] [01m[K/home/rsl/rt-thread/bsp/rockchip/rk3568/temp/micro/mcu/src/Micro-XRCE-DDS-Client/src/c/core/session/session.c:26:11:[m[K [01;36m[Knote: [m[Kexpected '[01m[Kchar *[m[K' but argument is of type '[01m[Kuint8_t *[m[K' {aka '[01m[Kunsigned char *[m[K'}
[0.240s]    26 |   sprintf([01;36m[Kbuffer[m[K,"cfile is %s,func is %s,line is %d\n",__FILE__,__func__,__LINE__);\
[0.241s]       |           [01;36m[K^~~~~~[m[K
[0.241s] [01m[K/home/rsl/rt-thread/bsp/rockchip/rk3568/temp/micro/mcu/src/Micro-XRCE-DDS-Client/src/c/core/session/session.c:275:5:[m[K [01;36m[Knote: [m[Kin expansion of macro '[01m[Kbrain_debug[m[K'
[0.241s]   275 |     [01;36m[Kbrain_debug[m[K(NULL);
[0.241s]       |     [01;36m[K^~~~~~~~~~~[m[K
[0.241s] [01m[K/home/rsl/rt-thread/bsp/rockchip/rk3568/temp/micro/mcu/src/Micro-XRCE-DDS-Client/src/c/core/session/session.c:27:37:[m[K [01;31m[Kerror: [m[Krequest for member '[01m[Kwrite_cb[m[K' in something not a structure or union
[0.241s]    27 |   rmw_uxrce_transport_default_params[01;31m[K.[m[Kwrite_cb(NULL,buffer,strlen(buffer),NULL);\
[0.241s]       |                                     [01;31m[K^[m[K
[0.242s] [01m[K/home/rsl/rt-thread/bsp/rockchip/rk3568/temp/micro/mcu/src/Micro-XRCE-DDS-Client/src/c/core/session/session.c:275:5:[m[K [01;36m[Knote: [m[Kin expansion of macro '[01m[Kbrain_debug[m[K'
[0.242s]   275 |     [01;36m[Kbrain_debug[m[K(NULL);
[0.242s]       |     [01;36m[K^~~~~~~~~~~[m[K
[0.242s] [01m[K/home/rsl/rt-thread/bsp/rockchip/rk3568/temp/micro/mcu/src/Micro-XRCE-DDS-Client/src/c/core/session/session.c:27:66:[m[K [01;35m[Kwarning: [m[Kpointer targets in passing argument 1 of '[01m[Kstrlen[m[K' differ in signedness [[01;35m[K-Wpointer-sign[m[K]
[0.242s]    27 |   rmw_uxrce_transport_default_params.write_cb(NULL,buffer,strlen([01;35m[Kbuffer[m[K),NULL);\
[0.243s]       |                                                                  [01;35m[K^~~~~~[m[K
[0.243s]       |                                                                  [01;35m[K|[m[K
[0.243s]       |                                                                  [01;35m[Kuint8_t * {aka unsigned char *}[m[K
[0.243s] [01m[K/home/rsl/rt-thread/bsp/rockchip/rk3568/temp/micro/mcu/src/Micro-XRCE-DDS-Client/src/c/core/session/session.c:275:5:[m[K [01;36m[Knote: [m[Kin expansion of macro '[01m[Kbrain_debug[m[K'
[0.243s]   275 |     [01;36m[Kbrain_debug[m[K(NULL);
[0.243s]       |     [01;36m[K^~~~~~~~~~~[m[K
[0.244s] In file included from [01m[K/home/rsl/rt-thread/bsp/rockchip/rk3568/temp/micro/mcu/src/Micro-XRCE-DDS-Client/src/c/core/session/stream/common_reliable_stream_internal.h:28[m[K,
[0.244s]                  from [01m[K/home/rsl/rt-thread/bsp/rockchip/rk3568/temp/micro/mcu/src/Micro-XRCE-DDS-Client/src/c/core/session/session.c:11[m[K:
[0.244s] [01m[K/home/rsl/gcc-arm-10.3-2021.07-x86_64-aarch64-none-elf/aarch64-none-elf/include/string.h:41:17:[m[K [01;36m[Knote: [m[Kexpected '[01m[Kconst char *[m[K' but argument is of type '[01m[Kuint8_t *[m[K' {aka '[01m[Kunsigned char *[m[K'}
[0.244s]    41 | size_t  strlen ([01;36m[Kconst char *[m[K);
[0.244s]       |                 [01;36m[K^~~~~~~~~~~~[m[K
[0.248s] make[2]: *** [CMakeFiles/microxrcedds_client.dir/build.make:177: CMakeFiles/microxrcedds_client.dir/src/c/core/session/session.c.obj] Error 1
[0.248s] make[1]: *** [CMakeFiles/Makefile2:87: CMakeFiles/microxrcedds_client.dir/all] Error 2
[0.248s] make: *** [Makefile:136: all] Error 2
[0.326s] Invoked command in '/home/rsl/rt-thread/bsp/rockchip/rk3568/temp/micro/mcu/build/microxrcedds_client' returned '2': CMAKE_PREFIX_PATH=/home/rsl/rt-thread/bsp/rockchip/rk3568/temp/micro/mcu/install:${CMAKE_PREFIX_PATH} PATH=/home/rsl/rt-thread/bsp/rockchip/rk3568/temp/micro/mcu/install/bin:${PATH} PYTHONPATH=/home/rsl/rt-thread/bsp/rockchip/rk3568/temp/micro/mcu/install/lib/python3.8/site-packages:${PYTHONPATH} /usr/bin/cmake --build /home/rsl/rt-thread/bsp/rockchip/rk3568/temp/micro/mcu/build/microxrcedds_client -- -j24 -l24
