Traceback (most recent call last):
  File "setup.py", line 1, in <module>
    from setuptools import find_packages
  File "/usr/lib/python3/dist-packages/setuptools/__init__.py", line 17, in <module>
    import setuptools.version
  File "/usr/lib/python3/dist-packages/setuptools/version.py", line 1, in <module>
    import pkg_resources
  File "/usr/lib/python3/dist-packages/pkg_resources/__init__.py", line 3254, in <module>
    def _initialize_master_working_set():
  File "/usr/lib/python3/dist-packages/pkg_resources/__init__.py", line 3237, in _call_aside
    f(*args, **kwargs)
  File "/usr/lib/python3/dist-packages/pkg_resources/__init__.py", line 3266, in _initialize_master_working_set
    working_set = WorkingSet._build_master()
  File "/usr/lib/python3/dist-packages/pkg_resources/__init__.py", line 575, in _build_master
    ws = cls()
  File "/usr/lib/python3/dist-packages/pkg_resources/__init__.py", line 568, in __init__
    self.add_entry(entry)
  File "/usr/lib/python3/dist-packages/pkg_resources/__init__.py", line 624, in add_entry
    for dist in find_distributions(entry, True):
  File "/usr/lib/python3/dist-packages/pkg_resources/__init__.py", line 2066, in find_on_path
    for dist in factory(fullpath):
  File "/usr/lib/python3/dist-packages/pkg_resources/__init__.py", line 2135, in distributions_from_metadata
    yield Distribution.from_location(
  File "/usr/lib/python3/dist-packages/pkg_resources/__init__.py", line 2592, in from_location
    return cls(
  File "/usr/lib/python3/dist-packages/pkg_resources/__init__.py", line 2996, in _reload_version
    md_version = self._get_version()
  File "/usr/lib/python3/dist-packages/pkg_resources/__init__.py", line 2774, in _get_version
    version = _version_from_file(lines)
  File "/usr/lib/python3/dist-packages/pkg_resources/__init__.py", line 2558, in _version_from_file
    line = next(iter(version_lines), '')
  File "/usr/lib/python3/dist-packages/pkg_resources/__init__.py", line 2769, in _get_metadata
    for line in self.get_metadata_lines(name):
  File "/usr/lib/python3/dist-packages/pkg_resources/__init__.py", line 1433, in get_metadata_lines
    return yield_lines(self.get_metadata(name))
  File "/usr/lib/python3/dist-packages/pkg_resources/__init__.py", line 1421, in get_metadata
    value = self._get(path)
  File "/usr/lib/python3/dist-packages/pkg_resources/__init__.py", line 1617, in _get
    with open(path, 'rb') as stream:
FileNotFoundError: [Errno 2] No such file or directory: '/home/rsl/rt-thread/bsp/rockchip/rk3568/temp/micro/mcu/install/lib/python3.8/site-packages/tracetools_launch-4.1.1-py3.8.egg-info/PKG-INFO'
make[2]: *** [CMakeFiles/ament_cmake_python_build_rosidl_parser_egg.dir/build.make:70: CMakeFiles/ament_cmake_python_build_rosidl_parser_egg] Error 1
make[1]: *** [CMakeFiles/Makefile2:186: CMakeFiles/ament_cmake_python_build_rosidl_parser_egg.dir/all] Error 2
make: *** [Makefile:134: all] Error 2
