/usr/bin/cmake -S/home/rsl/rt-thread/bsp/rockchip/rk3568/temp/micro/mcu/src/rclc/rclc -B/home/rsl/rt-thread/bsp/rockchip/rk3568/temp/micro/mcu/build/rclc --check-build-system CMakeFiles/Makefile.cmake 0
/usr/bin/cmake -E cmake_progress_start /home/rsl/rt-thread/bsp/rockchip/rk3568/temp/micro/mcu/build/rclc/CMakeFiles /home/rsl/rt-thread/bsp/rockchip/rk3568/temp/micro/mcu/build/rclc//CMakeFiles/progress.marks
/usr/bin/make  -f CMakeFiles/Makefile2 all
make[1]: Entering directory '/home/rsl/rt-thread/bsp/rockchip/rk3568/temp/micro/mcu/build/rclc'
/usr/bin/make  -f CMakeFiles/rclc.dir/build.make CMakeFiles/rclc.dir/depend
make[2]: Entering directory '/home/rsl/rt-thread/bsp/rockchip/rk3568/temp/micro/mcu/build/rclc'
cd /home/rsl/rt-thread/bsp/rockchip/rk3568/temp/micro/mcu/build/rclc && /usr/bin/cmake -E cmake_depends "Unix Makefiles" /home/rsl/rt-thread/bsp/rockchip/rk3568/temp/micro/mcu/src/rclc/rclc /home/rsl/rt-thread/bsp/rockchip/rk3568/temp/micro/mcu/src/rclc/rclc /home/rsl/rt-thread/bsp/rockchip/rk3568/temp/micro/mcu/build/rclc /home/rsl/rt-thread/bsp/rockchip/rk3568/temp/micro/mcu/build/rclc /home/rsl/rt-thread/bsp/rockchip/rk3568/temp/micro/mcu/build/rclc/CMakeFiles/rclc.dir/DependInfo.cmake "--color="
make[2]: Leaving directory '/home/rsl/rt-thread/bsp/rockchip/rk3568/temp/micro/mcu/build/rclc'
/usr/bin/make  -f CMakeFiles/rclc.dir/build.make CMakeFiles/rclc.dir/build
make[2]: Entering directory '/home/rsl/rt-thread/bsp/rockchip/rk3568/temp/micro/mcu/build/rclc'
[  7%] [32mBuilding C object CMakeFiles/rclc.dir/src/rclc/init.c.obj[0m
[ 14%] [32mBuilding C object CMakeFiles/rclc.dir/src/rclc/publisher.c.obj[0m
[ 21%] [32mBuilding C object CMakeFiles/rclc.dir/src/rclc/subscription.c.obj[0m
[ 28%] [32mBuilding C object CMakeFiles/rclc.dir/src/rclc/client.c.obj[0m
[ 35%] [32mBuilding C object CMakeFiles/rclc.dir/src/rclc/service.c.obj[0m
/home/rsl/gcc-arm-10.3-2021.07-x86_64-aarch64-none-elf/bin/aarch64-none-elf-gcc -DRCLC_BUILDING_LIBRARY -DROS_PACKAGE_NAME=\"rclc\" -I/home/rsl/rt-thread/bsp/rockchip/rk3568/temp/micro/mcu/src/rclc/rclc/include -I/home/rsl/rt-thread/bsp/rockchip/rk3568/temp/micro/mcu/src/rclc/rclc/src -isystem /home/rsl/rt-thread/bsp/rockchip/rk3568/temp/micro/mcu/install/include/rcl -isystem /home/rsl/rt-thread/bsp/rockchip/rk3568/temp/micro/mcu/install/include/rcl_action -isystem /home/rsl/rt-thread/bsp/rockchip/rk3568/temp/micro/mcu/install/include/rcutils -isystem /home/rsl/rt-thread/bsp/rockchip/rk3568/temp/micro/mcu/install/include/rosidl_typesupport_interface -isystem /home/rsl/rt-thread/bsp/rockchip/rk3568/temp/micro/mcu/install/include/rcl_interfaces -isystem /home/rsl/rt-thread/bsp/rockchip/rk3568/temp/micro/mcu/install/include/builtin_interfaces -isystem /home/rsl/rt-thread/bsp/rockchip/rk3568/temp/micro/mcu/install/include/rosidl_runtime_c -isystem /home/rsl/rt-thread/bsp/rockchip/rk3568/temp/micro/mcu/install/include/rosidl_typesupport_introspection_c -isystem /home/rsl/rt-thread/bsp/rockchip/rk3568/temp/micro/mcu/install/include/rcl_logging_interface -isystem /home/rsl/rt-thread/bsp/rockchip/rk3568/temp/micro/mcu/install/include/rmw -isystem /home/rsl/rt-thread/bsp/rockchip/rk3568/temp/micro/mcu/install/include -isystem /home/rsl/rt-thread/bsp/rockchip/rk3568/temp/micro/mcu/install/include/tracetools -isystem /home/rsl/rt-thread/bsp/rockchip/rk3568/temp/micro/mcu/install/include/action_msgs -isystem /home/rsl/rt-thread/bsp/rockchip/rk3568/temp/micro/mcu/install/include/unique_identifier_msgs -std=c11 -O2 -mcpu=cortex-a55+simd -ffunction-sections -fdata-sections -nostdlib --param max-inline-insns-single=500  -fno-exceptions -mlittle-endian -mcmodel=small  -DCLOCK_MONOTONIC=0 -D'__attribute__(x)=' -O3 -DNDEBUG -std=gnu11 -Wall -Wextra -Wpedantic -MD -MT CMakeFiles/rclc.dir/src/rclc/init.c.obj -MF CMakeFiles/rclc.dir/src/rclc/init.c.obj.d -o CMakeFiles/rclc.dir/src/rclc/init.c.obj -c /home/rsl/rt-thread/bsp/rockchip/rk3568/temp/micro/mcu/src/rclc/rclc/src/rclc/init.c
[ 42%] [32mBuilding C object CMakeFiles/rclc.dir/src/rclc/timer.c.obj[0m
[ 50%] [32mBuilding C object CMakeFiles/rclc.dir/src/rclc/action_client.c.obj[0m
[ 57%] [32mBuilding C object CMakeFiles/rclc.dir/src/rclc/action_server.c.obj[0m
[ 71%] [32mBuilding C object CMakeFiles/rclc.dir/src/rclc/action_goal_handle.c.obj[0m
/home/rsl/gcc-arm-10.3-2021.07-x86_64-aarch64-none-elf/bin/aarch64-none-elf-gcc -DRCLC_BUILDING_LIBRARY -DROS_PACKAGE_NAME=\"rclc\" -I/home/rsl/rt-thread/bsp/rockchip/rk3568/temp/micro/mcu/src/rclc/rclc/include -I/home/rsl/rt-thread/bsp/rockchip/rk3568/temp/micro/mcu/src/rclc/rclc/src -isystem /home/rsl/rt-thread/bsp/rockchip/rk3568/temp/micro/mcu/install/include/rcl -isystem /home/rsl/rt-thread/bsp/rockchip/rk3568/temp/micro/mcu/install/include/rcl_action -isystem /home/rsl/rt-thread/bsp/rockchip/rk3568/temp/micro/mcu/install/include/rcutils -isystem /home/rsl/rt-thread/bsp/rockchip/rk3568/temp/micro/mcu/install/include/rosidl_typesupport_interface -isystem /home/rsl/rt-thread/bsp/rockchip/rk3568/temp/micro/mcu/install/include/rcl_interfaces -isystem /home/rsl/rt-thread/bsp/rockchip/rk3568/temp/micro/mcu/install/include/builtin_interfaces -isystem /home/rsl/rt-thread/bsp/rockchip/rk3568/temp/micro/mcu/install/include/rosidl_runtime_c -isystem /home/rsl/rt-thread/bsp/rockchip/rk3568/temp/micro/mcu/install/include/rosidl_typesupport_introspection_c -isystem /home/rsl/rt-thread/bsp/rockchip/rk3568/temp/micro/mcu/install/include/rcl_logging_interface -isystem /home/rsl/rt-thread/bsp/rockchip/rk3568/temp/micro/mcu/install/include/rmw -isystem /home/rsl/rt-thread/bsp/rockchip/rk3568/temp/micro/mcu/install/include -isystem /home/rsl/rt-thread/bsp/rockchip/rk3568/temp/micro/mcu/install/include/tracetools -isystem /home/rsl/rt-thread/bsp/rockchip/rk3568/temp/micro/mcu/install/include/action_msgs -isystem /home/rsl/rt-thread/bsp/rockchip/rk3568/temp/micro/mcu/install/include/unique_identifier_msgs -std=c11 -O2 -mcpu=cortex-a55+simd -ffunction-sections -fdata-sections -nostdlib --param max-inline-insns-single=500  -fno-exceptions -mlittle-endian -mcmodel=small  -DCLOCK_MONOTONIC=0 -D'__attribute__(x)=' -O3 -DNDEBUG -std=gnu11 -Wall -Wextra -Wpedantic -MD -MT CMakeFiles/rclc.dir/src/rclc/publisher.c.obj -MF CMakeFiles/rclc.dir/src/rclc/publisher.c.obj.d -o CMakeFiles/rclc.dir/src/rclc/publisher.c.obj -c /home/rsl/rt-thread/bsp/rockchip/rk3568/temp/micro/mcu/src/rclc/rclc/src/rclc/publisher.c
[ 78%] [32mBuilding C object CMakeFiles/rclc.dir/src/rclc/node.c.obj[0m
[ 78%] [32mBuilding C object CMakeFiles/rclc.dir/src/rclc/executor_handle.c.obj[0m
/home/rsl/gcc-arm-10.3-2021.07-x86_64-aarch64-none-elf/bin/aarch64-none-elf-gcc -DRCLC_BUILDING_LIBRARY -DROS_PACKAGE_NAME=\"rclc\" -I/home/rsl/rt-thread/bsp/rockchip/rk3568/temp/micro/mcu/src/rclc/rclc/include -I/home/rsl/rt-thread/bsp/rockchip/rk3568/temp/micro/mcu/src/rclc/rclc/src -isystem /home/rsl/rt-thread/bsp/rockchip/rk3568/temp/micro/mcu/install/include/rcl -isystem /home/rsl/rt-thread/bsp/rockchip/rk3568/temp/micro/mcu/install/include/rcl_action -isystem /home/rsl/rt-thread/bsp/rockchip/rk3568/temp/micro/mcu/install/include/rcutils -isystem /home/rsl/rt-thread/bsp/rockchip/rk3568/temp/micro/mcu/install/include/rosidl_typesupport_interface -isystem /home/rsl/rt-thread/bsp/rockchip/rk3568/temp/micro/mcu/install/include/rcl_interfaces -isystem /home/rsl/rt-thread/bsp/rockchip/rk3568/temp/micro/mcu/install/include/builtin_interfaces -isystem /home/rsl/rt-thread/bsp/rockchip/rk3568/temp/micro/mcu/install/include/rosidl_runtime_c -isystem /home/rsl/rt-thread/bsp/rockchip/rk3568/temp/micro/mcu/install/include/rosidl_typesupport_introspection_c -isystem /home/rsl/rt-thread/bsp/rockchip/rk3568/temp/micro/mcu/install/include/rcl_logging_interface -isystem /home/rsl/rt-thread/bsp/rockchip/rk3568/temp/micro/mcu/install/include/rmw -isystem /home/rsl/rt-thread/bsp/rockchip/rk3568/temp/micro/mcu/install/include -isystem /home/rsl/rt-thread/bsp/rockchip/rk3568/temp/micro/mcu/install/include/tracetools -isystem /home/rsl/rt-thread/bsp/rockchip/rk3568/temp/micro/mcu/install/include/action_msgs -isystem /home/rsl/rt-thread/bsp/rockchip/rk3568/temp/micro/mcu/install/include/unique_identifier_msgs -std=c11 -O2 -mcpu=cortex-a55+simd -ffunction-sections -fdata-sections -nostdlib --param max-inline-insns-single=500  -fno-exceptions -mlittle-endian -mcmodel=small  -DCLOCK_MONOTONIC=0 -D'__attribute__(x)=' -O3 -DNDEBUG -std=gnu11 -Wall -Wextra -Wpedantic -MD -MT CMakeFiles/rclc.dir/src/rclc/subscription.c.obj -MF CMakeFiles/rclc.dir/src/rclc/subscription.c.obj.d -o CMakeFiles/rclc.dir/src/rclc/subscription.c.obj -c /home/rsl/rt-thread/bsp/rockchip/rk3568/temp/micro/mcu/src/rclc/rclc/src/rclc/subscription.c
[ 85%] [32mBuilding C object CMakeFiles/rclc.dir/src/rclc/executor.c.obj[0m
/home/rsl/gcc-arm-10.3-2021.07-x86_64-aarch64-none-elf/bin/aarch64-none-elf-gcc -DRCLC_BUILDING_LIBRARY -DROS_PACKAGE_NAME=\"rclc\" -I/home/rsl/rt-thread/bsp/rockchip/rk3568/temp/micro/mcu/src/rclc/rclc/include -I/home/rsl/rt-thread/bsp/rockchip/rk3568/temp/micro/mcu/src/rclc/rclc/src -isystem /home/rsl/rt-thread/bsp/rockchip/rk3568/temp/micro/mcu/install/include/rcl -isystem /home/rsl/rt-thread/bsp/rockchip/rk3568/temp/micro/mcu/install/include/rcl_action -isystem /home/rsl/rt-thread/bsp/rockchip/rk3568/temp/micro/mcu/install/include/rcutils -isystem /home/rsl/rt-thread/bsp/rockchip/rk3568/temp/micro/mcu/install/include/rosidl_typesupport_interface -isystem /home/rsl/rt-thread/bsp/rockchip/rk3568/temp/micro/mcu/install/include/rcl_interfaces -isystem /home/rsl/rt-thread/bsp/rockchip/rk3568/temp/micro/mcu/install/include/builtin_interfaces -isystem /home/rsl/rt-thread/bsp/rockchip/rk3568/temp/micro/mcu/install/include/rosidl_runtime_c -isystem /home/rsl/rt-thread/bsp/rockchip/rk3568/temp/micro/mcu/install/include/rosidl_typesupport_introspection_c -isystem /home/rsl/rt-thread/bsp/rockchip/rk3568/temp/micro/mcu/install/include/rcl_logging_interface -isystem /home/rsl/rt-thread/bsp/rockchip/rk3568/temp/micro/mcu/install/include/rmw -isystem /home/rsl/rt-thread/bsp/rockchip/rk3568/temp/micro/mcu/install/include -isystem /home/rsl/rt-thread/bsp/rockchip/rk3568/temp/micro/mcu/install/include/tracetools -isystem /home/rsl/rt-thread/bsp/rockchip/rk3568/temp/micro/mcu/install/include/action_msgs -isystem /home/rsl/rt-thread/bsp/rockchip/rk3568/temp/micro/mcu/install/include/unique_identifier_msgs -std=c11 -O2 -mcpu=cortex-a55+simd -ffunction-sections -fdata-sections -nostdlib --param max-inline-insns-single=500  -fno-exceptions -mlittle-endian -mcmodel=small  -DCLOCK_MONOTONIC=0 -D'__attribute__(x)=' -O3 -DNDEBUG -std=gnu11 -Wall -Wextra -Wpedantic -MD -MT CMakeFiles/rclc.dir/src/rclc/client.c.obj -MF CMakeFiles/rclc.dir/src/rclc/client.c.obj.d -o CMakeFiles/rclc.dir/src/rclc/client.c.obj -c /home/rsl/rt-thread/bsp/rockchip/rk3568/temp/micro/mcu/src/rclc/rclc/src/rclc/client.c
/home/rsl/gcc-arm-10.3-2021.07-x86_64-aarch64-none-elf/bin/aarch64-none-elf-gcc -DRCLC_BUILDING_LIBRARY -DROS_PACKAGE_NAME=\"rclc\" -I/home/rsl/rt-thread/bsp/rockchip/rk3568/temp/micro/mcu/src/rclc/rclc/include -I/home/rsl/rt-thread/bsp/rockchip/rk3568/temp/micro/mcu/src/rclc/rclc/src -isystem /home/rsl/rt-thread/bsp/rockchip/rk3568/temp/micro/mcu/install/include/rcl -isystem /home/rsl/rt-thread/bsp/rockchip/rk3568/temp/micro/mcu/install/include/rcl_action -isystem /home/rsl/rt-thread/bsp/rockchip/rk3568/temp/micro/mcu/install/include/rcutils -isystem /home/rsl/rt-thread/bsp/rockchip/rk3568/temp/micro/mcu/install/include/rosidl_typesupport_interface -isystem /home/rsl/rt-thread/bsp/rockchip/rk3568/temp/micro/mcu/install/include/rcl_interfaces -isystem /home/rsl/rt-thread/bsp/rockchip/rk3568/temp/micro/mcu/install/include/builtin_interfaces -isystem /home/rsl/rt-thread/bsp/rockchip/rk3568/temp/micro/mcu/install/include/rosidl_runtime_c -isystem /home/rsl/rt-thread/bsp/rockchip/rk3568/temp/micro/mcu/install/include/rosidl_typesupport_introspection_c -isystem /home/rsl/rt-thread/bsp/rockchip/rk3568/temp/micro/mcu/install/include/rcl_logging_interface -isystem /home/rsl/rt-thread/bsp/rockchip/rk3568/temp/micro/mcu/install/include/rmw -isystem /home/rsl/rt-thread/bsp/rockchip/rk3568/temp/micro/mcu/install/include -isystem /home/rsl/rt-thread/bsp/rockchip/rk3568/temp/micro/mcu/install/include/tracetools -isystem /home/rsl/rt-thread/bsp/rockchip/rk3568/temp/micro/mcu/install/include/action_msgs -isystem /home/rsl/rt-thread/bsp/rockchip/rk3568/temp/micro/mcu/install/include/unique_identifier_msgs -std=c11 -O2 -mcpu=cortex-a55+simd -ffunction-sections -fdata-sections -nostdlib --param max-inline-insns-single=500  -fno-exceptions -mlittle-endian -mcmodel=small  -DCLOCK_MONOTONIC=0 -D'__attribute__(x)=' -O3 -DNDEBUG -std=gnu11 -Wall -Wextra -Wpedantic -MD -MT CMakeFiles/rclc.dir/src/rclc/service.c.obj -MF CMakeFiles/rclc.dir/src/rclc/service.c.obj.d -o CMakeFiles/rclc.dir/src/rclc/service.c.obj -c /home/rsl/rt-thread/bsp/rockchip/rk3568/temp/micro/mcu/src/rclc/rclc/src/rclc/service.c
/home/rsl/gcc-arm-10.3-2021.07-x86_64-aarch64-none-elf/bin/aarch64-none-elf-gcc -DRCLC_BUILDING_LIBRARY -DROS_PACKAGE_NAME=\"rclc\" -I/home/rsl/rt-thread/bsp/rockchip/rk3568/temp/micro/mcu/src/rclc/rclc/include -I/home/rsl/rt-thread/bsp/rockchip/rk3568/temp/micro/mcu/src/rclc/rclc/src -isystem /home/rsl/rt-thread/bsp/rockchip/rk3568/temp/micro/mcu/install/include/rcl -isystem /home/rsl/rt-thread/bsp/rockchip/rk3568/temp/micro/mcu/install/include/rcl_action -isystem /home/rsl/rt-thread/bsp/rockchip/rk3568/temp/micro/mcu/install/include/rcutils -isystem /home/rsl/rt-thread/bsp/rockchip/rk3568/temp/micro/mcu/install/include/rosidl_typesupport_interface -isystem /home/rsl/rt-thread/bsp/rockchip/rk3568/temp/micro/mcu/install/include/rcl_interfaces -isystem /home/rsl/rt-thread/bsp/rockchip/rk3568/temp/micro/mcu/install/include/builtin_interfaces -isystem /home/rsl/rt-thread/bsp/rockchip/rk3568/temp/micro/mcu/install/include/rosidl_runtime_c -isystem /home/rsl/rt-thread/bsp/rockchip/rk3568/temp/micro/mcu/install/include/rosidl_typesupport_introspection_c -isystem /home/rsl/rt-thread/bsp/rockchip/rk3568/temp/micro/mcu/install/include/rcl_logging_interface -isystem /home/rsl/rt-thread/bsp/rockchip/rk3568/temp/micro/mcu/install/include/rmw -isystem /home/rsl/rt-thread/bsp/rockchip/rk3568/temp/micro/mcu/install/include -isystem /home/rsl/rt-thread/bsp/rockchip/rk3568/temp/micro/mcu/install/include/tracetools -isystem /home/rsl/rt-thread/bsp/rockchip/rk3568/temp/micro/mcu/install/include/action_msgs -isystem /home/rsl/rt-thread/bsp/rockchip/rk3568/temp/micro/mcu/install/include/unique_identifier_msgs -std=c11 -O2 -mcpu=cortex-a55+simd -ffunction-sections -fdata-sections -nostdlib --param max-inline-insns-single=500  -fno-exceptions -mlittle-endian -mcmodel=small  -DCLOCK_MONOTONIC=0 -D'__attribute__(x)=' -O3 -DNDEBUG -std=gnu11 -Wall -Wextra -Wpedantic -MD -MT CMakeFiles/rclc.dir/src/rclc/timer.c.obj -MF CMakeFiles/rclc.dir/src/rclc/timer.c.obj.d -o CMakeFiles/rclc.dir/src/rclc/timer.c.obj -c /home/rsl/rt-thread/bsp/rockchip/rk3568/temp/micro/mcu/src/rclc/rclc/src/rclc/timer.c
/home/rsl/gcc-arm-10.3-2021.07-x86_64-aarch64-none-elf/bin/aarch64-none-elf-gcc -DRCLC_BUILDING_LIBRARY -DROS_PACKAGE_NAME=\"rclc\" -I/home/rsl/rt-thread/bsp/rockchip/rk3568/temp/micro/mcu/src/rclc/rclc/include -I/home/rsl/rt-thread/bsp/rockchip/rk3568/temp/micro/mcu/src/rclc/rclc/src -isystem /home/rsl/rt-thread/bsp/rockchip/rk3568/temp/micro/mcu/install/include/rcl -isystem /home/rsl/rt-thread/bsp/rockchip/rk3568/temp/micro/mcu/install/include/rcl_action -isystem /home/rsl/rt-thread/bsp/rockchip/rk3568/temp/micro/mcu/install/include/rcutils -isystem /home/rsl/rt-thread/bsp/rockchip/rk3568/temp/micro/mcu/install/include/rosidl_typesupport_interface -isystem /home/rsl/rt-thread/bsp/rockchip/rk3568/temp/micro/mcu/install/include/rcl_interfaces -isystem /home/rsl/rt-thread/bsp/rockchip/rk3568/temp/micro/mcu/install/include/builtin_interfaces -isystem /home/rsl/rt-thread/bsp/rockchip/rk3568/temp/micro/mcu/install/include/rosidl_runtime_c -isystem /home/rsl/rt-thread/bsp/rockchip/rk3568/temp/micro/mcu/install/include/rosidl_typesupport_introspection_c -isystem /home/rsl/rt-thread/bsp/rockchip/rk3568/temp/micro/mcu/install/include/rcl_logging_interface -isystem /home/rsl/rt-thread/bsp/rockchip/rk3568/temp/micro/mcu/install/include/rmw -isystem /home/rsl/rt-thread/bsp/rockchip/rk3568/temp/micro/mcu/install/include -isystem /home/rsl/rt-thread/bsp/rockchip/rk3568/temp/micro/mcu/install/include/tracetools -isystem /home/rsl/rt-thread/bsp/rockchip/rk3568/temp/micro/mcu/install/include/action_msgs -isystem /home/rsl/rt-thread/bsp/rockchip/rk3568/temp/micro/mcu/install/include/unique_identifier_msgs -std=c11 -O2 -mcpu=cortex-a55+simd -ffunction-sections -fdata-sections -nostdlib --param max-inline-insns-single=500  -fno-exceptions -mlittle-endian -mcmodel=small  -DCLOCK_MONOTONIC=0 -D'__attribute__(x)=' -O3 -DNDEBUG -std=gnu11 -Wall -Wextra -Wpedantic -MD -MT CMakeFiles/rclc.dir/src/rclc/action_client.c.obj -MF CMakeFiles/rclc.dir/src/rclc/action_client.c.obj.d -o CMakeFiles/rclc.dir/src/rclc/action_client.c.obj -c /home/rsl/rt-thread/bsp/rockchip/rk3568/temp/micro/mcu/src/rclc/rclc/src/rclc/action_client.c
/home/rsl/gcc-arm-10.3-2021.07-x86_64-aarch64-none-elf/bin/aarch64-none-elf-gcc -DRCLC_BUILDING_LIBRARY -DROS_PACKAGE_NAME=\"rclc\" -I/home/rsl/rt-thread/bsp/rockchip/rk3568/temp/micro/mcu/src/rclc/rclc/include -I/home/rsl/rt-thread/bsp/rockchip/rk3568/temp/micro/mcu/src/rclc/rclc/src -isystem /home/rsl/rt-thread/bsp/rockchip/rk3568/temp/micro/mcu/install/include/rcl -isystem /home/rsl/rt-thread/bsp/rockchip/rk3568/temp/micro/mcu/install/include/rcl_action -isystem /home/rsl/rt-thread/bsp/rockchip/rk3568/temp/micro/mcu/install/include/rcutils -isystem /home/rsl/rt-thread/bsp/rockchip/rk3568/temp/micro/mcu/install/include/rosidl_typesupport_interface -isystem /home/rsl/rt-thread/bsp/rockchip/rk3568/temp/micro/mcu/install/include/rcl_interfaces -isystem /home/rsl/rt-thread/bsp/rockchip/rk3568/temp/micro/mcu/install/include/builtin_interfaces -isystem /home/rsl/rt-thread/bsp/rockchip/rk3568/temp/micro/mcu/install/include/rosidl_runtime_c -isystem /home/rsl/rt-thread/bsp/rockchip/rk3568/temp/micro/mcu/install/include/rosidl_typesupport_introspection_c -isystem /home/rsl/rt-thread/bsp/rockchip/rk3568/temp/micro/mcu/install/include/rcl_logging_interface -isystem /home/rsl/rt-thread/bsp/rockchip/rk3568/temp/micro/mcu/install/include/rmw -isystem /home/rsl/rt-thread/bsp/rockchip/rk3568/temp/micro/mcu/install/include -isystem /home/rsl/rt-thread/bsp/rockchip/rk3568/temp/micro/mcu/install/include/tracetools -isystem /home/rsl/rt-thread/bsp/rockchip/rk3568/temp/micro/mcu/install/include/action_msgs -isystem /home/rsl/rt-thread/bsp/rockchip/rk3568/temp/micro/mcu/install/include/unique_identifier_msgs -std=c11 -O2 -mcpu=cortex-a55+simd -ffunction-sections -fdata-sections -nostdlib --param max-inline-insns-single=500  -fno-exceptions -mlittle-endian -mcmodel=small  -DCLOCK_MONOTONIC=0 -D'__attribute__(x)=' -O3 -DNDEBUG -std=gnu11 -Wall -Wextra -Wpedantic -MD -MT CMakeFiles/rclc.dir/src/rclc/action_server.c.obj -MF CMakeFiles/rclc.dir/src/rclc/action_server.c.obj.d -o CMakeFiles/rclc.dir/src/rclc/action_server.c.obj -c /home/rsl/rt-thread/bsp/rockchip/rk3568/temp/micro/mcu/src/rclc/rclc/src/rclc/action_server.c
/home/rsl/gcc-arm-10.3-2021.07-x86_64-aarch64-none-elf/bin/aarch64-none-elf-gcc -DRCLC_BUILDING_LIBRARY -DROS_PACKAGE_NAME=\"rclc\" -I/home/rsl/rt-thread/bsp/rockchip/rk3568/temp/micro/mcu/src/rclc/rclc/include -I/home/rsl/rt-thread/bsp/rockchip/rk3568/temp/micro/mcu/src/rclc/rclc/src -isystem /home/rsl/rt-thread/bsp/rockchip/rk3568/temp/micro/mcu/install/include/rcl -isystem /home/rsl/rt-thread/bsp/rockchip/rk3568/temp/micro/mcu/install/include/rcl_action -isystem /home/rsl/rt-thread/bsp/rockchip/rk3568/temp/micro/mcu/install/include/rcutils -isystem /home/rsl/rt-thread/bsp/rockchip/rk3568/temp/micro/mcu/install/include/rosidl_typesupport_interface -isystem /home/rsl/rt-thread/bsp/rockchip/rk3568/temp/micro/mcu/install/include/rcl_interfaces -isystem /home/rsl/rt-thread/bsp/rockchip/rk3568/temp/micro/mcu/install/include/builtin_interfaces -isystem /home/rsl/rt-thread/bsp/rockchip/rk3568/temp/micro/mcu/install/include/rosidl_runtime_c -isystem /home/rsl/rt-thread/bsp/rockchip/rk3568/temp/micro/mcu/install/include/rosidl_typesupport_introspection_c -isystem /home/rsl/rt-thread/bsp/rockchip/rk3568/temp/micro/mcu/install/include/rcl_logging_interface -isystem /home/rsl/rt-thread/bsp/rockchip/rk3568/temp/micro/mcu/install/include/rmw -isystem /home/rsl/rt-thread/bsp/rockchip/rk3568/temp/micro/mcu/install/include -isystem /home/rsl/rt-thread/bsp/rockchip/rk3568/temp/micro/mcu/install/include/tracetools -isystem /home/rsl/rt-thread/bsp/rockchip/rk3568/temp/micro/mcu/install/include/action_msgs -isystem /home/rsl/rt-thread/bsp/rockchip/rk3568/temp/micro/mcu/install/include/unique_identifier_msgs -std=c11 -O2 -mcpu=cortex-a55+simd -ffunction-sections -fdata-sections -nostdlib --param max-inline-insns-single=500  -fno-exceptions -mlittle-endian -mcmodel=small  -DCLOCK_MONOTONIC=0 -D'__attribute__(x)=' -O3 -DNDEBUG -std=gnu11 -Wall -Wextra -Wpedantic -MD -MT CMakeFiles/rclc.dir/src/rclc/action_goal_handle.c.obj -MF CMakeFiles/rclc.dir/src/rclc/action_goal_handle.c.obj.d -o CMakeFiles/rclc.dir/src/rclc/action_goal_handle.c.obj -c /home/rsl/rt-thread/bsp/rockchip/rk3568/temp/micro/mcu/src/rclc/rclc/src/rclc/action_goal_handle.c
/home/rsl/gcc-arm-10.3-2021.07-x86_64-aarch64-none-elf/bin/aarch64-none-elf-gcc -DRCLC_BUILDING_LIBRARY -DROS_PACKAGE_NAME=\"rclc\" -I/home/rsl/rt-thread/bsp/rockchip/rk3568/temp/micro/mcu/src/rclc/rclc/include -I/home/rsl/rt-thread/bsp/rockchip/rk3568/temp/micro/mcu/src/rclc/rclc/src -isystem /home/rsl/rt-thread/bsp/rockchip/rk3568/temp/micro/mcu/install/include/rcl -isystem /home/rsl/rt-thread/bsp/rockchip/rk3568/temp/micro/mcu/install/include/rcl_action -isystem /home/rsl/rt-thread/bsp/rockchip/rk3568/temp/micro/mcu/install/include/rcutils -isystem /home/rsl/rt-thread/bsp/rockchip/rk3568/temp/micro/mcu/install/include/rosidl_typesupport_interface -isystem /home/rsl/rt-thread/bsp/rockchip/rk3568/temp/micro/mcu/install/include/rcl_interfaces -isystem /home/rsl/rt-thread/bsp/rockchip/rk3568/temp/micro/mcu/install/include/builtin_interfaces -isystem /home/rsl/rt-thread/bsp/rockchip/rk3568/temp/micro/mcu/install/include/rosidl_runtime_c -isystem /home/rsl/rt-thread/bsp/rockchip/rk3568/temp/micro/mcu/install/include/rosidl_typesupport_introspection_c -isystem /home/rsl/rt-thread/bsp/rockchip/rk3568/temp/micro/mcu/install/include/rcl_logging_interface -isystem /home/rsl/rt-thread/bsp/rockchip/rk3568/temp/micro/mcu/install/include/rmw -isystem /home/rsl/rt-thread/bsp/rockchip/rk3568/temp/micro/mcu/install/include -isystem /home/rsl/rt-thread/bsp/rockchip/rk3568/temp/micro/mcu/install/include/tracetools -isystem /home/rsl/rt-thread/bsp/rockchip/rk3568/temp/micro/mcu/install/include/action_msgs -isystem /home/rsl/rt-thread/bsp/rockchip/rk3568/temp/micro/mcu/install/include/unique_identifier_msgs -std=c11 -O2 -mcpu=cortex-a55+simd -ffunction-sections -fdata-sections -nostdlib --param max-inline-insns-single=500  -fno-exceptions -mlittle-endian -mcmodel=small  -DCLOCK_MONOTONIC=0 -D'__attribute__(x)=' -O3 -DNDEBUG -std=gnu11 -Wall -Wextra -Wpedantic -MD -MT CMakeFiles/rclc.dir/src/rclc/node.c.obj -MF CMakeFiles/rclc.dir/src/rclc/node.c.obj.d -o CMakeFiles/rclc.dir/src/rclc/node.c.obj -c /home/rsl/rt-thread/bsp/rockchip/rk3568/temp/micro/mcu/src/rclc/rclc/src/rclc/node.c
/home/rsl/gcc-arm-10.3-2021.07-x86_64-aarch64-none-elf/bin/aarch64-none-elf-gcc -DRCLC_BUILDING_LIBRARY -DROS_PACKAGE_NAME=\"rclc\" -I/home/rsl/rt-thread/bsp/rockchip/rk3568/temp/micro/mcu/src/rclc/rclc/include -I/home/rsl/rt-thread/bsp/rockchip/rk3568/temp/micro/mcu/src/rclc/rclc/src -isystem /home/rsl/rt-thread/bsp/rockchip/rk3568/temp/micro/mcu/install/include/rcl -isystem /home/rsl/rt-thread/bsp/rockchip/rk3568/temp/micro/mcu/install/include/rcl_action -isystem /home/rsl/rt-thread/bsp/rockchip/rk3568/temp/micro/mcu/install/include/rcutils -isystem /home/rsl/rt-thread/bsp/rockchip/rk3568/temp/micro/mcu/install/include/rosidl_typesupport_interface -isystem /home/rsl/rt-thread/bsp/rockchip/rk3568/temp/micro/mcu/install/include/rcl_interfaces -isystem /home/rsl/rt-thread/bsp/rockchip/rk3568/temp/micro/mcu/install/include/builtin_interfaces -isystem /home/rsl/rt-thread/bsp/rockchip/rk3568/temp/micro/mcu/install/include/rosidl_runtime_c -isystem /home/rsl/rt-thread/bsp/rockchip/rk3568/temp/micro/mcu/install/include/rosidl_typesupport_introspection_c -isystem /home/rsl/rt-thread/bsp/rockchip/rk3568/temp/micro/mcu/install/include/rcl_logging_interface -isystem /home/rsl/rt-thread/bsp/rockchip/rk3568/temp/micro/mcu/install/include/rmw -isystem /home/rsl/rt-thread/bsp/rockchip/rk3568/temp/micro/mcu/install/include -isystem /home/rsl/rt-thread/bsp/rockchip/rk3568/temp/micro/mcu/install/include/tracetools -isystem /home/rsl/rt-thread/bsp/rockchip/rk3568/temp/micro/mcu/install/include/action_msgs -isystem /home/rsl/rt-thread/bsp/rockchip/rk3568/temp/micro/mcu/install/include/unique_identifier_msgs -std=c11 -O2 -mcpu=cortex-a55+simd -ffunction-sections -fdata-sections -nostdlib --param max-inline-insns-single=500  -fno-exceptions -mlittle-endian -mcmodel=small  -DCLOCK_MONOTONIC=0 -D'__attribute__(x)=' -O3 -DNDEBUG -std=gnu11 -Wall -Wextra -Wpedantic -MD -MT CMakeFiles/rclc.dir/src/rclc/executor_handle.c.obj -MF CMakeFiles/rclc.dir/src/rclc/executor_handle.c.obj.d -o CMakeFiles/rclc.dir/src/rclc/executor_handle.c.obj -c /home/rsl/rt-thread/bsp/rockchip/rk3568/temp/micro/mcu/src/rclc/rclc/src/rclc/executor_handle.c
/home/rsl/gcc-arm-10.3-2021.07-x86_64-aarch64-none-elf/bin/aarch64-none-elf-gcc -DRCLC_BUILDING_LIBRARY -DROS_PACKAGE_NAME=\"rclc\" -I/home/rsl/rt-thread/bsp/rockchip/rk3568/temp/micro/mcu/src/rclc/rclc/include -I/home/rsl/rt-thread/bsp/rockchip/rk3568/temp/micro/mcu/src/rclc/rclc/src -isystem /home/rsl/rt-thread/bsp/rockchip/rk3568/temp/micro/mcu/install/include/rcl -isystem /home/rsl/rt-thread/bsp/rockchip/rk3568/temp/micro/mcu/install/include/rcl_action -isystem /home/rsl/rt-thread/bsp/rockchip/rk3568/temp/micro/mcu/install/include/rcutils -isystem /home/rsl/rt-thread/bsp/rockchip/rk3568/temp/micro/mcu/install/include/rosidl_typesupport_interface -isystem /home/rsl/rt-thread/bsp/rockchip/rk3568/temp/micro/mcu/install/include/rcl_interfaces -isystem /home/rsl/rt-thread/bsp/rockchip/rk3568/temp/micro/mcu/install/include/builtin_interfaces -isystem /home/rsl/rt-thread/bsp/rockchip/rk3568/temp/micro/mcu/install/include/rosidl_runtime_c -isystem /home/rsl/rt-thread/bsp/rockchip/rk3568/temp/micro/mcu/install/include/rosidl_typesupport_introspection_c -isystem /home/rsl/rt-thread/bsp/rockchip/rk3568/temp/micro/mcu/install/include/rcl_logging_interface -isystem /home/rsl/rt-thread/bsp/rockchip/rk3568/temp/micro/mcu/install/include/rmw -isystem /home/rsl/rt-thread/bsp/rockchip/rk3568/temp/micro/mcu/install/include -isystem /home/rsl/rt-thread/bsp/rockchip/rk3568/temp/micro/mcu/install/include/tracetools -isystem /home/rsl/rt-thread/bsp/rockchip/rk3568/temp/micro/mcu/install/include/action_msgs -isystem /home/rsl/rt-thread/bsp/rockchip/rk3568/temp/micro/mcu/install/include/unique_identifier_msgs -std=c11 -O2 -mcpu=cortex-a55+simd -ffunction-sections -fdata-sections -nostdlib --param max-inline-insns-single=500  -fno-exceptions -mlittle-endian -mcmodel=small  -DCLOCK_MONOTONIC=0 -D'__attribute__(x)=' -O3 -DNDEBUG -std=gnu11 -Wall -Wextra -Wpedantic -MD -MT CMakeFiles/rclc.dir/src/rclc/executor.c.obj -MF CMakeFiles/rclc.dir/src/rclc/executor.c.obj.d -o CMakeFiles/rclc.dir/src/rclc/executor.c.obj -c /home/rsl/rt-thread/bsp/rockchip/rk3568/temp/micro/mcu/src/rclc/rclc/src/rclc/executor.c
[01m[K/home/rsl/rt-thread/bsp/rockchip/rk3568/temp/micro/mcu/src/rclc/rclc/src/rclc/init.c:[m[K In function '[01m[Krclc_support_init[m[K':
[01m[K/home/rsl/rt-thread/bsp/rockchip/rk3568/temp/micro/mcu/src/rclc/rclc/src/rclc/init.c:44:3:[m[K [01;35m[Kwarning: [m[Kpointer targets in passing argument 1 of '[01m[Ksprintf[m[K' differ in signedness [[01;35m[K-Wpointer-sign[m[K]
   44 |   [01;35m[Kbrain_debug[m[K(NULL);
      |   [01;35m[K^~~~~~~~~~~[m[K
      |   [01;35m[K|[m[K
      |   [01;35m[Kuint8_t * {aka unsigned char *}[m[K
In file included from [01m[K/home/rsl/rt-thread/bsp/rockchip/rk3568/temp/micro/mcu/install/include/rcutils/rcutils/logging.h:22[m[K,
                 from [01m[K/home/rsl/rt-thread/bsp/rockchip/rk3568/temp/micro/mcu/install/include/rmw/rmw/types.h:28[m[K,
                 from [01m[K/home/rsl/rt-thread/bsp/rockchip/rk3568/temp/micro/mcu/install/include/rcl/rcl/types.h:20[m[K,
                 from [01m[K/home/rsl/rt-thread/bsp/rockchip/rk3568/temp/micro/mcu/install/include/rcl/rcl/init_options.h:29[m[K,
                 from [01m[K/home/rsl/rt-thread/bsp/rockchip/rk3568/temp/micro/mcu/install/include/rcl/rcl/context.h:31[m[K,
                 from [01m[K/home/rsl/rt-thread/bsp/rockchip/rk3568/temp/micro/mcu/src/rclc/rclc/include/rclc/types.h:25[m[K,
                 from [01m[K/home/rsl/rt-thread/bsp/rockchip/rk3568/temp/micro/mcu/src/rclc/rclc/include/rclc/init.h:26[m[K,
                 from [01m[K/home/rsl/rt-thread/bsp/rockchip/rk3568/temp/micro/mcu/src/rclc/rclc/src/rclc/init.c:17[m[K:
[01m[K/home/rsl/gcc-arm-10.3-2021.07-x86_64-aarch64-none-elf/aarch64-none-elf/include/stdio.h:244:14:[m[K [01;36m[Knote: [m[Kexpected '[01m[Kchar * restrict[m[K' but argument is of type '[01m[Kuint8_t *[m[K' {aka '[01m[Kunsigned char *[m[K'}
  244 | int sprintf ([01;36m[Kc[m[Khar *__restrict, const char *__restrict, ...)
      |              [01;36m[K^[m[K
[01m[K/home/rsl/rt-thread/bsp/rockchip/rk3568/temp/micro/mcu/src/rclc/rclc/src/rclc/init.c:[m[K In function '[01m[Krclc_support_init_with_options[m[K':
[01m[K/home/rsl/rt-thread/bsp/rockchip/rk3568/temp/micro/mcu/src/rclc/rclc/src/rclc/init.c:68:3:[m[K [01;35m[Kwarning: [m[Kpointer targets in passing argument 1 of '[01m[Ksprintf[m[K' differ in signedness [[01;35m[K-Wpointer-sign[m[K]
   68 |   [01;35m[Kbrain_debug[m[K(NULL);
      |   [01;35m[K^~~~~~~~~~~[m[K
      |   [01;35m[K|[m[K
      |   [01;35m[Kuint8_t * {aka unsigned char *}[m[K
In file included from [01m[K/home/rsl/rt-thread/bsp/rockchip/rk3568/temp/micro/mcu/install/include/rcutils/rcutils/logging.h:22[m[K,
                 from [01m[K/home/rsl/rt-thread/bsp/rockchip/rk3568/temp/micro/mcu/install/include/rmw/rmw/types.h:28[m[K,
                 from [01m[K/home/rsl/rt-thread/bsp/rockchip/rk3568/temp/micro/mcu/install/include/rcl/rcl/types.h:20[m[K,
                 from [01m[K/home/rsl/rt-thread/bsp/rockchip/rk3568/temp/micro/mcu/install/include/rcl/rcl/init_options.h:29[m[K,
                 from [01m[K/home/rsl/rt-thread/bsp/rockchip/rk3568/temp/micro/mcu/install/include/rcl/rcl/context.h:31[m[K,
                 from [01m[K/home/rsl/rt-thread/bsp/rockchip/rk3568/temp/micro/mcu/src/rclc/rclc/include/rclc/types.h:25[m[K,
                 from [01m[K/home/rsl/rt-thread/bsp/rockchip/rk3568/temp/micro/mcu/src/rclc/rclc/include/rclc/init.h:26[m[K,
                 from [01m[K/home/rsl/rt-thread/bsp/rockchip/rk3568/temp/micro/mcu/src/rclc/rclc/src/rclc/init.c:17[m[K:
[01m[K/home/rsl/gcc-arm-10.3-2021.07-x86_64-aarch64-none-elf/aarch64-none-elf/include/stdio.h:244:14:[m[K [01;36m[Knote: [m[Kexpected '[01m[Kchar * restrict[m[K' but argument is of type '[01m[Kuint8_t *[m[K' {aka '[01m[Kunsigned char *[m[K'}
  244 | int sprintf ([01;36m[Kc[m[Khar *__restrict, const char *__restrict, ...)
      |              [01;36m[K^[m[K
[01m[K/home/rsl/rt-thread/bsp/rockchip/rk3568/temp/micro/mcu/src/rclc/rclc/src/rclc/init.c:70:3:[m[K [01;35m[Kwarning: [m[Kpointer targets in passing argument 1 of '[01m[Ksprintf[m[K' differ in signedness [[01;35m[K-Wpointer-sign[m[K]
   70 |   [01;35m[Kbrain_debug[m[K(NULL);
      |   [01;35m[K^~~~~~~~~~~[m[K
      |   [01;35m[K|[m[K
      |   [01;35m[Kuint8_t * {aka unsigned char *}[m[K
In file included from [01m[K/home/rsl/rt-thread/bsp/rockchip/rk3568/temp/micro/mcu/install/include/rcutils/rcutils/logging.h:22[m[K,
                 from [01m[K/home/rsl/rt-thread/bsp/rockchip/rk3568/temp/micro/mcu/install/include/rmw/rmw/types.h:28[m[K,
                 from [01m[K/home/rsl/rt-thread/bsp/rockchip/rk3568/temp/micro/mcu/install/include/rcl/rcl/types.h:20[m[K,
                 from [01m[K/home/rsl/rt-thread/bsp/rockchip/rk3568/temp/micro/mcu/install/include/rcl/rcl/init_options.h:29[m[K,
                 from [01m[K/home/rsl/rt-thread/bsp/rockchip/rk3568/temp/micro/mcu/install/include/rcl/rcl/context.h:31[m[K,
                 from [01m[K/home/rsl/rt-thread/bsp/rockchip/rk3568/temp/micro/mcu/src/rclc/rclc/include/rclc/types.h:25[m[K,
                 from [01m[K/home/rsl/rt-thread/bsp/rockchip/rk3568/temp/micro/mcu/src/rclc/rclc/include/rclc/init.h:26[m[K,
                 from [01m[K/home/rsl/rt-thread/bsp/rockchip/rk3568/temp/micro/mcu/src/rclc/rclc/src/rclc/init.c:17[m[K:
[01m[K/home/rsl/gcc-arm-10.3-2021.07-x86_64-aarch64-none-elf/aarch64-none-elf/include/stdio.h:244:14:[m[K [01;36m[Knote: [m[Kexpected '[01m[Kchar * restrict[m[K' but argument is of type '[01m[Kuint8_t *[m[K' {aka '[01m[Kunsigned char *[m[K'}
  244 | int sprintf ([01;36m[Kc[m[Khar *__restrict, const char *__restrict, ...)
      |              [01;36m[K^[m[K
[01m[K/home/rsl/rt-thread/bsp/rockchip/rk3568/temp/micro/mcu/src/rclc/rclc/src/rclc/init.c:76:3:[m[K [01;35m[Kwarning: [m[Kpointer targets in passing argument 1 of '[01m[Ksprintf[m[K' differ in signedness [[01;35m[K-Wpointer-sign[m[K]
   76 |   [01;35m[Kbrain_debug[m[K(NULL);
      |   [01;35m[K^~~~~~~~~~~[m[K
      |   [01;35m[K|[m[K
      |   [01;35m[Kuint8_t * {aka unsigned char *}[m[K
In file included from [01m[K/home/rsl/rt-thread/bsp/rockchip/rk3568/temp/micro/mcu/install/include/rcutils/rcutils/logging.h:22[m[K,
                 from [01m[K/home/rsl/rt-thread/bsp/rockchip/rk3568/temp/micro/mcu/install/include/rmw/rmw/types.h:28[m[K,
                 from [01m[K/home/rsl/rt-thread/bsp/rockchip/rk3568/temp/micro/mcu/install/include/rcl/rcl/types.h:20[m[K,
                 from [01m[K/home/rsl/rt-thread/bsp/rockchip/rk3568/temp/micro/mcu/install/include/rcl/rcl/init_options.h:29[m[K,
                 from [01m[K/home/rsl/rt-thread/bsp/rockchip/rk3568/temp/micro/mcu/install/include/rcl/rcl/context.h:31[m[K,
                 from [01m[K/home/rsl/rt-thread/bsp/rockchip/rk3568/temp/micro/mcu/src/rclc/rclc/include/rclc/types.h:25[m[K,
                 from [01m[K/home/rsl/rt-thread/bsp/rockchip/rk3568/temp/micro/mcu/src/rclc/rclc/include/rclc/init.h:26[m[K,
                 from [01m[K/home/rsl/rt-thread/bsp/rockchip/rk3568/temp/micro/mcu/src/rclc/rclc/src/rclc/init.c:17[m[K:
[01m[K/home/rsl/gcc-arm-10.3-2021.07-x86_64-aarch64-none-elf/aarch64-none-elf/include/stdio.h:244:14:[m[K [01;36m[Knote: [m[Kexpected '[01m[Kchar * restrict[m[K' but argument is of type '[01m[Kuint8_t *[m[K' {aka '[01m[Kunsigned char *[m[K'}
  244 | int sprintf ([01;36m[Kc[m[Khar *__restrict, const char *__restrict, ...)
      |              [01;36m[K^[m[K
[01m[K/home/rsl/rt-thread/bsp/rockchip/rk3568/temp/micro/mcu/src/rclc/rclc/src/rclc/init.c:78:3:[m[K [01;35m[Kwarning: [m[Kpointer targets in passing argument 1 of '[01m[Ksprintf[m[K' differ in signedness [[01;35m[K-Wpointer-sign[m[K]
   78 |   [01;35m[Kbrain_debug[m[K(NULL);
      |   [01;35m[K^~~~~~~~~~~[m[K
      |   [01;35m[K|[m[K
      |   [01;35m[Kuint8_t * {aka unsigned char *}[m[K
In file included from [01m[K/home/rsl/rt-thread/bsp/rockchip/rk3568/temp/micro/mcu/install/include/rcutils/rcutils/logging.h:22[m[K,
                 from [01m[K/home/rsl/rt-thread/bsp/rockchip/rk3568/temp/micro/mcu/install/include/rmw/rmw/types.h:28[m[K,
                 from [01m[K/home/rsl/rt-thread/bsp/rockchip/rk3568/temp/micro/mcu/install/include/rcl/rcl/types.h:20[m[K,
                 from [01m[K/home/rsl/rt-thread/bsp/rockchip/rk3568/temp/micro/mcu/install/include/rcl/rcl/init_options.h:29[m[K,
                 from [01m[K/home/rsl/rt-thread/bsp/rockchip/rk3568/temp/micro/mcu/install/include/rcl/rcl/context.h:31[m[K,
                 from [01m[K/home/rsl/rt-thread/bsp/rockchip/rk3568/temp/micro/mcu/src/rclc/rclc/include/rclc/types.h:25[m[K,
                 from [01m[K/home/rsl/rt-thread/bsp/rockchip/rk3568/temp/micro/mcu/src/rclc/rclc/include/rclc/init.h:26[m[K,
                 from [01m[K/home/rsl/rt-thread/bsp/rockchip/rk3568/temp/micro/mcu/src/rclc/rclc/src/rclc/init.c:17[m[K:
[01m[K/home/rsl/gcc-arm-10.3-2021.07-x86_64-aarch64-none-elf/aarch64-none-elf/include/stdio.h:244:14:[m[K [01;36m[Knote: [m[Kexpected '[01m[Kchar * restrict[m[K' but argument is of type '[01m[Kuint8_t *[m[K' {aka '[01m[Kunsigned char *[m[K'}
  244 | int sprintf ([01;36m[Kc[m[Khar *__restrict, const char *__restrict, ...)
      |              [01;36m[K^[m[K
[01m[K/home/rsl/rt-thread/bsp/rockchip/rk3568/temp/micro/mcu/src/rclc/rclc/src/rclc/executor_handle.c:[m[K In function '[01m[Krclc_executor_handle_print[m[K':
[01m[K/home/rsl/rt-thread/bsp/rockchip/rk3568/temp/micro/mcu/src/rclc/rclc/src/rclc/executor_handle.c:84:10:[m[K [01;35m[Kwarning: [m[Kvariable '[01m[KtypeName[m[K' set but not used [[01;35m[K-Wunused-but-set-variable[m[K]
   84 |   char * [01;35m[KtypeName[m[K;
      |          [01;35m[K^~~~~~~~[m[K
[ 92%] [32m[1mLinking CXX static library librclc.a[0m
/usr/bin/cmake -P CMakeFiles/rclc.dir/cmake_clean_target.cmake
/usr/bin/cmake -E cmake_link_script CMakeFiles/rclc.dir/link.txt --verbose=1
/home/rsl/gcc-arm-10.3-2021.07-x86_64-aarch64-none-elf/bin/aarch64-none-elf-ar qc librclc.a CMakeFiles/rclc.dir/src/rclc/init.c.obj CMakeFiles/rclc.dir/src/rclc/publisher.c.obj CMakeFiles/rclc.dir/src/rclc/subscription.c.obj CMakeFiles/rclc.dir/src/rclc/client.c.obj CMakeFiles/rclc.dir/src/rclc/service.c.obj CMakeFiles/rclc.dir/src/rclc/timer.c.obj CMakeFiles/rclc.dir/src/rclc/action_client.c.obj CMakeFiles/rclc.dir/src/rclc/action_server.c.obj CMakeFiles/rclc.dir/src/rclc/action_goal_handle.c.obj CMakeFiles/rclc.dir/src/rclc/node.c.obj CMakeFiles/rclc.dir/src/rclc/executor_handle.c.obj CMakeFiles/rclc.dir/src/rclc/executor.c.obj CMakeFiles/rclc.dir/src/rclc/sleep.c.obj
/home/rsl/gcc-arm-10.3-2021.07-x86_64-aarch64-none-elf/bin/aarch64-none-elf-ranlib librclc.a
make[2]: Leaving directory '/home/rsl/rt-thread/bsp/rockchip/rk3568/temp/micro/mcu/build/rclc'
[100%] Built target rclc
make[1]: Leaving directory '/home/rsl/rt-thread/bsp/rockchip/rk3568/temp/micro/mcu/build/rclc'
/usr/bin/cmake -E cmake_progress_start /home/rsl/rt-thread/bsp/rockchip/rk3568/temp/micro/mcu/build/rclc/CMakeFiles 0
-- Install configuration: "Release"
-- Installing: /home/rsl/rt-thread/bsp/rockchip/rk3568/temp/micro/mcu/install/lib/librclc.a
-- Up-to-date: /home/rsl/rt-thread/bsp/rockchip/rk3568/temp/micro/mcu/install/include
-- Up-to-date: /home/rsl/rt-thread/bsp/rockchip/rk3568/temp/micro/mcu/install/include/rclc
-- Up-to-date: /home/rsl/rt-thread/bsp/rockchip/rk3568/temp/micro/mcu/install/include/rclc/client.h
-- Up-to-date: /home/rsl/rt-thread/bsp/rockchip/rk3568/temp/micro/mcu/install/include/rclc/action_client.h
-- Up-to-date: /home/rsl/rt-thread/bsp/rockchip/rk3568/temp/micro/mcu/install/include/rclc/rclc.h
-- Up-to-date: /home/rsl/rt-thread/bsp/rockchip/rk3568/temp/micro/mcu/install/include/rclc/types.h
-- Up-to-date: /home/rsl/rt-thread/bsp/rockchip/rk3568/temp/micro/mcu/install/include/rclc/subscription.h
-- Up-to-date: /home/rsl/rt-thread/bsp/rockchip/rk3568/temp/micro/mcu/install/include/rclc/action_goal_handle.h
-- Up-to-date: /home/rsl/rt-thread/bsp/rockchip/rk3568/temp/micro/mcu/install/include/rclc/timer.h
-- Up-to-date: /home/rsl/rt-thread/bsp/rockchip/rk3568/temp/micro/mcu/install/include/rclc/sleep.h
-- Up-to-date: /home/rsl/rt-thread/bsp/rockchip/rk3568/temp/micro/mcu/install/include/rclc/node.h
-- Up-to-date: /home/rsl/rt-thread/bsp/rockchip/rk3568/temp/micro/mcu/install/include/rclc/executor_handle.h
-- Up-to-date: /home/rsl/rt-thread/bsp/rockchip/rk3568/temp/micro/mcu/install/include/rclc/service.h
-- Up-to-date: /home/rsl/rt-thread/bsp/rockchip/rk3568/temp/micro/mcu/install/include/rclc/visibility_control.h
-- Up-to-date: /home/rsl/rt-thread/bsp/rockchip/rk3568/temp/micro/mcu/install/include/rclc/init.h
-- Up-to-date: /home/rsl/rt-thread/bsp/rockchip/rk3568/temp/micro/mcu/install/include/rclc/action_server.h
-- Up-to-date: /home/rsl/rt-thread/bsp/rockchip/rk3568/temp/micro/mcu/install/include/rclc/publisher.h
-- Up-to-date: /home/rsl/rt-thread/bsp/rockchip/rk3568/temp/micro/mcu/install/include/rclc/executor.h
-- Up-to-date: /home/rsl/rt-thread/bsp/rockchip/rk3568/temp/micro/mcu/install/share/rclc/environment/library_path.sh
-- Up-to-date: /home/rsl/rt-thread/bsp/rockchip/rk3568/temp/micro/mcu/install/share/rclc/environment/library_path.dsv
-- Up-to-date: /home/rsl/rt-thread/bsp/rockchip/rk3568/temp/micro/mcu/install/share/ament_index/resource_index/package_run_dependencies/rclc
-- Up-to-date: /home/rsl/rt-thread/bsp/rockchip/rk3568/temp/micro/mcu/install/share/ament_index/resource_index/parent_prefix_path/rclc
-- Up-to-date: /home/rsl/rt-thread/bsp/rockchip/rk3568/temp/micro/mcu/install/share/rclc/environment/ament_prefix_path.sh
-- Up-to-date: /home/rsl/rt-thread/bsp/rockchip/rk3568/temp/micro/mcu/install/share/rclc/environment/ament_prefix_path.dsv
-- Up-to-date: /home/rsl/rt-thread/bsp/rockchip/rk3568/temp/micro/mcu/install/share/rclc/environment/path.sh
-- Up-to-date: /home/rsl/rt-thread/bsp/rockchip/rk3568/temp/micro/mcu/install/share/rclc/environment/path.dsv
-- Up-to-date: /home/rsl/rt-thread/bsp/rockchip/rk3568/temp/micro/mcu/install/share/rclc/local_setup.bash
-- Up-to-date: /home/rsl/rt-thread/bsp/rockchip/rk3568/temp/micro/mcu/install/share/rclc/local_setup.sh
-- Up-to-date: /home/rsl/rt-thread/bsp/rockchip/rk3568/temp/micro/mcu/install/share/rclc/local_setup.zsh
-- Up-to-date: /home/rsl/rt-thread/bsp/rockchip/rk3568/temp/micro/mcu/install/share/rclc/local_setup.dsv
-- Installing: /home/rsl/rt-thread/bsp/rockchip/rk3568/temp/micro/mcu/install/share/rclc/package.dsv
-- Up-to-date: /home/rsl/rt-thread/bsp/rockchip/rk3568/temp/micro/mcu/install/share/ament_index/resource_index/packages/rclc
-- Up-to-date: /home/rsl/rt-thread/bsp/rockchip/rk3568/temp/micro/mcu/install/share/rclc/cmake/rclcExport.cmake
-- Up-to-date: /home/rsl/rt-thread/bsp/rockchip/rk3568/temp/micro/mcu/install/share/rclc/cmake/rclcExport-release.cmake
-- Up-to-date: /home/rsl/rt-thread/bsp/rockchip/rk3568/temp/micro/mcu/install/share/rclc/cmake/ament_cmake_export_include_directories-extras.cmake
-- Up-to-date: /home/rsl/rt-thread/bsp/rockchip/rk3568/temp/micro/mcu/install/share/rclc/cmake/ament_cmake_export_libraries-extras.cmake
-- Up-to-date: /home/rsl/rt-thread/bsp/rockchip/rk3568/temp/micro/mcu/install/share/rclc/cmake/ament_cmake_export_targets-extras.cmake
-- Up-to-date: /home/rsl/rt-thread/bsp/rockchip/rk3568/temp/micro/mcu/install/share/rclc/cmake/ament_cmake_export_dependencies-extras.cmake
-- Up-to-date: /home/rsl/rt-thread/bsp/rockchip/rk3568/temp/micro/mcu/install/share/rclc/cmake/rclcConfig.cmake
-- Up-to-date: /home/rsl/rt-thread/bsp/rockchip/rk3568/temp/micro/mcu/install/share/rclc/cmake/rclcConfig-version.cmake
-- Up-to-date: /home/rsl/rt-thread/bsp/rockchip/rk3568/temp/micro/mcu/install/share/rclc/package.xml
