[0.019s] Invoking command in '/home/rsl/rt-thread/bsp/rockchip/rk3568/temp/micro/mcu/build/microxrcedds_client': CMAKE_PREFIX_PATH=/home/rsl/rt-thread/bsp/rockchip/rk3568/temp/micro/mcu/install:${CMAKE_PREFIX_PATH} PATH=/home/rsl/rt-thread/bsp/rockchip/rk3568/temp/micro/mcu/install/bin:${PATH} PYTHONPATH=/home/rsl/rt-thread/bsp/rockchip/rk3568/temp/micro/mcu/install/lib/python3.8/site-packages:${PYTHONPATH} /usr/bin/cmake /home/rsl/rt-thread/bsp/rockchip/rk3568/temp/micro/mcu/src/Micro-XRCE-DDS-Client -DCMAKE_INSTALL_LIBDIR=lib -DCMAKE_POSITION_INDEPENDENT_CODE:BOOL=OFF -DTHIRDPARTY=ON -DBUILD_SHARED_LIBS=OFF -DBUILD_TESTING=OFF -DCMAKE_BUILD_TYPE=Release --toolchain=/home/rsl/rt-thread/bsp/rockchip/rk3568/packages/micro_ros_rtthread_component/builder/toolchain.cmake -G Unix Makefiles -DUCLIENT_ISOLATED_INSTALL=OFF -DUCLIENT_SUPERBUILD=OFF -DUCLIENT_PIC=OFF -DUCLIENT_PROFILE_UDP=OFF -DUCLIENT_PROFILE_TCP=OFF -DUCLIENT_PROFILE_DISCOVERY=OFF -DUCLIENT_PROFILE_SERIAL=OFF -UCLIENT_PROFILE_STREAM_FRAMING=ON -DUCLIENT_PROFILE_CUSTOM_TRANSPORT=ON -DCMAKE_INSTALL_PREFIX=/home/rsl/rt-thread/bsp/rockchip/rk3568/temp/micro/mcu/install
[0.055s] -- The C compiler identification is GNU 10.3.1
[0.068s] -- Detecting C compiler ABI info
[0.106s] -- Detecting C compiler ABI info - done
[0.113s] -- Check for working C compiler: /home/rsl/gcc-arm-10.3-2021.07-x86_64-aarch64-none-elf/bin/aarch64-none-elf-gcc - skipped
[0.113s] -- Detecting C compile features
[0.113s] -- Detecting C compile features - done
[0.118s] -- Configuring done (0.1s)
[0.124s] -- Generating done (0.0s)
[0.124s] [33mCMake Warning:
[0.124s]   Manually-specified variables were not used by the project:
[0.124s] 
[0.124s]     BUILD_TESTING
[0.124s]     THIRDPARTY
[0.124s] 
[0.124s] [0m
[0.125s] -- Build files have been written to: /home/rsl/rt-thread/bsp/rockchip/rk3568/temp/micro/mcu/build/microxrcedds_client
[0.127s] Invoked command in '/home/rsl/rt-thread/bsp/rockchip/rk3568/temp/micro/mcu/build/microxrcedds_client' returned '0': CMAKE_PREFIX_PATH=/home/rsl/rt-thread/bsp/rockchip/rk3568/temp/micro/mcu/install:${CMAKE_PREFIX_PATH} PATH=/home/rsl/rt-thread/bsp/rockchip/rk3568/temp/micro/mcu/install/bin:${PATH} PYTHONPATH=/home/rsl/rt-thread/bsp/rockchip/rk3568/temp/micro/mcu/install/lib/python3.8/site-packages:${PYTHONPATH} /usr/bin/cmake /home/rsl/rt-thread/bsp/rockchip/rk3568/temp/micro/mcu/src/Micro-XRCE-DDS-Client -DCMAKE_INSTALL_LIBDIR=lib -DCMAKE_POSITION_INDEPENDENT_CODE:BOOL=OFF -DTHIRDPARTY=ON -DBUILD_SHARED_LIBS=OFF -DBUILD_TESTING=OFF -DCMAKE_BUILD_TYPE=Release --toolchain=/home/rsl/rt-thread/bsp/rockchip/rk3568/packages/micro_ros_rtthread_component/builder/toolchain.cmake -G Unix Makefiles -DUCLIENT_ISOLATED_INSTALL=OFF -DUCLIENT_SUPERBUILD=OFF -DUCLIENT_PIC=OFF -DUCLIENT_PROFILE_UDP=OFF -DUCLIENT_PROFILE_TCP=OFF -DUCLIENT_PROFILE_DISCOVERY=OFF -DUCLIENT_PROFILE_SERIAL=OFF -UCLIENT_PROFILE_STREAM_FRAMING=ON -DUCLIENT_PROFILE_CUSTOM_TRANSPORT=ON -DCMAKE_INSTALL_PREFIX=/home/rsl/rt-thread/bsp/rockchip/rk3568/temp/micro/mcu/install
[0.130s] Invoking command in '/home/rsl/rt-thread/bsp/rockchip/rk3568/temp/micro/mcu/build/microxrcedds_client': CMAKE_PREFIX_PATH=/home/rsl/rt-thread/bsp/rockchip/rk3568/temp/micro/mcu/install:${CMAKE_PREFIX_PATH} PATH=/home/rsl/rt-thread/bsp/rockchip/rk3568/temp/micro/mcu/install/bin:${PATH} PYTHONPATH=/home/rsl/rt-thread/bsp/rockchip/rk3568/temp/micro/mcu/install/lib/python3.8/site-packages:${PYTHONPATH} /usr/bin/cmake --build /home/rsl/rt-thread/bsp/rockchip/rk3568/temp/micro/mcu/build/microxrcedds_client -- -j24 -l24
[0.155s] [  4%] [32mBuilding C object CMakeFiles/microxrcedds_client.dir/src/c/core/session/stream/input_best_effort_stream.c.obj[0m
[0.155s] [ 12%] [32mBuilding C object CMakeFiles/microxrcedds_client.dir/src/c/core/session/stream/output_best_effort_stream.c.obj[0m
[0.155s] [  8%] [32mBuilding C object CMakeFiles/microxrcedds_client.dir/src/c/core/session/stream/output_reliable_stream.c.obj[0m
[0.156s] [ 16%] [32mBuilding C object CMakeFiles/microxrcedds_client.dir/src/c/core/session/stream/stream_storage.c.obj[0m
[0.157s] [ 20%] [32mBuilding C object CMakeFiles/microxrcedds_client.dir/src/c/core/session/stream/input_reliable_stream.c.obj[0m
[0.174s] [ 24%] [32mBuilding C object CMakeFiles/microxrcedds_client.dir/src/c/core/session/stream/stream_id.c.obj[0m
[0.174s] [ 28%] [32mBuilding C object CMakeFiles/microxrcedds_client.dir/src/c/core/session/stream/seq_num.c.obj[0m
[0.179s] [ 32%] [32mBuilding C object CMakeFiles/microxrcedds_client.dir/src/c/core/session/session_info.c.obj[0m
[0.179s] [ 40%] [32mBuilding C object CMakeFiles/microxrcedds_client.dir/src/c/core/session/object_id.c.obj[0m
[0.179s] [ 40%] [32mBuilding C object CMakeFiles/microxrcedds_client.dir/src/c/core/serialization/xrce_types.c.obj[0m
[0.179s] [ 44%] [32mBuilding C object CMakeFiles/microxrcedds_client.dir/src/c/core/session/submessage.c.obj[0m
[0.179s] [ 52%] [32mBuilding C object CMakeFiles/microxrcedds_client.dir/src/c/core/serialization/xrce_header.c.obj[0m
[0.179s] [ 52%] [32mBuilding C object CMakeFiles/microxrcedds_client.dir/src/c/core/serialization/xrce_subheader.c.obj[0m
[0.179s] [ 56%] [32mBuilding C object CMakeFiles/microxrcedds_client.dir/src/c/core/session/session.c.obj[0m
[0.180s] [ 60%] [32mBuilding C object CMakeFiles/microxrcedds_client.dir/src/c/util/time.c.obj[0m
[0.180s] [ 64%] [32mBuilding C object CMakeFiles/microxrcedds_client.dir/src/c/util/ping.c.obj[0m
[0.180s] [ 68%] [32mBuilding C object CMakeFiles/microxrcedds_client.dir/src/c/core/session/common_create_entities.c.obj[0m
[0.180s] [ 72%] [32mBuilding C object CMakeFiles/microxrcedds_client.dir/src/c/core/session/create_entities_ref.c.obj[0m
[0.180s] [ 76%] [32mBuilding C object CMakeFiles/microxrcedds_client.dir/src/c/core/session/create_entities_xml.c.obj[0m
[0.180s] [ 80%] [32mBuilding C object CMakeFiles/microxrcedds_client.dir/src/c/core/session/create_entities_bin.c.obj[0m
[0.183s] [ 84%] [32mBuilding C object CMakeFiles/microxrcedds_client.dir/src/c/core/session/read_access.c.obj[0m
[0.184s] [ 88%] [32mBuilding C object CMakeFiles/microxrcedds_client.dir/src/c/core/session/write_access.c.obj[0m
[0.184s] [01m[K/home/rsl/rt-thread/bsp/rockchip/rk3568/temp/micro/mcu/src/Micro-XRCE-DDS-Client/src/c/util/time.c:[m[K In function '[01m[Kuxr_nanos[m[K':
[0.184s] [01m[K/home/rsl/rt-thread/bsp/rockchip/rk3568/temp/micro/mcu/src/Micro-XRCE-DDS-Client/src/c/util/time.c:71:5:[m[K [01;35m[Kwarning: [m[Kimplicit declaration of function '[01m[Kclock_gettime[m[K' [[01;35m[K-Wimplicit-function-declaration[m[K]
[0.184s]    71 |     [01;35m[Kclock_gettime[m[K(CLOCK_REALTIME, &ts);
[0.184s]       |     [01;35m[K^~~~~~~~~~~~~[m[K
[0.190s] [ 92%] [32mBuilding C object CMakeFiles/microxrcedds_client.dir/src/c/profile/transport/custom/custom_transport.c.obj[0m
[0.190s] [ 96%] [32mBuilding C object CMakeFiles/microxrcedds_client.dir/src/c/profile/transport/stream_framing/stream_framing_protocol.c.obj[0m
[1.002s] [100%] [32m[1mLinking C static library libmicroxrcedds_client.a[0m
[1.022s] [100%] Built target microxrcedds_client
[1.067s] Invoked command in '/home/rsl/rt-thread/bsp/rockchip/rk3568/temp/micro/mcu/build/microxrcedds_client' returned '0': CMAKE_PREFIX_PATH=/home/rsl/rt-thread/bsp/rockchip/rk3568/temp/micro/mcu/install:${CMAKE_PREFIX_PATH} PATH=/home/rsl/rt-thread/bsp/rockchip/rk3568/temp/micro/mcu/install/bin:${PATH} PYTHONPATH=/home/rsl/rt-thread/bsp/rockchip/rk3568/temp/micro/mcu/install/lib/python3.8/site-packages:${PYTHONPATH} /usr/bin/cmake --build /home/rsl/rt-thread/bsp/rockchip/rk3568/temp/micro/mcu/build/microxrcedds_client -- -j24 -l24
[1.070s] Invoking command in '/home/rsl/rt-thread/bsp/rockchip/rk3568/temp/micro/mcu/build/microxrcedds_client': CMAKE_PREFIX_PATH=/home/rsl/rt-thread/bsp/rockchip/rk3568/temp/micro/mcu/install:${CMAKE_PREFIX_PATH} PATH=/home/rsl/rt-thread/bsp/rockchip/rk3568/temp/micro/mcu/install/bin:${PATH} PYTHONPATH=/home/rsl/rt-thread/bsp/rockchip/rk3568/temp/micro/mcu/install/lib/python3.8/site-packages:${PYTHONPATH} /usr/bin/cmake --install /home/rsl/rt-thread/bsp/rockchip/rk3568/temp/micro/mcu/build/microxrcedds_client
[1.072s] -- Install configuration: "Release"
[1.073s] -- Installing: /home/rsl/rt-thread/bsp/rockchip/rk3568/temp/micro/mcu/install/lib/libmicroxrcedds_client.a
[1.073s] -- Installing: /home/rsl/rt-thread/bsp/rockchip/rk3568/temp/micro/mcu/install/include/uxr/client
[1.073s] -- Installing: /home/rsl/rt-thread/bsp/rockchip/rk3568/temp/micro/mcu/install/include/uxr/client/client.h
[1.073s] -- Installing: /home/rsl/rt-thread/bsp/rockchip/rk3568/temp/micro/mcu/install/include/uxr/client/visibility.h
[1.073s] -- Installing: /home/rsl/rt-thread/bsp/rockchip/rk3568/temp/micro/mcu/install/include/uxr/client/transport.h
[1.074s] -- Installing: /home/rsl/rt-thread/bsp/rockchip/rk3568/temp/micro/mcu/install/include/uxr/client/core
[1.074s] -- Installing: /home/rsl/rt-thread/bsp/rockchip/rk3568/temp/micro/mcu/install/include/uxr/client/core/communication
[1.074s] -- Installing: /home/rsl/rt-thread/bsp/rockchip/rk3568/temp/micro/mcu/install/include/uxr/client/core/communication/communication.h
[1.074s] -- Installing: /home/rsl/rt-thread/bsp/rockchip/rk3568/temp/micro/mcu/install/include/uxr/client/core/type
[1.074s] -- Installing: /home/rsl/rt-thread/bsp/rockchip/rk3568/temp/micro/mcu/install/include/uxr/client/core/type/xrce_types.h
[1.074s] -- Installing: /home/rsl/rt-thread/bsp/rockchip/rk3568/temp/micro/mcu/install/include/uxr/client/core/session
[1.074s] -- Installing: /home/rsl/rt-thread/bsp/rockchip/rk3568/temp/micro/mcu/install/include/uxr/client/core/session/object_id.h
[1.074s] -- Installing: /home/rsl/rt-thread/bsp/rockchip/rk3568/temp/micro/mcu/install/include/uxr/client/core/session/create_entities_bin.h
[1.075s] -- Installing: /home/rsl/rt-thread/bsp/rockchip/rk3568/temp/micro/mcu/install/include/uxr/client/core/session/session.h
[1.075s] -- Installing: /home/rsl/rt-thread/bsp/rockchip/rk3568/temp/micro/mcu/install/include/uxr/client/core/session/create_entities_ref.h
[1.075s] -- Installing: /home/rsl/rt-thread/bsp/rockchip/rk3568/temp/micro/mcu/install/include/uxr/client/core/session/common_create_entities.h
[1.075s] -- Installing: /home/rsl/rt-thread/bsp/rockchip/rk3568/temp/micro/mcu/install/include/uxr/client/core/session/time_sync.h
[1.075s] -- Installing: /home/rsl/rt-thread/bsp/rockchip/rk3568/temp/micro/mcu/install/include/uxr/client/core/session/session_info.h
[1.075s] -- Installing: /home/rsl/rt-thread/bsp/rockchip/rk3568/temp/micro/mcu/install/include/uxr/client/core/session/write_access.h
[1.075s] -- Installing: /home/rsl/rt-thread/bsp/rockchip/rk3568/temp/micro/mcu/install/include/uxr/client/core/session/create_entities_xml.h
[1.076s] -- Installing: /home/rsl/rt-thread/bsp/rockchip/rk3568/temp/micro/mcu/install/include/uxr/client/core/session/stream
[1.076s] -- Installing: /home/rsl/rt-thread/bsp/rockchip/rk3568/temp/micro/mcu/install/include/uxr/client/core/session/stream/input_reliable_stream.h
[1.076s] -- Installing: /home/rsl/rt-thread/bsp/rockchip/rk3568/temp/micro/mcu/install/include/uxr/client/core/session/stream/reliable_stream.h
[1.076s] -- Installing: /home/rsl/rt-thread/bsp/rockchip/rk3568/temp/micro/mcu/install/include/uxr/client/core/session/stream/output_reliable_stream.h
[1.076s] -- Installing: /home/rsl/rt-thread/bsp/rockchip/rk3568/temp/micro/mcu/install/include/uxr/client/core/session/stream/seq_num.h
[1.076s] -- Installing: /home/rsl/rt-thread/bsp/rockchip/rk3568/temp/micro/mcu/install/include/uxr/client/core/session/stream/output_best_effort_stream.h
[1.076s] -- Installing: /home/rsl/rt-thread/bsp/rockchip/rk3568/temp/micro/mcu/install/include/uxr/client/core/session/stream/input_best_effort_stream.h
[1.077s] -- Installing: /home/rsl/rt-thread/bsp/rockchip/rk3568/temp/micro/mcu/install/include/uxr/client/core/session/stream/stream_storage.h
[1.077s] -- Installing: /home/rsl/rt-thread/bsp/rockchip/rk3568/temp/micro/mcu/install/include/uxr/client/core/session/stream/stream_id.h
[1.077s] -- Installing: /home/rsl/rt-thread/bsp/rockchip/rk3568/temp/micro/mcu/install/include/uxr/client/core/session/read_access.h
[1.077s] -- Installing: /home/rsl/rt-thread/bsp/rockchip/rk3568/temp/micro/mcu/install/include/uxr/client/util
[1.077s] -- Installing: /home/rsl/rt-thread/bsp/rockchip/rk3568/temp/micro/mcu/install/include/uxr/client/util/time.h
[1.077s] -- Installing: /home/rsl/rt-thread/bsp/rockchip/rk3568/temp/micro/mcu/install/include/uxr/client/util/ping.h
[1.077s] -- Installing: /home/rsl/rt-thread/bsp/rockchip/rk3568/temp/micro/mcu/install/include/uxr/client/profile
[1.077s] -- Installing: /home/rsl/rt-thread/bsp/rockchip/rk3568/temp/micro/mcu/install/include/uxr/client/profile/transport
[1.077s] -- Installing: /home/rsl/rt-thread/bsp/rockchip/rk3568/temp/micro/mcu/install/include/uxr/client/profile/transport/custom
[1.078s] -- Installing: /home/rsl/rt-thread/bsp/rockchip/rk3568/temp/micro/mcu/install/include/uxr/client/profile/transport/custom/custom_transport.h
[1.078s] -- Installing: /home/rsl/rt-thread/bsp/rockchip/rk3568/temp/micro/mcu/install/include/uxr/client/profile/transport/serial
[1.078s] -- Installing: /home/rsl/rt-thread/bsp/rockchip/rk3568/temp/micro/mcu/install/include/uxr/client/profile/transport/serial/serial_transport_rtems_bsd_net.h
[1.078s] -- Installing: /home/rsl/rt-thread/bsp/rockchip/rk3568/temp/micro/mcu/install/include/uxr/client/profile/transport/serial/serial_transport_platform.h
[1.078s] -- Installing: /home/rsl/rt-thread/bsp/rockchip/rk3568/temp/micro/mcu/install/include/uxr/client/profile/transport/serial/serial_transport_posix.h
[1.079s] -- Installing: /home/rsl/rt-thread/bsp/rockchip/rk3568/temp/micro/mcu/install/include/uxr/client/profile/transport/serial/serial_transport.h
[1.079s] -- Installing: /home/rsl/rt-thread/bsp/rockchip/rk3568/temp/micro/mcu/install/include/uxr/client/profile/transport/stream_framing
[1.079s] -- Installing: /home/rsl/rt-thread/bsp/rockchip/rk3568/temp/micro/mcu/install/include/uxr/client/profile/transport/stream_framing/stream_framing_protocol.h
[1.079s] -- Installing: /home/rsl/rt-thread/bsp/rockchip/rk3568/temp/micro/mcu/install/include/uxr/client/profile/transport/ip
[1.079s] -- Installing: /home/rsl/rt-thread/bsp/rockchip/rk3568/temp/micro/mcu/install/include/uxr/client/profile/transport/ip/udp
[1.079s] -- Installing: /home/rsl/rt-thread/bsp/rockchip/rk3568/temp/micro/mcu/install/include/uxr/client/profile/transport/ip/udp/udp_transport.h
[1.079s] -- Installing: /home/rsl/rt-thread/bsp/rockchip/rk3568/temp/micro/mcu/install/include/uxr/client/profile/transport/ip/udp/udp_transport_windows.h
[1.079s] -- Installing: /home/rsl/rt-thread/bsp/rockchip/rk3568/temp/micro/mcu/install/include/uxr/client/profile/transport/ip/udp/udp_transport_posix.h
[1.080s] -- Installing: /home/rsl/rt-thread/bsp/rockchip/rk3568/temp/micro/mcu/install/include/uxr/client/profile/transport/ip/udp/udp_transport_rtems_bsd_net.h
[1.080s] -- Installing: /home/rsl/rt-thread/bsp/rockchip/rk3568/temp/micro/mcu/install/include/uxr/client/profile/transport/ip/udp/udp_transport_freertos_plus_tcp.h
[1.080s] -- Installing: /home/rsl/rt-thread/bsp/rockchip/rk3568/temp/micro/mcu/install/include/uxr/client/profile/transport/ip/udp/udp_transport_posix_nopoll.h
[1.080s] -- Installing: /home/rsl/rt-thread/bsp/rockchip/rk3568/temp/micro/mcu/install/include/uxr/client/profile/transport/ip/ip.h
[1.080s] -- Installing: /home/rsl/rt-thread/bsp/rockchip/rk3568/temp/micro/mcu/install/include/uxr/client/profile/transport/ip/tcp
[1.080s] -- Installing: /home/rsl/rt-thread/bsp/rockchip/rk3568/temp/micro/mcu/install/include/uxr/client/profile/transport/ip/tcp/tcp_transport_rtems_bsd_net.h
[1.080s] -- Installing: /home/rsl/rt-thread/bsp/rockchip/rk3568/temp/micro/mcu/install/include/uxr/client/profile/transport/ip/tcp/tcp_transport_posix_nopoll.h
[1.080s] -- Installing: /home/rsl/rt-thread/bsp/rockchip/rk3568/temp/micro/mcu/install/include/uxr/client/profile/transport/ip/tcp/tcp_transport_windows.h
[1.080s] -- Installing: /home/rsl/rt-thread/bsp/rockchip/rk3568/temp/micro/mcu/install/include/uxr/client/profile/transport/ip/tcp/tcp_transport_posix.h
[1.080s] -- Installing: /home/rsl/rt-thread/bsp/rockchip/rk3568/temp/micro/mcu/install/include/uxr/client/profile/transport/ip/tcp/tcp_transport.h
[1.081s] -- Installing: /home/rsl/rt-thread/bsp/rockchip/rk3568/temp/micro/mcu/install/include/uxr/client/profile/transport/ip/tcp/tcp_transport_freertos_plus_tcp.h
[1.081s] -- Installing: /home/rsl/rt-thread/bsp/rockchip/rk3568/temp/micro/mcu/install/include/uxr/client/profile/transport/can
[1.081s] -- Installing: /home/rsl/rt-thread/bsp/rockchip/rk3568/temp/micro/mcu/install/include/uxr/client/profile/transport/can/can_transport_posix.h
[1.081s] -- Installing: /home/rsl/rt-thread/bsp/rockchip/rk3568/temp/micro/mcu/install/include/uxr/client/profile/transport/can/can_transport.h
[1.081s] -- Installing: /home/rsl/rt-thread/bsp/rockchip/rk3568/temp/micro/mcu/install/include/uxr/client/profile/multithread
[1.081s] -- Installing: /home/rsl/rt-thread/bsp/rockchip/rk3568/temp/micro/mcu/install/include/uxr/client/profile/multithread/multithread.h
[1.081s] -- Installing: /home/rsl/rt-thread/bsp/rockchip/rk3568/temp/micro/mcu/install/include/uxr/client/profile/discovery
[1.081s] -- Installing: /home/rsl/rt-thread/bsp/rockchip/rk3568/temp/micro/mcu/install/include/uxr/client/profile/discovery/discovery.h
[1.082s] -- Installing: /home/rsl/rt-thread/bsp/rockchip/rk3568/temp/micro/mcu/install/include/uxr/client/defines.h
[1.082s] -- Installing: /home/rsl/rt-thread/bsp/rockchip/rk3568/temp/micro/mcu/install/include/uxr/client/config.h
[1.082s] -- Installing: /home/rsl/rt-thread/bsp/rockchip/rk3568/temp/micro/mcu/install/share/microxrcedds_client/cmake/microxrcedds_clientTargets.cmake
[1.082s] -- Installing: /home/rsl/rt-thread/bsp/rockchip/rk3568/temp/micro/mcu/install/share/microxrcedds_client/cmake/microxrcedds_clientTargets-release.cmake
[1.082s] -- Installing: /home/rsl/rt-thread/bsp/rockchip/rk3568/temp/micro/mcu/install/share/microxrcedds_client/cmake/microxrcedds_clientConfig.cmake
[1.082s] -- Installing: /home/rsl/rt-thread/bsp/rockchip/rk3568/temp/micro/mcu/install/share/microxrcedds_client/cmake/microxrcedds_clientConfigVersion.cmake
[1.085s] Invoked command in '/home/rsl/rt-thread/bsp/rockchip/rk3568/temp/micro/mcu/build/microxrcedds_client' returned '0': CMAKE_PREFIX_PATH=/home/rsl/rt-thread/bsp/rockchip/rk3568/temp/micro/mcu/install:${CMAKE_PREFIX_PATH} PATH=/home/rsl/rt-thread/bsp/rockchip/rk3568/temp/micro/mcu/install/bin:${PATH} PYTHONPATH=/home/rsl/rt-thread/bsp/rockchip/rk3568/temp/micro/mcu/install/lib/python3.8/site-packages:${PYTHONPATH} /usr/bin/cmake --install /home/rsl/rt-thread/bsp/rockchip/rk3568/temp/micro/mcu/build/microxrcedds_client
