-- The C compiler identification is GNU 10.3.1
-- The CXX compiler identification is GNU 10.3.1
-- Detecting C compiler ABI info
-- Detecting C compiler ABI info - done
-- Check for working C compiler: /home/rsl/gcc-arm-10.3-2021.07-x86_64-aarch64-none-elf/bin/aarch64-none-elf-gcc - skipped
-- Detecting C compile features
-- Detecting C compile features - done
-- Detecting CXX compiler ABI info
-- Detecting CXX compiler ABI info - done
-- Check for working CXX compiler: /home/rsl/gcc-arm-10.3-2021.07-x86_64-aarch64-none-elf/bin/aarch64-none-elf-g++ - skipped
-- Detecting CXX compile features
-- Detecting CXX compile features - done
-- Found ament_cmake: 1.3.11 (/home/rsl/rt-thread/bsp/rockchip/rk3568/temp/micro/dev/install/ament_cmake/share/ament_cmake/cmake)
-- Found Python3: /usr/bin/python3 (found version "3.8.10") found components: Interpreter
-- Found geometry_msgs: 4.8.0 (/home/rsl/rt-thread/bsp/rockchip/rk3568/temp/micro/mcu/install/share/geometry_msgs/cmake)
-- Using all available rosidl_typesupport_c: rosidl_typesupport_introspection_c;rosidl_typesupport_microxrcedds_c
-- Found rosidl_adapter: 3.1.6 (/home/rsl/rt-thread/bsp/rockchip/rk3568/temp/micro/mcu/install/share/rosidl_adapter/cmake)
-- Found rosidl_default_generators: 1.2.0 (/home/rsl/rt-thread/bsp/rockchip/rk3568/temp/micro/mcu/install/share/rosidl_default_generators/cmake)
-- Found ament_cmake_ros: 0.10.0 (/home/rsl/rt-thread/bsp/rockchip/rk3568/temp/micro/dev/install/ament_cmake_ros/share/ament_cmake_ros/cmake)
-- Using all available rosidl_typesupport_c: rosidl_typesupport_introspection_c;rosidl_typesupport_microxrcedds_c
-- Configuring done (1.0s)
-- Generating done (0.0s)
-- Build files have been written to: /home/rsl/rt-thread/bsp/rockchip/rk3568/temp/micro/mcu/build/shape_msgs
[  4%] [34m[1mGenerating C code for ROS interfaces[0m
[ 12%] [32mBuilding C object CMakeFiles/shape_msgs__rosidl_generator_c.dir/rosidl_generator_c/shape_msgs/msg/detail/mesh_triangle__functions.c.obj[0m
[ 12%] [32mBuilding C object CMakeFiles/shape_msgs__rosidl_generator_c.dir/rosidl_generator_c/shape_msgs/msg/detail/mesh__functions.c.obj[0m
[ 16%] [32mBuilding C object CMakeFiles/shape_msgs__rosidl_generator_c.dir/rosidl_generator_c/shape_msgs/msg/detail/plane__functions.c.obj[0m
[ 20%] [32mBuilding C object CMakeFiles/shape_msgs__rosidl_generator_c.dir/rosidl_generator_c/shape_msgs/msg/detail/solid_primitive__functions.c.obj[0m
[ 25%] [32m[1mLinking C static library libshape_msgs__rosidl_generator_c.a[0m
[ 25%] Built target shape_msgs__rosidl_generator_c
[ 33%] [34m[1mGenerating C introspection for ROS interfaces[0m
[ 33%] [34m[1mGenerating C type support for eProsima Micro XRCE-DDS[0m
[ 37%] [34m[1mGenerating C type support dispatch for ROS interfaces[0m
[ 41%] [32mBuilding CXX object CMakeFiles/shape_msgs__rosidl_typesupport_c.dir/rosidl_typesupport_c/shape_msgs/msg/solid_primitive__type_support.cpp.obj[0m
[ 50%] [32mBuilding CXX object CMakeFiles/shape_msgs__rosidl_typesupport_c.dir/rosidl_typesupport_c/shape_msgs/msg/mesh_triangle__type_support.cpp.obj[0m
[ 50%] [32mBuilding CXX object CMakeFiles/shape_msgs__rosidl_typesupport_c.dir/rosidl_typesupport_c/shape_msgs/msg/mesh__type_support.cpp.obj[0m
[ 54%] [32mBuilding CXX object CMakeFiles/shape_msgs__rosidl_typesupport_c.dir/rosidl_typesupport_c/shape_msgs/msg/plane__type_support.cpp.obj[0m
[ 58%] [32m[1mLinking CXX static library libshape_msgs__rosidl_typesupport_c.a[0m
[ 58%] Built target shape_msgs__rosidl_typesupport_c
[ 66%] [32mBuilding C object CMakeFiles/shape_msgs__rosidl_typesupport_introspection_c.dir/rosidl_typesupport_introspection_c/shape_msgs/msg/detail/mesh_triangle__type_support.c.obj[0m
[ 70%] [32mBuilding C object CMakeFiles/shape_msgs__rosidl_typesupport_introspection_c.dir/rosidl_typesupport_introspection_c/shape_msgs/msg/detail/solid_primitive__type_support.c.obj[0m
[ 75%] [32mBuilding C object CMakeFiles/shape_msgs__rosidl_typesupport_introspection_c.dir/rosidl_typesupport_introspection_c/shape_msgs/msg/detail/plane__type_support.c.obj[0m
[ 75%] [32mBuilding C object CMakeFiles/shape_msgs__rosidl_typesupport_introspection_c.dir/rosidl_typesupport_introspection_c/shape_msgs/msg/detail/mesh__type_support.c.obj[0m
[ 79%] [32mBuilding C object CMakeFiles/shape_msgs__rosidl_typesupport_microxrcedds_c.dir/rosidl_typesupport_microxrcedds_c/shape_msgs/msg/detail/microxrcedds/mesh_triangle__type_support_c.c.obj[0m
[ 83%] [32mBuilding C object CMakeFiles/shape_msgs__rosidl_typesupport_microxrcedds_c.dir/rosidl_typesupport_microxrcedds_c/shape_msgs/msg/detail/microxrcedds/mesh__type_support_c.c.obj[0m
[ 87%] [32mBuilding C object CMakeFiles/shape_msgs__rosidl_typesupport_microxrcedds_c.dir/rosidl_typesupport_microxrcedds_c/shape_msgs/msg/detail/microxrcedds/plane__type_support_c.c.obj[0m
[ 91%] [32mBuilding C object CMakeFiles/shape_msgs__rosidl_typesupport_microxrcedds_c.dir/rosidl_typesupport_microxrcedds_c/shape_msgs/msg/detail/microxrcedds/solid_primitive__type_support_c.c.obj[0m
[ 95%] [32m[1mLinking C static library libshape_msgs__rosidl_typesupport_introspection_c.a[0m
[ 95%] Built target shape_msgs__rosidl_typesupport_introspection_c
[100%] [32m[1mLinking CXX static library libshape_msgs__rosidl_typesupport_microxrcedds_c.a[0m
[100%] Built target shape_msgs__rosidl_typesupport_microxrcedds_c
[100%] Built target shape_msgs
-- Install configuration: "Release"
-- Installing: /home/rsl/rt-thread/bsp/rockchip/rk3568/temp/micro/mcu/install/share/ament_index/resource_index/rosidl_interfaces/shape_msgs
-- Installing: /home/rsl/rt-thread/bsp/rockchip/rk3568/temp/micro/mcu/install/include/shape_msgs/shape_msgs
-- Installing: /home/rsl/rt-thread/bsp/rockchip/rk3568/temp/micro/mcu/install/include/shape_msgs/shape_msgs/msg
-- Installing: /home/rsl/rt-thread/bsp/rockchip/rk3568/temp/micro/mcu/install/include/shape_msgs/shape_msgs/msg/rosidl_generator_c__visibility_control.h
-- Installing: /home/rsl/rt-thread/bsp/rockchip/rk3568/temp/micro/mcu/install/include/shape_msgs/shape_msgs/msg/mesh.h
-- Installing: /home/rsl/rt-thread/bsp/rockchip/rk3568/temp/micro/mcu/install/include/shape_msgs/shape_msgs/msg/mesh_triangle.h
-- Installing: /home/rsl/rt-thread/bsp/rockchip/rk3568/temp/micro/mcu/install/include/shape_msgs/shape_msgs/msg/detail
-- Installing: /home/rsl/rt-thread/bsp/rockchip/rk3568/temp/micro/mcu/install/include/shape_msgs/shape_msgs/msg/detail/solid_primitive__struct.h
-- Installing: /home/rsl/rt-thread/bsp/rockchip/rk3568/temp/micro/mcu/install/include/shape_msgs/shape_msgs/msg/detail/solid_primitive__functions.h
-- Installing: /home/rsl/rt-thread/bsp/rockchip/rk3568/temp/micro/mcu/install/include/shape_msgs/shape_msgs/msg/detail/mesh_triangle__functions.h
-- Installing: /home/rsl/rt-thread/bsp/rockchip/rk3568/temp/micro/mcu/install/include/shape_msgs/shape_msgs/msg/detail/plane__functions.h
-- Installing: /home/rsl/rt-thread/bsp/rockchip/rk3568/temp/micro/mcu/install/include/shape_msgs/shape_msgs/msg/detail/mesh_triangle__struct.h
-- Installing: /home/rsl/rt-thread/bsp/rockchip/rk3568/temp/micro/mcu/install/include/shape_msgs/shape_msgs/msg/detail/solid_primitive__functions.c
-- Installing: /home/rsl/rt-thread/bsp/rockchip/rk3568/temp/micro/mcu/install/include/shape_msgs/shape_msgs/msg/detail/plane__functions.c
-- Installing: /home/rsl/rt-thread/bsp/rockchip/rk3568/temp/micro/mcu/install/include/shape_msgs/shape_msgs/msg/detail/solid_primitive__type_support.h
-- Installing: /home/rsl/rt-thread/bsp/rockchip/rk3568/temp/micro/mcu/install/include/shape_msgs/shape_msgs/msg/detail/plane__struct.h
-- Installing: /home/rsl/rt-thread/bsp/rockchip/rk3568/temp/micro/mcu/install/include/shape_msgs/shape_msgs/msg/detail/mesh__functions.h
-- Installing: /home/rsl/rt-thread/bsp/rockchip/rk3568/temp/micro/mcu/install/include/shape_msgs/shape_msgs/msg/detail/mesh__type_support.h
-- Installing: /home/rsl/rt-thread/bsp/rockchip/rk3568/temp/micro/mcu/install/include/shape_msgs/shape_msgs/msg/detail/mesh__struct.h
-- Installing: /home/rsl/rt-thread/bsp/rockchip/rk3568/temp/micro/mcu/install/include/shape_msgs/shape_msgs/msg/detail/mesh__functions.c
-- Installing: /home/rsl/rt-thread/bsp/rockchip/rk3568/temp/micro/mcu/install/include/shape_msgs/shape_msgs/msg/detail/plane__type_support.h
-- Installing: /home/rsl/rt-thread/bsp/rockchip/rk3568/temp/micro/mcu/install/include/shape_msgs/shape_msgs/msg/detail/mesh_triangle__functions.c
-- Installing: /home/rsl/rt-thread/bsp/rockchip/rk3568/temp/micro/mcu/install/include/shape_msgs/shape_msgs/msg/detail/mesh_triangle__type_support.h
-- Installing: /home/rsl/rt-thread/bsp/rockchip/rk3568/temp/micro/mcu/install/include/shape_msgs/shape_msgs/msg/plane.h
-- Installing: /home/rsl/rt-thread/bsp/rockchip/rk3568/temp/micro/mcu/install/include/shape_msgs/shape_msgs/msg/solid_primitive.h
-- Installing: /home/rsl/rt-thread/bsp/rockchip/rk3568/temp/micro/mcu/install/share/shape_msgs/environment/library_path.sh
-- Installing: /home/rsl/rt-thread/bsp/rockchip/rk3568/temp/micro/mcu/install/share/shape_msgs/environment/library_path.dsv
-- Installing: /home/rsl/rt-thread/bsp/rockchip/rk3568/temp/micro/mcu/install/lib/libshape_msgs__rosidl_generator_c.a
-- Up-to-date: /home/rsl/rt-thread/bsp/rockchip/rk3568/temp/micro/mcu/install/include/shape_msgs/shape_msgs
-- Up-to-date: /home/rsl/rt-thread/bsp/rockchip/rk3568/temp/micro/mcu/install/include/shape_msgs/shape_msgs/msg
-- Installing: /home/rsl/rt-thread/bsp/rockchip/rk3568/temp/micro/mcu/install/include/shape_msgs/shape_msgs/msg/rosidl_typesupport_introspection_c__visibility_control.h
-- Up-to-date: /home/rsl/rt-thread/bsp/rockchip/rk3568/temp/micro/mcu/install/include/shape_msgs/shape_msgs/msg/detail
-- Installing: /home/rsl/rt-thread/bsp/rockchip/rk3568/temp/micro/mcu/install/include/shape_msgs/shape_msgs/msg/detail/solid_primitive__rosidl_typesupport_introspection_c.h
-- Installing: /home/rsl/rt-thread/bsp/rockchip/rk3568/temp/micro/mcu/install/include/shape_msgs/shape_msgs/msg/detail/solid_primitive__type_support.c
-- Installing: /home/rsl/rt-thread/bsp/rockchip/rk3568/temp/micro/mcu/install/include/shape_msgs/shape_msgs/msg/detail/mesh__rosidl_typesupport_introspection_c.h
-- Installing: /home/rsl/rt-thread/bsp/rockchip/rk3568/temp/micro/mcu/install/include/shape_msgs/shape_msgs/msg/detail/plane__type_support.c
-- Installing: /home/rsl/rt-thread/bsp/rockchip/rk3568/temp/micro/mcu/install/include/shape_msgs/shape_msgs/msg/detail/mesh__type_support.c
-- Installing: /home/rsl/rt-thread/bsp/rockchip/rk3568/temp/micro/mcu/install/include/shape_msgs/shape_msgs/msg/detail/mesh_triangle__rosidl_typesupport_introspection_c.h
-- Installing: /home/rsl/rt-thread/bsp/rockchip/rk3568/temp/micro/mcu/install/include/shape_msgs/shape_msgs/msg/detail/mesh_triangle__type_support.c
-- Installing: /home/rsl/rt-thread/bsp/rockchip/rk3568/temp/micro/mcu/install/include/shape_msgs/shape_msgs/msg/detail/plane__rosidl_typesupport_introspection_c.h
-- Installing: /home/rsl/rt-thread/bsp/rockchip/rk3568/temp/micro/mcu/install/lib/libshape_msgs__rosidl_typesupport_introspection_c.a
-- Up-to-date: /home/rsl/rt-thread/bsp/rockchip/rk3568/temp/micro/mcu/install/include/shape_msgs
-- Installing: /home/rsl/rt-thread/bsp/rockchip/rk3568/temp/micro/mcu/install/include/shape_msgs/msg
-- Installing: /home/rsl/rt-thread/bsp/rockchip/rk3568/temp/micro/mcu/install/include/shape_msgs/msg/detail
-- Installing: /home/rsl/rt-thread/bsp/rockchip/rk3568/temp/micro/mcu/install/include/shape_msgs/msg/detail/solid_primitive__rosidl_typesupport_microxrcedds_c.h
-- Installing: /home/rsl/rt-thread/bsp/rockchip/rk3568/temp/micro/mcu/install/include/shape_msgs/msg/detail/microxrcedds
-- Installing: /home/rsl/rt-thread/bsp/rockchip/rk3568/temp/micro/mcu/install/include/shape_msgs/msg/detail/mesh__rosidl_typesupport_microxrcedds_c.h
-- Installing: /home/rsl/rt-thread/bsp/rockchip/rk3568/temp/micro/mcu/install/include/shape_msgs/msg/detail/plane__rosidl_typesupport_microxrcedds_c.h
-- Installing: /home/rsl/rt-thread/bsp/rockchip/rk3568/temp/micro/mcu/install/include/shape_msgs/msg/detail/mesh_triangle__rosidl_typesupport_microxrcedds_c.h
-- Installing: /home/rsl/rt-thread/bsp/rockchip/rk3568/temp/micro/mcu/install/include/shape_msgs/msg/rosidl_typesupport_microxrcedds_c__visibility_control.h
-- Installing: /home/rsl/rt-thread/bsp/rockchip/rk3568/temp/micro/mcu/install/lib/libshape_msgs__rosidl_typesupport_microxrcedds_c.a
-- Installing: /home/rsl/rt-thread/bsp/rockchip/rk3568/temp/micro/mcu/install/lib/libshape_msgs__rosidl_typesupport_c.a
-- Installing: /home/rsl/rt-thread/bsp/rockchip/rk3568/temp/micro/mcu/install/share/shape_msgs/msg/Mesh.idl
-- Installing: /home/rsl/rt-thread/bsp/rockchip/rk3568/temp/micro/mcu/install/share/shape_msgs/msg/MeshTriangle.idl
-- Installing: /home/rsl/rt-thread/bsp/rockchip/rk3568/temp/micro/mcu/install/share/shape_msgs/msg/Plane.idl
-- Installing: /home/rsl/rt-thread/bsp/rockchip/rk3568/temp/micro/mcu/install/share/shape_msgs/msg/SolidPrimitive.idl
-- Installing: /home/rsl/rt-thread/bsp/rockchip/rk3568/temp/micro/mcu/install/share/shape_msgs/msg/Mesh.msg
-- Installing: /home/rsl/rt-thread/bsp/rockchip/rk3568/temp/micro/mcu/install/share/shape_msgs/msg/MeshTriangle.msg
-- Installing: /home/rsl/rt-thread/bsp/rockchip/rk3568/temp/micro/mcu/install/share/shape_msgs/msg/Plane.msg
-- Installing: /home/rsl/rt-thread/bsp/rockchip/rk3568/temp/micro/mcu/install/share/shape_msgs/msg/SolidPrimitive.msg
-- Installing: /home/rsl/rt-thread/bsp/rockchip/rk3568/temp/micro/mcu/install/share/ament_index/resource_index/package_run_dependencies/shape_msgs
-- Installing: /home/rsl/rt-thread/bsp/rockchip/rk3568/temp/micro/mcu/install/share/ament_index/resource_index/parent_prefix_path/shape_msgs
-- Installing: /home/rsl/rt-thread/bsp/rockchip/rk3568/temp/micro/mcu/install/share/shape_msgs/environment/ament_prefix_path.sh
-- Installing: /home/rsl/rt-thread/bsp/rockchip/rk3568/temp/micro/mcu/install/share/shape_msgs/environment/ament_prefix_path.dsv
-- Installing: /home/rsl/rt-thread/bsp/rockchip/rk3568/temp/micro/mcu/install/share/shape_msgs/environment/path.sh
-- Installing: /home/rsl/rt-thread/bsp/rockchip/rk3568/temp/micro/mcu/install/share/shape_msgs/environment/path.dsv
-- Installing: /home/rsl/rt-thread/bsp/rockchip/rk3568/temp/micro/mcu/install/share/shape_msgs/local_setup.bash
-- Installing: /home/rsl/rt-thread/bsp/rockchip/rk3568/temp/micro/mcu/install/share/shape_msgs/local_setup.sh
-- Installing: /home/rsl/rt-thread/bsp/rockchip/rk3568/temp/micro/mcu/install/share/shape_msgs/local_setup.zsh
-- Installing: /home/rsl/rt-thread/bsp/rockchip/rk3568/temp/micro/mcu/install/share/shape_msgs/local_setup.dsv
-- Installing: /home/rsl/rt-thread/bsp/rockchip/rk3568/temp/micro/mcu/install/share/shape_msgs/package.dsv
-- Installing: /home/rsl/rt-thread/bsp/rockchip/rk3568/temp/micro/mcu/install/share/ament_index/resource_index/packages/shape_msgs
-- Installing: /home/rsl/rt-thread/bsp/rockchip/rk3568/temp/micro/mcu/install/share/shape_msgs/cmake/export_shape_msgs__rosidl_generator_cExport.cmake
-- Installing: /home/rsl/rt-thread/bsp/rockchip/rk3568/temp/micro/mcu/install/share/shape_msgs/cmake/export_shape_msgs__rosidl_generator_cExport-release.cmake
-- Installing: /home/rsl/rt-thread/bsp/rockchip/rk3568/temp/micro/mcu/install/share/shape_msgs/cmake/shape_msgs__rosidl_typesupport_introspection_cExport.cmake
-- Installing: /home/rsl/rt-thread/bsp/rockchip/rk3568/temp/micro/mcu/install/share/shape_msgs/cmake/shape_msgs__rosidl_typesupport_introspection_cExport-release.cmake
-- Installing: /home/rsl/rt-thread/bsp/rockchip/rk3568/temp/micro/mcu/install/share/shape_msgs/cmake/shape_msgs__rosidl_typesupport_cExport.cmake
-- Installing: /home/rsl/rt-thread/bsp/rockchip/rk3568/temp/micro/mcu/install/share/shape_msgs/cmake/shape_msgs__rosidl_typesupport_cExport-release.cmake
-- Installing: /home/rsl/rt-thread/bsp/rockchip/rk3568/temp/micro/mcu/install/share/shape_msgs/cmake/rosidl_cmake-extras.cmake
-- Installing: /home/rsl/rt-thread/bsp/rockchip/rk3568/temp/micro/mcu/install/share/shape_msgs/cmake/ament_cmake_export_dependencies-extras.cmake
-- Installing: /home/rsl/rt-thread/bsp/rockchip/rk3568/temp/micro/mcu/install/share/shape_msgs/cmake/ament_cmake_export_include_directories-extras.cmake
-- Installing: /home/rsl/rt-thread/bsp/rockchip/rk3568/temp/micro/mcu/install/share/shape_msgs/cmake/ament_cmake_export_libraries-extras.cmake
-- Installing: /home/rsl/rt-thread/bsp/rockchip/rk3568/temp/micro/mcu/install/share/shape_msgs/cmake/ament_cmake_export_targets-extras.cmake
-- Installing: /home/rsl/rt-thread/bsp/rockchip/rk3568/temp/micro/mcu/install/share/shape_msgs/cmake/rosidl_cmake_export_typesupport_targets-extras.cmake
-- Installing: /home/rsl/rt-thread/bsp/rockchip/rk3568/temp/micro/mcu/install/share/shape_msgs/cmake/rosidl_cmake_export_typesupport_libraries-extras.cmake
-- Installing: /home/rsl/rt-thread/bsp/rockchip/rk3568/temp/micro/mcu/install/share/shape_msgs/cmake/shape_msgsConfig.cmake
-- Installing: /home/rsl/rt-thread/bsp/rockchip/rk3568/temp/micro/mcu/install/share/shape_msgs/cmake/shape_msgsConfig-version.cmake
-- Installing: /home/rsl/rt-thread/bsp/rockchip/rk3568/temp/micro/mcu/install/share/shape_msgs/package.xml
