[0.901s] Invoking command in '/home/rsl/rt-thread/bsp/rockchip/rk3568/temp/micro/mcu/src/ros2_tracing/tracetools_trace': PYTHONPATH=/home/rsl/rt-thread/bsp/rockchip/rk3568/temp/micro/mcu/build/tracetools_trace/prefix_override:/home/rsl/.local/lib/python3.8/site-packages/colcon_core/task/python/colcon_distutils_commands:/home/rsl/rt-thread/bsp/rockchip/rk3568/temp/micro/mcu/install/lib/python3.8/site-packages:${PYTHONPATH} /usr/bin/python3 -W ignore:setup.py install is deprecated -W ignore:easy_install command is deprecated setup.py egg_info --egg-base ../../../build/tracetools_trace build --build-base /home/rsl/rt-thread/bsp/rockchip/rk3568/temp/micro/mcu/build/tracetools_trace/build install --record /home/rsl/rt-thread/bsp/rockchip/rk3568/temp/micro/mcu/build/tracetools_trace/install.log --single-version-externally-managed install_data
[1.029s] running egg_info
[1.029s] creating ../../../build/tracetools_trace/tracetools_trace.egg-info
[1.030s] writing ../../../build/tracetools_trace/tracetools_trace.egg-info/PKG-INFO
[1.030s] writing dependency_links to ../../../build/tracetools_trace/tracetools_trace.egg-info/dependency_links.txt
[1.030s] writing entry points to ../../../build/tracetools_trace/tracetools_trace.egg-info/entry_points.txt
[1.030s] writing requirements to ../../../build/tracetools_trace/tracetools_trace.egg-info/requires.txt
[1.031s] writing top-level names to ../../../build/tracetools_trace/tracetools_trace.egg-info/top_level.txt
[1.031s] writing manifest file '../../../build/tracetools_trace/tracetools_trace.egg-info/SOURCES.txt'
[1.053s] reading manifest file '../../../build/tracetools_trace/tracetools_trace.egg-info/SOURCES.txt'
[1.054s] writing manifest file '../../../build/tracetools_trace/tracetools_trace.egg-info/SOURCES.txt'
[1.054s] running build
[1.054s] running build_py
[1.055s] creating /home/rsl/rt-thread/bsp/rockchip/rk3568/temp/micro/mcu/build/tracetools_trace/build
[1.056s] creating /home/rsl/rt-thread/bsp/rockchip/rk3568/temp/micro/mcu/build/tracetools_trace/build/lib
[1.056s] creating /home/rsl/rt-thread/bsp/rockchip/rk3568/temp/micro/mcu/build/tracetools_trace/build/lib/tracetools_trace
[1.057s] copying tracetools_trace/trace.py -> /home/rsl/rt-thread/bsp/rockchip/rk3568/temp/micro/mcu/build/tracetools_trace/build/lib/tracetools_trace
[1.057s] copying tracetools_trace/__init__.py -> /home/rsl/rt-thread/bsp/rockchip/rk3568/temp/micro/mcu/build/tracetools_trace/build/lib/tracetools_trace
[1.057s] creating /home/rsl/rt-thread/bsp/rockchip/rk3568/temp/micro/mcu/build/tracetools_trace/build/lib/tracetools_trace/tools
[1.057s] copying tracetools_trace/tools/lttng_stub.py -> /home/rsl/rt-thread/bsp/rockchip/rk3568/temp/micro/mcu/build/tracetools_trace/build/lib/tracetools_trace/tools
[1.057s] copying tracetools_trace/tools/lttng_impl.py -> /home/rsl/rt-thread/bsp/rockchip/rk3568/temp/micro/mcu/build/tracetools_trace/build/lib/tracetools_trace/tools
[1.057s] copying tracetools_trace/tools/__init__.py -> /home/rsl/rt-thread/bsp/rockchip/rk3568/temp/micro/mcu/build/tracetools_trace/build/lib/tracetools_trace/tools
[1.058s] copying tracetools_trace/tools/signals.py -> /home/rsl/rt-thread/bsp/rockchip/rk3568/temp/micro/mcu/build/tracetools_trace/build/lib/tracetools_trace/tools
[1.058s] copying tracetools_trace/tools/path.py -> /home/rsl/rt-thread/bsp/rockchip/rk3568/temp/micro/mcu/build/tracetools_trace/build/lib/tracetools_trace/tools
[1.058s] copying tracetools_trace/tools/names.py -> /home/rsl/rt-thread/bsp/rockchip/rk3568/temp/micro/mcu/build/tracetools_trace/build/lib/tracetools_trace/tools
[1.058s] copying tracetools_trace/tools/args.py -> /home/rsl/rt-thread/bsp/rockchip/rk3568/temp/micro/mcu/build/tracetools_trace/build/lib/tracetools_trace/tools
[1.058s] copying tracetools_trace/tools/tracepoints.py -> /home/rsl/rt-thread/bsp/rockchip/rk3568/temp/micro/mcu/build/tracetools_trace/build/lib/tracetools_trace/tools
[1.058s] copying tracetools_trace/tools/lttng.py -> /home/rsl/rt-thread/bsp/rockchip/rk3568/temp/micro/mcu/build/tracetools_trace/build/lib/tracetools_trace/tools
[1.059s] running install
[1.060s] running install_lib
[1.061s] creating /home/rsl/rt-thread/bsp/rockchip/rk3568/temp/micro/mcu/install/lib/python3.8/site-packages/tracetools_trace
[1.061s] copying /home/rsl/rt-thread/bsp/rockchip/rk3568/temp/micro/mcu/build/tracetools_trace/build/lib/tracetools_trace/trace.py -> /home/rsl/rt-thread/bsp/rockchip/rk3568/temp/micro/mcu/install/lib/python3.8/site-packages/tracetools_trace
[1.061s] copying /home/rsl/rt-thread/bsp/rockchip/rk3568/temp/micro/mcu/build/tracetools_trace/build/lib/tracetools_trace/__init__.py -> /home/rsl/rt-thread/bsp/rockchip/rk3568/temp/micro/mcu/install/lib/python3.8/site-packages/tracetools_trace
[1.062s] creating /home/rsl/rt-thread/bsp/rockchip/rk3568/temp/micro/mcu/install/lib/python3.8/site-packages/tracetools_trace/tools
[1.062s] copying /home/rsl/rt-thread/bsp/rockchip/rk3568/temp/micro/mcu/build/tracetools_trace/build/lib/tracetools_trace/tools/lttng_stub.py -> /home/rsl/rt-thread/bsp/rockchip/rk3568/temp/micro/mcu/install/lib/python3.8/site-packages/tracetools_trace/tools
[1.062s] copying /home/rsl/rt-thread/bsp/rockchip/rk3568/temp/micro/mcu/build/tracetools_trace/build/lib/tracetools_trace/tools/lttng_impl.py -> /home/rsl/rt-thread/bsp/rockchip/rk3568/temp/micro/mcu/install/lib/python3.8/site-packages/tracetools_trace/tools
[1.062s] copying /home/rsl/rt-thread/bsp/rockchip/rk3568/temp/micro/mcu/build/tracetools_trace/build/lib/tracetools_trace/tools/__init__.py -> /home/rsl/rt-thread/bsp/rockchip/rk3568/temp/micro/mcu/install/lib/python3.8/site-packages/tracetools_trace/tools
[1.063s] copying /home/rsl/rt-thread/bsp/rockchip/rk3568/temp/micro/mcu/build/tracetools_trace/build/lib/tracetools_trace/tools/signals.py -> /home/rsl/rt-thread/bsp/rockchip/rk3568/temp/micro/mcu/install/lib/python3.8/site-packages/tracetools_trace/tools
[1.063s] copying /home/rsl/rt-thread/bsp/rockchip/rk3568/temp/micro/mcu/build/tracetools_trace/build/lib/tracetools_trace/tools/path.py -> /home/rsl/rt-thread/bsp/rockchip/rk3568/temp/micro/mcu/install/lib/python3.8/site-packages/tracetools_trace/tools
[1.063s] copying /home/rsl/rt-thread/bsp/rockchip/rk3568/temp/micro/mcu/build/tracetools_trace/build/lib/tracetools_trace/tools/names.py -> /home/rsl/rt-thread/bsp/rockchip/rk3568/temp/micro/mcu/install/lib/python3.8/site-packages/tracetools_trace/tools
[1.063s] copying /home/rsl/rt-thread/bsp/rockchip/rk3568/temp/micro/mcu/build/tracetools_trace/build/lib/tracetools_trace/tools/args.py -> /home/rsl/rt-thread/bsp/rockchip/rk3568/temp/micro/mcu/install/lib/python3.8/site-packages/tracetools_trace/tools
[1.063s] copying /home/rsl/rt-thread/bsp/rockchip/rk3568/temp/micro/mcu/build/tracetools_trace/build/lib/tracetools_trace/tools/tracepoints.py -> /home/rsl/rt-thread/bsp/rockchip/rk3568/temp/micro/mcu/install/lib/python3.8/site-packages/tracetools_trace/tools
[1.063s] copying /home/rsl/rt-thread/bsp/rockchip/rk3568/temp/micro/mcu/build/tracetools_trace/build/lib/tracetools_trace/tools/lttng.py -> /home/rsl/rt-thread/bsp/rockchip/rk3568/temp/micro/mcu/install/lib/python3.8/site-packages/tracetools_trace/tools
[1.063s] byte-compiling /home/rsl/rt-thread/bsp/rockchip/rk3568/temp/micro/mcu/install/lib/python3.8/site-packages/tracetools_trace/trace.py to trace.cpython-38.pyc
[1.064s] byte-compiling /home/rsl/rt-thread/bsp/rockchip/rk3568/temp/micro/mcu/install/lib/python3.8/site-packages/tracetools_trace/__init__.py to __init__.cpython-38.pyc
[1.064s] byte-compiling /home/rsl/rt-thread/bsp/rockchip/rk3568/temp/micro/mcu/install/lib/python3.8/site-packages/tracetools_trace/tools/lttng_stub.py to lttng_stub.cpython-38.pyc
[1.064s] byte-compiling /home/rsl/rt-thread/bsp/rockchip/rk3568/temp/micro/mcu/install/lib/python3.8/site-packages/tracetools_trace/tools/lttng_impl.py to lttng_impl.cpython-38.pyc
[1.065s] byte-compiling /home/rsl/rt-thread/bsp/rockchip/rk3568/temp/micro/mcu/install/lib/python3.8/site-packages/tracetools_trace/tools/__init__.py to __init__.cpython-38.pyc
[1.065s] byte-compiling /home/rsl/rt-thread/bsp/rockchip/rk3568/temp/micro/mcu/install/lib/python3.8/site-packages/tracetools_trace/tools/signals.py to signals.cpython-38.pyc
[1.065s] byte-compiling /home/rsl/rt-thread/bsp/rockchip/rk3568/temp/micro/mcu/install/lib/python3.8/site-packages/tracetools_trace/tools/path.py to path.cpython-38.pyc
[1.065s] byte-compiling /home/rsl/rt-thread/bsp/rockchip/rk3568/temp/micro/mcu/install/lib/python3.8/site-packages/tracetools_trace/tools/names.py to names.cpython-38.pyc
[1.065s] byte-compiling /home/rsl/rt-thread/bsp/rockchip/rk3568/temp/micro/mcu/install/lib/python3.8/site-packages/tracetools_trace/tools/args.py to args.cpython-38.pyc
[1.066s] byte-compiling /home/rsl/rt-thread/bsp/rockchip/rk3568/temp/micro/mcu/install/lib/python3.8/site-packages/tracetools_trace/tools/tracepoints.py to tracepoints.cpython-38.pyc
[1.066s] byte-compiling /home/rsl/rt-thread/bsp/rockchip/rk3568/temp/micro/mcu/install/lib/python3.8/site-packages/tracetools_trace/tools/lttng.py to lttng.cpython-38.pyc
[1.066s] running install_data
[1.066s] copying package.xml -> /home/rsl/rt-thread/bsp/rockchip/rk3568/temp/micro/mcu/install/share/tracetools_trace
[1.066s] copying resource/tracetools_trace -> /home/rsl/rt-thread/bsp/rockchip/rk3568/temp/micro/mcu/install/share/ament_index/resource_index/packages
[1.066s] running install_egg_info
[1.066s] Copying ../../../build/tracetools_trace/tracetools_trace.egg-info to /home/rsl/rt-thread/bsp/rockchip/rk3568/temp/micro/mcu/install/lib/python3.8/site-packages/tracetools_trace-4.1.1-py3.8.egg-info
[1.067s] running install_scripts
[1.084s] Installing trace script to /home/rsl/rt-thread/bsp/rockchip/rk3568/temp/micro/mcu/install/lib/tracetools_trace
[1.084s] writing list of installed files to '/home/rsl/rt-thread/bsp/rockchip/rk3568/temp/micro/mcu/build/tracetools_trace/install.log'
[1.126s] Invoked command in '/home/rsl/rt-thread/bsp/rockchip/rk3568/temp/micro/mcu/src/ros2_tracing/tracetools_trace' returned '0': PYTHONPATH=/home/rsl/rt-thread/bsp/rockchip/rk3568/temp/micro/mcu/build/tracetools_trace/prefix_override:/home/rsl/.local/lib/python3.8/site-packages/colcon_core/task/python/colcon_distutils_commands:/home/rsl/rt-thread/bsp/rockchip/rk3568/temp/micro/mcu/install/lib/python3.8/site-packages:${PYTHONPATH} /usr/bin/python3 -W ignore:setup.py install is deprecated -W ignore:easy_install command is deprecated setup.py egg_info --egg-base ../../../build/tracetools_trace build --build-base /home/rsl/rt-thread/bsp/rockchip/rk3568/temp/micro/mcu/build/tracetools_trace/build install --record /home/rsl/rt-thread/bsp/rockchip/rk3568/temp/micro/mcu/build/tracetools_trace/install.log --single-version-externally-managed install_data
