[0.203s] Invoking command in '/home/rsl/rt-thread/bsp/rockchip/rk3568/temp/micro/mcu/build/microcdr': /usr/bin/cmake /home/rsl/rt-thread/bsp/rockchip/rk3568/temp/micro/mcu/src/micro-CDR -DCMAKE_INSTALL_LIBDIR=lib -DCMAKE_POSITION_INDEPENDENT_CODE:BOOL=OFF -DTHIRDPARTY=ON -DBUILD_SHARED_LIBS=OFF -DBUILD_TESTING=OFF -DCMAKE_BUILD_TYPE=Release --toolchain=/home/rsl/rt-thread/bsp/rockchip/rk3568/packages/micro_ros_rtthread_component/builder/toolchain.cmake -G Unix Makefiles -DUCDR_ISOLATED_INSTALL=OFF -DUCDR_PIC=OFF -DCMAKE_INSTALL_PREFIX=/home/rsl/rt-thread/bsp/rockchip/rk3568/temp/micro/mcu/install
[0.583s] -- The C compiler identification is GNU 10.3.1
[0.583s] -- Detecting C compiler ABI info
[0.583s] -- Detecting C compiler ABI info - done
[0.583s] -- Check for working C compiler: /home/rsl/gcc-arm-10.3-2021.07-x86_64-aarch64-none-elf/bin/aarch64-none-elf-gcc - skipped
[0.583s] -- Detecting C compile features
[0.584s] -- Detecting C compile features - done
[0.584s] -- The CXX compiler identification is GNU 10.3.1
[0.584s] -- Detecting CXX compiler ABI info
[0.584s] -- Detecting CXX compiler ABI info - done
[0.584s] -- Check for working CXX compiler: /home/rsl/gcc-arm-10.3-2021.07-x86_64-aarch64-none-elf/bin/aarch64-none-elf-g++ - skipped
[0.584s] -- Detecting CXX compile features
[0.584s] -- Detecting CXX compile features - done
[0.584s] -- Configuring done (0.2s)
[0.584s] -- Generating done (0.0s)
[0.585s] -- Build files have been written to: /home/rsl/rt-thread/bsp/rockchip/rk3568/temp/micro/mcu/build/microcdr
[0.586s] [33mCMake Warning:
[0.586s]   Manually-specified variables were not used by the project:
[0.586s] 
[0.586s]     BUILD_TESTING
[0.586s]     CMAKE_INSTALL_LIBDIR
[0.586s]     THIRDPARTY
[0.587s] 
[0.587s] [0m
[0.606s] Invoked command in '/home/rsl/rt-thread/bsp/rockchip/rk3568/temp/micro/mcu/build/microcdr' returned '0': /usr/bin/cmake /home/rsl/rt-thread/bsp/rockchip/rk3568/temp/micro/mcu/src/micro-CDR -DCMAKE_INSTALL_LIBDIR=lib -DCMAKE_POSITION_INDEPENDENT_CODE:BOOL=OFF -DTHIRDPARTY=ON -DBUILD_SHARED_LIBS=OFF -DBUILD_TESTING=OFF -DCMAKE_BUILD_TYPE=Release --toolchain=/home/rsl/rt-thread/bsp/rockchip/rk3568/packages/micro_ros_rtthread_component/builder/toolchain.cmake -G Unix Makefiles -DUCDR_ISOLATED_INSTALL=OFF -DUCDR_PIC=OFF -DCMAKE_INSTALL_PREFIX=/home/rsl/rt-thread/bsp/rockchip/rk3568/temp/micro/mcu/install
[0.607s] Invoking command in '/home/rsl/rt-thread/bsp/rockchip/rk3568/temp/micro/mcu/build/microcdr': /usr/bin/cmake --build /home/rsl/rt-thread/bsp/rockchip/rk3568/temp/micro/mcu/build/microcdr -- -j24 -l24
[0.614s] [ 12%] [34m[1mCreating directories for 'ucdr'[0m
[0.622s] [ 25%] [34m[1mNo download step for 'ucdr'[0m
[0.631s] [ 37%] [34m[1mNo update step for 'ucdr'[0m
[0.640s] [ 50%] [34m[1mNo patch step for 'ucdr'[0m
[0.657s] [ 62%] [34m[1mPerforming configure step for 'ucdr'[0m
[0.658s] loading initial cache file /home/rsl/rt-thread/bsp/rockchip/rk3568/temp/micro/mcu/build/microcdr/ucdr-prefix/tmp/ucdr-cache-Release.cmake
[0.659s] -- Configuring done (0.0s)
[0.672s] -- Generating done (0.0s)
[0.673s] -- Build files have been written to: /home/rsl/rt-thread/bsp/rockchip/rk3568/temp/micro/mcu/build/microcdr
[0.674s] [ 75%] [34m[1mPerforming build step for 'ucdr'[0m
[0.686s] [ 33%] [32mBuilding C object CMakeFiles/microcdr.dir/src/c/common.c.obj[0m
[0.686s] [ 33%] [32mBuilding C object CMakeFiles/microcdr.dir/src/c/types/basic.c.obj[0m
[0.687s] [ 66%] [32mBuilding C object CMakeFiles/microcdr.dir/src/c/types/array.c.obj[0m
[0.687s] [ 66%] [32mBuilding C object CMakeFiles/microcdr.dir/src/c/types/string.c.obj[0m
[0.687s] [ 83%] [32mBuilding C object CMakeFiles/microcdr.dir/src/c/types/sequence.c.obj[0m
[1.192s] [100%] [32m[1mLinking C static library libmicrocdr.a[0m
[1.205s] [100%] Built target microcdr
[1.213s] [34m[1mNo install step for 'ucdr'[0m
[1.221s] [34m[1mCompleted 'ucdr'[0m
[1.230s] Built target ucdr
[1.494s] Invoked command in '/home/rsl/rt-thread/bsp/rockchip/rk3568/temp/micro/mcu/build/microcdr' returned '0': /usr/bin/cmake --build /home/rsl/rt-thread/bsp/rockchip/rk3568/temp/micro/mcu/build/microcdr -- -j24 -l24
[1.498s] Invoking command in '/home/rsl/rt-thread/bsp/rockchip/rk3568/temp/micro/mcu/build/microcdr': /usr/bin/cmake --install /home/rsl/rt-thread/bsp/rockchip/rk3568/temp/micro/mcu/build/microcdr
[1.503s] -- Install configuration: "Release"
[1.503s] -- Installing: /home/rsl/rt-thread/bsp/rockchip/rk3568/temp/micro/mcu/install/lib/libmicrocdr.a
[1.504s] -- Installing: /home/rsl/rt-thread/bsp/rockchip/rk3568/temp/micro/mcu/install/include/ucdr
[1.504s] -- Installing: /home/rsl/rt-thread/bsp/rockchip/rk3568/temp/micro/mcu/install/include/ucdr/visibility.h
[1.504s] -- Installing: /home/rsl/rt-thread/bsp/rockchip/rk3568/temp/micro/mcu/install/include/ucdr/microcdr.h
[1.504s] -- Installing: /home/rsl/rt-thread/bsp/rockchip/rk3568/temp/micro/mcu/install/include/ucdr/config.h
[1.504s] -- Installing: /home/rsl/rt-thread/bsp/rockchip/rk3568/temp/micro/mcu/install/share/microcdr/cmake/microcdrTargets.cmake
[1.504s] -- Installing: /home/rsl/rt-thread/bsp/rockchip/rk3568/temp/micro/mcu/install/share/microcdr/cmake/microcdrTargets-release.cmake
[1.504s] -- Installing: /home/rsl/rt-thread/bsp/rockchip/rk3568/temp/micro/mcu/install/share/microcdr/cmake/microcdrConfig.cmake
[1.504s] -- Installing: /home/rsl/rt-thread/bsp/rockchip/rk3568/temp/micro/mcu/install/share/microcdr/cmake/microcdrConfigVersion.cmake
[1.515s] Invoked command in '/home/rsl/rt-thread/bsp/rockchip/rk3568/temp/micro/mcu/build/microcdr' returned '0': /usr/bin/cmake --install /home/rsl/rt-thread/bsp/rockchip/rk3568/temp/micro/mcu/build/microcdr
