[0mCMake Deprecation Warning at CMakeLists.txt:1 (cmake_minimum_required):
  Compatibility with CMake < 3.10 will be removed from a future version of
  CMake.

  Update the VERSION argument <min> value.  Or, use the <min>...<max> syntax
  to tell CMake that the project requires at least <min> but has been updated
  to work with policies introduced by <max> or earlier.

[0m
[33mCMake Warning at /home/rsl/rt-thread/bsp/rockchip/rk3568/temp/micro/mcu/install/share/rcutils/cmake/ament_cmake_export_libraries-extras.cmake:116 (message):
  Package 'rcutils' exports library 'dl' which couldn't be found
Call Stack (most recent call first):
  /home/rsl/rt-thread/bsp/rockchip/rk3568/temp/micro/mcu/install/share/rcutils/cmake/rcutilsConfig.cmake:41 (include)
  /home/rsl/rt-thread/bsp/rockchip/rk3568/temp/micro/mcu/install/share/rosidl_runtime_c/cmake/ament_cmake_export_dependencies-extras.cmake:21 (find_package)
  /home/rsl/rt-thread/bsp/rockchip/rk3568/temp/micro/mcu/install/share/rosidl_runtime_c/cmake/rosidl_runtime_cConfig.cmake:41 (include)
  /home/rsl/rt-thread/bsp/rockchip/rk3568/temp/micro/mcu/install/share/lifecycle_msgs/cmake/ament_cmake_export_dependencies-extras.cmake:21 (find_package)
  /home/rsl/rt-thread/bsp/rockchip/rk3568/temp/micro/mcu/install/share/lifecycle_msgs/cmake/lifecycle_msgsConfig.cmake:41 (include)
  CMakeLists.txt:8 (find_package)

[0m
[33mCMake Warning:
  Manually-specified variables were not used by the project:

    CMAKE_INSTALL_LIBDIR
    THIRDPARTY

[0m
[01m[K/home/rsl/rt-thread/bsp/rockchip/rk3568/temp/micro/mcu/src/rcl/rcl_lifecycle/src/rcl_lifecycle.c:[m[K In function '[01m[Krcl_lifecycle_state_machine_fini[m[K':
[01m[K/home/rsl/rt-thread/bsp/rockchip/rk3568/temp/micro/mcu/src/rcl/rcl_lifecycle/src/rcl_lifecycle.c:265:24:[m[K [01;35m[Kwarning: [m[Kunused variable '[01m[Kerror_string[m[K' [[01;35m[K-Wunused-variable[m[K]
  265 |     rcl_error_string_t [01;35m[Kerror_string[m[K = rcl_get_error_string();
      |                        [01;35m[K^~~~~~~~~~~~[m[K
[01m[K/home/rsl/rt-thread/bsp/rockchip/rk3568/temp/micro/mcu/src/rcl/rcl_lifecycle/src/rcl_lifecycle.c:275:24:[m[K [01;35m[Kwarning: [m[Kunused variable '[01m[Kerror_string[m[K' [[01;35m[K-Wunused-variable[m[K]
  275 |     rcl_error_string_t [01;35m[Kerror_string[m[K = rcl_get_error_string();
      |                        [01;35m[K^~~~~~~~~~~~[m[K
[01m[K/home/rsl/rt-thread/bsp/rockchip/rk3568/temp/micro/mcu/src/rcl/rcl_lifecycle/src/rcl_lifecycle.c:[m[K In function '[01m[K_trigger_transition[m[K':
[01m[K/home/rsl/rt-thread/bsp/rockchip/rk3568/temp/micro/mcu/src/rcl/rcl_lifecycle/src/rcl_lifecycle.c:366:26:[m[K [01;35m[Kwarning: [m[Kunused variable '[01m[Kerror_string[m[K' [[01;35m[K-Wunused-variable[m[K]
  366 |       rcl_error_string_t [01;35m[Kerror_string[m[K = rcl_get_error_string();
      |                          [01;35m[K^~~~~~~~~~~~[m[K
