[  3%] Built target ament_generate_version_header__rcl
[  6%] [32mBuilding C object CMakeFiles/rcl.dir/src/rcl/common.c.obj[0m
[ 10%] [32mBuilding C object CMakeFiles/rcl.dir/src/rcl/context.c.obj[0m
[ 13%] [32mBuilding C object CMakeFiles/rcl.dir/src/rcl/client.c.obj[0m
[ 16%] [32mBuilding C object CMakeFiles/rcl.dir/src/rcl/event.c.obj[0m
[ 20%] [32mBuilding C object CMakeFiles/rcl.dir/src/rcl/expand_topic_name.c.obj[0m
[ 23%] [32mBuilding C object CMakeFiles/rcl.dir/src/rcl/graph.c.obj[0m
[ 26%] [32mBuilding C object CMakeFiles/rcl.dir/src/rcl/domain_id.c.obj[0m
[ 30%] [32mBuilding C object CMakeFiles/rcl.dir/src/rcl/init.c.obj[0m
[ 33%] [32mBuilding C object CMakeFiles/rcl.dir/src/rcl/init_options.c.obj[0m
[ 36%] [32mBuilding C object CMakeFiles/rcl.dir/src/rcl/lexer.c.obj[0m
[ 40%] [32mBuilding C object CMakeFiles/rcl.dir/src/rcl/localhost.c.obj[0m
[ 43%] [32mBuilding C object CMakeFiles/rcl.dir/src/rcl/guard_condition.c.obj[0m
[ 46%] [32mBuilding C object CMakeFiles/rcl.dir/src/rcl/lexer_lookahead.c.obj[0m
[ 50%] [32mBuilding C object CMakeFiles/rcl.dir/src/rcl/network_flow_endpoints.c.obj[0m
[ 53%] [32mBuilding C object CMakeFiles/rcl.dir/src/rcl/node.c.obj[0m
[ 60%] [32mBuilding C object CMakeFiles/rcl.dir/src/rcl/publisher.c.obj[0m
[ 60%] [32mBuilding C object CMakeFiles/rcl.dir/src/rcl/node_options.c.obj[0m
[ 63%] [32mBuilding C object CMakeFiles/rcl.dir/src/rcl/rmw_implementation_identifier_check.c.obj[0m
[ 66%] [32mBuilding C object CMakeFiles/rcl.dir/src/rcl/service.c.obj[0m
[ 70%] [32mBuilding C object CMakeFiles/rcl.dir/src/rcl/remap.c.obj[0m
[ 73%] [32mBuilding C object CMakeFiles/rcl.dir/src/rcl/security.c.obj[0m
[ 76%] [32mBuilding C object CMakeFiles/rcl.dir/src/rcl/subscription.c.obj[0m
[ 80%] [32mBuilding C object CMakeFiles/rcl.dir/src/rcl/time.c.obj[0m
[ 83%] [32mBuilding C object CMakeFiles/rcl.dir/src/rcl/node_resolve_name.c.obj[0m
[ 86%] [32mBuilding C object CMakeFiles/rcl.dir/src/rcl/validate_enclave_name.c.obj[0m
[ 90%] [32mBuilding C object CMakeFiles/rcl.dir/src/rcl/validate_topic_name.c.obj[0m
[ 93%] [32mBuilding C object CMakeFiles/rcl.dir/src/rcl/timer.c.obj[0m
[ 96%] [32mBuilding C object CMakeFiles/rcl.dir/src/rcl/wait.c.obj[0m
[01m[K/home/rsl/rt-thread/bsp/rockchip/rk3568/temp/micro/mcu/src/rcl/rcl/src/rcl/init_options.c:[m[K In function '[01m[Krcl_init_options_copy[m[K':
[01m[K/home/rsl/rt-thread/bsp/rockchip/rk3568/temp/micro/mcu/src/rcl/rcl/src/rcl/init_options.c:108:24:[m[K [01;35m[Kwarning: [m[Kunused variable '[01m[Kerror_string[m[K' [[01;35m[K-Wunused-variable[m[K]
  108 |     rmw_error_string_t [01;35m[Kerror_string[m[K = rmw_get_error_string();
      |                        [01;35m[K^~~~~~~~~~~~[m[K
[01m[K/home/rsl/rt-thread/bsp/rockchip/rk3568/temp/micro/mcu/src/rcl/rcl/src/rcl/network_flow_endpoints.c:[m[K In function '[01m[K__validate_network_flow_endpoint_array[m[K':
[01m[K/home/rsl/rt-thread/bsp/rockchip/rk3568/temp/micro/mcu/src/rcl/rcl/src/rcl/network_flow_endpoints.c:43:22:[m[K [01;35m[Kwarning: [m[Kvariable '[01m[Kerror_string[m[K' set but not used [[01;35m[K-Wunused-but-set-variable[m[K]
   43 |   rmw_error_string_t [01;35m[Kerror_string[m[K;
      |                      [01;35m[K^~~~~~~~~~~~[m[K
[01m[K/home/rsl/rt-thread/bsp/rockchip/rk3568/temp/micro/mcu/src/rcl/rcl/src/rcl/network_flow_endpoints.c:[m[K In function '[01m[Krcl_publisher_get_network_flow_endpoints[m[K':
[01m[K/home/rsl/rt-thread/bsp/rockchip/rk3568/temp/micro/mcu/src/rcl/rcl/src/rcl/network_flow_endpoints.c:75:22:[m[K [01;35m[Kwarning: [m[Kvariable '[01m[Kerror_string[m[K' set but not used [[01;35m[K-Wunused-but-set-variable[m[K]
   75 |   rmw_error_string_t [01;35m[Kerror_string[m[K;
      |                      [01;35m[K^~~~~~~~~~~~[m[K
[01m[K/home/rsl/rt-thread/bsp/rockchip/rk3568/temp/micro/mcu/src/rcl/rcl/src/rcl/network_flow_endpoints.c:[m[K In function '[01m[Krcl_subscription_get_network_flow_endpoints[m[K':
[01m[K/home/rsl/rt-thread/bsp/rockchip/rk3568/temp/micro/mcu/src/rcl/rcl/src/rcl/network_flow_endpoints.c:106:22:[m[K [01;35m[Kwarning: [m[Kvariable '[01m[Kerror_string[m[K' set but not used [[01;35m[K-Wunused-but-set-variable[m[K]
  106 |   rmw_error_string_t [01;35m[Kerror_string[m[K;
      |                      [01;35m[K^~~~~~~~~~~~[m[K
[01m[K/home/rsl/rt-thread/bsp/rockchip/rk3568/temp/micro/mcu/src/rcl/rcl/src/rcl/graph.c:[m[K In function '[01m[K__validate_node_name_and_namespace[m[K':
[01m[K/home/rsl/rt-thread/bsp/rockchip/rk3568/temp/micro/mcu/src/rcl/rcl/src/rcl/graph.c:56:18:[m[K [01;35m[Kwarning: [m[Kunused variable '[01m[Kmsg[m[K' [[01;35m[K-Wunused-variable[m[K]
   56 |     const char * [01;35m[Kmsg[m[K = rmw_namespace_validation_result_string(validation_result);
      |                  [01;35m[K^~~[m[K
[01m[K/home/rsl/rt-thread/bsp/rockchip/rk3568/temp/micro/mcu/src/rcl/rcl/src/rcl/graph.c:68:18:[m[K [01;35m[Kwarning: [m[Kunused variable '[01m[Kmsg[m[K' [[01;35m[K-Wunused-variable[m[K]
   68 |     const char * [01;35m[Kmsg[m[K = rmw_node_name_validation_result_string(validation_result);
      |                  [01;35m[K^~~[m[K
[01m[K/home/rsl/rt-thread/bsp/rockchip/rk3568/temp/micro/mcu/src/rcl/rcl/src/rcl/graph.c:[m[K In function '[01m[K_rcl_wait_for_entities[m[K':
[01m[K/home/rsl/rt-thread/bsp/rockchip/rk3568/temp/micro/mcu/src/rcl/rcl/src/rcl/graph.c:524:28:[m[K [01;35m[Kwarning: [m[Kunused variable '[01m[Kerror[m[K' [[01;35m[K-Wunused-variable[m[K]
  524 |     rcutils_error_string_t [01;35m[Kerror[m[K = rcutils_get_error_string();
      |                            [01;35m[K^~~~~[m[K
[01m[K/home/rsl/rt-thread/bsp/rockchip/rk3568/temp/micro/mcu/src/rcl/rcl/src/rcl/rmw_implementation_identifier_check.c:[m[K In function '[01m[Krcl_rmw_implementation_identifier_check[m[K':
[01m[K/home/rsl/rt-thread/bsp/rockchip/rk3568/temp/micro/mcu/src/rcl/rcl/src/rcl/rmw_implementation_identifier_check.c:136:34:[m[K [01;35m[Kwarning: [m[Kunused variable '[01m[Krmw_error_msg[m[K' [[01;35m[K-Wunused-variable[m[K]
  136 |     const rcutils_error_string_t [01;35m[Krmw_error_msg[m[K = rcl_get_error_string();
      |                                  [01;35m[K^~~~~~~~~~~~~[m[K
[01m[K/home/rsl/rt-thread/bsp/rockchip/rk3568/temp/micro/mcu/src/rcl/rcl/src/rcl/graph.c:558:32:[m[K [01;35m[Kwarning: [m[Kunused variable '[01m[Kerror[m[K' [[01;35m[K-Wunused-variable[m[K]
  558 |         rcutils_error_string_t [01;35m[Kerror[m[K = rcutils_get_error_string();
      |                                [01;35m[K^~~~~[m[K
[01m[K/home/rsl/rt-thread/bsp/rockchip/rk3568/temp/micro/mcu/src/rcl/rcl/src/rcl/graph.c:[m[K In function '[01m[K__rcl_get_info_by_topic[m[K':
[01m[K/home/rsl/rt-thread/bsp/rockchip/rk3568/temp/micro/mcu/src/rcl/rcl/src/rcl/graph.c:657:22:[m[K [01;35m[Kwarning: [m[Kvariable '[01m[Kerror_string[m[K' set but not used [[01;35m[K-Wunused-but-set-variable[m[K]
  657 |   rmw_error_string_t [01;35m[Kerror_string[m[K;
      |                      [01;35m[K^~~~~~~~~~~~[m[K
At top level:
[01m[K/home/rsl/rt-thread/bsp/rockchip/rk3568/temp/micro/mcu/src/rcl/rcl/src/rcl/rmw_implementation_identifier_check.c:168:13:[m[K [01;35m[Kwarning: [m[K'[01m[Kinitialize[m[K' defined but not used [[01;35m[K-Wunused-function[m[K]
  168 | INITIALIZER([01;35m[Kinitialize[m[K) {
      |             [01;35m[K^~~~~~~~~~[m[K
[01m[K/home/rsl/rt-thread/bsp/rockchip/rk3568/temp/micro/mcu/src/rcl/rcl/src/rcl/rmw_implementation_identifier_check.c:54:15:[m[K [01;36m[Knote: [m[Kin definition of macro '[01m[KINITIALIZER[m[K'
   54 |   static void [01;36m[Kf[m[K(void)
      |               [01;36m[K^[m[K
[01m[K/home/rsl/rt-thread/bsp/rockchip/rk3568/temp/micro/mcu/src/rcl/rcl/src/rcl/node.c:[m[K In function '[01m[Krcl_node_init[m[K':
[01m[K/home/rsl/rt-thread/bsp/rockchip/rk3568/temp/micro/mcu/src/rcl/rcl/src/rcl/node.c:166:18:[m[K [01;35m[Kwarning: [m[Kunused variable '[01m[Kmsg[m[K' [[01;35m[K-Wunused-variable[m[K]
  166 |     const char * [01;35m[Kmsg[m[K = rmw_node_name_validation_result_string(validation_result);
      |                  [01;35m[K^~~[m[K
[01m[K/home/rsl/rt-thread/bsp/rockchip/rk3568/temp/micro/mcu/src/rcl/rcl/src/rcl/node.c:198:18:[m[K [01;35m[Kwarning: [m[Kunused variable '[01m[Kmsg[m[K' [[01;35m[K-Wunused-variable[m[K]
  198 |     const char * [01;35m[Kmsg[m[K = rmw_namespace_validation_result_string(validation_result);
      |                  [01;35m[K^~~[m[K
[01m[K/home/rsl/rt-thread/bsp/rockchip/rk3568/temp/micro/mcu/src/rcl/rcl/src/rcl/node_resolve_name.c:[m[K In function '[01m[Krcl_resolve_name[m[K':
[01m[K/home/rsl/rt-thread/bsp/rockchip/rk3568/temp/micro/mcu/src/rcl/rcl/src/rcl/node_resolve_name.c:49:28:[m[K [01;35m[Kwarning: [m[Kunused variable '[01m[Kerror[m[K' [[01;35m[K-Wunused-variable[m[K]
   49 |     rcutils_error_string_t [01;35m[Kerror[m[K = rcutils_get_error_string();
      |                            [01;35m[K^~~~~[m[K
[01m[K/home/rsl/rt-thread/bsp/rockchip/rk3568/temp/micro/mcu/src/rcl/rcl/src/rcl/node_resolve_name.c:97:18:[m[K [01;35m[Kwarning: [m[Kunused variable '[01m[Kerror[m[K' [[01;35m[K-Wunused-variable[m[K]
   97 |     const char * [01;35m[Kerror[m[K = rmw_get_error_string().str;
      |                  [01;35m[K^~~~~[m[K
[01m[K/home/rsl/rt-thread/bsp/rockchip/rk3568/temp/micro/mcu/src/rcl/rcl/src/rcl/node_resolve_name.c:114:28:[m[K [01;35m[Kwarning: [m[Kunused variable '[01m[Kerror[m[K' [[01;35m[K-Wunused-variable[m[K]
  114 |     rcutils_error_string_t [01;35m[Kerror[m[K = rcutils_get_error_string();
      |                            [01;35m[K^~~~~[m[K
[01m[K/home/rsl/rt-thread/bsp/rockchip/rk3568/temp/micro/mcu/src/rcl/rcl/src/rcl/node_resolve_name.c:33:27:[m[K [01;35m[Kwarning: [m[Kunused parameter '[01m[Klocal_args[m[K' [[01;35m[K-Wunused-parameter[m[K]
   33 |   [01;35m[Kconst rcl_arguments_t * local_args[m[K,
      |   [01;35m[K~~~~~~~~~~~~~~~~~~~~~~~~^~~~~~~~~~[m[K
[01m[K/home/rsl/rt-thread/bsp/rockchip/rk3568/temp/micro/mcu/src/rcl/rcl/src/rcl/node_resolve_name.c:34:27:[m[K [01;35m[Kwarning: [m[Kunused parameter '[01m[Kglobal_args[m[K' [[01;35m[K-Wunused-parameter[m[K]
   34 |   [01;35m[Kconst rcl_arguments_t * global_args[m[K,
      |   [01;35m[K~~~~~~~~~~~~~~~~~~~~~~~~^~~~~~~~~~~[m[K
[01m[K/home/rsl/rt-thread/bsp/rockchip/rk3568/temp/micro/mcu/src/rcl/rcl/src/rcl/node_resolve_name.c:40:8:[m[K [01;35m[Kwarning: [m[Kunused parameter '[01m[Konly_expand[m[K' [[01;35m[K-Wunused-parameter[m[K]
   40 |   bool [01;35m[Ko[m[Knly_expand,
      |        [01;35m[K^[m[K
In file included from [01m[K/home/rsl/rt-thread/bsp/rockchip/rk3568/temp/micro/mcu/src/rcl/rcl/src/rcl/validate_topic_name.c:22[m[K:
[01m[K/home/rsl/rt-thread/bsp/rockchip/rk3568/temp/micro/mcu/src/rcl/rcl/src/rcl/validate_topic_name.c:[m[K In function '[01m[Krcl_validate_topic_name_with_size[m[K':
[01m[K/home/rsl/rt-thread/bsp/rockchip/rk3568/temp/micro/mcu/src/rcl/rcl/src/rcl/validate_topic_name.c:58:25:[m[K [01;35m[Kwarning: [m[Karray subscript has type '[01m[Kchar[m[K' [[01;35m[K-Wchar-subscripts[m[K]
   58 |   if (isdigit([01;35m[Ktopic_name[0][m[K) != 0) {
      |               [01;35m[K~~~~~~~~~~^~~[m[K
[01m[K/home/rsl/rt-thread/bsp/rockchip/rk3568/temp/micro/mcu/src/rcl/rcl/src/rcl/validate_topic_name.c:84:27:[m[K [01;35m[Kwarning: [m[Karray subscript has type '[01m[Kchar[m[K' [[01;35m[K-Wchar-subscripts[m[K]
   84 |         isdigit([01;35m[Ktopic_name[i][m[K) != 0 &&
      |                 [01;35m[K~~~~~~~~~~^~~[m[K
[01m[K/home/rsl/rt-thread/bsp/rockchip/rk3568/temp/micro/mcu/src/rcl/rcl/src/rcl/validate_topic_name.c:179:29:[m[K [01;35m[Kwarning: [m[Karray subscript has type '[01m[Kchar[m[K' [[01;35m[K-Wchar-subscripts[m[K]
  179 |       if (isdigit([01;35m[Ktopic_name[i + 1][m[K) != 0) {
      |                   [01;35m[K~~~~~~~~~~^~~~~~~[m[K
[100%] [32m[1mLinking CXX static library librcl.a[0m
[100%] Built target rcl
-- Install configuration: "Release"
-- Installing: /home/rsl/rt-thread/bsp/rockchip/rk3568/temp/micro/mcu/install/lib/librcl.a
-- Up-to-date: /home/rsl/rt-thread/bsp/rockchip/rk3568/temp/micro/mcu/install/share/rcl/environment/library_path.sh
-- Up-to-date: /home/rsl/rt-thread/bsp/rockchip/rk3568/temp/micro/mcu/install/share/rcl/environment/library_path.dsv
-- Up-to-date: /home/rsl/rt-thread/bsp/rockchip/rk3568/temp/micro/mcu/install/include/rcl/rcl/version.h
-- Up-to-date: /home/rsl/rt-thread/bsp/rockchip/rk3568/temp/micro/mcu/install/share/ament_index/resource_index/package_run_dependencies/rcl
-- Up-to-date: /home/rsl/rt-thread/bsp/rockchip/rk3568/temp/micro/mcu/install/share/ament_index/resource_index/parent_prefix_path/rcl
-- Up-to-date: /home/rsl/rt-thread/bsp/rockchip/rk3568/temp/micro/mcu/install/share/rcl/environment/ament_prefix_path.sh
-- Up-to-date: /home/rsl/rt-thread/bsp/rockchip/rk3568/temp/micro/mcu/install/share/rcl/environment/ament_prefix_path.dsv
-- Up-to-date: /home/rsl/rt-thread/bsp/rockchip/rk3568/temp/micro/mcu/install/share/rcl/environment/path.sh
-- Up-to-date: /home/rsl/rt-thread/bsp/rockchip/rk3568/temp/micro/mcu/install/share/rcl/environment/path.dsv
-- Up-to-date: /home/rsl/rt-thread/bsp/rockchip/rk3568/temp/micro/mcu/install/share/rcl/local_setup.bash
-- Up-to-date: /home/rsl/rt-thread/bsp/rockchip/rk3568/temp/micro/mcu/install/share/rcl/local_setup.sh
-- Up-to-date: /home/rsl/rt-thread/bsp/rockchip/rk3568/temp/micro/mcu/install/share/rcl/local_setup.zsh
-- Up-to-date: /home/rsl/rt-thread/bsp/rockchip/rk3568/temp/micro/mcu/install/share/rcl/local_setup.dsv
-- Installing: /home/rsl/rt-thread/bsp/rockchip/rk3568/temp/micro/mcu/install/share/rcl/package.dsv
-- Up-to-date: /home/rsl/rt-thread/bsp/rockchip/rk3568/temp/micro/mcu/install/share/ament_index/resource_index/packages/rcl
-- Up-to-date: /home/rsl/rt-thread/bsp/rockchip/rk3568/temp/micro/mcu/install/share/rcl/cmake/rclExport.cmake
-- Up-to-date: /home/rsl/rt-thread/bsp/rockchip/rk3568/temp/micro/mcu/install/share/rcl/cmake/rclExport-release.cmake
-- Up-to-date: /home/rsl/rt-thread/bsp/rockchip/rk3568/temp/micro/mcu/install/share/rcl/cmake/rcl-extras.cmake
-- Up-to-date: /home/rsl/rt-thread/bsp/rockchip/rk3568/temp/micro/mcu/install/share/rcl/cmake/ament_cmake_export_include_directories-extras.cmake
-- Up-to-date: /home/rsl/rt-thread/bsp/rockchip/rk3568/temp/micro/mcu/install/share/rcl/cmake/ament_cmake_export_libraries-extras.cmake
-- Up-to-date: /home/rsl/rt-thread/bsp/rockchip/rk3568/temp/micro/mcu/install/share/rcl/cmake/ament_cmake_export_targets-extras.cmake
-- Up-to-date: /home/rsl/rt-thread/bsp/rockchip/rk3568/temp/micro/mcu/install/share/rcl/cmake/ament_cmake_export_dependencies-extras.cmake
-- Up-to-date: /home/rsl/rt-thread/bsp/rockchip/rk3568/temp/micro/mcu/install/share/rcl/cmake/rclConfig.cmake
-- Up-to-date: /home/rsl/rt-thread/bsp/rockchip/rk3568/temp/micro/mcu/install/share/rcl/cmake/rclConfig-version.cmake
-- Up-to-date: /home/rsl/rt-thread/bsp/rockchip/rk3568/temp/micro/mcu/install/share/rcl/package.xml
-- Up-to-date: /home/rsl/rt-thread/bsp/rockchip/rk3568/temp/micro/mcu/install/share/rcl/cmake
-- Up-to-date: /home/rsl/rt-thread/bsp/rockchip/rk3568/temp/micro/mcu/install/share/rcl/cmake/get_default_rcl_logging_implementation.cmake
-- Up-to-date: /home/rsl/rt-thread/bsp/rockchip/rk3568/temp/micro/mcu/install/share/rcl/cmake/rcl_set_symbol_visibility_hidden.cmake
-- Up-to-date: /home/rsl/rt-thread/bsp/rockchip/rk3568/temp/micro/mcu/install/include/rcl
-- Up-to-date: /home/rsl/rt-thread/bsp/rockchip/rk3568/temp/micro/mcu/install/include/rcl/rcl
-- Up-to-date: /home/rsl/rt-thread/bsp/rockchip/rk3568/temp/micro/mcu/install/include/rcl/rcl/client.h
-- Up-to-date: /home/rsl/rt-thread/bsp/rockchip/rk3568/temp/micro/mcu/install/include/rcl/rcl/macros.h
-- Up-to-date: /home/rsl/rt-thread/bsp/rockchip/rk3568/temp/micro/mcu/install/include/rcl/rcl/remap.h
-- Up-to-date: /home/rsl/rt-thread/bsp/rockchip/rk3568/temp/micro/mcu/install/include/rcl/rcl/validate_enclave_name.h
-- Up-to-date: /home/rsl/rt-thread/bsp/rockchip/rk3568/temp/micro/mcu/install/include/rcl/rcl/types.h
-- Installing: /home/rsl/rt-thread/bsp/rockchip/rk3568/temp/micro/mcu/install/include/rcl/rcl/error_handling.h
-- Up-to-date: /home/rsl/rt-thread/bsp/rockchip/rk3568/temp/micro/mcu/install/include/rcl/rcl/node_options.h
-- Up-to-date: /home/rsl/rt-thread/bsp/rockchip/rk3568/temp/micro/mcu/install/include/rcl/rcl/context.h
-- Up-to-date: /home/rsl/rt-thread/bsp/rockchip/rk3568/temp/micro/mcu/install/include/rcl/rcl/lexer_lookahead.h
-- Up-to-date: /home/rsl/rt-thread/bsp/rockchip/rk3568/temp/micro/mcu/install/include/rcl/rcl/validate_topic_name.h
-- Up-to-date: /home/rsl/rt-thread/bsp/rockchip/rk3568/temp/micro/mcu/install/include/rcl/rcl/network_flow_endpoints.h
-- Up-to-date: /home/rsl/rt-thread/bsp/rockchip/rk3568/temp/micro/mcu/install/include/rcl/rcl/logging_rosout.h
-- Up-to-date: /home/rsl/rt-thread/bsp/rockchip/rk3568/temp/micro/mcu/install/include/rcl/rcl/time.h
-- Up-to-date: /home/rsl/rt-thread/bsp/rockchip/rk3568/temp/micro/mcu/install/include/rcl/rcl/security.h
-- Up-to-date: /home/rsl/rt-thread/bsp/rockchip/rk3568/temp/micro/mcu/install/include/rcl/rcl/subscription.h
-- Up-to-date: /home/rsl/rt-thread/bsp/rockchip/rk3568/temp/micro/mcu/install/include/rcl/rcl/wait.h
-- Up-to-date: /home/rsl/rt-thread/bsp/rockchip/rk3568/temp/micro/mcu/install/include/rcl/rcl/expand_topic_name.h
-- Up-to-date: /home/rsl/rt-thread/bsp/rockchip/rk3568/temp/micro/mcu/install/include/rcl/rcl/event_callback.h
-- Up-to-date: /home/rsl/rt-thread/bsp/rockchip/rk3568/temp/micro/mcu/install/include/rcl/rcl/guard_condition.h
-- Up-to-date: /home/rsl/rt-thread/bsp/rockchip/rk3568/temp/micro/mcu/install/include/rcl/rcl/domain_id.h
-- Up-to-date: /home/rsl/rt-thread/bsp/rockchip/rk3568/temp/micro/mcu/install/include/rcl/rcl/timer.h
-- Up-to-date: /home/rsl/rt-thread/bsp/rockchip/rk3568/temp/micro/mcu/install/include/rcl/rcl/arguments.h
-- Up-to-date: /home/rsl/rt-thread/bsp/rockchip/rk3568/temp/micro/mcu/install/include/rcl/rcl/log_level.h
-- Up-to-date: /home/rsl/rt-thread/bsp/rockchip/rk3568/temp/micro/mcu/install/include/rcl/rcl/node.h
-- Up-to-date: /home/rsl/rt-thread/bsp/rockchip/rk3568/temp/micro/mcu/install/include/rcl/rcl/allocator.h
-- Up-to-date: /home/rsl/rt-thread/bsp/rockchip/rk3568/temp/micro/mcu/install/include/rcl/rcl/logging.h
-- Up-to-date: /home/rsl/rt-thread/bsp/rockchip/rk3568/temp/micro/mcu/install/include/rcl/rcl/service.h
-- Up-to-date: /home/rsl/rt-thread/bsp/rockchip/rk3568/temp/micro/mcu/install/include/rcl/rcl/init_options.h
-- Up-to-date: /home/rsl/rt-thread/bsp/rockchip/rk3568/temp/micro/mcu/install/include/rcl/rcl/lexer.h
-- Up-to-date: /home/rsl/rt-thread/bsp/rockchip/rk3568/temp/micro/mcu/install/include/rcl/rcl/visibility_control.h
-- Up-to-date: /home/rsl/rt-thread/bsp/rockchip/rk3568/temp/micro/mcu/install/include/rcl/rcl/rmw_implementation_identifier_check.h
-- Up-to-date: /home/rsl/rt-thread/bsp/rockchip/rk3568/temp/micro/mcu/install/include/rcl/rcl/init.h
-- Up-to-date: /home/rsl/rt-thread/bsp/rockchip/rk3568/temp/micro/mcu/install/include/rcl/rcl/event.h
-- Up-to-date: /home/rsl/rt-thread/bsp/rockchip/rk3568/temp/micro/mcu/install/include/rcl/rcl/localhost.h
-- Up-to-date: /home/rsl/rt-thread/bsp/rockchip/rk3568/temp/micro/mcu/install/include/rcl/rcl/rcl.h
-- Up-to-date: /home/rsl/rt-thread/bsp/rockchip/rk3568/temp/micro/mcu/install/include/rcl/rcl/graph.h
-- Up-to-date: /home/rsl/rt-thread/bsp/rockchip/rk3568/temp/micro/mcu/install/include/rcl/rcl/publisher.h
