[1.075s] Invoking command in '/home/rsl/rt-thread/bsp/rockchip/rk3568/temp/micro/mcu/src/rosidl/rosidl_cli': PYTHONPATH=/home/rsl/rt-thread/bsp/rockchip/rk3568/temp/micro/mcu/build/rosidl_cli/prefix_override:/home/rsl/.local/lib/python3.8/site-packages/colcon_core/task/python/colcon_distutils_commands:/home/rsl/rt-thread/bsp/rockchip/rk3568/temp/micro/mcu/install/lib/python3.8/site-packages:${PYTHONPATH} /usr/bin/python3 -W ignore:setup.py install is deprecated -W ignore:easy_install command is deprecated setup.py egg_info --egg-base ../../../build/rosidl_cli build --build-base /home/rsl/rt-thread/bsp/rockchip/rk3568/temp/micro/mcu/build/rosidl_cli/build install --record /home/rsl/rt-thread/bsp/rockchip/rk3568/temp/micro/mcu/build/rosidl_cli/install.log --single-version-externally-managed install_data
[1.221s] running egg_info
[1.221s] writing ../../../build/rosidl_cli/rosidl_cli.egg-info/PKG-INFO
[1.222s] writing dependency_links to ../../../build/rosidl_cli/rosidl_cli.egg-info/dependency_links.txt
[1.222s] writing entry points to ../../../build/rosidl_cli/rosidl_cli.egg-info/entry_points.txt
[1.222s] writing requirements to ../../../build/rosidl_cli/rosidl_cli.egg-info/requires.txt
[1.222s] writing top-level names to ../../../build/rosidl_cli/rosidl_cli.egg-info/top_level.txt
[1.247s] reading manifest file '../../../build/rosidl_cli/rosidl_cli.egg-info/SOURCES.txt'
[1.248s] writing manifest file '../../../build/rosidl_cli/rosidl_cli.egg-info/SOURCES.txt'
[1.248s] running build
[1.249s] running build_py
[1.250s] running install
[1.251s] running install_lib
[1.252s] running install_data
[1.253s] running install_egg_info
[1.254s] removing '/home/rsl/rt-thread/bsp/rockchip/rk3568/temp/micro/mcu/install/lib/python3.8/site-packages/rosidl_cli-3.1.6-py3.8.egg-info' (and everything under it)
[1.255s] Copying ../../../build/rosidl_cli/rosidl_cli.egg-info to /home/rsl/rt-thread/bsp/rockchip/rk3568/temp/micro/mcu/install/lib/python3.8/site-packages/rosidl_cli-3.1.6-py3.8.egg-info
[1.256s] running install_scripts
[1.268s] Installing rosidl script to /home/rsl/rt-thread/bsp/rockchip/rk3568/temp/micro/mcu/install/bin
[1.269s] writing list of installed files to '/home/rsl/rt-thread/bsp/rockchip/rk3568/temp/micro/mcu/build/rosidl_cli/install.log'
