[0.570s] Invoking command in '/home/rsl/rt-thread/bsp/rockchip/rk3568/temp/micro/mcu/src/ros2_tracing/ros2trace': AMENT_PREFIX_PATH=/home/rsl/rt-thread/bsp/rockchip/rk3568/temp/micro/mcu/install:${AMENT_PREFIX_PATH} CMAKE_PREFIX_PATH=/home/rsl/rt-thread/bsp/rockchip/rk3568/temp/micro/mcu/install:${CMAKE_PREFIX_PATH} PATH=/home/rsl/rt-thread/bsp/rockchip/rk3568/temp/micro/mcu/install/bin:${PATH} PYTHONPATH=/home/rsl/rt-thread/bsp/rockchip/rk3568/temp/micro/mcu/build/ros2trace/prefix_override:/home/rsl/.local/lib/python3.8/site-packages/colcon_core/task/python/colcon_distutils_commands:/home/rsl/rt-thread/bsp/rockchip/rk3568/temp/micro/mcu/install/lib/python3.8/site-packages:/home/rsl/rt-thread/bsp/rockchip/rk3568/temp/micro/mcu/install/lib/python3.8/site-packages:${PYTHONPATH} /usr/bin/python3 -W ignore:setup.py install is deprecated -W ignore:easy_install command is deprecated setup.py egg_info --egg-base ../../../build/ros2trace build --build-base /home/rsl/rt-thread/bsp/rockchip/rk3568/temp/micro/mcu/build/ros2trace/build install --record /home/rsl/rt-thread/bsp/rockchip/rk3568/temp/micro/mcu/build/ros2trace/install.log --single-version-externally-managed install_data
[0.697s] running egg_info
[0.697s] writing ../../../build/ros2trace/ros2trace.egg-info/PKG-INFO
[0.698s] writing dependency_links to ../../../build/ros2trace/ros2trace.egg-info/dependency_links.txt
[0.699s] writing entry points to ../../../build/ros2trace/ros2trace.egg-info/entry_points.txt
[0.699s] writing requirements to ../../../build/ros2trace/ros2trace.egg-info/requires.txt
[0.699s] writing top-level names to ../../../build/ros2trace/ros2trace.egg-info/top_level.txt
[0.721s] reading manifest file '../../../build/ros2trace/ros2trace.egg-info/SOURCES.txt'
[0.722s] writing manifest file '../../../build/ros2trace/ros2trace.egg-info/SOURCES.txt'
[0.722s] running build
[0.722s] running build_py
[0.723s] running install
[0.724s] running install_lib
[0.725s] running install_data
[0.725s] running install_egg_info
[0.726s] removing '/home/rsl/rt-thread/bsp/rockchip/rk3568/temp/micro/mcu/install/lib/python3.8/site-packages/ros2trace-4.1.1-py3.8.egg-info' (and everything under it)
[0.727s] Copying ../../../build/ros2trace/ros2trace.egg-info to /home/rsl/rt-thread/bsp/rockchip/rk3568/temp/micro/mcu/install/lib/python3.8/site-packages/ros2trace-4.1.1-py3.8.egg-info
[0.728s] running install_scripts
[0.740s] writing list of installed files to '/home/rsl/rt-thread/bsp/rockchip/rk3568/temp/micro/mcu/build/ros2trace/install.log'
[0.775s] Invoked command in '/home/rsl/rt-thread/bsp/rockchip/rk3568/temp/micro/mcu/src/ros2_tracing/ros2trace' returned '0': AMENT_PREFIX_PATH=/home/rsl/rt-thread/bsp/rockchip/rk3568/temp/micro/mcu/install:${AMENT_PREFIX_PATH} CMAKE_PREFIX_PATH=/home/rsl/rt-thread/bsp/rockchip/rk3568/temp/micro/mcu/install:${CMAKE_PREFIX_PATH} PATH=/home/rsl/rt-thread/bsp/rockchip/rk3568/temp/micro/mcu/install/bin:${PATH} PYTHONPATH=/home/rsl/rt-thread/bsp/rockchip/rk3568/temp/micro/mcu/build/ros2trace/prefix_override:/home/rsl/.local/lib/python3.8/site-packages/colcon_core/task/python/colcon_distutils_commands:/home/rsl/rt-thread/bsp/rockchip/rk3568/temp/micro/mcu/install/lib/python3.8/site-packages:/home/rsl/rt-thread/bsp/rockchip/rk3568/temp/micro/mcu/install/lib/python3.8/site-packages:${PYTHONPATH} /usr/bin/python3 -W ignore:setup.py install is deprecated -W ignore:easy_install command is deprecated setup.py egg_info --egg-base ../../../build/ros2trace build --build-base /home/rsl/rt-thread/bsp/rockchip/rk3568/temp/micro/mcu/build/ros2trace/build install --record /home/rsl/rt-thread/bsp/rockchip/rk3568/temp/micro/mcu/build/ros2trace/install.log --single-version-externally-managed install_data
