[0mCMake Deprecation Warning at CMakeLists.txt:1 (cmake_minimum_required):
  Compatibility with CMake < 3.10 will be removed from a future version of
  CMake.

  Update the VERSION argument <min> value.  Or, use the <min>...<max> syntax
  to tell CMake that the project requires at least <min> but has been updated
  to work with policies introduced by <max> or earlier.

[0m
[33mCMake Warning at /home/rsl/rt-thread/bsp/rockchip/rk3568/temp/micro/mcu/install/share/rcutils/cmake/ament_cmake_export_libraries-extras.cmake:116 (message):
  Package 'rcutils' exports library 'dl' which couldn't be found
Call Stack (most recent call first):
  /home/rsl/rt-thread/bsp/rockchip/rk3568/temp/micro/mcu/install/share/rcutils/cmake/rcutilsConfig.cmake:41 (include)
  CMakeLists.txt:21 (find_package)

[0m
[33mCMake Warning:
  Manually-specified variables were not used by the project:

    CMAKE_INSTALL_LIBDIR
    THIRDPARTY

[0m
In file included from [01m[K/home/rsl/rt-thread/bsp/rockchip/rk3568/temp/micro/mcu/src/rmw/rmw/src/validate_full_topic_name.c:17[m[K:
[01m[K/home/rsl/rt-thread/bsp/rockchip/rk3568/temp/micro/mcu/src/rmw/rmw/src/validate_full_topic_name.c:[m[K In function '[01m[Krmw_validate_full_topic_name_with_size[m[K':
[01m[K/home/rsl/rt-thread/bsp/rockchip/rk3568/temp/micro/mcu/src/rmw/rmw/src/validate_full_topic_name.c:106:29:[m[K [01;35m[Kwarning: [m[Karray subscript has type '[01m[Kchar[m[K' [[01;35m[K-Wchar-subscripts[m[K]
  106 |       if (isdigit([01;35m[Ktopic_name[i + 1][m[K) != 0) {
      |                   [01;35m[K~~~~~~~~~~^~~~~~~[m[K
In file included from [01m[K/home/rsl/rt-thread/bsp/rockchip/rk3568/temp/micro/mcu/src/rmw/rmw/src/validate_node_name.c:17[m[K:
[01m[K/home/rsl/rt-thread/bsp/rockchip/rk3568/temp/micro/mcu/src/rmw/rmw/src/validate_node_name.c:[m[K In function '[01m[Krmw_validate_node_name_with_size[m[K':
[01m[K/home/rsl/rt-thread/bsp/rockchip/rk3568/temp/micro/mcu/src/rmw/rmw/src/validate_node_name.c:72:24:[m[K [01;35m[Kwarning: [m[Karray subscript has type '[01m[Kchar[m[K' [[01;35m[K-Wchar-subscripts[m[K]
   72 |   if (isdigit([01;35m[Knode_name[0][m[K) != 0) {
      |               [01;35m[K~~~~~~~~~^~~[m[K
