[0.022s] Invoking command in '/home/rsl/rt-thread/bsp/rockchip/rk3568/temp/micro/mcu/build/rmw': AMENT_PREFIX_PATH=/home/rsl/rt-thread/bsp/rockchip/rk3568/temp/micro/mcu/install:${AMENT_PREFIX_PATH} CMAKE_PREFIX_PATH=/home/rsl/rt-thread/bsp/rockchip/rk3568/temp/micro/mcu/install:/home/rsl/rt-thread/bsp/rockchip/rk3568/temp/micro/dev/install/ament_cmake_ros:/home/rsl/rt-thread/bsp/rockchip/rk3568/temp/micro/dev/install/ament_cmake_auto:/home/rsl/rt-thread/bsp/rockchip/rk3568/temp/micro/dev/install/ament_cmake_gmock:/home/rsl/rt-thread/bsp/rockchip/rk3568/temp/micro/dev/install/gmock_vendor:/home/rsl/rt-thread/bsp/rockchip/rk3568/temp/micro/dev/install/ament_cmake_gtest:/home/rsl/rt-thread/bsp/rockchip/rk3568/temp/micro/dev/install/gtest_vendor:/home/rsl/rt-thread/bsp/rockchip/rk3568/temp/micro/dev/install/ament_lint_common:/home/rsl/rt-thread/bsp/rockchip/rk3568/temp/micro/dev/install/ament_cmake_xmllint:/home/rsl/rt-thread/bsp/rockchip/rk3568/temp/micro/dev/install/ament_cmake_uncrustify:/home/rsl/rt-thread/bsp/rockchip/rk3568/temp/micro/dev/install/ament_cmake_pyflakes:/home/rsl/rt-thread/bsp/rockchip/rk3568/temp/micro/dev/install/ament_cmake_pycodestyle:/home/rsl/rt-thread/bsp/rockchip/rk3568/temp/micro/dev/install/ament_cmake_pep257:/home/rsl/rt-thread/bsp/rockchip/rk3568/temp/micro/dev/install/ament_cmake_pclint:/home/rsl/rt-thread/bsp/rockchip/rk3568/temp/micro/dev/install/ament_lint_auto:/home/rsl/rt-thread/bsp/rockchip/rk3568/temp/micro/dev/install/ament_cmake:/home/rsl/rt-thread/bsp/rockchip/rk3568/temp/micro/dev/install/ament_cmake_version:/home/rsl/rt-thread/bsp/rockchip/rk3568/temp/micro/dev/install/ament_cmake_vendor_package:/home/rsl/rt-thread/bsp/rockchip/rk3568/temp/micro/dev/install/ament_cmake_pytest:/home/rsl/rt-thread/bsp/rockchip/rk3568/temp/micro/dev/install/ament_cmake_nose:/home/rsl/rt-thread/bsp/rockchip/rk3568/temp/micro/dev/install/ament_cmake_mypy:/home/rsl/rt-thread/bsp/rockchip/rk3568/temp/micro/dev/install/ament_cmake_lint_cmake:/home/rsl/rt-thread/bsp/rockchip/rk3568/temp/micro/dev/install/ament_cmake_google_benchmark:/home/rsl/rt-thread/bsp/rockchip/rk3568/temp/micro/dev/install/ament_cmake_flake8:/home/rsl/rt-thread/bsp/rockchip/rk3568/temp/micro/dev/install/ament_cmake_copyright:/home/rsl/rt-thread/bsp/rockchip/rk3568/temp/micro/dev/install/ament_cmake_clang_tidy:/home/rsl/rt-thread/bsp/rockchip/rk3568/temp/micro/dev/install/ament_cmake_clang_format:/home/rsl/rt-thread/bsp/rockchip/rk3568/temp/micro/dev/install/ament_cmake_test:/home/rsl/rt-thread/bsp/rockchip/rk3568/temp/micro/dev/install/ament_cmake_target_dependencies:/home/rsl/rt-thread/bsp/rockchip/rk3568/temp/micro/dev/install/ament_cmake_python:/home/rsl/rt-thread/bsp/rockchip/rk3568/temp/micro/dev/install/ament_cmake_export_dependencies:/home/rsl/rt-thread/bsp/rockchip/rk3568/temp/micro/dev/install/ament_cmake_libraries:/home/rsl/rt-thread/bsp/rockchip/rk3568/temp/micro/dev/install/ament_cmake_include_directories:/home/rsl/rt-thread/bsp/rockchip/rk3568/temp/micro/dev/install/ament_cmake_gen_version_h:/home/rsl/rt-thread/bsp/rockchip/rk3568/temp/micro/dev/install/ament_cmake_export_targets:/home/rsl/rt-thread/bsp/rockchip/rk3568/temp/micro/dev/install/ament_cmake_export_link_flags:/home/rsl/rt-thread/bsp/rockchip/rk3568/temp/micro/dev/install/ament_cmake_export_interfaces:/home/rsl/rt-thread/bsp/rockchip/rk3568/temp/micro/dev/install/ament_cmake_export_libraries:/home/rsl/rt-thread/bsp/rockchip/rk3568/temp/micro/dev/install/ament_cmake_export_include_directories:/home/rsl/rt-thread/bsp/rockchip/rk3568/temp/micro/dev/install/ament_cmake_export_definitions:/home/rsl/rt-thread/bsp/rockchip/rk3568/temp/micro/dev/install/ament_cmake_core:/home/rsl/rt-thread/bsp/rockchip/rk3568/temp/micro/dev/install/domain_coordinator:/home/rsl/rt-thread/bsp/rockchip/rk3568/temp/micro/dev/install/ament_xmllint:/home/rsl/rt-thread/bsp/rockchip/rk3568/temp/micro/dev/install/ament_uncrustify:/home/rsl/rt-thread/bsp/rockchip/rk3568/temp/micro/dev/install/ament_pyflakes:/home/rsl/rt-thread/bsp/rockchip/rk3568/temp/micro/dev/install/ament_pycodestyle:/home/rsl/rt-thread/bsp/rockchip/rk3568/temp/micro/dev/install/ament_pep257:/home/rsl/rt-thread/bsp/rockchip/rk3568/temp/micro/dev/install/ament_pclint:/home/rsl/rt-thread/bsp/rockchip/rk3568/temp/micro/dev/install/ament_package:/home/rsl/rt-thread/bsp/rockchip/rk3568/temp/micro/dev/install/ament_mypy:/home/rsl/rt-thread/bsp/rockchip/rk3568/temp/micro/dev/install/ament_lint_cmake:/home/rsl/rt-thread/bsp/rockchip/rk3568/temp/micro/dev/install/ament_flake8:/home/rsl/rt-thread/bsp/rockchip/rk3568/temp/micro/dev/install/ament_copyright:/home/rsl/rt-thread/bsp/rockchip/rk3568/temp/micro/dev/install/ament_lint:/home/rsl/rt-thread/bsp/rockchip/rk3568/temp/micro/dev/install/ament_index_python:/home/rsl/rt-thread/bsp/rockchip/rk3568/temp/micro/dev/install/ament_clang_tidy:/home/rsl/rt-thread/bsp/rockchip/rk3568/temp/micro/dev/install/ament_clang_format LD_LIBRARY_PATH=/home/rsl/rt-thread/bsp/rockchip/rk3568/temp/micro/mcu/install/lib PATH=/home/rsl/rt-thread/bsp/rockchip/rk3568/temp/micro/mcu/install/bin:${PATH} PYTHONPATH=/home/rsl/rt-thread/bsp/rockchip/rk3568/temp/micro/mcu/install/lib/python3.8/site-packages:${PYTHONPATH} /usr/bin/cmake /home/rsl/rt-thread/bsp/rockchip/rk3568/temp/micro/mcu/src/rmw/rmw -DCMAKE_INSTALL_LIBDIR=lib -DCMAKE_POSITION_INDEPENDENT_CODE:BOOL=OFF -DTHIRDPARTY=ON -DBUILD_SHARED_LIBS=OFF -DBUILD_TESTING=OFF -DCMAKE_BUILD_TYPE=Release --toolchain=/home/rsl/rt-thread/bsp/rockchip/rk3568/packages/micro_ros_rtthread_component/builder/toolchain.cmake -G Unix Makefiles -DCMAKE_INSTALL_PREFIX=/home/rsl/rt-thread/bsp/rockchip/rk3568/temp/micro/mcu/install
[0.023s] [0mCMake Deprecation Warning at CMakeLists.txt:1 (cmake_minimum_required):
[0.023s]   Compatibility with CMake < 3.10 will be removed from a future version of
[0.023s]   CMake.
[0.024s] 
[0.024s]   Update the VERSION argument <min> value.  Or, use the <min>...<max> syntax
[0.024s]   to tell CMake that the project requires at least <min> but has been updated
[0.024s]   to work with policies introduced by <max> or earlier.
[0.024s] 
[0.024s] [0m
[0.059s] -- The C compiler identification is GNU 10.3.1
[0.095s] -- The CXX compiler identification is GNU 10.3.1
[0.103s] -- Detecting C compiler ABI info
[0.149s] -- Detecting C compiler ABI info - done
[0.156s] -- Check for working C compiler: /home/rsl/gcc-arm-10.3-2021.07-x86_64-aarch64-none-elf/bin/aarch64-none-elf-gcc - skipped
[0.156s] -- Detecting C compile features
[0.156s] -- Detecting C compile features - done
[0.159s] -- Detecting CXX compiler ABI info
[0.203s] -- Detecting CXX compiler ABI info - done
[0.211s] -- Check for working CXX compiler: /home/rsl/gcc-arm-10.3-2021.07-x86_64-aarch64-none-elf/bin/aarch64-none-elf-g++ - skipped
[0.211s] -- Detecting CXX compile features
[0.212s] -- Detecting CXX compile features - done
[0.213s] -- Found ament_cmake_ros: 0.10.0 (/home/rsl/rt-thread/bsp/rockchip/rk3568/temp/micro/dev/install/ament_cmake_ros/share/ament_cmake_ros/cmake)
[0.282s] -- Found Python3: /usr/bin/python3 (found version "3.8.10") found components: Interpreter
[0.379s] -- Found rcutils: 5.1.6 (/home/rsl/rt-thread/bsp/rockchip/rk3568/temp/micro/mcu/install/share/rcutils/cmake)
[0.385s] [33mCMake Warning at /home/rsl/rt-thread/bsp/rockchip/rk3568/temp/micro/mcu/install/share/rcutils/cmake/ament_cmake_export_libraries-extras.cmake:116 (message):
[0.385s]   Package 'rcutils' exports library 'dl' which couldn't be found
[0.386s] Call Stack (most recent call first):
[0.386s]   /home/rsl/rt-thread/bsp/rockchip/rk3568/temp/micro/mcu/install/share/rcutils/cmake/rcutilsConfig.cmake:41 (include)
[0.386s]   CMakeLists.txt:21 (find_package)
[0.386s] 
[0.386s] [0m
[0.386s] -- Found rosidl_runtime_c: 3.1.6 (/home/rsl/rt-thread/bsp/rockchip/rk3568/temp/micro/mcu/install/share/rosidl_runtime_c/cmake)
[0.458s] -- Configuring done (0.4s)
[0.466s] -- Generating done (0.0s)
[0.466s] [33mCMake Warning:
[0.466s]   Manually-specified variables were not used by the project:
[0.466s] 
[0.466s]     CMAKE_INSTALL_LIBDIR
[0.466s]     THIRDPARTY
[0.466s] 
[0.466s] [0m
[0.467s] -- Build files have been written to: /home/rsl/rt-thread/bsp/rockchip/rk3568/temp/micro/mcu/build/rmw
[0.472s] Invoked command in '/home/rsl/rt-thread/bsp/rockchip/rk3568/temp/micro/mcu/build/rmw' returned '0': AMENT_PREFIX_PATH=/home/rsl/rt-thread/bsp/rockchip/rk3568/temp/micro/mcu/install:${AMENT_PREFIX_PATH} CMAKE_PREFIX_PATH=/home/rsl/rt-thread/bsp/rockchip/rk3568/temp/micro/mcu/install:/home/rsl/rt-thread/bsp/rockchip/rk3568/temp/micro/dev/install/ament_cmake_ros:/home/rsl/rt-thread/bsp/rockchip/rk3568/temp/micro/dev/install/ament_cmake_auto:/home/rsl/rt-thread/bsp/rockchip/rk3568/temp/micro/dev/install/ament_cmake_gmock:/home/rsl/rt-thread/bsp/rockchip/rk3568/temp/micro/dev/install/gmock_vendor:/home/rsl/rt-thread/bsp/rockchip/rk3568/temp/micro/dev/install/ament_cmake_gtest:/home/rsl/rt-thread/bsp/rockchip/rk3568/temp/micro/dev/install/gtest_vendor:/home/rsl/rt-thread/bsp/rockchip/rk3568/temp/micro/dev/install/ament_lint_common:/home/rsl/rt-thread/bsp/rockchip/rk3568/temp/micro/dev/install/ament_cmake_xmllint:/home/rsl/rt-thread/bsp/rockchip/rk3568/temp/micro/dev/install/ament_cmake_uncrustify:/home/rsl/rt-thread/bsp/rockchip/rk3568/temp/micro/dev/install/ament_cmake_pyflakes:/home/rsl/rt-thread/bsp/rockchip/rk3568/temp/micro/dev/install/ament_cmake_pycodestyle:/home/rsl/rt-thread/bsp/rockchip/rk3568/temp/micro/dev/install/ament_cmake_pep257:/home/rsl/rt-thread/bsp/rockchip/rk3568/temp/micro/dev/install/ament_cmake_pclint:/home/rsl/rt-thread/bsp/rockchip/rk3568/temp/micro/dev/install/ament_lint_auto:/home/rsl/rt-thread/bsp/rockchip/rk3568/temp/micro/dev/install/ament_cmake:/home/rsl/rt-thread/bsp/rockchip/rk3568/temp/micro/dev/install/ament_cmake_version:/home/rsl/rt-thread/bsp/rockchip/rk3568/temp/micro/dev/install/ament_cmake_vendor_package:/home/rsl/rt-thread/bsp/rockchip/rk3568/temp/micro/dev/install/ament_cmake_pytest:/home/rsl/rt-thread/bsp/rockchip/rk3568/temp/micro/dev/install/ament_cmake_nose:/home/rsl/rt-thread/bsp/rockchip/rk3568/temp/micro/dev/install/ament_cmake_mypy:/home/rsl/rt-thread/bsp/rockchip/rk3568/temp/micro/dev/install/ament_cmake_lint_cmake:/home/rsl/rt-thread/bsp/rockchip/rk3568/temp/micro/dev/install/ament_cmake_google_benchmark:/home/rsl/rt-thread/bsp/rockchip/rk3568/temp/micro/dev/install/ament_cmake_flake8:/home/rsl/rt-thread/bsp/rockchip/rk3568/temp/micro/dev/install/ament_cmake_copyright:/home/rsl/rt-thread/bsp/rockchip/rk3568/temp/micro/dev/install/ament_cmake_clang_tidy:/home/rsl/rt-thread/bsp/rockchip/rk3568/temp/micro/dev/install/ament_cmake_clang_format:/home/rsl/rt-thread/bsp/rockchip/rk3568/temp/micro/dev/install/ament_cmake_test:/home/rsl/rt-thread/bsp/rockchip/rk3568/temp/micro/dev/install/ament_cmake_target_dependencies:/home/rsl/rt-thread/bsp/rockchip/rk3568/temp/micro/dev/install/ament_cmake_python:/home/rsl/rt-thread/bsp/rockchip/rk3568/temp/micro/dev/install/ament_cmake_export_dependencies:/home/rsl/rt-thread/bsp/rockchip/rk3568/temp/micro/dev/install/ament_cmake_libraries:/home/rsl/rt-thread/bsp/rockchip/rk3568/temp/micro/dev/install/ament_cmake_include_directories:/home/rsl/rt-thread/bsp/rockchip/rk3568/temp/micro/dev/install/ament_cmake_gen_version_h:/home/rsl/rt-thread/bsp/rockchip/rk3568/temp/micro/dev/install/ament_cmake_export_targets:/home/rsl/rt-thread/bsp/rockchip/rk3568/temp/micro/dev/install/ament_cmake_export_link_flags:/home/rsl/rt-thread/bsp/rockchip/rk3568/temp/micro/dev/install/ament_cmake_export_interfaces:/home/rsl/rt-thread/bsp/rockchip/rk3568/temp/micro/dev/install/ament_cmake_export_libraries:/home/rsl/rt-thread/bsp/rockchip/rk3568/temp/micro/dev/install/ament_cmake_export_include_directories:/home/rsl/rt-thread/bsp/rockchip/rk3568/temp/micro/dev/install/ament_cmake_export_definitions:/home/rsl/rt-thread/bsp/rockchip/rk3568/temp/micro/dev/install/ament_cmake_core:/home/rsl/rt-thread/bsp/rockchip/rk3568/temp/micro/dev/install/domain_coordinator:/home/rsl/rt-thread/bsp/rockchip/rk3568/temp/micro/dev/install/ament_xmllint:/home/rsl/rt-thread/bsp/rockchip/rk3568/temp/micro/dev/install/ament_uncrustify:/home/rsl/rt-thread/bsp/rockchip/rk3568/temp/micro/dev/install/ament_pyflakes:/home/rsl/rt-thread/bsp/rockchip/rk3568/temp/micro/dev/install/ament_pycodestyle:/home/rsl/rt-thread/bsp/rockchip/rk3568/temp/micro/dev/install/ament_pep257:/home/rsl/rt-thread/bsp/rockchip/rk3568/temp/micro/dev/install/ament_pclint:/home/rsl/rt-thread/bsp/rockchip/rk3568/temp/micro/dev/install/ament_package:/home/rsl/rt-thread/bsp/rockchip/rk3568/temp/micro/dev/install/ament_mypy:/home/rsl/rt-thread/bsp/rockchip/rk3568/temp/micro/dev/install/ament_lint_cmake:/home/rsl/rt-thread/bsp/rockchip/rk3568/temp/micro/dev/install/ament_flake8:/home/rsl/rt-thread/bsp/rockchip/rk3568/temp/micro/dev/install/ament_copyright:/home/rsl/rt-thread/bsp/rockchip/rk3568/temp/micro/dev/install/ament_lint:/home/rsl/rt-thread/bsp/rockchip/rk3568/temp/micro/dev/install/ament_index_python:/home/rsl/rt-thread/bsp/rockchip/rk3568/temp/micro/dev/install/ament_clang_tidy:/home/rsl/rt-thread/bsp/rockchip/rk3568/temp/micro/dev/install/ament_clang_format LD_LIBRARY_PATH=/home/rsl/rt-thread/bsp/rockchip/rk3568/temp/micro/mcu/install/lib PATH=/home/rsl/rt-thread/bsp/rockchip/rk3568/temp/micro/mcu/install/bin:${PATH} PYTHONPATH=/home/rsl/rt-thread/bsp/rockchip/rk3568/temp/micro/mcu/install/lib/python3.8/site-packages:${PYTHONPATH} /usr/bin/cmake /home/rsl/rt-thread/bsp/rockchip/rk3568/temp/micro/mcu/src/rmw/rmw -DCMAKE_INSTALL_LIBDIR=lib -DCMAKE_POSITION_INDEPENDENT_CODE:BOOL=OFF -DTHIRDPARTY=ON -DBUILD_SHARED_LIBS=OFF -DBUILD_TESTING=OFF -DCMAKE_BUILD_TYPE=Release --toolchain=/home/rsl/rt-thread/bsp/rockchip/rk3568/packages/micro_ros_rtthread_component/builder/toolchain.cmake -G Unix Makefiles -DCMAKE_INSTALL_PREFIX=/home/rsl/rt-thread/bsp/rockchip/rk3568/temp/micro/mcu/install
[0.475s] Invoking command in '/home/rsl/rt-thread/bsp/rockchip/rk3568/temp/micro/mcu/build/rmw': AMENT_PREFIX_PATH=/home/rsl/rt-thread/bsp/rockchip/rk3568/temp/micro/mcu/install:${AMENT_PREFIX_PATH} CMAKE_PREFIX_PATH=/home/rsl/rt-thread/bsp/rockchip/rk3568/temp/micro/mcu/install:/home/rsl/rt-thread/bsp/rockchip/rk3568/temp/micro/dev/install/ament_cmake_ros:/home/rsl/rt-thread/bsp/rockchip/rk3568/temp/micro/dev/install/ament_cmake_auto:/home/rsl/rt-thread/bsp/rockchip/rk3568/temp/micro/dev/install/ament_cmake_gmock:/home/rsl/rt-thread/bsp/rockchip/rk3568/temp/micro/dev/install/gmock_vendor:/home/rsl/rt-thread/bsp/rockchip/rk3568/temp/micro/dev/install/ament_cmake_gtest:/home/rsl/rt-thread/bsp/rockchip/rk3568/temp/micro/dev/install/gtest_vendor:/home/rsl/rt-thread/bsp/rockchip/rk3568/temp/micro/dev/install/ament_lint_common:/home/rsl/rt-thread/bsp/rockchip/rk3568/temp/micro/dev/install/ament_cmake_xmllint:/home/rsl/rt-thread/bsp/rockchip/rk3568/temp/micro/dev/install/ament_cmake_uncrustify:/home/rsl/rt-thread/bsp/rockchip/rk3568/temp/micro/dev/install/ament_cmake_pyflakes:/home/rsl/rt-thread/bsp/rockchip/rk3568/temp/micro/dev/install/ament_cmake_pycodestyle:/home/rsl/rt-thread/bsp/rockchip/rk3568/temp/micro/dev/install/ament_cmake_pep257:/home/rsl/rt-thread/bsp/rockchip/rk3568/temp/micro/dev/install/ament_cmake_pclint:/home/rsl/rt-thread/bsp/rockchip/rk3568/temp/micro/dev/install/ament_lint_auto:/home/rsl/rt-thread/bsp/rockchip/rk3568/temp/micro/dev/install/ament_cmake:/home/rsl/rt-thread/bsp/rockchip/rk3568/temp/micro/dev/install/ament_cmake_version:/home/rsl/rt-thread/bsp/rockchip/rk3568/temp/micro/dev/install/ament_cmake_vendor_package:/home/rsl/rt-thread/bsp/rockchip/rk3568/temp/micro/dev/install/ament_cmake_pytest:/home/rsl/rt-thread/bsp/rockchip/rk3568/temp/micro/dev/install/ament_cmake_nose:/home/rsl/rt-thread/bsp/rockchip/rk3568/temp/micro/dev/install/ament_cmake_mypy:/home/rsl/rt-thread/bsp/rockchip/rk3568/temp/micro/dev/install/ament_cmake_lint_cmake:/home/rsl/rt-thread/bsp/rockchip/rk3568/temp/micro/dev/install/ament_cmake_google_benchmark:/home/rsl/rt-thread/bsp/rockchip/rk3568/temp/micro/dev/install/ament_cmake_flake8:/home/rsl/rt-thread/bsp/rockchip/rk3568/temp/micro/dev/install/ament_cmake_copyright:/home/rsl/rt-thread/bsp/rockchip/rk3568/temp/micro/dev/install/ament_cmake_clang_tidy:/home/rsl/rt-thread/bsp/rockchip/rk3568/temp/micro/dev/install/ament_cmake_clang_format:/home/rsl/rt-thread/bsp/rockchip/rk3568/temp/micro/dev/install/ament_cmake_test:/home/rsl/rt-thread/bsp/rockchip/rk3568/temp/micro/dev/install/ament_cmake_target_dependencies:/home/rsl/rt-thread/bsp/rockchip/rk3568/temp/micro/dev/install/ament_cmake_python:/home/rsl/rt-thread/bsp/rockchip/rk3568/temp/micro/dev/install/ament_cmake_export_dependencies:/home/rsl/rt-thread/bsp/rockchip/rk3568/temp/micro/dev/install/ament_cmake_libraries:/home/rsl/rt-thread/bsp/rockchip/rk3568/temp/micro/dev/install/ament_cmake_include_directories:/home/rsl/rt-thread/bsp/rockchip/rk3568/temp/micro/dev/install/ament_cmake_gen_version_h:/home/rsl/rt-thread/bsp/rockchip/rk3568/temp/micro/dev/install/ament_cmake_export_targets:/home/rsl/rt-thread/bsp/rockchip/rk3568/temp/micro/dev/install/ament_cmake_export_link_flags:/home/rsl/rt-thread/bsp/rockchip/rk3568/temp/micro/dev/install/ament_cmake_export_interfaces:/home/rsl/rt-thread/bsp/rockchip/rk3568/temp/micro/dev/install/ament_cmake_export_libraries:/home/rsl/rt-thread/bsp/rockchip/rk3568/temp/micro/dev/install/ament_cmake_export_include_directories:/home/rsl/rt-thread/bsp/rockchip/rk3568/temp/micro/dev/install/ament_cmake_export_definitions:/home/rsl/rt-thread/bsp/rockchip/rk3568/temp/micro/dev/install/ament_cmake_core:/home/rsl/rt-thread/bsp/rockchip/rk3568/temp/micro/dev/install/domain_coordinator:/home/rsl/rt-thread/bsp/rockchip/rk3568/temp/micro/dev/install/ament_xmllint:/home/rsl/rt-thread/bsp/rockchip/rk3568/temp/micro/dev/install/ament_uncrustify:/home/rsl/rt-thread/bsp/rockchip/rk3568/temp/micro/dev/install/ament_pyflakes:/home/rsl/rt-thread/bsp/rockchip/rk3568/temp/micro/dev/install/ament_pycodestyle:/home/rsl/rt-thread/bsp/rockchip/rk3568/temp/micro/dev/install/ament_pep257:/home/rsl/rt-thread/bsp/rockchip/rk3568/temp/micro/dev/install/ament_pclint:/home/rsl/rt-thread/bsp/rockchip/rk3568/temp/micro/dev/install/ament_package:/home/rsl/rt-thread/bsp/rockchip/rk3568/temp/micro/dev/install/ament_mypy:/home/rsl/rt-thread/bsp/rockchip/rk3568/temp/micro/dev/install/ament_lint_cmake:/home/rsl/rt-thread/bsp/rockchip/rk3568/temp/micro/dev/install/ament_flake8:/home/rsl/rt-thread/bsp/rockchip/rk3568/temp/micro/dev/install/ament_copyright:/home/rsl/rt-thread/bsp/rockchip/rk3568/temp/micro/dev/install/ament_lint:/home/rsl/rt-thread/bsp/rockchip/rk3568/temp/micro/dev/install/ament_index_python:/home/rsl/rt-thread/bsp/rockchip/rk3568/temp/micro/dev/install/ament_clang_tidy:/home/rsl/rt-thread/bsp/rockchip/rk3568/temp/micro/dev/install/ament_clang_format LD_LIBRARY_PATH=/home/rsl/rt-thread/bsp/rockchip/rk3568/temp/micro/mcu/install/lib PATH=/home/rsl/rt-thread/bsp/rockchip/rk3568/temp/micro/mcu/install/bin:${PATH} PYTHONPATH=/home/rsl/rt-thread/bsp/rockchip/rk3568/temp/micro/mcu/install/lib/python3.8/site-packages:${PYTHONPATH} /usr/bin/cmake --build /home/rsl/rt-thread/bsp/rockchip/rk3568/temp/micro/mcu/build/rmw -- -j24 -l24
[0.500s] [  8%] [32mBuilding C object CMakeFiles/rmw.dir/src/allocators.c.obj[0m
[0.500s] [  8%] [32mBuilding C object CMakeFiles/rmw.dir/src/event.c.obj[0m
[0.501s] [ 13%] [32mBuilding C object CMakeFiles/rmw.dir/src/convert_rcutils_ret_to_rmw_ret.c.obj[0m
[0.501s] [ 17%] [32mBuilding C object CMakeFiles/rmw.dir/src/init_options.c.obj[0m
[0.502s] [ 26%] [32mBuilding C object CMakeFiles/rmw.dir/src/init.c.obj[0m
[0.502s] [ 26%] [32mBuilding C object CMakeFiles/rmw.dir/src/message_sequence.c.obj[0m
[0.502s] [ 30%] [32mBuilding C object CMakeFiles/rmw.dir/src/names_and_types.c.obj[0m
[0.502s] [ 43%] [32mBuilding C object CMakeFiles/rmw.dir/src/publisher_options.c.obj[0m
[0.502s] [ 43%] [32mBuilding C object CMakeFiles/rmw.dir/src/network_flow_endpoint_array.c.obj[0m
[0.503s] [ 43%] [32mBuilding C object CMakeFiles/rmw.dir/src/network_flow_endpoint.c.obj[0m
[0.503s] [ 52%] [32mBuilding C object CMakeFiles/rmw.dir/src/subscription_content_filter_options.c.obj[0m
[0.503s] [ 60%] [32mBuilding C object CMakeFiles/rmw.dir/src/sanity_checks.c.obj[0m
[0.503s] [ 52%] [32mBuilding C object CMakeFiles/rmw.dir/src/qos_string_conversions.c.obj[0m
[0.503s] [ 65%] [32mBuilding C object CMakeFiles/rmw.dir/src/security_options.c.obj[0m
[0.508s] [ 65%] [32mBuilding C object CMakeFiles/rmw.dir/src/subscription_options.c.obj[0m
[0.508s] [ 69%] [32mBuilding C object CMakeFiles/rmw.dir/src/time.c.obj[0m
[0.508s] [ 73%] [32mBuilding C object CMakeFiles/rmw.dir/src/topic_endpoint_info_array.c.obj[0m
[0.508s] [ 78%] [32mBuilding C object CMakeFiles/rmw.dir/src/topic_endpoint_info.c.obj[0m
[0.508s] [ 82%] [32mBuilding C object CMakeFiles/rmw.dir/src/types.c.obj[0m
[0.508s] [ 86%] [32mBuilding C object CMakeFiles/rmw.dir/src/validate_full_topic_name.c.obj[0m
[0.508s] [ 91%] [32mBuilding C object CMakeFiles/rmw.dir/src/validate_namespace.c.obj[0m
[0.520s] [ 95%] [32mBuilding C object CMakeFiles/rmw.dir/src/validate_node_name.c.obj[0m
[0.545s] In file included from [01m[K/home/rsl/rt-thread/bsp/rockchip/rk3568/temp/micro/mcu/src/rmw/rmw/src/validate_full_topic_name.c:17[m[K:
[0.545s] [01m[K/home/rsl/rt-thread/bsp/rockchip/rk3568/temp/micro/mcu/src/rmw/rmw/src/validate_full_topic_name.c:[m[K In function '[01m[Krmw_validate_full_topic_name_with_size[m[K':
[0.546s] [01m[K/home/rsl/rt-thread/bsp/rockchip/rk3568/temp/micro/mcu/src/rmw/rmw/src/validate_full_topic_name.c:106:29:[m[K [01;35m[Kwarning: [m[Karray subscript has type '[01m[Kchar[m[K' [[01;35m[K-Wchar-subscripts[m[K]
[0.546s]   106 |       if (isdigit([01;35m[Ktopic_name[i + 1][m[K) != 0) {
[0.546s]       |                   [01;35m[K~~~~~~~~~~^~~~~~~[m[K
[0.565s] In file included from [01m[K/home/rsl/rt-thread/bsp/rockchip/rk3568/temp/micro/mcu/src/rmw/rmw/src/validate_node_name.c:17[m[K:
[0.565s] [01m[K/home/rsl/rt-thread/bsp/rockchip/rk3568/temp/micro/mcu/src/rmw/rmw/src/validate_node_name.c:[m[K In function '[01m[Krmw_validate_node_name_with_size[m[K':
[0.565s] [01m[K/home/rsl/rt-thread/bsp/rockchip/rk3568/temp/micro/mcu/src/rmw/rmw/src/validate_node_name.c:72:24:[m[K [01;35m[Kwarning: [m[Karray subscript has type '[01m[Kchar[m[K' [[01;35m[K-Wchar-subscripts[m[K]
[0.565s]    72 |   if (isdigit([01;35m[Knode_name[0][m[K) != 0) {
[0.565s]       |               [01;35m[K~~~~~~~~~^~~[m[K
[0.588s] [100%] [32m[1mLinking C static library librmw.a[0m
[0.605s] [100%] Built target rmw
[0.624s] Invoked command in '/home/rsl/rt-thread/bsp/rockchip/rk3568/temp/micro/mcu/build/rmw' returned '0': AMENT_PREFIX_PATH=/home/rsl/rt-thread/bsp/rockchip/rk3568/temp/micro/mcu/install:${AMENT_PREFIX_PATH} CMAKE_PREFIX_PATH=/home/rsl/rt-thread/bsp/rockchip/rk3568/temp/micro/mcu/install:/home/rsl/rt-thread/bsp/rockchip/rk3568/temp/micro/dev/install/ament_cmake_ros:/home/rsl/rt-thread/bsp/rockchip/rk3568/temp/micro/dev/install/ament_cmake_auto:/home/rsl/rt-thread/bsp/rockchip/rk3568/temp/micro/dev/install/ament_cmake_gmock:/home/rsl/rt-thread/bsp/rockchip/rk3568/temp/micro/dev/install/gmock_vendor:/home/rsl/rt-thread/bsp/rockchip/rk3568/temp/micro/dev/install/ament_cmake_gtest:/home/rsl/rt-thread/bsp/rockchip/rk3568/temp/micro/dev/install/gtest_vendor:/home/rsl/rt-thread/bsp/rockchip/rk3568/temp/micro/dev/install/ament_lint_common:/home/rsl/rt-thread/bsp/rockchip/rk3568/temp/micro/dev/install/ament_cmake_xmllint:/home/rsl/rt-thread/bsp/rockchip/rk3568/temp/micro/dev/install/ament_cmake_uncrustify:/home/rsl/rt-thread/bsp/rockchip/rk3568/temp/micro/dev/install/ament_cmake_pyflakes:/home/rsl/rt-thread/bsp/rockchip/rk3568/temp/micro/dev/install/ament_cmake_pycodestyle:/home/rsl/rt-thread/bsp/rockchip/rk3568/temp/micro/dev/install/ament_cmake_pep257:/home/rsl/rt-thread/bsp/rockchip/rk3568/temp/micro/dev/install/ament_cmake_pclint:/home/rsl/rt-thread/bsp/rockchip/rk3568/temp/micro/dev/install/ament_lint_auto:/home/rsl/rt-thread/bsp/rockchip/rk3568/temp/micro/dev/install/ament_cmake:/home/rsl/rt-thread/bsp/rockchip/rk3568/temp/micro/dev/install/ament_cmake_version:/home/rsl/rt-thread/bsp/rockchip/rk3568/temp/micro/dev/install/ament_cmake_vendor_package:/home/rsl/rt-thread/bsp/rockchip/rk3568/temp/micro/dev/install/ament_cmake_pytest:/home/rsl/rt-thread/bsp/rockchip/rk3568/temp/micro/dev/install/ament_cmake_nose:/home/rsl/rt-thread/bsp/rockchip/rk3568/temp/micro/dev/install/ament_cmake_mypy:/home/rsl/rt-thread/bsp/rockchip/rk3568/temp/micro/dev/install/ament_cmake_lint_cmake:/home/rsl/rt-thread/bsp/rockchip/rk3568/temp/micro/dev/install/ament_cmake_google_benchmark:/home/rsl/rt-thread/bsp/rockchip/rk3568/temp/micro/dev/install/ament_cmake_flake8:/home/rsl/rt-thread/bsp/rockchip/rk3568/temp/micro/dev/install/ament_cmake_copyright:/home/rsl/rt-thread/bsp/rockchip/rk3568/temp/micro/dev/install/ament_cmake_clang_tidy:/home/rsl/rt-thread/bsp/rockchip/rk3568/temp/micro/dev/install/ament_cmake_clang_format:/home/rsl/rt-thread/bsp/rockchip/rk3568/temp/micro/dev/install/ament_cmake_test:/home/rsl/rt-thread/bsp/rockchip/rk3568/temp/micro/dev/install/ament_cmake_target_dependencies:/home/rsl/rt-thread/bsp/rockchip/rk3568/temp/micro/dev/install/ament_cmake_python:/home/rsl/rt-thread/bsp/rockchip/rk3568/temp/micro/dev/install/ament_cmake_export_dependencies:/home/rsl/rt-thread/bsp/rockchip/rk3568/temp/micro/dev/install/ament_cmake_libraries:/home/rsl/rt-thread/bsp/rockchip/rk3568/temp/micro/dev/install/ament_cmake_include_directories:/home/rsl/rt-thread/bsp/rockchip/rk3568/temp/micro/dev/install/ament_cmake_gen_version_h:/home/rsl/rt-thread/bsp/rockchip/rk3568/temp/micro/dev/install/ament_cmake_export_targets:/home/rsl/rt-thread/bsp/rockchip/rk3568/temp/micro/dev/install/ament_cmake_export_link_flags:/home/rsl/rt-thread/bsp/rockchip/rk3568/temp/micro/dev/install/ament_cmake_export_interfaces:/home/rsl/rt-thread/bsp/rockchip/rk3568/temp/micro/dev/install/ament_cmake_export_libraries:/home/rsl/rt-thread/bsp/rockchip/rk3568/temp/micro/dev/install/ament_cmake_export_include_directories:/home/rsl/rt-thread/bsp/rockchip/rk3568/temp/micro/dev/install/ament_cmake_export_definitions:/home/rsl/rt-thread/bsp/rockchip/rk3568/temp/micro/dev/install/ament_cmake_core:/home/rsl/rt-thread/bsp/rockchip/rk3568/temp/micro/dev/install/domain_coordinator:/home/rsl/rt-thread/bsp/rockchip/rk3568/temp/micro/dev/install/ament_xmllint:/home/rsl/rt-thread/bsp/rockchip/rk3568/temp/micro/dev/install/ament_uncrustify:/home/rsl/rt-thread/bsp/rockchip/rk3568/temp/micro/dev/install/ament_pyflakes:/home/rsl/rt-thread/bsp/rockchip/rk3568/temp/micro/dev/install/ament_pycodestyle:/home/rsl/rt-thread/bsp/rockchip/rk3568/temp/micro/dev/install/ament_pep257:/home/rsl/rt-thread/bsp/rockchip/rk3568/temp/micro/dev/install/ament_pclint:/home/rsl/rt-thread/bsp/rockchip/rk3568/temp/micro/dev/install/ament_package:/home/rsl/rt-thread/bsp/rockchip/rk3568/temp/micro/dev/install/ament_mypy:/home/rsl/rt-thread/bsp/rockchip/rk3568/temp/micro/dev/install/ament_lint_cmake:/home/rsl/rt-thread/bsp/rockchip/rk3568/temp/micro/dev/install/ament_flake8:/home/rsl/rt-thread/bsp/rockchip/rk3568/temp/micro/dev/install/ament_copyright:/home/rsl/rt-thread/bsp/rockchip/rk3568/temp/micro/dev/install/ament_lint:/home/rsl/rt-thread/bsp/rockchip/rk3568/temp/micro/dev/install/ament_index_python:/home/rsl/rt-thread/bsp/rockchip/rk3568/temp/micro/dev/install/ament_clang_tidy:/home/rsl/rt-thread/bsp/rockchip/rk3568/temp/micro/dev/install/ament_clang_format LD_LIBRARY_PATH=/home/rsl/rt-thread/bsp/rockchip/rk3568/temp/micro/mcu/install/lib PATH=/home/rsl/rt-thread/bsp/rockchip/rk3568/temp/micro/mcu/install/bin:${PATH} PYTHONPATH=/home/rsl/rt-thread/bsp/rockchip/rk3568/temp/micro/mcu/install/lib/python3.8/site-packages:${PYTHONPATH} /usr/bin/cmake --build /home/rsl/rt-thread/bsp/rockchip/rk3568/temp/micro/mcu/build/rmw -- -j24 -l24
[0.628s] Invoking command in '/home/rsl/rt-thread/bsp/rockchip/rk3568/temp/micro/mcu/build/rmw': AMENT_PREFIX_PATH=/home/rsl/rt-thread/bsp/rockchip/rk3568/temp/micro/mcu/install:${AMENT_PREFIX_PATH} CMAKE_PREFIX_PATH=/home/rsl/rt-thread/bsp/rockchip/rk3568/temp/micro/mcu/install:/home/rsl/rt-thread/bsp/rockchip/rk3568/temp/micro/dev/install/ament_cmake_ros:/home/rsl/rt-thread/bsp/rockchip/rk3568/temp/micro/dev/install/ament_cmake_auto:/home/rsl/rt-thread/bsp/rockchip/rk3568/temp/micro/dev/install/ament_cmake_gmock:/home/rsl/rt-thread/bsp/rockchip/rk3568/temp/micro/dev/install/gmock_vendor:/home/rsl/rt-thread/bsp/rockchip/rk3568/temp/micro/dev/install/ament_cmake_gtest:/home/rsl/rt-thread/bsp/rockchip/rk3568/temp/micro/dev/install/gtest_vendor:/home/rsl/rt-thread/bsp/rockchip/rk3568/temp/micro/dev/install/ament_lint_common:/home/rsl/rt-thread/bsp/rockchip/rk3568/temp/micro/dev/install/ament_cmake_xmllint:/home/rsl/rt-thread/bsp/rockchip/rk3568/temp/micro/dev/install/ament_cmake_uncrustify:/home/rsl/rt-thread/bsp/rockchip/rk3568/temp/micro/dev/install/ament_cmake_pyflakes:/home/rsl/rt-thread/bsp/rockchip/rk3568/temp/micro/dev/install/ament_cmake_pycodestyle:/home/rsl/rt-thread/bsp/rockchip/rk3568/temp/micro/dev/install/ament_cmake_pep257:/home/rsl/rt-thread/bsp/rockchip/rk3568/temp/micro/dev/install/ament_cmake_pclint:/home/rsl/rt-thread/bsp/rockchip/rk3568/temp/micro/dev/install/ament_lint_auto:/home/rsl/rt-thread/bsp/rockchip/rk3568/temp/micro/dev/install/ament_cmake:/home/rsl/rt-thread/bsp/rockchip/rk3568/temp/micro/dev/install/ament_cmake_version:/home/rsl/rt-thread/bsp/rockchip/rk3568/temp/micro/dev/install/ament_cmake_vendor_package:/home/rsl/rt-thread/bsp/rockchip/rk3568/temp/micro/dev/install/ament_cmake_pytest:/home/rsl/rt-thread/bsp/rockchip/rk3568/temp/micro/dev/install/ament_cmake_nose:/home/rsl/rt-thread/bsp/rockchip/rk3568/temp/micro/dev/install/ament_cmake_mypy:/home/rsl/rt-thread/bsp/rockchip/rk3568/temp/micro/dev/install/ament_cmake_lint_cmake:/home/rsl/rt-thread/bsp/rockchip/rk3568/temp/micro/dev/install/ament_cmake_google_benchmark:/home/rsl/rt-thread/bsp/rockchip/rk3568/temp/micro/dev/install/ament_cmake_flake8:/home/rsl/rt-thread/bsp/rockchip/rk3568/temp/micro/dev/install/ament_cmake_copyright:/home/rsl/rt-thread/bsp/rockchip/rk3568/temp/micro/dev/install/ament_cmake_clang_tidy:/home/rsl/rt-thread/bsp/rockchip/rk3568/temp/micro/dev/install/ament_cmake_clang_format:/home/rsl/rt-thread/bsp/rockchip/rk3568/temp/micro/dev/install/ament_cmake_test:/home/rsl/rt-thread/bsp/rockchip/rk3568/temp/micro/dev/install/ament_cmake_target_dependencies:/home/rsl/rt-thread/bsp/rockchip/rk3568/temp/micro/dev/install/ament_cmake_python:/home/rsl/rt-thread/bsp/rockchip/rk3568/temp/micro/dev/install/ament_cmake_export_dependencies:/home/rsl/rt-thread/bsp/rockchip/rk3568/temp/micro/dev/install/ament_cmake_libraries:/home/rsl/rt-thread/bsp/rockchip/rk3568/temp/micro/dev/install/ament_cmake_include_directories:/home/rsl/rt-thread/bsp/rockchip/rk3568/temp/micro/dev/install/ament_cmake_gen_version_h:/home/rsl/rt-thread/bsp/rockchip/rk3568/temp/micro/dev/install/ament_cmake_export_targets:/home/rsl/rt-thread/bsp/rockchip/rk3568/temp/micro/dev/install/ament_cmake_export_link_flags:/home/rsl/rt-thread/bsp/rockchip/rk3568/temp/micro/dev/install/ament_cmake_export_interfaces:/home/rsl/rt-thread/bsp/rockchip/rk3568/temp/micro/dev/install/ament_cmake_export_libraries:/home/rsl/rt-thread/bsp/rockchip/rk3568/temp/micro/dev/install/ament_cmake_export_include_directories:/home/rsl/rt-thread/bsp/rockchip/rk3568/temp/micro/dev/install/ament_cmake_export_definitions:/home/rsl/rt-thread/bsp/rockchip/rk3568/temp/micro/dev/install/ament_cmake_core:/home/rsl/rt-thread/bsp/rockchip/rk3568/temp/micro/dev/install/domain_coordinator:/home/rsl/rt-thread/bsp/rockchip/rk3568/temp/micro/dev/install/ament_xmllint:/home/rsl/rt-thread/bsp/rockchip/rk3568/temp/micro/dev/install/ament_uncrustify:/home/rsl/rt-thread/bsp/rockchip/rk3568/temp/micro/dev/install/ament_pyflakes:/home/rsl/rt-thread/bsp/rockchip/rk3568/temp/micro/dev/install/ament_pycodestyle:/home/rsl/rt-thread/bsp/rockchip/rk3568/temp/micro/dev/install/ament_pep257:/home/rsl/rt-thread/bsp/rockchip/rk3568/temp/micro/dev/install/ament_pclint:/home/rsl/rt-thread/bsp/rockchip/rk3568/temp/micro/dev/install/ament_package:/home/rsl/rt-thread/bsp/rockchip/rk3568/temp/micro/dev/install/ament_mypy:/home/rsl/rt-thread/bsp/rockchip/rk3568/temp/micro/dev/install/ament_lint_cmake:/home/rsl/rt-thread/bsp/rockchip/rk3568/temp/micro/dev/install/ament_flake8:/home/rsl/rt-thread/bsp/rockchip/rk3568/temp/micro/dev/install/ament_copyright:/home/rsl/rt-thread/bsp/rockchip/rk3568/temp/micro/dev/install/ament_lint:/home/rsl/rt-thread/bsp/rockchip/rk3568/temp/micro/dev/install/ament_index_python:/home/rsl/rt-thread/bsp/rockchip/rk3568/temp/micro/dev/install/ament_clang_tidy:/home/rsl/rt-thread/bsp/rockchip/rk3568/temp/micro/dev/install/ament_clang_format LD_LIBRARY_PATH=/home/rsl/rt-thread/bsp/rockchip/rk3568/temp/micro/mcu/install/lib PATH=/home/rsl/rt-thread/bsp/rockchip/rk3568/temp/micro/mcu/install/bin:${PATH} PYTHONPATH=/home/rsl/rt-thread/bsp/rockchip/rk3568/temp/micro/mcu/install/lib/python3.8/site-packages:${PYTHONPATH} /usr/bin/cmake --install /home/rsl/rt-thread/bsp/rockchip/rk3568/temp/micro/mcu/build/rmw
[0.631s] -- Install configuration: "Release"
[0.631s] -- Installing: /home/rsl/rt-thread/bsp/rockchip/rk3568/temp/micro/mcu/install/share/rmw/environment/library_path.sh
[0.631s] -- Installing: /home/rsl/rt-thread/bsp/rockchip/rk3568/temp/micro/mcu/install/share/rmw/environment/library_path.dsv
[0.631s] -- Installing: /home/rsl/rt-thread/bsp/rockchip/rk3568/temp/micro/mcu/install/share/ament_index/resource_index/package_run_dependencies/rmw
[0.631s] -- Installing: /home/rsl/rt-thread/bsp/rockchip/rk3568/temp/micro/mcu/install/share/ament_index/resource_index/parent_prefix_path/rmw
[0.632s] -- Installing: /home/rsl/rt-thread/bsp/rockchip/rk3568/temp/micro/mcu/install/share/rmw/environment/ament_prefix_path.sh
[0.632s] -- Installing: /home/rsl/rt-thread/bsp/rockchip/rk3568/temp/micro/mcu/install/share/rmw/environment/ament_prefix_path.dsv
[0.632s] -- Installing: /home/rsl/rt-thread/bsp/rockchip/rk3568/temp/micro/mcu/install/share/rmw/environment/path.sh
[0.632s] -- Installing: /home/rsl/rt-thread/bsp/rockchip/rk3568/temp/micro/mcu/install/share/rmw/environment/path.dsv
[0.634s] -- Installing: /home/rsl/rt-thread/bsp/rockchip/rk3568/temp/micro/mcu/install/share/rmw/local_setup.bash
[0.634s] -- Installing: /home/rsl/rt-thread/bsp/rockchip/rk3568/temp/micro/mcu/install/share/rmw/local_setup.sh
[0.634s] -- Installing: /home/rsl/rt-thread/bsp/rockchip/rk3568/temp/micro/mcu/install/share/rmw/local_setup.zsh
[0.634s] -- Installing: /home/rsl/rt-thread/bsp/rockchip/rk3568/temp/micro/mcu/install/share/rmw/local_setup.dsv
[0.635s] -- Installing: /home/rsl/rt-thread/bsp/rockchip/rk3568/temp/micro/mcu/install/share/rmw/package.dsv
[0.635s] -- Installing: /home/rsl/rt-thread/bsp/rockchip/rk3568/temp/micro/mcu/install/share/ament_index/resource_index/packages/rmw
[0.635s] -- Installing: /home/rsl/rt-thread/bsp/rockchip/rk3568/temp/micro/mcu/install/share/rmw/cmake/rmwExport.cmake
[0.635s] -- Installing: /home/rsl/rt-thread/bsp/rockchip/rk3568/temp/micro/mcu/install/share/rmw/cmake/rmwExport-release.cmake
[0.635s] -- Installing: /home/rsl/rt-thread/bsp/rockchip/rk3568/temp/micro/mcu/install/share/rmw/cmake/rmw-extras.cmake
[0.635s] -- Installing: /home/rsl/rt-thread/bsp/rockchip/rk3568/temp/micro/mcu/install/share/rmw/cmake/ament_cmake_export_dependencies-extras.cmake
[0.636s] -- Installing: /home/rsl/rt-thread/bsp/rockchip/rk3568/temp/micro/mcu/install/share/rmw/cmake/ament_cmake_export_include_directories-extras.cmake
[0.636s] -- Installing: /home/rsl/rt-thread/bsp/rockchip/rk3568/temp/micro/mcu/install/share/rmw/cmake/ament_cmake_export_libraries-extras.cmake
[0.636s] -- Installing: /home/rsl/rt-thread/bsp/rockchip/rk3568/temp/micro/mcu/install/share/rmw/cmake/ament_cmake_export_targets-extras.cmake
[0.636s] -- Installing: /home/rsl/rt-thread/bsp/rockchip/rk3568/temp/micro/mcu/install/share/rmw/cmake/rmwConfig.cmake
[0.636s] -- Installing: /home/rsl/rt-thread/bsp/rockchip/rk3568/temp/micro/mcu/install/share/rmw/cmake/rmwConfig-version.cmake
[0.636s] -- Installing: /home/rsl/rt-thread/bsp/rockchip/rk3568/temp/micro/mcu/install/share/rmw/package.xml
[0.637s] -- Up-to-date: /home/rsl/rt-thread/bsp/rockchip/rk3568/temp/micro/mcu/install/share/rmw/cmake
[0.637s] -- Installing: /home/rsl/rt-thread/bsp/rockchip/rk3568/temp/micro/mcu/install/share/rmw/cmake/configure_rmw_library.cmake
[0.637s] -- Installing: /home/rsl/rt-thread/bsp/rockchip/rk3568/temp/micro/mcu/install/share/rmw/cmake/register_rmw_implementation.cmake
[0.637s] -- Installing: /home/rsl/rt-thread/bsp/rockchip/rk3568/temp/micro/mcu/install/share/rmw/cmake/get_rmw_typesupport.cmake
[0.637s] -- Installing: /home/rsl/rt-thread/bsp/rockchip/rk3568/temp/micro/mcu/install/include/rmw
[0.638s] -- Installing: /home/rsl/rt-thread/bsp/rockchip/rk3568/temp/micro/mcu/install/include/rmw/rmw
[0.638s] -- Installing: /home/rsl/rt-thread/bsp/rockchip/rk3568/temp/micro/mcu/install/include/rmw/rmw/impl
[0.638s] -- Installing: /home/rsl/rt-thread/bsp/rockchip/rk3568/temp/micro/mcu/install/include/rmw/rmw/impl/config.h
[0.638s] -- Installing: /home/rsl/rt-thread/bsp/rockchip/rk3568/temp/micro/mcu/install/include/rmw/rmw/impl/cpp
[0.639s] -- Installing: /home/rsl/rt-thread/bsp/rockchip/rk3568/temp/micro/mcu/install/include/rmw/rmw/impl/cpp/key_value.hpp
[0.639s] -- Installing: /home/rsl/rt-thread/bsp/rockchip/rk3568/temp/micro/mcu/install/include/rmw/rmw/impl/cpp/macros.hpp
[0.639s] -- Installing: /home/rsl/rt-thread/bsp/rockchip/rk3568/temp/micro/mcu/install/include/rmw/rmw/impl/cpp/demangle.hpp
[0.640s] -- Installing: /home/rsl/rt-thread/bsp/rockchip/rk3568/temp/micro/mcu/install/include/rmw/rmw/qos_policy_kind.h
[0.640s] -- Installing: /home/rsl/rt-thread/bsp/rockchip/rk3568/temp/micro/mcu/install/include/rmw/rmw/sanity_checks.h
[0.640s] -- Installing: /home/rsl/rt-thread/bsp/rockchip/rk3568/temp/micro/mcu/install/include/rmw/rmw/macros.h
[0.640s] -- Installing: /home/rsl/rt-thread/bsp/rockchip/rk3568/temp/micro/mcu/install/include/rmw/rmw/get_network_flow_endpoints.h
[0.640s] -- Installing: /home/rsl/rt-thread/bsp/rockchip/rk3568/temp/micro/mcu/install/include/rmw/rmw/allocators.h
[0.640s] -- Installing: /home/rsl/rt-thread/bsp/rockchip/rk3568/temp/micro/mcu/install/include/rmw/rmw/subscription_content_filter_options.h
[0.640s] -- Installing: /home/rsl/rt-thread/bsp/rockchip/rk3568/temp/micro/mcu/install/include/rmw/rmw/publisher_options.h
[0.641s] -- Installing: /home/rsl/rt-thread/bsp/rockchip/rk3568/temp/micro/mcu/install/include/rmw/rmw/network_flow_endpoint.h
[0.641s] -- Installing: /home/rsl/rt-thread/bsp/rockchip/rk3568/temp/micro/mcu/install/include/rmw/rmw/types.h
[0.641s] -- Installing: /home/rsl/rt-thread/bsp/rockchip/rk3568/temp/micro/mcu/install/include/rmw/rmw/validate_node_name.h
[0.641s] -- Installing: /home/rsl/rt-thread/bsp/rockchip/rk3568/temp/micro/mcu/install/include/rmw/rmw/error_handling.h
[0.641s] -- Installing: /home/rsl/rt-thread/bsp/rockchip/rk3568/temp/micro/mcu/install/include/rmw/rmw/convert_rcutils_ret_to_rmw_ret.h
[0.641s] -- Installing: /home/rsl/rt-thread/bsp/rockchip/rk3568/temp/micro/mcu/install/include/rmw/rmw/serialized_message.h
[0.641s] -- Installing: /home/rsl/rt-thread/bsp/rockchip/rk3568/temp/micro/mcu/install/include/rmw/rmw/get_topic_names_and_types.h
[0.642s] -- Installing: /home/rsl/rt-thread/bsp/rockchip/rk3568/temp/micro/mcu/install/include/rmw/rmw/get_node_info_and_types.h
[0.642s] -- Installing: /home/rsl/rt-thread/bsp/rockchip/rk3568/temp/micro/mcu/install/include/rmw/rmw/features.h
[0.642s] -- Installing: /home/rsl/rt-thread/bsp/rockchip/rk3568/temp/micro/mcu/install/include/rmw/rmw/validate_namespace.h
[0.642s] -- Installing: /home/rsl/rt-thread/bsp/rockchip/rk3568/temp/micro/mcu/install/include/rmw/rmw/events_statuses
[0.642s] -- Installing: /home/rsl/rt-thread/bsp/rockchip/rk3568/temp/micro/mcu/install/include/rmw/rmw/events_statuses/events_statuses.h
[0.643s] -- Installing: /home/rsl/rt-thread/bsp/rockchip/rk3568/temp/micro/mcu/install/include/rmw/rmw/events_statuses/offered_deadline_missed.h
[0.643s] -- Installing: /home/rsl/rt-thread/bsp/rockchip/rk3568/temp/micro/mcu/install/include/rmw/rmw/events_statuses/message_lost.h
[0.643s] -- Installing: /home/rsl/rt-thread/bsp/rockchip/rk3568/temp/micro/mcu/install/include/rmw/rmw/events_statuses/liveliness_lost.h
[0.643s] -- Installing: /home/rsl/rt-thread/bsp/rockchip/rk3568/temp/micro/mcu/install/include/rmw/rmw/events_statuses/liveliness_changed.h
[0.643s] -- Installing: /home/rsl/rt-thread/bsp/rockchip/rk3568/temp/micro/mcu/install/include/rmw/rmw/events_statuses/requested_deadline_missed.h
[0.643s] -- Installing: /home/rsl/rt-thread/bsp/rockchip/rk3568/temp/micro/mcu/install/include/rmw/rmw/events_statuses/incompatible_qos.h
[0.643s] -- Installing: /home/rsl/rt-thread/bsp/rockchip/rk3568/temp/micro/mcu/install/include/rmw/rmw/time.h
[0.644s] -- Installing: /home/rsl/rt-thread/bsp/rockchip/rk3568/temp/micro/mcu/install/include/rmw/rmw/incompatible_qos_events_statuses.h
[0.644s] -- Installing: /home/rsl/rt-thread/bsp/rockchip/rk3568/temp/micro/mcu/install/include/rmw/rmw/get_service_names_and_types.h
[0.644s] -- Installing: /home/rsl/rt-thread/bsp/rockchip/rk3568/temp/micro/mcu/install/include/rmw/rmw/rmw.h
[0.644s] -- Installing: /home/rsl/rt-thread/bsp/rockchip/rk3568/temp/micro/mcu/install/include/rmw/rmw/event_callback_type.h
[0.644s] -- Installing: /home/rsl/rt-thread/bsp/rockchip/rk3568/temp/micro/mcu/install/include/rmw/rmw/qos_string_conversions.h
[0.645s] -- Installing: /home/rsl/rt-thread/bsp/rockchip/rk3568/temp/micro/mcu/install/include/rmw/rmw/domain_id.h
[0.645s] -- Installing: /home/rsl/rt-thread/bsp/rockchip/rk3568/temp/micro/mcu/install/include/rmw/rmw/network_flow_endpoint_array.h
[0.645s] -- Installing: /home/rsl/rt-thread/bsp/rockchip/rk3568/temp/micro/mcu/install/include/rmw/rmw/message_sequence.h
[0.645s] -- Installing: /home/rsl/rt-thread/bsp/rockchip/rk3568/temp/micro/mcu/install/include/rmw/rmw/security_options.h
[0.645s] -- Installing: /home/rsl/rt-thread/bsp/rockchip/rk3568/temp/micro/mcu/install/include/rmw/rmw/topic_endpoint_info_array.h
[0.645s] -- Installing: /home/rsl/rt-thread/bsp/rockchip/rk3568/temp/micro/mcu/install/include/rmw/rmw/init_options.h
[0.645s] -- Installing: /home/rsl/rt-thread/bsp/rockchip/rk3568/temp/micro/mcu/install/include/rmw/rmw/visibility_control.h
[0.645s] -- Installing: /home/rsl/rt-thread/bsp/rockchip/rk3568/temp/micro/mcu/install/include/rmw/rmw/init.h
[0.645s] -- Installing: /home/rsl/rt-thread/bsp/rockchip/rk3568/temp/micro/mcu/install/include/rmw/rmw/event.h
[0.645s] -- Installing: /home/rsl/rt-thread/bsp/rockchip/rk3568/temp/micro/mcu/install/include/rmw/rmw/topic_endpoint_info.h
[0.646s] -- Installing: /home/rsl/rt-thread/bsp/rockchip/rk3568/temp/micro/mcu/install/include/rmw/rmw/localhost.h
[0.646s] -- Installing: /home/rsl/rt-thread/bsp/rockchip/rk3568/temp/micro/mcu/install/include/rmw/rmw/ret_types.h
[0.646s] -- Installing: /home/rsl/rt-thread/bsp/rockchip/rk3568/temp/micro/mcu/install/include/rmw/rmw/names_and_types.h
[0.646s] -- Installing: /home/rsl/rt-thread/bsp/rockchip/rk3568/temp/micro/mcu/install/include/rmw/rmw/qos_profiles.h
[0.646s] -- Installing: /home/rsl/rt-thread/bsp/rockchip/rk3568/temp/micro/mcu/install/include/rmw/rmw/validate_full_topic_name.h
[0.647s] -- Installing: /home/rsl/rt-thread/bsp/rockchip/rk3568/temp/micro/mcu/install/include/rmw/rmw/subscription_options.h
[0.647s] -- Installing: /home/rsl/rt-thread/bsp/rockchip/rk3568/temp/micro/mcu/install/include/rmw/rmw/get_topic_endpoint_info.h
[0.647s] -- Installing: /home/rsl/rt-thread/bsp/rockchip/rk3568/temp/micro/mcu/install/lib/librmw.a
[0.655s] Invoked command in '/home/rsl/rt-thread/bsp/rockchip/rk3568/temp/micro/mcu/build/rmw' returned '0': AMENT_PREFIX_PATH=/home/rsl/rt-thread/bsp/rockchip/rk3568/temp/micro/mcu/install:${AMENT_PREFIX_PATH} CMAKE_PREFIX_PATH=/home/rsl/rt-thread/bsp/rockchip/rk3568/temp/micro/mcu/install:/home/rsl/rt-thread/bsp/rockchip/rk3568/temp/micro/dev/install/ament_cmake_ros:/home/rsl/rt-thread/bsp/rockchip/rk3568/temp/micro/dev/install/ament_cmake_auto:/home/rsl/rt-thread/bsp/rockchip/rk3568/temp/micro/dev/install/ament_cmake_gmock:/home/rsl/rt-thread/bsp/rockchip/rk3568/temp/micro/dev/install/gmock_vendor:/home/rsl/rt-thread/bsp/rockchip/rk3568/temp/micro/dev/install/ament_cmake_gtest:/home/rsl/rt-thread/bsp/rockchip/rk3568/temp/micro/dev/install/gtest_vendor:/home/rsl/rt-thread/bsp/rockchip/rk3568/temp/micro/dev/install/ament_lint_common:/home/rsl/rt-thread/bsp/rockchip/rk3568/temp/micro/dev/install/ament_cmake_xmllint:/home/rsl/rt-thread/bsp/rockchip/rk3568/temp/micro/dev/install/ament_cmake_uncrustify:/home/rsl/rt-thread/bsp/rockchip/rk3568/temp/micro/dev/install/ament_cmake_pyflakes:/home/rsl/rt-thread/bsp/rockchip/rk3568/temp/micro/dev/install/ament_cmake_pycodestyle:/home/rsl/rt-thread/bsp/rockchip/rk3568/temp/micro/dev/install/ament_cmake_pep257:/home/rsl/rt-thread/bsp/rockchip/rk3568/temp/micro/dev/install/ament_cmake_pclint:/home/rsl/rt-thread/bsp/rockchip/rk3568/temp/micro/dev/install/ament_lint_auto:/home/rsl/rt-thread/bsp/rockchip/rk3568/temp/micro/dev/install/ament_cmake:/home/rsl/rt-thread/bsp/rockchip/rk3568/temp/micro/dev/install/ament_cmake_version:/home/rsl/rt-thread/bsp/rockchip/rk3568/temp/micro/dev/install/ament_cmake_vendor_package:/home/rsl/rt-thread/bsp/rockchip/rk3568/temp/micro/dev/install/ament_cmake_pytest:/home/rsl/rt-thread/bsp/rockchip/rk3568/temp/micro/dev/install/ament_cmake_nose:/home/rsl/rt-thread/bsp/rockchip/rk3568/temp/micro/dev/install/ament_cmake_mypy:/home/rsl/rt-thread/bsp/rockchip/rk3568/temp/micro/dev/install/ament_cmake_lint_cmake:/home/rsl/rt-thread/bsp/rockchip/rk3568/temp/micro/dev/install/ament_cmake_google_benchmark:/home/rsl/rt-thread/bsp/rockchip/rk3568/temp/micro/dev/install/ament_cmake_flake8:/home/rsl/rt-thread/bsp/rockchip/rk3568/temp/micro/dev/install/ament_cmake_copyright:/home/rsl/rt-thread/bsp/rockchip/rk3568/temp/micro/dev/install/ament_cmake_clang_tidy:/home/rsl/rt-thread/bsp/rockchip/rk3568/temp/micro/dev/install/ament_cmake_clang_format:/home/rsl/rt-thread/bsp/rockchip/rk3568/temp/micro/dev/install/ament_cmake_test:/home/rsl/rt-thread/bsp/rockchip/rk3568/temp/micro/dev/install/ament_cmake_target_dependencies:/home/rsl/rt-thread/bsp/rockchip/rk3568/temp/micro/dev/install/ament_cmake_python:/home/rsl/rt-thread/bsp/rockchip/rk3568/temp/micro/dev/install/ament_cmake_export_dependencies:/home/rsl/rt-thread/bsp/rockchip/rk3568/temp/micro/dev/install/ament_cmake_libraries:/home/rsl/rt-thread/bsp/rockchip/rk3568/temp/micro/dev/install/ament_cmake_include_directories:/home/rsl/rt-thread/bsp/rockchip/rk3568/temp/micro/dev/install/ament_cmake_gen_version_h:/home/rsl/rt-thread/bsp/rockchip/rk3568/temp/micro/dev/install/ament_cmake_export_targets:/home/rsl/rt-thread/bsp/rockchip/rk3568/temp/micro/dev/install/ament_cmake_export_link_flags:/home/rsl/rt-thread/bsp/rockchip/rk3568/temp/micro/dev/install/ament_cmake_export_interfaces:/home/rsl/rt-thread/bsp/rockchip/rk3568/temp/micro/dev/install/ament_cmake_export_libraries:/home/rsl/rt-thread/bsp/rockchip/rk3568/temp/micro/dev/install/ament_cmake_export_include_directories:/home/rsl/rt-thread/bsp/rockchip/rk3568/temp/micro/dev/install/ament_cmake_export_definitions:/home/rsl/rt-thread/bsp/rockchip/rk3568/temp/micro/dev/install/ament_cmake_core:/home/rsl/rt-thread/bsp/rockchip/rk3568/temp/micro/dev/install/domain_coordinator:/home/rsl/rt-thread/bsp/rockchip/rk3568/temp/micro/dev/install/ament_xmllint:/home/rsl/rt-thread/bsp/rockchip/rk3568/temp/micro/dev/install/ament_uncrustify:/home/rsl/rt-thread/bsp/rockchip/rk3568/temp/micro/dev/install/ament_pyflakes:/home/rsl/rt-thread/bsp/rockchip/rk3568/temp/micro/dev/install/ament_pycodestyle:/home/rsl/rt-thread/bsp/rockchip/rk3568/temp/micro/dev/install/ament_pep257:/home/rsl/rt-thread/bsp/rockchip/rk3568/temp/micro/dev/install/ament_pclint:/home/rsl/rt-thread/bsp/rockchip/rk3568/temp/micro/dev/install/ament_package:/home/rsl/rt-thread/bsp/rockchip/rk3568/temp/micro/dev/install/ament_mypy:/home/rsl/rt-thread/bsp/rockchip/rk3568/temp/micro/dev/install/ament_lint_cmake:/home/rsl/rt-thread/bsp/rockchip/rk3568/temp/micro/dev/install/ament_flake8:/home/rsl/rt-thread/bsp/rockchip/rk3568/temp/micro/dev/install/ament_copyright:/home/rsl/rt-thread/bsp/rockchip/rk3568/temp/micro/dev/install/ament_lint:/home/rsl/rt-thread/bsp/rockchip/rk3568/temp/micro/dev/install/ament_index_python:/home/rsl/rt-thread/bsp/rockchip/rk3568/temp/micro/dev/install/ament_clang_tidy:/home/rsl/rt-thread/bsp/rockchip/rk3568/temp/micro/dev/install/ament_clang_format LD_LIBRARY_PATH=/home/rsl/rt-thread/bsp/rockchip/rk3568/temp/micro/mcu/install/lib PATH=/home/rsl/rt-thread/bsp/rockchip/rk3568/temp/micro/mcu/install/bin:${PATH} PYTHONPATH=/home/rsl/rt-thread/bsp/rockchip/rk3568/temp/micro/mcu/install/lib/python3.8/site-packages:${PYTHONPATH} /usr/bin/cmake --install /home/rsl/rt-thread/bsp/rockchip/rk3568/temp/micro/mcu/build/rmw
